Log file open, 06/13/18 17:04:23
LogWindows: Failed to load 'aqProf.dll' (GetLastError=126)
LogWindows: File 'aqProf.dll' does not exist
LogWindows: Failed to load 'VtuneApi.dll' (GetLastError=126)
LogWindows: File 'VtuneApi.dll' does not exist
LogWindows: Failed to load 'VtuneApi32e.dll' (GetLastError=126)
LogWindows: File 'VtuneApi32e.dll' does not exist
LogInit: Display: Running engine for game: Eggboy
LogPlatformFile: Not using cached read wrapper
LogInit: Display: RandInit(-684759784) SRandInit(-684759784).
LogInit: Read version file with build ID '3944462'
LogInit: Overriding engine version to CL 4033788, compatible CL 3944462
LogInit: Registered custom module enumerator with build ID '3944462'
LogTaskGraph: Started task graph with 5 named threads and 23 total threads with 3 sets of task threads.
LogStats: Stats thread started at 0.380071
LogD3D11RHI: Aftermath initialized
LogICUInternationalization: Display: ICU TimeZone Detection - Raw Offset: -5:00, Platform Override: ''
LogModuleManager: Display: Found up-to-date module file ../../../Engine/Plugins/Runtime/HoudiniEngine/Binaries/Win64/UE4Editor-HoudiniEngineRuntime.dll (API version 3944462).
LogModuleManager: Display: Found up-to-date module file ../../../Engine/Plugins/Runtime/HoudiniEngine/Binaries/Win64/UE4Editor-HoudiniEngineEditor.dll (API version 3944462).
LogModuleManager: Display: Found up-to-date module file ../../../Engine/Plugins/2D/Paper2D/Binaries/Win64/UE4Editor-Paper2D.dll (API version 3944462).
LogModuleManager: Display: Found up-to-date module file ../../../Engine/Plugins/2D/Paper2D/Binaries/Win64/UE4Editor-Paper2DEditor.dll (API version 3944462).
LogModuleManager: Display: Found up-to-date module file ../../../Engine/Plugins/2D/Paper2D/Binaries/Win64/UE4Editor-PaperSpriteSheetImporter.dll (API version 3944462).
LogModuleManager: Display: Found up-to-date module file ../../../Engine/Plugins/2D/Paper2D/Binaries/Win64/UE4Editor-PaperTiledImporter.dll (API version 3944462).
LogModuleManager: Display: Found up-to-date module file ../../../Engine/Plugins/2D/Paper2D/Binaries/Win64/UE4Editor-SmartSnapping.dll (API version 3944462).
LogModuleManager: Display: Found up-to-date module file ../../../Engine/Plugins/Blendables/LightPropagationVolume/Binaries/Win64/UE4Editor-LightPropagationVolumeRuntime.dll (API version 3944462).
LogModuleManager: Display: Found up-to-date module file ../../../Engine/Plugins/Blendables/LightPropagationVolume/Binaries/Win64/UE4Editor-LightPropagationVolumeEditor.dll (API version 3944462).
LogModuleManager: Display: Found up-to-date module file ../../../Engine/Plugins/Developer/CLionSourceCodeAccess/Binaries/Win64/UE4Editor-CLionSourceCodeAccess.dll (API version 3944462).
LogModuleManager: Display: Found up-to-date module file ../../../Engine/Plugins/Developer/GitSourceControl/Binaries/Win64/UE4Editor-GitSourceControl.dll (API version 3944462).
LogModuleManager: Display: Found up-to-date module file ../../../Engine/Plugins/Developer/PerforceSourceControl/Binaries/Win64/UE4Editor-PerforceSourceControl.dll (API version 3944462).
LogModuleManager: Display: Found up-to-date module file ../../../Engine/Plugins/Developer/SubversionSourceControl/Binaries/Win64/UE4Editor-SubversionSourceControl.dll (API version 3944462).
LogModuleManager: Display: Found up-to-date module file ../../../Engine/Plugins/Developer/UObjectPlugin/Binaries/Win64/UE4Editor-UObjectPlugin.dll (API version 3944462).
LogModuleManager: Display: Found up-to-date module file ../../../Engine/Plugins/Developer/VisualStudioCodeSourceCodeAccess/Binaries/Win64/UE4Editor-VisualStudioCodeSourceCodeAccess.dll (API version 3944462).
LogModuleManager: Display: Found up-to-date module file ../../../Engine/Plugins/Developer/VisualStudioSourceCodeAccess/Binaries/Win64/UE4Editor-VisualStudioSourceCodeAccess.dll (API version 3944462).
LogModuleManager: Display: Found up-to-date module file ../../../Engine/Plugins/Editor/AssetManagerEditor/Binaries/Win64/UE4Editor-AssetManagerEditor.dll (API version 3944462).
LogModuleManager: Display: Found up-to-date module file ../../../Engine/Plugins/Editor/CryptoKeys/Binaries/Win64/UE4Editor-CryptoKeys.dll (API version 3944462).
LogModuleManager: Display: Found up-to-date module file ../../../Engine/Plugins/Editor/CryptoKeys/Binaries/Win64/UE4Editor-CryptoKeysOpenSSL.dll (API version 3944462).
LogModuleManager: Display: Found up-to-date module file ../../../Engine/Plugins/Editor/DataValidation/Binaries/Win64/UE4Editor-DataValidation.dll (API version 3944462).
LogModuleManager: Display: Found up-to-date module file ../../../Engine/Plugins/Editor/FacialAnimation/Binaries/Win64/UE4Editor-FacialAnimation.dll (API version 3944462).
LogModuleManager: Display: Found up-to-date module file ../../../Engine/Plugins/Editor/FacialAnimation/Binaries/Win64/UE4Editor-FacialAnimationEditor.dll (API version 3944462).
LogModuleManager: Display: Found up-to-date module file ../../../Engine/Plugins/Editor/GameplayTagsEditor/Binaries/Win64/UE4Editor-GameplayTagsEditor.dll (API version 3944462).
LogModuleManager: Display: Found up-to-date module file ../../../Engine/Plugins/Editor/MobileLauncherProfileWizard/Binaries/Win64/UE4Editor-MobileLauncherProfileWizard.dll (API version 3944462).
LogModuleManager: Display: Found up-to-date module file ../../../Engine/Plugins/Editor/PluginBrowser/Binaries/Win64/UE4Editor-PluginBrowser.dll (API version 3944462).
LogModuleManager: Display: Found up-to-date module file ../../../Engine/Plugins/Editor/SpeedTreeImporter/Binaries/Win64/UE4Editor-SpeedTreeImporter.dll (API version 3944462).
LogModuleManager: Display: Found up-to-date module file ../../../Engine/Plugins/Enterprise/DatasmithContent/Binaries/Win64/UE4Editor-DatasmithContent.dll (API version 3944462).
LogModuleManager: Display: Found up-to-date module file ../../../Engine/Plugins/Experimental/AlembicImporter/Binaries/Win64/UE4Editor-AlembicImporter.dll (API version 3944462).
LogModuleManager: Display: Found up-to-date module file ../../../Engine/Plugins/Experimental/AlembicImporter/Binaries/Win64/UE4Editor-AlembicLibrary.dll (API version 3944462).
LogModuleManager: Display: Found up-to-date module file ../../../Engine/Plugins/Experimental/CharacterAI/Binaries/Win64/UE4Editor-CharacterAI.dll (API version 3944462).
LogModuleManager: Display: Found up-to-date module file ../../../Engine/Plugins/Experimental/HTML5Networking/Binaries/Win64/UE4Editor-HTML5Networking.dll (API version 3944462).
LogModuleManager: Display: Found up-to-date module file ../../../Engine/Plugins/Media/AndroidMedia/Binaries/Win64/UE4Editor-AndroidMediaEditor.dll (API version 3944462).
LogModuleManager: Display: Found up-to-date module file ../../../Engine/Plugins/Media/AndroidMedia/Binaries/Win64/UE4Editor-AndroidMediaFactory.dll (API version 3944462).
LogModuleManager: Display: Found up-to-date module file ../../../Engine/Plugins/Media/AvfMedia/Binaries/Win64/UE4Editor-AvfMediaEditor.dll (API version 3944462).
LogModuleManager: Display: Found up-to-date module file ../../../Engine/Plugins/Media/AvfMedia/Binaries/Win64/UE4Editor-AvfMediaFactory.dll (API version 3944462).
LogModuleManager: Display: Found up-to-date module file ../../../Engine/Plugins/Media/AvfMedia/Binaries/Win64/UE4Editor-AvfMediaFactory.dll (API version 3944462).
LogModuleManager: Display: Found up-to-date module file ../../../Engine/Plugins/Media/ImgMedia/Binaries/Win64/UE4Editor-ImgMedia.dll (API version 3944462).
LogModuleManager: Display: Found up-to-date module file ../../../Engine/Plugins/Media/ImgMedia/Binaries/Win64/UE4Editor-ImgMediaEditor.dll (API version 3944462).
LogModuleManager: Display: Found up-to-date module file ../../../Engine/Plugins/Media/ImgMedia/Binaries/Win64/UE4Editor-ImgMediaFactory.dll (API version 3944462).
LogModuleManager: Display: Found up-to-date module file ../../../Engine/Plugins/Media/ImgMedia/Binaries/Win64/UE4Editor-ImgMediaFactory.dll (API version 3944462).
LogModuleManager: Display: Found up-to-date module file ../../../Engine/Plugins/Media/ImgMedia/Binaries/Win64/UE4Editor-OpenExrWrapper.dll (API version 3944462).
LogModuleManager: Display: Found up-to-date module file ../../../Engine/Plugins/Media/LinearTimecode/Binaries/Win64/UE4Editor-LinearTimecode.dll (API version 3944462).
LogModuleManager: Display: Found up-to-date module file ../../../Engine/Plugins/Media/MediaCompositing/Binaries/Win64/UE4Editor-MediaCompositing.dll (API version 3944462).
LogModuleManager: Display: Found up-to-date module file ../../../Engine/Plugins/Media/MediaCompositing/Binaries/Win64/UE4Editor-MediaCompositingEditor.dll (API version 3944462).
LogModuleManager: Display: Found up-to-date module file ../../../Engine/Plugins/Media/MediaPlayerEditor/Binaries/Win64/UE4Editor-MediaPlayerEditor.dll (API version 3944462).
LogModuleManager: Display: Found up-to-date module file ../../../Engine/Plugins/Media/WmfMedia/Binaries/Win64/UE4Editor-WmfMedia.dll (API version 3944462).
LogModuleManager: Display: Found up-to-date module file ../../../Engine/Plugins/Media/WmfMedia/Binaries/Win64/UE4Editor-WmfMediaEditor.dll (API version 3944462).
LogModuleManager: Display: Found up-to-date module file ../../../Engine/Plugins/Media/WmfMedia/Binaries/Win64/UE4Editor-WmfMediaFactory.dll (API version 3944462).
LogModuleManager: Display: Found up-to-date module file ../../../Engine/Plugins/Media/WmfMedia/Binaries/Win64/UE4Editor-WmfMediaFactory.dll (API version 3944462).
LogModuleManager: Display: Found up-to-date module file ../../../Engine/Plugins/Messaging/TcpMessaging/Binaries/Win64/UE4Editor-TcpMessaging.dll (API version 3944462).
LogModuleManager: Display: Found up-to-date module file ../../../Engine/Plugins/Messaging/UdpMessaging/Binaries/Win64/UE4Editor-UdpMessaging.dll (API version 3944462).
LogModuleManager: Display: Found up-to-date module file ../../../Engine/Plugins/MovieScene/ActorSequence/Binaries/Win64/UE4Editor-ActorSequence.dll (API version 3944462).
LogModuleManager: Display: Found up-to-date module file ../../../Engine/Plugins/MovieScene/LevelSequenceEditor/Binaries/Win64/UE4Editor-LevelSequenceEditor.dll (API version 3944462).
LogModuleManager: Display: Found up-to-date module file ../../../Engine/Plugins/MovieScene/MatineeToLevelSequence/Binaries/Win64/UE4Editor-MatineeToLevelSequence.dll (API version 3944462).
LogModuleManager: Display: Found up-to-date module file ../../../Engine/Plugins/NetcodeUnitTest/NetcodeUnitTest/Binaries/Win64/UE4Editor-NetcodeUnitTest.dll (API version 3944462).
LogModuleManager: Display: Found up-to-date module file ../../../Engine/Plugins/NetcodeUnitTest/NUTUnrealEngine4/Binaries/Win64/UE4Editor-NUTUnrealEngine4.dll (API version 3944462).
LogModuleManager: Display: Found up-to-date module file ../../../Engine/Plugins/Online/OnlineSubsystem/Binaries/Win64/UE4Editor-OnlineSubsystem.dll (API version 3944462).
LogModuleManager: Display: Found up-to-date module file ../../../Engine/Plugins/Runtime/AndroidPermission/Binaries/Win64/UE4Editor-AndroidPermission.dll (API version 3944462).
LogModuleManager: Display: Found up-to-date module file ../../../Engine/Plugins/Online/OnlineSubsystemNull/Binaries/Win64/UE4Editor-OnlineSubsystemNull.dll (API version 3944462).
LogModuleManager: Display: Found up-to-date module file ../../../Engine/Plugins/Online/OnlineSubsystemUtils/Binaries/Win64/UE4Editor-OnlineSubsystemUtils.dll (API version 3944462).
LogModuleManager: Display: Found up-to-date module file ../../../Engine/Plugins/Online/OnlineSubsystemUtils/Binaries/Win64/UE4Editor-OnlineBlueprintSupport.dll (API version 3944462).
LogModuleManager: Display: Found up-to-date module file ../../../Engine/Plugins/Runtime/AndroidDeviceProfileSelector/Binaries/Win64/UE4Editor-AndroidDeviceProfileSelector.dll (API version 3944462).
LogModuleManager: Display: Found up-to-date module file ../../../Engine/Plugins/Runtime/AppleARKit/Binaries/Win64/UE4Editor-AppleARKit.dll (API version 3944462).
LogModuleManager: Display: Found up-to-date module file ../../../Engine/Plugins/Runtime/ProceduralMeshComponent/Binaries/Win64/UE4Editor-ProceduralMeshComponent.dll (API version 3944462).
LogModuleManager: Display: Found up-to-date module file ../../../Engine/Plugins/Runtime/ProceduralMeshComponent/Binaries/Win64/UE4Editor-ProceduralMeshComponentEditor.dll (API version 3944462).
LogModuleManager: Display: Found up-to-date module file ../../../Engine/Plugins/Animation/LiveLink/Binaries/Win64/UE4Editor-LiveLink.dll (API version 3944462).
LogModuleManager: Display: Found up-to-date module file ../../../Engine/Plugins/Animation/LiveLink/Binaries/Win64/UE4Editor-LiveLinkEditor.dll (API version 3944462).
LogModuleManager: Display: Found up-to-date module file ../../../Engine/Plugins/Runtime/ArchVisCharacter/Binaries/Win64/UE4Editor-ArchVisCharacter.dll (API version 3944462).
LogModuleManager: Display: Found up-to-date module file ../../../Engine/Plugins/Runtime/AudioCapture/Binaries/Win64/UE4Editor-AudioCapture.dll (API version 3944462).
LogModuleManager: Display: Found up-to-date module file ../../../Engine/Plugins/Runtime/AudioCapture/Binaries/Win64/UE4Editor-AudioCaptureEditor.dll (API version 3944462).
LogModuleManager: Display: Found up-to-date module file ../../../Engine/Plugins/Runtime/CableComponent/Binaries/Win64/UE4Editor-CableComponent.dll (API version 3944462).
LogModuleManager: Display: Found up-to-date module file ../../../Engine/Plugins/Runtime/CustomMeshComponent/Binaries/Win64/UE4Editor-CustomMeshComponent.dll (API version 3944462).
LogModuleManager: Display: Found up-to-date module file ../../../Engine/Plugins/Runtime/ExampleDeviceProfileSelector/Binaries/Win64/UE4Editor-ExampleDeviceProfileSelector.dll (API version 3944462).
LogModuleManager: Display: Found up-to-date module file ../../../Engine/Plugins/Runtime/ImmediatePhysics/Binaries/Win64/UE4Editor-ImmediatePhysics.dll (API version 3944462).
LogModuleManager: Display: Found up-to-date module file ../../../Engine/Plugins/Runtime/ImmediatePhysics/Binaries/Win64/UE4Editor-ImmediatePhysicsEditor.dll (API version 3944462).
LogModuleManager: Display: Found up-to-date module file ../../../Engine/Plugins/Runtime/LocationServicesBPLibrary/Binaries/Win64/UE4Editor-LocationServicesBPLibrary.dll (API version 3944462).
LogModuleManager: Display: Found up-to-date module file ../../../Engine/Plugins/Runtime/MobilePatchingUtils/Binaries/Win64/UE4Editor-MobilePatchingUtils.dll (API version 3944462).
LogModuleManager: Display: Found up-to-date module file ../../../Engine/Plugins/Runtime/Oculus/OculusVR/Binaries/Win64/UE4Editor-OculusHMD.dll (API version 3944462).
LogModuleManager: Display: Found up-to-date module file ../../../Engine/Plugins/Runtime/Oculus/OculusVR/Binaries/Win64/UE4Editor-OculusInput.dll (API version 3944462).
LogModuleManager: Display: Found up-to-date module file ../../../Engine/Plugins/Runtime/Oculus/OculusVR/Binaries/Win64/UE4Editor-OculusEditor.dll (API version 3944462).
LogModuleManager: Display: Found up-to-date module file ../../../Engine/Plugins/Runtime/PhysXVehicles/Binaries/Win64/UE4Editor-PhysXVehicles.dll (API version 3944462).
LogModuleManager: Display: Found up-to-date module file ../../../Engine/Plugins/Runtime/PhysXVehicles/Binaries/Win64/UE4Editor-PhysXVehiclesEditor.dll (API version 3944462).
LogModuleManager: Display: Found up-to-date module file ../../../Engine/Plugins/Runtime/RuntimePhysXCooking/Binaries/Win64/UE4Editor-RuntimePhysXCooking.dll (API version 3944462).
LogModuleManager: Display: Found up-to-date module file ../../../Engine/Plugins/Runtime/Steam/SteamVR/Binaries/Win64/UE4Editor-SteamVR.dll (API version 3944462).
LogModuleManager: Display: Found up-to-date module file ../../../Engine/Plugins/Runtime/Steam/SteamVR/Binaries/Win64/UE4Editor-SteamVRController.dll (API version 3944462).
LogModuleManager: Display: Found up-to-date module file ../../../Engine/Plugins/Runtime/WindowsMoviePlayer/Binaries/Win64/UE4Editor-WindowsMoviePlayer.dll (API version 3944462).
LogPluginManager: Mounting plugin Paper2D
LogPluginManager: Mounting plugin LiveLink
LogPluginManager: Mounting plugin LightPropagationVolume
LogPluginManager: Mounting plugin CLionSourceCodeAccess
LogPluginManager: Mounting plugin CodeLiteSourceCodeAccess
LogPluginManager: Mounting plugin GitSourceControl
LogPluginManager: Mounting plugin KDevelopSourceCodeAccess
LogPluginManager: Mounting plugin NullSourceCodeAccess
LogPluginManager: Mounting plugin PerforceSourceControl
LogPluginManager: Mounting plugin SubversionSourceControl
LogPluginManager: Mounting plugin UObjectPlugin
LogPluginManager: Mounting plugin VisualStudioCodeSourceCodeAccess
LogPluginManager: Mounting plugin VisualStudioSourceCodeAccess
LogPluginManager: Mounting plugin XCodeSourceCodeAccess
LogPluginManager: Mounting plugin AssetManagerEditor
LogPluginManager: Mounting plugin CryptoKeys
LogPluginManager: Mounting plugin DataValidation
LogPluginManager: Mounting plugin FacialAnimation
LogPluginManager: Mounting plugin GameplayTagsEditor
LogPluginManager: Mounting plugin MobileLauncherProfileWizard
LogPluginManager: Mounting plugin PluginBrowser
LogPluginManager: Mounting plugin SpeedTreeImporter
LogPluginManager: Mounting plugin DatasmithContent
LogPluginManager: Mounting plugin AlembicImporter
LogPluginManager: Mounting plugin CharacterAI
LogPluginManager: Mounting plugin HTML5Networking
LogPluginManager: Mounting plugin AndroidMedia
LogPluginManager: Mounting plugin AvfMedia
LogPluginManager: Mounting plugin ImgMedia
LogPluginManager: Mounting plugin LinearTimecode
LogPluginManager: Mounting plugin MediaCompositing
LogPluginManager: Mounting plugin MediaPlayerEditor
LogPluginManager: Mounting plugin WmfMedia
LogPluginManager: Mounting plugin TcpMessaging
LogPluginManager: Mounting plugin UdpMessaging
LogPluginManager: Mounting plugin ActorSequence
LogPluginManager: Mounting plugin LevelSequenceEditor
LogPluginManager: Mounting plugin MatineeToLevelSequence
LogPluginManager: Mounting plugin NetcodeUnitTest
LogPluginManager: Mounting plugin NUTUnrealEngine4
LogPluginManager: Mounting plugin OnlineSubsystemGooglePlay
LogPluginManager: Mounting plugin OnlineSubsystemIOS
LogPluginManager: Mounting plugin OnlineSubsystem
LogPluginManager: Mounting plugin OnlineSubsystemNull
LogPluginManager: Mounting plugin OnlineSubsystemUtils
LogPluginManager: Mounting plugin AndroidDeviceProfileSelector
LogPluginManager: Mounting plugin AndroidMoviePlayer
LogPluginManager: Mounting plugin AndroidPermission
LogPluginManager: Mounting plugin AppleARKit
LogPluginManager: Mounting plugin AppleMoviePlayer
LogPluginManager: Mounting plugin ArchVisCharacter
LogPluginManager: Mounting plugin AudioCapture
LogPluginManager: Mounting plugin CableComponent
LogPluginManager: Mounting plugin CustomMeshComponent
LogPluginManager: Mounting plugin ExampleDeviceProfileSelector
LogPluginManager: Mounting plugin GoogleCloudMessaging
LogPluginManager: Mounting plugin HoudiniEngine
LogPluginManager: Mounting plugin ImmediatePhysics
LogPluginManager: Mounting plugin IOSDeviceProfileSelector
LogPluginManager: Mounting plugin LinuxDeviceProfileSelector
LogPluginManager: Mounting plugin LocationServicesBPLibrary
LogPluginManager: Mounting plugin MobilePatchingUtils
LogPluginManager: Mounting plugin OculusVR
LogPluginManager: Plugin shader directory ../../../Engine/Plugins/Runtime/Oculus/OculusVR/Shaders found
LogPluginManager: Mapping shader source directory ../../../Engine/Plugins/Runtime/Oculus/OculusVR/Shaders to virtual directory /Plugin/OculusVR
LogPluginManager: Mounting plugin PhysXVehicles
LogPluginManager: Mounting plugin ProceduralMeshComponent
LogPluginManager: Mounting plugin RuntimePhysXCooking
LogPluginManager: Mounting plugin SteamVR
LogPluginManager: Mounting plugin WindowsMoviePlayer
LogStreaming: Display: Took  1.001s to configure plugins.
LogInit: Using libcurl 7.47.1
LogInit:  - built for x86_64-pc-win32
LogInit:  - supports SSL with OpenSSL/1.0.2g
LogInit:  - supports HTTP deflate (compression) using libz 1.2.8
LogInit:  - other features:
LogInit:      CURL_VERSION_SSL
LogInit:      CURL_VERSION_LIBZ
LogInit:      CURL_VERSION_IPV6
LogInit:      CURL_VERSION_ASYNCHDNS
LogInit:      CURL_VERSION_LARGEFILE
LogInit:      CURL_VERSION_IDN
LogInit:  CurlRequestOptions (configurable via config and command line):
LogInit:  - bVerifyPeer = false  - Libcurl will NOT verify peer certificate
LogInit:  - bUseHttpProxy = false  - Libcurl will NOT use HTTP proxy
LogInit:  - bDontReuseConnections = false  - Libcurl will reuse connections
LogInit:  - CertBundlePath = nullptr  - Libcurl will use whatever was configured at build time.
LogInit:  - MaxHostConnections = 16  - Libcurl will limit the number of connections to a host
LogInit:  - LocalHostAddr = Default
LogInit: WinSock: version 1.1 (2.2), MaxSocks=32767, MaxUdp=65467
LogInit: WinSock: I am LAPTOP-6D945418 (10.0.0.86:0)
LogHMD: Failed initializing OVRPlugin 1.21.0
LogInit: Build: ++UE4+Release-4.19-CL-4033788
LogInit: Engine Version: 4.19.2-4033788+++UE4+Release-4.19
LogInit: Compatible Engine Version: 4.19.0-3944462+++UE4+Release-4.19
LogInit: Net CL: 3944462
LogDevObjectVersion: Number of dev versions registered: 18
LogDevObjectVersion:   Dev-Blueprints (B0D832E4-1F89-4F0D-ACCF-7EB736FD4AA2): 10
LogDevObjectVersion:   Dev-Build (E1C64328-A22C-4D53-A36C-8E866417BD8C): 0
LogDevObjectVersion:   Dev-Core (375EC13C-06E4-48FB-B500-84F0262A717E): 2
LogDevObjectVersion:   Dev-Editor (E4B068ED-F494-42E9-A231-DA0B2E46BB41): 23
LogDevObjectVersion:   Dev-Framework (CFFC743F-43B0-4480-9391-14DF171D2073): 33
LogDevObjectVersion:   Dev-Mobile (B02B49B5-BB20-44E9-A304-32B752E40360): 2
LogDevObjectVersion:   Dev-Networking (A4E4105C-59A1-49B5-A7C5-40C4547EDFEE): 0
LogDevObjectVersion:   Dev-Online (39C831C9-5AE6-47DC-9A44-9C173E1C8E7C): 0
LogDevObjectVersion:   Dev-Physics (78F01B33-EBEA-4F98-B9B4-84EACCB95AA2): 0
LogDevObjectVersion:   Dev-Platform (6631380F-2D4D-43E0-8009-CF276956A95A): 0
LogDevObjectVersion:   Dev-Rendering (12F88B9F-8875-4AFC-A67C-D90C383ABD29): 25
LogDevObjectVersion:   Dev-Sequencer (7B5AE74C-D270-4C10-A958-57980B212A5A): 6
LogDevObjectVersion:   Dev-VR (D7296918-1DD6-4BDD-9DE2-64A83CC13884): 1
LogDevObjectVersion:   Dev-LoadTimes (C2A15278-BFE7-4AFE-6C17-90FF531DF755): 1
LogDevObjectVersion:   Private-Geometry (6EACA3D4-40EC-4CC1-B786-8BED09428FC5): 2
LogDevObjectVersion:   Dev-AnimPhys (29E575DD-E0A3-4627-9D10-D276232CDCEA): 16
LogDevObjectVersion:   Dev-ReflectionCapture (6B266CEC-1EC7-4B8F-A30B-E4D90942FC07): 1
LogDevObjectVersion:   Dev-Automation (0DF73D61-A23F-47EA-B727-89E90C41499A): 1
LogInit: Compiled (64-bit): Apr 27 2018 02:06:57
LogInit: Compiled with Visual C++: 19.00.24215.01
LogInit: Build Configuration: Development
LogInit: Branch Name: ++UE4+Release-4.19
LogInit: Command Line:  /Game/Norman/Maps/NormanDemo -game -PIEVIACONSOLE -ResX=1280 -ResY=720  -Multiprocess -messaging -SessionName="Play in Standalone Game" -windowed 
LogInit: Base Directory: D:/Program Files/Epic Games/UE_4.19/Engine/Binaries/Win64/
LogInit: Installed Engine Build: 1
LogStreaming: Display: Took  0.000s to delete old logs.
LogInit: Presizing for max 8388607 objects, including 0 objects not considered by GC, pre-allocating 0 bytes for permanent pool.
LogInit: Object subsystem initialized
[2018.06.13-21.04.25:875][  0]LogInit: Selected Device Profile: [Windows]
[2018.06.13-21.04.25:875][  0]LogInit: Applying CVar settings loaded from the selected device profile: [Windows]
[2018.06.13-21.04.25:889][  0]LogInit: Computer: LAPTOP-6D945418
[2018.06.13-21.04.25:889][  0]LogInit: User: Kodystonedev
[2018.06.13-21.04.25:889][  0]LogInit: CPU Page size=4096, Cores=4
[2018.06.13-21.04.25:889][  0]LogInit: High frequency timer resolution =2.531251 MHz
[2018.06.13-21.04.25:890][  0]LogMemory: Memory total: Physical=11.9GB (12GB approx)
[2018.06.13-21.04.25:890][  0]LogMemory: Platform Memory Stats for Windows
[2018.06.13-21.04.25:890][  0]LogMemory: Process Physical Memory: 279.17 MB used, 279.17 MB peak
[2018.06.13-21.04.25:890][  0]LogMemory: Process Virtual Memory: 269.28 MB used, 269.28 MB peak
[2018.06.13-21.04.25:890][  0]LogMemory: Physical Memory: 6484.18 MB used,  5693.60 MB free, 12177.78 MB total
[2018.06.13-21.04.25:890][  0]LogMemory: Virtual Memory: 4838.93 MB used,  5693.60 MB free, 134217728.00 MB total
[2018.06.13-21.04.25:930][  0]LogInit: Using OS detected language (en-US).
[2018.06.13-21.04.25:931][  0]LogInit: Using OS detected locale (en-US).
[2018.06.13-21.04.25:931][  0]LogTextLocalizationManager: No localization for 'en-US' exists, so 'en' will be used for the language.
[2018.06.13-21.04.25:931][  0]LogTextLocalizationManager: No localization for 'en-US' exists, so 'en' will be used for the locale.
[2018.06.13-21.04.26:862][  0]LogStreaming: Display: Took  0.932s to EndInitTextLocalization.
[2018.06.13-21.04.26:900][  0]LogSlate: New Slate User Created.  User Index 0, Is Virtual User: 0
[2018.06.13-21.04.26:900][  0]LogSlate: Slate User Registered.  User Index 0, Is Virtual User: 0
[2018.06.13-21.04.26:925][  0]LogD3D11RHI: D3D11 adapters:
[2018.06.13-21.04.27:025][  0]LogD3D11RHI:    0. 'NVIDIA GeForce GTX 965M' (Feature Level 11_0)
[2018.06.13-21.04.27:025][  0]LogD3D11RHI:       4062/0/6088 MB DedicatedVideo/DedicatedSystem/SharedSystem, Outputs:1, VendorId:0x10de
[2018.06.13-21.04.27:039][  0]LogD3D11RHI:    1. 'Intel(R) HD Graphics 530' (Feature Level 11_0)
[2018.06.13-21.04.27:039][  0]LogD3D11RHI:       128/0/6088 MB DedicatedVideo/DedicatedSystem/SharedSystem, Outputs:0, VendorId:0x8086
[2018.06.13-21.04.27:043][  0]LogD3D11RHI:    2. 'Microsoft Basic Render Driver' (Feature Level 11_0)
[2018.06.13-21.04.27:043][  0]LogD3D11RHI:       0/0/6088 MB DedicatedVideo/DedicatedSystem/SharedSystem, Outputs:0, VendorId:0x1414
[2018.06.13-21.04.27:043][  0]LogD3D11RHI: Chosen D3D11 Adapter: 0
[2018.06.13-21.04.27:076][  0]LogD3D11RHI: Creating new Direct3DDevice
[2018.06.13-21.04.27:076][  0]LogD3D11RHI:     GPU DeviceId: 0x1427 (for the marketing name, search the web for "GPU Device Id")
[2018.06.13-21.04.27:076][  0]LogWindows: EnumDisplayDevices:
[2018.06.13-21.04.27:076][  0]LogWindows:    0. 'Intel(R) HD Graphics 530' (P:1 D:1)
[2018.06.13-21.04.27:077][  0]LogWindows:    1. 'Intel(R) HD Graphics 530' (P:0 D:0)
[2018.06.13-21.04.27:077][  0]LogWindows:    2. 'Intel(R) HD Graphics 530' (P:0 D:0)
[2018.06.13-21.04.27:077][  0]LogWindows:    3. 'NVIDIA GeForce GTX 965M' (P:0 D:0)
[2018.06.13-21.04.27:078][  0]LogWindows: DebugString: GetVideoDriverDetailsInvalid PrimaryIsNotTheChoosenAdapter GetVideoDriverDetailsInvalid PrimaryIsNotTheChoosenAdapter GetVideoDriverDetailsInvalid PrimaryIsNotTheChoosenAdapter GetVideoDriverDetailsInvalid PrimaryIsNotTheChoosenAdapter FoundDriverCount:0 
[2018.06.13-21.04.27:078][  0]LogD3D11RHI:     Adapter Name: NVIDIA GeForce GTX 965M
[2018.06.13-21.04.27:078][  0]LogD3D11RHI:   Driver Version: Unknown (internal:Unknown, unified:Unknown)
[2018.06.13-21.04.27:078][  0]LogD3D11RHI:      Driver Date: Unknown
[2018.06.13-21.04.27:078][  0]LogRHI: Texture pool is 2843 MB (70% of 4062 MB)
[2018.06.13-21.04.27:146][  0]LogD3D11RHI: [Aftermath] Aftermath enabled and primed
[2018.06.13-21.04.27:146][  0]LogD3D11RHI: [Aftermath] Aftermath enabled and primed
[2018.06.13-21.04.27:146][  0]LogD3D11RHI: Async texture creation enabled
[2018.06.13-21.04.27:228][  0]LogD3D11RHI: GPU Timing Frequency: 1000.000000 (Debug: 2 2)
[2018.06.13-21.04.27:229][  0]LogShaderCompilers: Guid format shader working directory is 14 characters bigger than the processId version (../../../../../../Unreal Projects/Eggboy/Intermediate/Shaders/WorkingDirectory/16428/).
[2018.06.13-21.04.27:229][  0]LogShaderCompilers: Cleaned the shader compiler working directory 'C:/Users/Kody stone.dev/AppData/Local/Temp/UnrealShaderWorkingDir/69154A624A949A91ED0427B4793C61EE/'.
[2018.06.13-21.04.27:700][  0]LogTemp: Display: Loaded TP WindowsClientTargetPlatform
[2018.06.13-21.04.27:728][  0]LogTemp: Display: Loaded TP WindowsNoEditorTargetPlatform
[2018.06.13-21.04.27:758][  0]LogTemp: Display: Loaded TP WindowsServerTargetPlatform
[2018.06.13-21.04.27:783][  0]LogTemp: Display: Loaded TP WindowsTargetPlatform
[2018.06.13-21.04.27:783][  0]LogTargetPlatformManager: Display: Building Assets For Windows
[2018.06.13-21.04.27:968][  0]LogXGEController: Cannot use XGE Controller as Incredibuild is not installed on this machine.
[2018.06.13-21.04.27:969][  0]LogShaderCompilers: Cannot use XGE Shader Compiler as Incredibuild is not installed on this machine.
[2018.06.13-21.04.27:970][  0]LogShaderCompilers: Display: Using Local Shader Compiler.
[2018.06.13-21.04.29:661][  0]LogDerivedDataCache: Display: Max Cache Size: 512 MB
[2018.06.13-21.04.29:865][  0]LogDerivedDataCache: Loaded boot cache 0.20s 74MB C:/Users/Kody stone.dev/AppData/Local/UnrealEngine/4.19/DerivedDataCache/Boot.ddc.
[2018.06.13-21.04.29:865][  0]LogDerivedDataCache: Display: Loaded Boot cache: C:/Users/Kody stone.dev/AppData/Local/UnrealEngine/4.19/DerivedDataCache/Boot.ddc
[2018.06.13-21.04.29:866][  0]LogDerivedDataCache: FDerivedDataBackendGraph:  Pak pak cache file ../../../../../../Unreal Projects/Eggboy/DerivedDataCache/DDC.ddp not found, will not use a pak cache.
[2018.06.13-21.04.29:866][  0]LogDerivedDataCache: Unable to find inner node Pak for hierarchical cache Hierarchy.
[2018.06.13-21.04.29:866][  0]LogDerivedDataCache: FDerivedDataBackendGraph:  CompressedPak pak cache file ../../../../../../Unreal Projects/Eggboy/DerivedDataCache/Compressed.ddp not found, will not use a pak cache.
[2018.06.13-21.04.29:866][  0]LogDerivedDataCache: Unable to find inner node CompressedPak for hierarchical cache Hierarchy.
[2018.06.13-21.04.29:900][  0]LogDerivedDataCache: Display: Pak cache opened for reading ../../../Engine/DerivedDataCache/Compressed.ddp.
[2018.06.13-21.04.29:916][  0]LogDerivedDataCache: Using Local data cache path C:/Users/Kody stone.dev/AppData/Local/UnrealEngine/Common/DerivedDataCache: Writable
[2018.06.13-21.04.29:916][  0]LogDerivedDataCache: Shared data cache path not found in *engine.ini, will not use an Shared cache.
[2018.06.13-21.04.29:916][  0]LogDerivedDataCache: Unable to find inner node Shared for hierarchical cache Hierarchy.
[2018.06.13-21.04.29:945][  0]LogMaterial: Verifying Global Shaders for PCD3D_SM5
[2018.06.13-21.04.29:945][  0]LogSlate: Using Freetype 2.6.0
[2018.06.13-21.04.29:946][  0]LogSlate: SlateFontCache - WITH_FREETYPE: 1, WITH_HARFBUZZ: 1
[2018.06.13-21.04.29:946][  0]LogSlate: SlateFontCache - WITH_FREETYPE: 1, WITH_HARFBUZZ: 1
[2018.06.13-21.04.30:121][  0]LogAssetRegistry: FAssetRegistry took 0.0093 seconds to start up
[2018.06.13-21.04.30:607][  0]LogPackageLocalizationCache: Processed 10 localized package path(s) for 1 prioritized culture(s) in 0.035573 seconds
[2018.06.13-21.04.30:826][  0]LogInit: Selected Device Profile: [Windows]
[2018.06.13-21.04.31:094][  0]LogSimplygon: Simplygon DLL not present - disabling.
[2018.06.13-21.04.31:097][  0]LogMeshReduction: Using SimplygonSwarm for distributed automatic mesh merging
[2018.06.13-21.04.31:098][  0]LogMeshReduction: Using QuadricMeshReduction for automatic static mesh reduction
[2018.06.13-21.04.31:098][  0]LogMeshReduction: No automatic skeletal mesh reduction module available
[2018.06.13-21.04.31:098][  0]LogMeshReduction: No automatic mesh merging module available
[2018.06.13-21.04.31:098][  0]LogMeshMerging: No automatic mesh merging module available
[2018.06.13-21.04.31:158][  0]LogNetVersion: Eggboy , NetCL: 3944462, EngineNetVer: 2, GameNetVer: 0 (Checksum: 227181994)
[2018.06.13-21.04.32:440][  0]LogMoviePlayer: Initializing movie player
[2018.06.13-21.04.32:876][  0]LogTcpMessaging: Initializing TcpMessaging bridge
[2018.06.13-21.04.32:914][  0]LogUdpMessaging: Initializing bridge on interface 0.0.0.0:0 to multicast group 230.0.0.1:6666.
[2018.06.13-21.04.33:276][  0]SourceControl: Source control is disabled
[2018.06.13-21.04.33:277][  0]SourceControl: Source control is disabled
[2018.06.13-21.04.33:305][  0]SourceControl: Source control is disabled
[2018.06.13-21.04.33:824][  0]LogAndroidPermission: UAndroidPermissionCallbackProxy::GetInstance
[2018.06.13-21.04.34:046][  0]LogHoudiniEngine: Starting the Houdini Engine module.
[2018.06.13-21.04.34:047][  0]LogHoudiniEngine: Loaded libHAPIL.dll from Registry path D:\Program Files\Houdini/bin
[2018.06.13-21.04.34:049][  0]LogLinker: Warning: Asset '../../Plugins/Runtime/HoudiniEngine/Content/houdini_logo.uasset' has been saved with empty engine version. The asset will be loaded but may be incompatible.
[2018.06.13-21.04.34:055][  0]LogLinker: Warning: Asset '../../Plugins/Runtime/HoudiniEngine/Content/houdini_default_material.uasset' has been saved with empty engine version. The asset will be loaded but may be incompatible.
[2018.06.13-21.04.34:064][  0]LogLinker: Warning: Asset '../../Plugins/Runtime/HoudiniEngine/Content/houdini_bgeo_import.uasset' has been saved with empty engine version. The asset will be loaded but may be incompatible.
[2018.06.13-21.04.35:460][  0]LogHoudiniEngine: Successfully intialized the Houdini Engine API module.
[2018.06.13-21.04.35:526][  0]LogOcInput: OculusInput pre-init called
[2018.06.13-21.04.35:595][  0]LogUObjectArray: 40349 objects as part of root set at end of initial load.
[2018.06.13-21.04.35:595][  0]LogUObjectAllocator: 8430448 out of 0 bytes used by permanent object pool.
[2018.06.13-21.04.35:595][  0]LogUObjectArray: CloseDisregardForGC: 0/0 objects in disregard for GC pool
[2018.06.13-21.04.35:689][  0]LogEngine: Initializing Engine...
[2018.06.13-21.04.35:738][  0]LogHMD: Failed to initialize OpenVR with code 126
[2018.06.13-21.04.35:754][  0]LogStats: UGameplayTagsManager::ConstructGameplayTagTree: Construct from data asset -  0.000 s
[2018.06.13-21.04.35:755][  0]LogStats: UGameplayTagsManager::ConstructGameplayTagTree: GameplayTagTreeChangedEvent.Broadcast -  0.000 s
[2018.06.13-21.04.36:229][  0]LogInit: XAudio2 using 'Speakers (Realtek High Definition Audio)' : 2 channels at 48 kHz using 32 bits per sample (channel mask 0x3)
[2018.06.13-21.04.36:270][  0]LogInit: FAudioDevice initialized.
[2018.06.13-21.04.36:322][  0]LogInit: Texture streaming: Enabled
[2018.06.13-21.04.36:496][  0]LogInit: Display: Game Engine Initialized.
[2018.06.13-21.04.36:496][  0]LogGameplayTags: Display: UGameplayTagsManager::DoneAddingNativeTags. DelegateIsBound: 0
[2018.06.13-21.04.36:496][  0]LogStats: UGameplayTagsManager::ConstructGameplayTagTree: Construct from data asset -  0.000 s
[2018.06.13-21.04.36:496][  0]LogStats: UGameplayTagsManager::ConstructGameplayTagTree: GameplayTagTreeChangedEvent.Broadcast -  0.000 s
[2018.06.13-21.04.36:604][  0]LogInit: Display: Starting Game.
[2018.06.13-21.04.36:605][  0]LogNet: Browse: /Game/Norman/Maps/NormanDemo?Name=Player
[2018.06.13-21.04.36:605][  0]LogLoad: LoadMap: /Game/Norman/Maps/NormanDemo?Name=Player
[2018.06.13-21.04.36:626][  0]LogUObjectGlobals: Created PersistentFrame Addr=0x00000172daea7d80, Size=40, Default__NormanDemo_C Function /Game/Norman/Maps/NormanDemo.NormanDemo_C:ExecuteUbergraph_NormanDemo
[2018.06.13-21.04.36:706][  0]LogLinker: Warning: Asset '../../../../../../Unreal Projects/Eggboy/Content/Norman/Blueprints/World/Collectable.uasset' has been saved with empty engine version. The asset will be loaded but may be incompatible.
[2018.06.13-21.04.36:708][  0]LogUObjectGlobals: Created PersistentFrame Addr=0x00000172caa68a40, Size=288, Default__Collectable_C Function /Game/Norman/Blueprints/World/Collectable.Collectable_C:ExecuteUbergraph_Collectable
[2018.06.13-21.04.36:709][  0]LogLinker: Warning: Asset '../../../../../../Unreal Projects/Eggboy/Content/Norman/Blueprints/Interfaces/INormanAnimations.uasset' has been saved with empty engine version. The asset will be loaded but may be incompatible.
[2018.06.13-21.04.36:710][  0]LogLinker: Warning: Asset '../../../../../../Unreal Projects/Eggboy/Content/Norman/Blueprints/Enums/NormanStates.uasset' has been saved with empty engine version. The asset will be loaded but may be incompatible.
[2018.06.13-21.04.36:717][  0]LogLinker: Warning: Asset '../../../../../../Unreal Projects/Eggboy/Content/Norman/Blueprints/Libraries/NormanAnim_Lib.uasset' has been saved with empty engine version. The asset will be loaded but may be incompatible.
[2018.06.13-21.04.36:722][  0]LogLinker: Warning: Asset '../../../../../../Unreal Projects/Eggboy/Content/Norman/Materials/World/Grass_M_Inst.uasset' has been saved with empty engine version. The asset will be loaded but may be incompatible.
[2018.06.13-21.04.36:737][  0]LogLinker: Warning: Asset '../../../../../../Unreal Projects/Eggboy/Content/Norman/Blueprints/World/PushPull.uasset' has been saved with empty engine version. The asset will be loaded but may be incompatible.
[2018.06.13-21.04.36:743][  0]LogUObjectGlobals: Created PersistentFrame Addr=0x00000172caa5a480, Size=608, Default__PushPull_C Function /Game/Norman/Blueprints/World/PushPull.PushPull_C:ExecuteUbergraph_PushPull
[2018.06.13-21.04.36:743][  0]LogLinker: Warning: Asset '../../../../../../Unreal Projects/Eggboy/Content/Norman/Materials/World/Hidden_M.uasset' has been saved with empty engine version. The asset will be loaded but may be incompatible.
[2018.06.13-21.04.36:759][  0]LogLinker: Warning: Asset '../../../../../../Unreal Projects/Eggboy/Content/Norman/Blueprints/World/WaterTrudge.uasset' has been saved with empty engine version. The asset will be loaded but may be incompatible.
[2018.06.13-21.04.36:761][  0]LogUObjectGlobals: Created PersistentFrame Addr=0x00000172da7851c0, Size=280, Default__WaterTrudge_C Function /Game/Norman/Blueprints/World/WaterTrudge.WaterTrudge_C:ExecuteUbergraph_WaterTrudge
[2018.06.13-21.04.36:771][  0]LogLinker: Warning: Asset '../../../../../../Unreal Projects/Eggboy/Content/Norman/Materials/World/Water_M_Inst.uasset' has been saved with empty engine version. The asset will be loaded but may be incompatible.
[2018.06.13-21.04.36:778][  0]LogLinker: Warning: Asset '../../../../../../Unreal Projects/Eggboy/Content/Norman/Meshes/World/Grass_01_SM_LOD2.uasset' has been saved with empty engine version. The asset will be loaded but may be incompatible.
[2018.06.13-21.04.36:778][  0]LogLinker: Warning: Asset '../../../../../../Unreal Projects/Eggboy/Content/Norman/Meshes/World/plane.uasset' has been saved with empty engine version. The asset will be loaded but may be incompatible.
[2018.06.13-21.04.36:779][  0]LogLinker: Warning: Asset '../../../../../../Unreal Projects/Eggboy/Content/Norman/Meshes/World/Spike.uasset' has been saved with empty engine version. The asset will be loaded but may be incompatible.
[2018.06.13-21.04.36:803][  0]LogUObjectGlobals: Destroyed PersistentFrame Addr=0x00000172caa68a40, Size=288
[2018.06.13-21.04.36:803][  0]LogUObjectGlobals: Created PersistentFrame Addr=0x00000172ce387880, Size=288, Default__Collectable_C Function /Engine/Transient.REINST_Collectable_C_4:ExecuteUbergraph_Collectable
[2018.06.13-21.04.36:804][  0]LogUObjectGlobals: Destroyed PersistentFrame Addr=0x00000172caa5a480, Size=608
[2018.06.13-21.04.36:804][  0]LogUObjectGlobals: Created PersistentFrame Addr=0x00000172cf982480, Size=608, Default__PushPull_C Function /Engine/Transient.REINST_PushPull_C_6:ExecuteUbergraph_PushPull
[2018.06.13-21.04.36:805][  0]LogUObjectGlobals: Destroyed PersistentFrame Addr=0x00000172da7851c0, Size=280
[2018.06.13-21.04.36:805][  0]LogUObjectGlobals: Created PersistentFrame Addr=0x00000172ce3874c0, Size=280, Default__WaterTrudge_C Function /Engine/Transient.REINST_WaterTrudge_C_7:ExecuteUbergraph_WaterTrudge
[2018.06.13-21.04.36:844][  0]LogUObjectGlobals: Created PersistentFrame Addr=0x00000172ce385f80, Size=304, Default__Collectable_C Function /Game/Norman/Blueprints/World/Collectable.Collectable_C:ExecuteUbergraph_Collectable
[2018.06.13-21.04.36:846][  0]LogUObjectGlobals: Created PersistentFrame Addr=0x00000172ce16f380, Size=624, Default__PushPull_C Function /Game/Norman/Blueprints/World/PushPull.PushPull_C:ExecuteUbergraph_PushPull
[2018.06.13-21.04.36:851][  0]LogUObjectGlobals: Created PersistentFrame Addr=0x00000172ce385d00, Size=296, Default__WaterTrudge_C Function /Game/Norman/Blueprints/World/WaterTrudge.WaterTrudge_C:ExecuteUbergraph_WaterTrudge
[2018.06.13-21.04.36:857][  0]LogUObjectGlobals: Destroyed PersistentFrame Addr=0x00000172daea7d80, Size=40
[2018.06.13-21.04.36:857][  0]LogUObjectGlobals: Created PersistentFrame Addr=0x00000172daea7d80, Size=40, Default__NormanDemo_C Function /Engine/Transient.REINST_NormanDemo_C_15:ExecuteUbergraph_NormanDemo
[2018.06.13-21.04.36:858][  0]LogUObjectGlobals: Created PersistentFrame Addr=0x00000172daea6318, Size=40, Default__NormanDemo_C Function /Game/Norman/Maps/NormanDemo.NormanDemo_C:ExecuteUbergraph_NormanDemo
[2018.06.13-21.04.36:880][  0]LogLinker: Warning: Asset '../../../../../../Unreal Projects/Eggboy/Content/Norman/Materials/World/GrassFoliage_M_Inst.uasset' has been saved with empty engine version. The asset will be loaded but may be incompatible.
[2018.06.13-21.04.36:904][  0]LogLinker: Warning: Asset '../../../../../../Unreal Projects/Eggboy/Content/Norman/Materials/World/Water_M.uasset' has been saved with empty engine version. The asset will be loaded but may be incompatible.
[2018.06.13-21.04.36:912][  0]LogLinker: Warning: Asset '../../../../../../Unreal Projects/Eggboy/Content/Norman/Materials/World/Color_M.uasset' has been saved with empty engine version. The asset will be loaded but may be incompatible.
[2018.06.13-21.04.36:936][  0]LogLinker: Warning: Asset '../../../../../../Unreal Projects/Eggboy/Content/Norman/Materials/World/GrassFoliage_M.uasset' has been saved with empty engine version. The asset will be loaded but may be incompatible.
[2018.06.13-21.04.36:943][  0]LogLinker: Warning: Asset '../../../../../../Unreal Projects/Eggboy/Content/Norman/Textures/World/water_nrm.uasset' has been saved with empty engine version. The asset will be loaded but may be incompatible.
[2018.06.13-21.04.36:944][  0]LogLinker: Warning: Asset '../../../../../../Unreal Projects/Eggboy/Content/Norman/Textures/World/water_h.uasset' has been saved with empty engine version. The asset will be loaded but may be incompatible.
[2018.06.13-21.04.36:953][  0]LogLinker: Warning: Asset '../../../../../../Unreal Projects/Eggboy/Content/Norman/Textures/World/grass_mask.uasset' has been saved with empty engine version. The asset will be loaded but may be incompatible.
[2018.06.13-21.04.37:084][  0]LogSkeletalMesh: Skeletal Mesh found in DDC [2.626764ms] /Game/EggboyRaw/Sitting.Sitting
[2018.06.13-21.04.37:139][  0]LogClass: Warning: Enum '/Game/Norman/Blueprints/Enums/NormanStates.NormanStates' was upgraded to use FText to store its display name data. Please re-save this asset to avoid issues with localization and determinstic cooking.
[2018.06.13-21.04.37:196][  0]LogAIModule: Creating AISystem for world NormanDemo
[2018.06.13-21.04.37:205][  0]LogUObjectGlobals: Created PersistentFrame Addr=0x00000172ce702e80, Size=296, Default__ThirdPersonCharacter_C Function /Game/ThirdPersonBP/Blueprints/ThirdPersonCharacter.ThirdPersonCharacter_C:ExecuteUbergraph_ThirdPersonCharacter
[2018.06.13-21.04.37:212][  0]LogUObjectGlobals: Created PersistentFrame Addr=0x00000172ce21a900, Size=240, Default__Norman_AnimBP1_C Function /Game/Norman_AnimBP1.Norman_AnimBP1_C:ExecuteUbergraph_Norman_AnimBP1
[2018.06.13-21.04.37:214][  0]LogLinker: Warning: Asset '../../../../../../Unreal Projects/Eggboy/Content/Norman/Blueprints/Character/NormanCharacter.uasset' has been saved with empty engine version. The asset will be loaded but may be incompatible.
[2018.06.13-21.04.37:241][  0]LogUObjectGlobals: Created PersistentFrame Addr=0x00000172ce8d7700, Size=768, Default__NormanCharacter_C Function /Game/Norman/Blueprints/Character/NormanCharacter.NormanCharacter_C:ExecuteUbergraph_NormanCharacter
[2018.06.13-21.04.37:243][  0]LogLinker: Warning: Asset '../../../../../../Unreal Projects/Eggboy/Content/Norman/Animations/Character/Norman_AnimBP.uasset' has been saved with empty engine version. The asset will be loaded but may be incompatible.
[2018.06.13-21.04.37:305][  0]LogUObjectGlobals: Created PersistentFrame Addr=0x00000172d18109c0, Size=224, Default__Norman_AnimBP_C Function /Game/Norman/Animations/Character/Norman_AnimBP.Norman_AnimBP_C:ExecuteUbergraph_Norman_AnimBP
[2018.06.13-21.04.37:341][  0]LogUObjectGlobals: Created PersistentFrame Addr=0x00000172c89dfc00, Size=64, Default__ThirdPerson_AnimBP_C Function /Game/Mannequin/Animations/ThirdPerson_AnimBP.ThirdPerson_AnimBP_C:ExecuteUbergraph_ThirdPerson_AnimBP
[2018.06.13-21.04.37:363][  0]LogLinker: Warning: Asset '../../../../../../Unreal Projects/Eggboy/Content/Norman/Meshes/Character/Norman.uasset' has been saved with empty engine version. The asset will be loaded but may be incompatible.
[2018.06.13-21.04.37:368][  0]LogLinker: Warning: Asset '../../../../../../Unreal Projects/Eggboy/Content/Norman/Meshes/Accessories/norman_antenna_v1.uasset' has been saved with empty engine version. The asset will be loaded but may be incompatible.
[2018.06.13-21.04.37:370][  0]LogLinker: Warning: Asset '../../../../../../Unreal Projects/Eggboy/Content/Norman/Materials/Character/Norman_M.uasset' has been saved with empty engine version. The asset will be loaded but may be incompatible.
[2018.06.13-21.04.37:373][  0]LogLinker: Warning: Asset '../../../../../../Unreal Projects/Eggboy/Content/Norman/Meshes/Accessories/norman_battery_v1.uasset' has been saved with empty engine version. The asset will be loaded but may be incompatible.
[2018.06.13-21.04.37:374][  0]LogLinker: Warning: Asset '../../../../../../Unreal Projects/Eggboy/Content/Norman/Animations/Weapons/Slingshot/Slingshot_AnimBlueprint.uasset' has been saved with empty engine version. The asset will be loaded but may be incompatible.
[2018.06.13-21.04.37:375][  0]LogLinker: Warning: Asset '../../../../../../Unreal Projects/Eggboy/Content/Norman/Meshes/Weapons/Slingshot/slingshot_Skeleton.uasset' has been saved with empty engine version. The asset will be loaded but may be incompatible.
[2018.06.13-21.04.37:376][  0]LogUObjectGlobals: Created PersistentFrame Addr=0x00000172d1696728, Size=40, Default__Slingshot_AnimBlueprint_C Function /Game/Norman/Animations/Weapons/Slingshot/Slingshot_AnimBlueprint.Slingshot_AnimBlueprint_C:ExecuteUbergraph_Slingshot_AnimBlueprint
[2018.06.13-21.04.37:377][  0]LogLinker: Warning: Asset '../../../../../../Unreal Projects/Eggboy/Content/Norman/Meshes/Accessories/norman_zipper_v1.uasset' has been saved with empty engine version. The asset will be loaded but may be incompatible.
[2018.06.13-21.04.37:378][  0]LogLinker: Warning: Asset '../../../../../../Unreal Projects/Eggboy/Content/Norman/Animations/Weapons/Slingshot/slingshot_idle.uasset' has been saved with empty engine version. The asset will be loaded but may be incompatible.
[2018.06.13-21.04.37:379][  0]LogLinker: Warning: Asset '../../../../../../Unreal Projects/Eggboy/Content/Norman/Animations/Weapons/Slingshot/SlingshotShoot_Blendspace.uasset' has been saved with empty engine version. The asset will be loaded but may be incompatible.
[2018.06.13-21.04.37:426][  0]LogLinker: Warning: Asset '../../../../../../Unreal Projects/Eggboy/Content/Norman/Animations/Weapons/Slingshot/slingshot_stretch.uasset' has been saved with empty engine version. The asset will be loaded but may be incompatible.
[2018.06.13-21.04.37:426][  0]LogLinker: Warning: Asset '../../../../../../Unreal Projects/Eggboy/Content/Norman/Animations/Weapons/Slingshot/slingshot_shoot.uasset' has been saved with empty engine version. The asset will be loaded but may be incompatible.
[2018.06.13-21.04.37:427][  0]LogLinker: Warning: Asset '../../../../../../Unreal Projects/Eggboy/Content/Norman/Meshes/Weapons/Slingshot/slingshot.uasset' has been saved with empty engine version. The asset will be loaded but may be incompatible.
[2018.06.13-21.04.37:428][  0]LogLinker: Warning: Asset '../../../../../../Unreal Projects/Eggboy/Content/Norman/Materials/Weapons/Slingshot/Slingshot_M.uasset' has been saved with empty engine version. The asset will be loaded but may be incompatible.
[2018.06.13-21.04.37:429][  0]LogLinker: Warning: Asset '../../../../../../Unreal Projects/Eggboy/Content/Norman/Animations/Character/norman_carry.uasset' has been saved with empty engine version. The asset will be loaded but may be incompatible.
[2018.06.13-21.04.37:429][  0]LogLinker: Warning: Asset '../../../../../../Unreal Projects/Eggboy/Content/Norman/Animations/Character/norman_collect.uasset' has been saved with empty engine version. The asset will be loaded but may be incompatible.
[2018.06.13-21.04.37:431][  0]LogLinker: Warning: Asset '../../../../../../Unreal Projects/Eggboy/Content/Norman/Animations/Character/norman_dance.uasset' has been saved with empty engine version. The asset will be loaded but may be incompatible.
[2018.06.13-21.04.37:435][  0]LogLinker: Warning: Asset '../../../../../../Unreal Projects/Eggboy/Content/Norman/Animations/Character/norman_death.uasset' has been saved with empty engine version. The asset will be loaded but may be incompatible.
[2018.06.13-21.04.37:436][  0]LogLinker: Warning: Asset '../../../../../../Unreal Projects/Eggboy/Content/Norman/Animations/Character/norman_pickup.uasset' has been saved with empty engine version. The asset will be loaded but may be incompatible.
[2018.06.13-21.04.37:437][  0]LogLinker: Warning: Asset '../../../../../../Unreal Projects/Eggboy/Content/Norman/Animations/Character/norman_place.uasset' has been saved with empty engine version. The asset will be loaded but may be incompatible.
[2018.06.13-21.04.37:439][  0]LogLinker: Warning: Asset '../../../../../../Unreal Projects/Eggboy/Content/Norman/Animations/Character/norman_press.uasset' has been saved with empty engine version. The asset will be loaded but may be incompatible.
[2018.06.13-21.04.37:440][  0]LogLinker: Warning: Asset '../../../../../../Unreal Projects/Eggboy/Content/Norman/Animations/Character/norman_pull.uasset' has been saved with empty engine version. The asset will be loaded but may be incompatible.
[2018.06.13-21.04.37:440][  0]LogLinker: Warning: Asset '../../../../../../Unreal Projects/Eggboy/Content/Norman/Animations/Character/norman_push.uasset' has been saved with empty engine version. The asset will be loaded but may be incompatible.
[2018.06.13-21.04.37:441][  0]LogLinker: Warning: Asset '../../../../../../Unreal Projects/Eggboy/Content/Norman/Animations/Character/norman_put_away.uasset' has been saved with empty engine version. The asset will be loaded but may be incompatible.
[2018.06.13-21.04.37:442][  0]LogLinker: Warning: Asset '../../../../../../Unreal Projects/Eggboy/Content/Norman/Animations/Character/norman_spawn.uasset' has been saved with empty engine version. The asset will be loaded but may be incompatible.
[2018.06.13-21.04.37:443][  0]LogLinker: Warning: Asset '../../../../../../Unreal Projects/Eggboy/Content/Norman/Animations/Character/norman_talk.uasset' has been saved with empty engine version. The asset will be loaded but may be incompatible.
[2018.06.13-21.04.37:443][  0]LogLinker: Warning: Asset '../../../../../../Unreal Projects/Eggboy/Content/Norman/Animations/Character/ThirdPerson_Jump.uasset' has been saved with empty engine version. The asset will be loaded but may be incompatible.
[2018.06.13-21.04.37:444][  0]LogLinker: Warning: Asset '../../../../../../Unreal Projects/Eggboy/Content/Norman/Animations/Character/ThirdPersonJump_Loop.uasset' has been saved with empty engine version. The asset will be loaded but may be incompatible.
[2018.06.13-21.04.37:445][  0]LogLinker: Warning: Asset '../../../../../../Unreal Projects/Eggboy/Content/Norman/Animations/Character/ThirdPersonJump_Start.uasset' has been saved with empty engine version. The asset will be loaded but may be incompatible.
[2018.06.13-21.04.37:445][  0]LogLinker: Warning: Asset '../../../../../../Unreal Projects/Eggboy/Content/Norman/Animations/Character/Blends/Aim/NormanAim_BlendSpace.uasset' has been saved with empty engine version. The asset will be loaded but may be incompatible.
[2018.06.13-21.04.37:446][  0]LogLinker: Warning: Asset '../../../../../../Unreal Projects/Eggboy/Content/Norman/Animations/Character/Blends/NormanIdleRun_Blendspace.uasset' has been saved with empty engine version. The asset will be loaded but may be incompatible.
[2018.06.13-21.04.37:448][  0]LogLinker: Warning: Asset '../../../../../../Unreal Projects/Eggboy/Content/Norman/Animations/Character/Blends/NormanTrudge_Blendspace.uasset' has been saved with empty engine version. The asset will be loaded but may be incompatible.
[2018.06.13-21.04.37:451][  0]LogLinker: Warning: Asset '../../../../../../Unreal Projects/Eggboy/Content/Norman/Animations/Character/Blends/Shoot/NormanShoot_Blendspace.uasset' has been saved with empty engine version. The asset will be loaded but may be incompatible.
[2018.06.13-21.04.37:477][  0]LogLinker: Warning: Asset '../../../../../../Unreal Projects/Eggboy/Content/Norman/Animations/Character/norman_idle.uasset' has been saved with empty engine version. The asset will be loaded but may be incompatible.
[2018.06.13-21.04.37:478][  0]LogLinker: Warning: Asset '../../../../../../Unreal Projects/Eggboy/Content/Norman/Animations/Character/norman_walk.uasset' has been saved with empty engine version. The asset will be loaded but may be incompatible.
[2018.06.13-21.04.37:479][  0]LogLinker: Warning: Asset '../../../../../../Unreal Projects/Eggboy/Content/Norman/Animations/Character/norman_run.uasset' has been saved with empty engine version. The asset will be loaded but may be incompatible.
[2018.06.13-21.04.37:480][  0]LogLinker: Warning: Asset '../../../../../../Unreal Projects/Eggboy/Content/Norman/Animations/Character/norman_trudge.uasset' has been saved with empty engine version. The asset will be loaded but may be incompatible.
[2018.06.13-21.04.37:487][  0]LogLinker: Warning: Asset '../../../../../../Unreal Projects/Eggboy/Content/Norman/Animations/Character/Blends/Aim/norman_aim_down_pose.uasset' has been saved with empty engine version. The asset will be loaded but may be incompatible.
[2018.06.13-21.04.37:488][  0]LogLinker: Warning: Asset '../../../../../../Unreal Projects/Eggboy/Content/Norman/Animations/Character/Blends/Aim/norman_aim_left_pose.uasset' has been saved with empty engine version. The asset will be loaded but may be incompatible.
[2018.06.13-21.04.37:489][  0]LogLinker: Warning: Asset '../../../../../../Unreal Projects/Eggboy/Content/Norman/Animations/Character/Blends/Aim/norman_aim_leftdown_pose.uasset' has been saved with empty engine version. The asset will be loaded but may be incompatible.
[2018.06.13-21.04.37:490][  0]LogLinker: Warning: Asset '../../../../../../Unreal Projects/Eggboy/Content/Norman/Animations/Character/Blends/Aim/norman_aim_leftup_pose.uasset' has been saved with empty engine version. The asset will be loaded but may be incompatible.
[2018.06.13-21.04.37:490][  0]LogLinker: Warning: Asset '../../../../../../Unreal Projects/Eggboy/Content/Norman/Animations/Character/Blends/Aim/norman_aim_pose.uasset' has been saved with empty engine version. The asset will be loaded but may be incompatible.
[2018.06.13-21.04.37:491][  0]LogLinker: Warning: Asset '../../../../../../Unreal Projects/Eggboy/Content/Norman/Animations/Character/Blends/Aim/norman_aim_right_pose.uasset' has been saved with empty engine version. The asset will be loaded but may be incompatible.
[2018.06.13-21.04.37:492][  0]LogLinker: Warning: Asset '../../../../../../Unreal Projects/Eggboy/Content/Norman/Animations/Character/Blends/Aim/norman_aim_rightdown_pose.uasset' has been saved with empty engine version. The asset will be loaded but may be incompatible.
[2018.06.13-21.04.37:492][  0]LogLinker: Warning: Asset '../../../../../../Unreal Projects/Eggboy/Content/Norman/Animations/Character/Blends/Aim/norman_aim_up_pose.uasset' has been saved with empty engine version. The asset will be loaded but may be incompatible.
[2018.06.13-21.04.37:493][  0]LogLinker: Warning: Asset '../../../../../../Unreal Projects/Eggboy/Content/Norman/Animations/Character/Blends/Aim/norman_aim_rightup_pose.uasset' has been saved with empty engine version. The asset will be loaded but may be incompatible.
[2018.06.13-21.04.37:494][  0]LogLinker: Warning: Asset '../../../../../../Unreal Projects/Eggboy/Content/Norman/Animations/Character/Blends/Shoot/norman_shooting_base.uasset' has been saved with empty engine version. The asset will be loaded but may be incompatible.
[2018.06.13-21.04.37:494][  0]LogLinker: Warning: Asset '../../../../../../Unreal Projects/Eggboy/Content/Norman/Animations/Character/Blends/Shoot/norman_shooting_shoot.uasset' has been saved with empty engine version. The asset will be loaded but may be incompatible.
[2018.06.13-21.04.37:495][  0]LogLinker: Warning: Asset '../../../../../../Unreal Projects/Eggboy/Content/Norman/Animations/Character/Blends/Shoot/norman_shooting_reload.uasset' has been saved with empty engine version. The asset will be loaded but may be incompatible.
[2018.06.13-21.04.37:499][  0]LogLinker: Warning: Asset '../../../../../../Unreal Projects/Eggboy/Content/Norman/Textures/Character/Faces/norman_blink_face.uasset' has been saved with empty engine version. The asset will be loaded but may be incompatible.
[2018.06.13-21.04.37:502][  0]LogLinker: Warning: Asset '../../../../../../Unreal Projects/Eggboy/Content/Norman/Textures/Character/Faces/norman_default_face.uasset' has been saved with empty engine version. The asset will be loaded but may be incompatible.
[2018.06.13-21.04.37:502][  0]LogLinker: Warning: Asset '../../../../../../Unreal Projects/Eggboy/Content/Norman/Textures/Character/Faces/norman_squint_face.uasset' has been saved with empty engine version. The asset will be loaded but may be incompatible.
[2018.06.13-21.04.37:625][  0]LogUObjectGlobals: Destroyed PersistentFrame Addr=0x00000172d18109c0, Size=224
[2018.06.13-21.04.37:625][  0]LogUObjectGlobals: Created PersistentFrame Addr=0x00000172e7216cc0, Size=224, Default__Norman_AnimBP_C Function /Engine/Transient.REINST_Norman_AnimBP_C_0:ExecuteUbergraph_Norman_AnimBP
[2018.06.13-21.04.37:627][  0]LogUObjectGlobals: Destroyed PersistentFrame Addr=0x00000172ce21a900, Size=240
[2018.06.13-21.04.37:627][  0]LogUObjectGlobals: Created PersistentFrame Addr=0x00000172e7324e00, Size=240, Default__Norman_AnimBP1_C Function /Engine/Transient.REINST_Norman_AnimBP1_C_1:ExecuteUbergraph_Norman_AnimBP1
[2018.06.13-21.04.37:627][  0]LogUObjectGlobals: Destroyed PersistentFrame Addr=0x00000172d1696728, Size=40
[2018.06.13-21.04.37:627][  0]LogUObjectGlobals: Created PersistentFrame Addr=0x00000172e7b695a8, Size=40, Default__Slingshot_AnimBlueprint_C Function /Engine/Transient.REINST_Slingshot_AnimBlueprint_C_2:ExecuteUbergraph_Slingshot_AnimBlueprint
[2018.06.13-21.04.37:628][  0]LogUObjectGlobals: Destroyed PersistentFrame Addr=0x00000172c89dfc00, Size=64
[2018.06.13-21.04.37:628][  0]LogUObjectGlobals: Created PersistentFrame Addr=0x00000172e721aa80, Size=64, Default__ThirdPerson_AnimBP_C Function /Engine/Transient.REINST_ThirdPerson_AnimBP_C_3:ExecuteUbergraph_ThirdPerson_AnimBP
[2018.06.13-21.04.37:629][  0]LogUObjectGlobals: Destroyed PersistentFrame Addr=0x00000172ce8d7700, Size=768
[2018.06.13-21.04.37:629][  0]LogUObjectGlobals: Created PersistentFrame Addr=0x00000172e733d900, Size=768, Default__NormanCharacter_C Function /Engine/Transient.REINST_NormanCharacter_C_17:ExecuteUbergraph_NormanCharacter
[2018.06.13-21.04.37:629][  0]LogUObjectGlobals: Destroyed PersistentFrame Addr=0x00000172ce702e80, Size=296
[2018.06.13-21.04.37:629][  0]LogUObjectGlobals: Created PersistentFrame Addr=0x00000172e72b3380, Size=296, Default__ThirdPersonCharacter_C Function /Engine/Transient.REINST_ThirdPersonCharacter_C_18:ExecuteUbergraph_ThirdPersonCharacter
[2018.06.13-21.04.37:803][  0]LogUObjectGlobals: Created PersistentFrame Addr=0x00000172e7c21d00, Size=232, Default__Norman_AnimBP_C Function /Game/Norman/Animations/Character/Norman_AnimBP.Norman_AnimBP_C:ExecuteUbergraph_Norman_AnimBP
[2018.06.13-21.04.37:810][  0]LogUObjectGlobals: Created PersistentFrame Addr=0x00000172e7ba7800, Size=232, Default__Norman_AnimBP1_C Function /Game/Norman_AnimBP1.Norman_AnimBP1_C:ExecuteUbergraph_Norman_AnimBP1
[2018.06.13-21.04.37:812][  0]LogUObjectGlobals: Created PersistentFrame Addr=0x00000172e70b5da0, Size=40, Default__Slingshot_AnimBlueprint_C Function /Game/Norman/Animations/Weapons/Slingshot/Slingshot_AnimBlueprint.Slingshot_AnimBlueprint_C:ExecuteUbergraph_Slingshot_AnimBlueprint
[2018.06.13-21.04.37:812][  0]LogUObjectGlobals: Created PersistentFrame Addr=0x00000172e8b6d8f0, Size=72, Default__ThirdPerson_AnimBP_C Function /Game/Mannequin/Animations/ThirdPerson_AnimBP.ThirdPerson_AnimBP_C:ExecuteUbergraph_ThirdPerson_AnimBP
[2018.06.13-21.04.37:821][  0]LogUObjectGlobals: Created PersistentFrame Addr=0x00000172e7bc0a00, Size=760, Default__NormanCharacter_C Function /Game/Norman/Blueprints/Character/NormanCharacter.NormanCharacter_C:ExecuteUbergraph_NormanCharacter
[2018.06.13-21.04.37:823][  0]LogUObjectGlobals: Created PersistentFrame Addr=0x00000172e7d65440, Size=296, Default__ThirdPersonCharacter_C Function /Game/ThirdPersonBP/Blueprints/ThirdPersonCharacter.ThirdPersonCharacter_C:ExecuteUbergraph_ThirdPersonCharacter
[2018.06.13-21.04.37:829][  0]LogBlueprint: Warning: [Compiler Norman_AnimBP1] Node  Blendspace Player 'NormanAim_BlendSpace1'  uses potentially thread-unsafe call Get Aim Rot. Disable threaded update or use a thread-safe call. Function may need BlueprintThreadSafe metadata adding.
[2018.06.13-21.04.37:830][  0]LogBlueprint: Warning: [Compiler Norman_AnimBP1] Node  Blendspace Player 'NormanShoot_Blendspace1'  uses potentially thread-unsafe call  Try Get Pawn Owner . Disable threaded update or use a thread-safe call. Function may need BlueprintThreadSafe metadata adding.
[2018.06.13-21.04.37:834][  0]LogBlueprint: Warning: [Compiler Norman_AnimBP] Node  Blendspace Player 'NormanAim_BlendSpace'  uses potentially thread-unsafe call Get Aim Rot. Disable threaded update or use a thread-safe call. Function may need BlueprintThreadSafe metadata adding.
[2018.06.13-21.04.37:834][  0]LogBlueprint: Warning: [Compiler Norman_AnimBP] Node  Blendspace Player 'NormanShoot_Blendspace'  uses potentially thread-unsafe call  Try Get Pawn Owner . Disable threaded update or use a thread-safe call. Function may need BlueprintThreadSafe metadata adding.
[2018.06.13-21.04.37:839][  0]LogBlueprint: Warning: [Compiler Norman_AnimBP] [0015.41] Compile of Norman_AnimBP successful, but with 2 Warning(s) [in 249 ms] (/Game/Norman/Animations/Character/Norman_AnimBP.Norman_AnimBP)
[2018.06.13-21.04.37:839][  0]LogBlueprint: Warning: [Compiler Norman_AnimBP1] [0015.41] Compile of Norman_AnimBP1 successful, but with 2 Warning(s) [in 249 ms] (/Game/Norman_AnimBP1.Norman_AnimBP1)
[2018.06.13-21.04.37:846][  0]LogLinker: Warning: Asset '../../../../../../Unreal Projects/Eggboy/Content/Norman/Meshes/Accessories/norman_zipper_v1_Skeleton.uasset' has been saved with empty engine version. The asset will be loaded but may be incompatible.
[2018.06.13-21.04.37:847][  0]LogLinker: Warning: Asset '../../../../../../Unreal Projects/Eggboy/Content/Norman/Meshes/Accessories/norman_battery_v1_Skeleton.uasset' has been saved with empty engine version. The asset will be loaded but may be incompatible.
[2018.06.13-21.04.37:853][  0]LogLinker: Warning: Asset '../../../../../../Unreal Projects/Eggboy/Content/Norman/Textures/Character/rough.uasset' has been saved with empty engine version. The asset will be loaded but may be incompatible.
[2018.06.13-21.04.37:854][  0]LogLinker: Warning: Asset '../../../../../../Unreal Projects/Eggboy/Content/Norman/Textures/Character/albedo.uasset' has been saved with empty engine version. The asset will be loaded but may be incompatible.
[2018.06.13-21.04.37:855][  0]LogLinker: Warning: Asset '../../../../../../Unreal Projects/Eggboy/Content/Norman/Textures/Character/emissive.uasset' has been saved with empty engine version. The asset will be loaded but may be incompatible.
[2018.06.13-21.04.37:855][  0]LogLinker: Warning: Asset '../../../../../../Unreal Projects/Eggboy/Content/Norman/Textures/Character/metal.uasset' has been saved with empty engine version. The asset will be loaded but may be incompatible.
[2018.06.13-21.04.37:856][  0]LogLinker: Warning: Asset '../../../../../../Unreal Projects/Eggboy/Content/Norman/Textures/Character/normal.uasset' has been saved with empty engine version. The asset will be loaded but may be incompatible.
[2018.06.13-21.04.37:857][  0]LogLinker: Warning: Asset '../../../../../../Unreal Projects/Eggboy/Content/Norman/Textures/Character/NoiseFace.uasset' has been saved with empty engine version. The asset will be loaded but may be incompatible.
[2018.06.13-21.04.37:858][  0]LogLinker: Warning: Asset '../../../../../../Unreal Projects/Eggboy/Content/Norman/Meshes/Accessories/norman_antenna_v1_Skeleton.uasset' has been saved with empty engine version. The asset will be loaded but may be incompatible.
[2018.06.13-21.04.37:870][  0]LogLinker: Warning: Asset '../../../../../../Unreal Projects/Eggboy/Content/Norman/Textures/Weapons/Slingshot/slingshot_metallic.uasset' has been saved with empty engine version. The asset will be loaded but may be incompatible.
[2018.06.13-21.04.37:871][  0]LogLinker: Warning: Asset '../../../../../../Unreal Projects/Eggboy/Content/Norman/Textures/Weapons/Slingshot/slingshot_normal.uasset' has been saved with empty engine version. The asset will be loaded but may be incompatible.
[2018.06.13-21.04.37:873][  0]LogLinker: Warning: Asset '../../../../../../Unreal Projects/Eggboy/Content/Norman/Textures/Weapons/Slingshot/slingshot_roughness.uasset' has been saved with empty engine version. The asset will be loaded but may be incompatible.
[2018.06.13-21.04.37:873][  0]LogLinker: Warning: Asset '../../../../../../Unreal Projects/Eggboy/Content/Norman/Textures/Weapons/Slingshot/slingshot_albedo.uasset' has been saved with empty engine version. The asset will be loaded but may be incompatible.
[2018.06.13-21.04.37:874][  0]LogLinker: Warning: Asset '../../../../../../Unreal Projects/Eggboy/Content/Norman/Meshes/Weapons/Slingshot/slingshot_PhysicsAsset.uasset' has been saved with empty engine version. The asset will be loaded but may be incompatible.
[2018.06.13-21.04.37:892][  0]LogSkeletalMesh: Skeletal Mesh found in DDC [0.169876ms] /Game/Norman/Meshes/Accessories/norman_zipper_v1.norman_zipper_v1
[2018.06.13-21.04.37:893][  0]LogSkeletalMesh: Skeletal Mesh found in DDC [0.205827ms] /Game/Norman/Meshes/Accessories/norman_battery_v1.norman_battery_v1
[2018.06.13-21.04.37:902][  0]LogSkeletalMesh: Skeletal Mesh found in DDC [0.345679ms] /Game/Norman/Meshes/Accessories/norman_antenna_v1.norman_antenna_v1
[2018.06.13-21.04.37:903][  0]LogSkeletalMesh: Skeletal Mesh found in DDC [0.914172ms] /Game/Norman/Meshes/Character/Norman.Norman
[2018.06.13-21.04.37:933][  0]LogSkeletalMesh: Skeletal Mesh found in DDC [2.477826ms] /Game/Norman/Meshes/Weapons/Slingshot/slingshot.slingshot
[2018.06.13-21.04.37:956][  0]LogLoad: Game class is 'ThirdPersonGameMode_C'
[2018.06.13-21.04.37:970][  0]LogWorld: Bringing World /Game/Norman/Maps/NormanDemo.NormanDemo up for play (max tick rate 0) at 2018.06.13-17.04.37
[2018.06.13-21.04.37:972][  0]LogWorld: Bringing up level for play took: 0.015241
[2018.06.13-21.04.37:976][  0]LogLoad: Took 1.371684 seconds to LoadMap(/Game/Norman/Maps/NormanDemo)
[2018.06.13-21.04.38:035][  0]LogLoad: (Engine Initialization) Total time: 15.60 seconds
[2018.06.13-21.04.38:035][  0]LogLoad: (Engine Initialization) Total Blueprint compile time: 0.00 seconds
[2018.06.13-21.04.38:095][  0]LogRenderer: Reallocating scene render targets to support 1280x720 Format 10 NumSamples 1 (Frame:1).
[2018.06.13-21.04.38:163][  0]LogContentStreaming: Texture pool size now 1000 MB
[2018.06.13-21.04.55:733][ 81]LogRenderer: Reallocating scene render targets to support 1920x1080 Format 10 NumSamples 1 (Frame:1083).
[2018.06.13-21.05.35:324][531]Closing by request
[2018.06.13-21.05.35:324][531]LogWindows: FPlatformMisc::RequestExit(0)
[2018.06.13-21.05.35:803][532]LogSlate: Window 'Eggboy (64-bit, PCD3D_SM5) ' being destroyed
[2018.06.13-21.05.35:804][532]LogWindowsTextInputMethodSystem: Display: IME system now deactivated.
[2018.06.13-21.05.35:812][532]LogSlate: Slate User Destroyed.  User Index 0, Is Virtual User: 0
[2018.06.13-21.05.35:812][532]LogExit: Preparing to exit.
[2018.06.13-21.05.35:812][532]LogMoviePlayer: Shutting down movie player
[2018.06.13-21.05.36:095][532]LogUObjectGlobals: Destroyed PersistentFrame Addr=0x00000172daea7d80, Size=40
[2018.06.13-21.05.36:096][532]LogExit: Game engine shut down
[2018.06.13-21.05.36:101][532]LogUObjectGlobals: Destroyed PersistentFrame Addr=0x00000172ce387880, Size=288
[2018.06.13-21.05.36:101][532]LogUObjectGlobals: Destroyed PersistentFrame Addr=0x00000172cf982480, Size=608
[2018.06.13-21.05.36:101][532]LogUObjectGlobals: Destroyed PersistentFrame Addr=0x00000172ce3874c0, Size=280
[2018.06.13-21.05.36:102][532]LogUObjectGlobals: Destroyed PersistentFrame Addr=0x00000172ce385f80, Size=304
[2018.06.13-21.05.36:102][532]LogUObjectGlobals: Destroyed PersistentFrame Addr=0x00000172ce16f380, Size=624
[2018.06.13-21.05.36:102][532]LogUObjectGlobals: Destroyed PersistentFrame Addr=0x00000172ce385d00, Size=296
[2018.06.13-21.05.36:102][532]LogUObjectGlobals: Destroyed PersistentFrame Addr=0x00000172daea6318, Size=40
[2018.06.13-21.05.36:102][532]LogUObjectGlobals: Destroyed PersistentFrame Addr=0x00000172e72b3380, Size=296
[2018.06.13-21.05.36:102][532]LogUObjectGlobals: Destroyed PersistentFrame Addr=0x00000172e7324e00, Size=240
[2018.06.13-21.05.36:102][532]LogUObjectGlobals: Destroyed PersistentFrame Addr=0x00000172e733d900, Size=768
[2018.06.13-21.05.36:102][532]LogUObjectGlobals: Destroyed PersistentFrame Addr=0x00000172e7216cc0, Size=224
[2018.06.13-21.05.36:103][532]LogUObjectGlobals: Destroyed PersistentFrame Addr=0x00000172e721aa80, Size=64
[2018.06.13-21.05.36:103][532]LogUObjectGlobals: Destroyed PersistentFrame Addr=0x00000172e7b695a8, Size=40
[2018.06.13-21.05.36:108][532]LogUObjectGlobals: Destroyed PersistentFrame Addr=0x00000172e7c21d00, Size=232
[2018.06.13-21.05.36:109][532]LogUObjectGlobals: Destroyed PersistentFrame Addr=0x00000172e7ba7800, Size=232
[2018.06.13-21.05.36:109][532]LogUObjectGlobals: Destroyed PersistentFrame Addr=0x00000172e70b5da0, Size=40
[2018.06.13-21.05.36:110][532]LogUObjectGlobals: Destroyed PersistentFrame Addr=0x00000172e8b6d8f0, Size=72
[2018.06.13-21.05.36:110][532]LogUObjectGlobals: Destroyed PersistentFrame Addr=0x00000172e7bc0a00, Size=760
[2018.06.13-21.05.36:110][532]LogUObjectGlobals: Destroyed PersistentFrame Addr=0x00000172e7d65440, Size=296
[2018.06.13-21.05.36:277][532]LogExit: Object subsystem successfully closed.
[2018.06.13-21.05.36:306][532]LogShaderCompilers: Display: Shaders left to compile 0
[2018.06.13-21.05.36:315][532]LogD3D11RHI: Shutdown
[2018.06.13-21.05.36:315][532]LogD3D11RHI: CleanupD3DDevice
[2018.06.13-21.05.36:318][532]LogD3D11RHI: ~FD3D11DynamicRHI
[2018.06.13-21.05.36:338][532]LogModuleManager: Shutting down and abandoning module SequenceRecorderSections (334)
[2018.06.13-21.05.36:339][532]LogModuleManager: Shutting down and abandoning module SequenceRecorder (332)
[2018.06.13-21.05.36:339][532]LogModuleManager: Shutting down and abandoning module AutomationController (330)
[2018.06.13-21.05.36:339][532]LogModuleManager: Shutting down and abandoning module AutomationWorker (328)
[2018.06.13-21.05.36:339][532]LogModuleManager: Shutting down and abandoning module AIModule (326)
[2018.06.13-21.05.36:339][532]LogModuleManager: Shutting down and abandoning module GameplayDebugger (325)
[2018.06.13-21.05.36:339][532]LogModuleManager: Shutting down and abandoning module AITestSuite (323)
[2018.06.13-21.05.36:339][532]LogModuleManager: Shutting down and abandoning module WmfMediaFactory (320)
[2018.06.13-21.05.36:339][532]LogModuleManager: Shutting down and abandoning module OpenExrWrapper (318)
[2018.06.13-21.05.36:339][532]LogModuleManager: Shutting down and abandoning module ImgMediaFactory (316)
[2018.06.13-21.05.36:339][532]LogModuleManager: Shutting down and abandoning module AvfMediaFactory (314)
[2018.06.13-21.05.36:339][532]LogModuleManager: Shutting down and abandoning module CharacterAI (312)
[2018.06.13-21.05.36:339][532]LogModuleManager: Shutting down and abandoning module SessionServices (310)
[2018.06.13-21.05.36:339][532]LogModuleManager: Shutting down and abandoning module MovieSceneCapture (308)
[2018.06.13-21.05.36:339][532]LogModuleManager: Shutting down and abandoning module MovieSceneTracks (306)
[2018.06.13-21.05.36:339][532]LogModuleManager: Shutting down and abandoning module MovieScene (304)
[2018.06.13-21.05.36:339][532]LogModuleManager: Shutting down and abandoning module GeometryCache (302)
[2018.06.13-21.05.36:339][532]LogModuleManager: Shutting down and abandoning module GeometryCacheEd (301)
[2018.06.13-21.05.36:339][532]LogModuleManager: Shutting down and abandoning module StreamingPauseRendering (298)
[2018.06.13-21.05.36:340][532]LogModuleManager: Shutting down and abandoning module PortalServices (296)
[2018.06.13-21.05.36:340][532]LogModuleManager: Shutting down and abandoning module PortalRpc (294)
[2018.06.13-21.05.36:340][532]LogModuleManager: Shutting down and abandoning module MessagingRpc (292)
[2018.06.13-21.05.36:340][532]LogModuleManager: Shutting down and abandoning module ProfilerService (290)
[2018.06.13-21.05.36:545][532]LogModuleManager: Shutting down and abandoning module TaskGraph (288)
[2018.06.13-21.05.36:545][532]LogModuleManager: Shutting down and abandoning module SteamVRController (286)
[2018.06.13-21.05.36:545][532]LogModuleManager: Shutting down and abandoning module ProceduralMeshComponent (284)
[2018.06.13-21.05.36:545][532]LogModuleManager: Shutting down and abandoning module OculusInput (282)
[2018.06.13-21.05.36:545][532]LogModuleManager: Shutting down and abandoning module MobilePatchingUtils (280)
[2018.06.13-21.05.36:545][532]LogModuleManager: Shutting down and abandoning module HoudiniEngineRuntime (278)
[2018.06.13-21.05.36:545][532]LogHoudiniEngine: Shutting down the Houdini Engine module.
[2018.06.13-21.05.36:551][532]LogModuleManager: Shutting down and abandoning module CustomMeshComponent (276)
[2018.06.13-21.05.36:551][532]LogModuleManager: Shutting down and abandoning module CableComponent (274)
[2018.06.13-21.05.36:551][532]LogModuleManager: Shutting down and abandoning module AudioCapture (272)
[2018.06.13-21.05.36:551][532]LogModuleManager: Shutting down and abandoning module ArchVisCharacter (270)
[2018.06.13-21.05.36:551][532]LogModuleManager: Shutting down and abandoning module AndroidPermission (268)
[2018.06.13-21.05.36:551][532]LogModuleManager: Shutting down and abandoning module NUTUnrealEngine4 (264)
[2018.06.13-21.05.36:551][532]LogModuleManager: Shutting down and abandoning module NetcodeUnitTest (262)
[2018.06.13-21.05.36:551][532]LogModuleManager: Shutting down and abandoning module MediaCompositing (260)
[2018.06.13-21.05.36:551][532]LogModuleManager: Shutting down and abandoning module LinearTimecode (258)
[2018.06.13-21.05.36:551][532]LogModuleManager: Shutting down and abandoning module ImgMedia (256)
[2018.06.13-21.05.36:565][532]LogModuleManager: Shutting down and abandoning module HTML5Networking (254)
[2018.06.13-21.05.36:565][532]LogModuleManager: Shutting down and abandoning module DatasmithContent (252)
[2018.06.13-21.05.36:565][532]LogModuleManager: Shutting down and abandoning module CryptoKeysOpenSSL (250)
[2018.06.13-21.05.36:565][532]LogModuleManager: Shutting down and abandoning module CryptoKeys (248)
[2018.06.13-21.05.36:565][532]LogModuleManager: Shutting down and abandoning module VisualStudioSourceCodeAccess (246)
[2018.06.13-21.05.36:565][532]LogModuleManager: Shutting down and abandoning module HotReload (245)
[2018.06.13-21.05.36:565][532]LogModuleManager: Shutting down and abandoning module DirectoryWatcher (244)
[2018.06.13-21.05.36:565][532]LogModuleManager: Shutting down and abandoning module VisualStudioCodeSourceCodeAccess (240)
[2018.06.13-21.05.36:565][532]LogModuleManager: Shutting down and abandoning module UObjectPlugin (238)
[2018.06.13-21.05.36:565][532]LogModuleManager: Shutting down and abandoning module SubversionSourceControl (236)
[2018.06.13-21.05.36:566][532]LogModuleManager: Shutting down and abandoning module PerforceSourceControl (234)
[2018.06.13-21.05.36:566][532]LogModuleManager: Shutting down and abandoning module SourceControl (233)
[2018.06.13-21.05.36:566][532]LogModuleManager: Shutting down and abandoning module CLionSourceCodeAccess (230)
[2018.06.13-21.05.36:566][532]LogModuleManager: Shutting down and abandoning module RuntimePhysXCooking (228)
[2018.06.13-21.05.36:566][532]LogModuleManager: Shutting down and abandoning module PhysXVehiclesEditor (226)
[2018.06.13-21.05.36:566][532]LogModuleManager: Shutting down and abandoning module PhysXVehicles (224)
[2018.06.13-21.05.36:566][532]LogModuleManager: Shutting down and abandoning module LocationServicesBPLibrary (222)
[2018.06.13-21.05.36:566][532]LogModuleManager: Shutting down and abandoning module ImmediatePhysicsEditor (220)
[2018.06.13-21.05.36:566][532]LogModuleManager: Shutting down and abandoning module ImmediatePhysics (218)
[2018.06.13-21.05.36:566][532]LogModuleManager: Shutting down and abandoning module ActorSequence (216)
[2018.06.13-21.05.36:566][532]LogModuleManager: Shutting down and abandoning module UdpMessaging (214)
[2018.06.13-21.05.36:667][532]LogModuleManager: Shutting down and abandoning module TcpMessaging (212)
[2018.06.13-21.05.36:922][532]LogModuleManager: Shutting down and abandoning module GameplayTagsEditor (210)
[2018.06.13-21.05.36:922][532]LogModuleManager: Shutting down and abandoning module FacialAnimation (208)
[2018.06.13-21.05.36:922][532]LogModuleManager: Shutting down and abandoning module DataValidation (206)
[2018.06.13-21.05.36:922][532]LogModuleManager: Shutting down and abandoning module AssetManagerEditor (204)
[2018.06.13-21.05.36:922][532]LogModuleManager: Shutting down and abandoning module TreeMap (203)
[2018.06.13-21.05.36:922][532]LogModuleManager: Shutting down and abandoning module LightPropagationVolumeRuntime (200)
[2018.06.13-21.05.36:922][532]LogModuleManager: Shutting down and abandoning module LiveLink (198)
[2018.06.13-21.05.37:726][532]LogModuleManager: Shutting down and abandoning module Paper2D (196)
[2018.06.13-21.05.37:726][532]LogModuleManager: Shutting down and abandoning module PIEPreviewDeviceProfileSelector (194)
[2018.06.13-21.05.37:726][532]LogModuleManager: Shutting down and abandoning module WindowsMoviePlayer (192)
[2018.06.13-21.05.37:726][532]LogModuleManager: Shutting down and abandoning module WmfMedia (190)
[2018.06.13-21.05.37:727][532]LogModuleManager: Shutting down and abandoning module Media (189)
[2018.06.13-21.05.37:733][532]LogModuleManager: Shutting down and abandoning module PacketHandler (186)
[2018.06.13-21.05.37:733][532]LogModuleManager: Shutting down and abandoning module ClothingSystemEditor (184)
[2018.06.13-21.05.37:733][532]LogModuleManager: Shutting down and abandoning module ClothingSystemRuntime (182)
[2018.06.13-21.05.37:733][532]LogModuleManager: Shutting down and abandoning module MediaAssets (180)
[2018.06.13-21.05.37:733][532]LogModuleManager: Shutting down and abandoning module Overlay (178)
[2018.06.13-21.05.37:733][532]LogModuleManager: Shutting down and abandoning module OverlayEditor (177)
[2018.06.13-21.05.37:733][532]LogModuleManager: Shutting down and abandoning module VREditor (174)
[2018.06.13-21.05.37:733][532]LogModuleManager: Shutting down and abandoning module StringTableEditor (172)
[2018.06.13-21.05.37:733][532]LogModuleManager: Shutting down and abandoning module GameplayTasksEditor (170)
[2018.06.13-21.05.37:733][532]LogModuleManager: Shutting down and abandoning module BehaviorTreeEditor (168)
[2018.06.13-21.05.37:733][532]LogModuleManager: Shutting down and abandoning module FunctionalTesting (166)
[2018.06.13-21.05.37:733][532]LogModuleManager: Shutting down and abandoning module CollisionAnalyzer (164)
[2018.06.13-21.05.37:733][532]LogModuleManager: Shutting down and abandoning module WorkspaceMenuStructure (163)
[2018.06.13-21.05.37:733][532]LogModuleManager: Shutting down and abandoning module UMG (160)
[2018.06.13-21.05.37:733][532]LogModuleManager: Shutting down and abandoning module UMGEditor (159)
[2018.06.13-21.05.37:733][532]LogModuleManager: Shutting down and abandoning module Sequencer (158)
[2018.06.13-21.05.37:733][532]LogModuleManager: Shutting down and abandoning module MessageLog (155)
[2018.06.13-21.05.37:734][532]LogModuleManager: Shutting down and abandoning module SlateReflector (150)
[2018.06.13-21.05.37:734][532]LogModuleManager: Shutting down and abandoning module Slate (148)
[2018.06.13-21.05.37:734][532]LogModuleManager: Shutting down and abandoning module EditorStyle (146)
[2018.06.13-21.05.37:735][532]LogModuleManager: Shutting down and abandoning module MRMesh (144)
[2018.06.13-21.05.37:735][532]LogModuleManager: Shutting down and abandoning module Messaging (142)
[2018.06.13-21.05.37:735][532]LogModuleManager: Shutting down and abandoning module SourceCodeAccess (140)
[2018.06.13-21.05.37:735][532]LogModuleManager: Shutting down and abandoning module HeadMountedDisplay (138)
[2018.06.13-21.05.37:735][532]LogModuleManager: Shutting down and abandoning module XAudio2 (136)
[2018.06.13-21.05.37:735][532]LogModuleManager: Shutting down and abandoning module Networking (134)
[2018.06.13-21.05.37:735][532]LogModuleManager: Shutting down and abandoning module Core (132)
[2018.06.13-21.05.37:735][532]LogModuleManager: Shutting down and abandoning module LevelSequence (130)
[2018.06.13-21.05.37:735][532]LogModuleManager: Shutting down and abandoning module KismetCompiler (128)
[2018.06.13-21.05.37:735][532]LogModuleManager: Shutting down and abandoning module MeshUtilities (126)
[2018.06.13-21.05.37:735][532]LogModuleManager: Shutting down and abandoning module MeshMergeUtilities (125)
[2018.06.13-21.05.37:735][532]LogModuleManager: Shutting down and abandoning module MeshReductionInterface (124)
[2018.06.13-21.05.37:735][532]LogModuleManager: Shutting down and abandoning module SimplygonSwarm (123)
[2018.06.13-21.05.37:735][532]LogModuleManager: Shutting down and abandoning module SimplygonMeshReduction (121)
[2018.06.13-21.05.37:735][532]LogModuleManager: Shutting down and abandoning module QuadricMeshReduction (119)
[2018.06.13-21.05.37:735][532]LogModuleManager: Shutting down and abandoning module MaterialBaking (115)
[2018.06.13-21.05.37:735][532]LogModuleManager: Shutting down and abandoning module DerivedDataCache (110)
[2018.06.13-21.05.38:016][532]LogDerivedDataCache: Shutdown
[2018.06.13-21.05.38:016][532]LogModuleManager: Shutting down and abandoning module XGEController (108)
[2018.06.13-21.05.38:016][532]LogModuleManager: Shutting down and abandoning module TargetPlatform (106)
[2018.06.13-21.05.38:016][532]LogModuleManager: Shutting down and abandoning module VulkanShaderFormat (105)
[2018.06.13-21.05.38:016][532]LogModuleManager: Shutting down and abandoning module ShaderFormatVectorVM (103)
[2018.06.13-21.05.38:016][532]LogModuleManager: Shutting down and abandoning module ShaderFormatOpenGL (101)
[2018.06.13-21.05.38:016][532]LogModuleManager: Shutting down and abandoning module ShaderFormatD3D (99)
[2018.06.13-21.05.38:016][532]LogModuleManager: Shutting down and abandoning module MetalShaderFormat (97)
[2018.06.13-21.05.38:016][532]LogModuleManager: Shutting down and abandoning module TextureFormatUncompressed (95)
[2018.06.13-21.05.38:016][532]LogModuleManager: Shutting down and abandoning module TextureFormatPVR (93)
[2018.06.13-21.05.38:016][532]LogModuleManager: Shutting down and abandoning module TextureFormatDXT (91)
[2018.06.13-21.05.38:016][532]LogModuleManager: Shutting down and abandoning module TextureFormatIntelISPCTexComp (89)
[2018.06.13-21.05.38:016][532]LogModuleManager: Shutting down and abandoning module TextureFormatASTC (87)
[2018.06.13-21.05.38:016][532]LogModuleManager: Shutting down and abandoning module ImageWrapper (86)
[2018.06.13-21.05.38:016][532]LogModuleManager: Shutting down and abandoning module TextureFormatAndroid (83)
[2018.06.13-21.05.38:016][532]LogModuleManager: Shutting down and abandoning module AudioFormatOpus (81)
[2018.06.13-21.05.38:016][532]LogModuleManager: Shutting down and abandoning module AudioFormatOgg (79)
[2018.06.13-21.05.38:016][532]LogModuleManager: Shutting down and abandoning module AudioFormatADPCM (77)
[2018.06.13-21.05.38:016][532]LogModuleManager: Shutting down and abandoning module WindowsTargetPlatform (75)
[2018.06.13-21.05.38:016][532]LogModuleManager: Shutting down and abandoning module WindowsServerTargetPlatform (73)
[2018.06.13-21.05.38:016][532]LogModuleManager: Shutting down and abandoning module WindowsNoEditorTargetPlatform (71)
[2018.06.13-21.05.38:016][532]LogModuleManager: Shutting down and abandoning module WindowsClientTargetPlatform (69)
[2018.06.13-21.05.38:016][532]LogModuleManager: Shutting down and abandoning module InputCore (66)
[2018.06.13-21.05.38:016][532]LogModuleManager: Shutting down and abandoning module Settings (64)
[2018.06.13-21.05.38:016][532]LogModuleManager: Shutting down and abandoning module PhysXCooking (62)
[2018.06.13-21.05.38:016][532]LogModuleManager: Shutting down and abandoning module SteamVR (60)
[2018.06.13-21.05.38:016][532]LogModuleManager: Shutting down and abandoning module OculusHMD (58)
[2018.06.13-21.05.38:016][532]LogModuleManager: Shutting down and abandoning module ExampleDeviceProfileSelector (56)
[2018.06.13-21.05.38:016][532]LogModuleManager: Shutting down and abandoning module AppleARKit (54)
[2018.06.13-21.05.38:016][532]LogModuleManager: Shutting down and abandoning module AugmentedReality (51)
[2018.06.13-21.05.38:016][532]LogModuleManager: Shutting down and abandoning module OnlineBlueprintSupport (48)
[2018.06.13-21.05.38:016][532]LogModuleManager: Shutting down and abandoning module OnlineSubsystem (44)
[2018.06.13-21.05.38:016][532]LogModuleManager: Shutting down and abandoning module XMPP (43)
[2018.06.13-21.05.38:017][532]LogModuleManager: Shutting down and abandoning module HTTP (41)
[2018.06.13-21.05.38:020][532]LogModuleManager: Shutting down and abandoning module SSL (40)
[2018.06.13-21.05.38:027][532]LogModuleManager: Shutting down and abandoning module AnimationModifiers (36)
[2018.06.13-21.05.38:027][532]LogModuleManager: Shutting down and abandoning module PropertyEditor (35)
[2018.06.13-21.05.38:027][532]LogModuleManager: Shutting down and abandoning module AudioEditor (32)
[2018.06.13-21.05.38:027][532]LogModuleManager: Shutting down and abandoning module TextureCompressor (30)
[2018.06.13-21.05.38:028][532]LogModuleManager: Shutting down and abandoning module ShaderCore (28)
[2018.06.13-21.05.38:028][532]LogModuleManager: Shutting down and abandoning module Landscape (26)
[2018.06.13-21.05.38:028][532]LogModuleManager: Shutting down and abandoning module SlateRHIRenderer (24)
[2018.06.13-21.05.38:028][532]LogModuleManager: Shutting down and abandoning module OpenGLDrv (22)
[2018.06.13-21.05.38:028][532]LogModuleManager: Shutting down and abandoning module D3D11RHI (20)
[2018.06.13-21.05.38:028][532]LogModuleManager: Shutting down and abandoning module AnimGraphRuntime (18)
[2018.06.13-21.05.38:028][532]LogModuleManager: Shutting down and abandoning module Renderer (16)
[2018.06.13-21.05.38:028][532]LogModuleManager: Shutting down and abandoning module Engine (14)
[2018.06.13-21.05.38:028][532]LogModuleManager: Shutting down and abandoning module CoreUObject (12)
[2018.06.13-21.05.38:028][532]LogModuleManager: Shutting down and abandoning module NetworkFile (10)
[2018.06.13-21.05.38:028][532]LogModuleManager: Shutting down and abandoning module CookedIterativeFile (8)
[2018.06.13-21.05.38:028][532]LogModuleManager: Shutting down and abandoning module StreamingFile (6)
[2018.06.13-21.05.38:028][532]LogModuleManager: Shutting down and abandoning module SandboxFile (4)
[2018.06.13-21.05.38:028][532]LogModuleManager: Shutting down and abandoning module PakFile (2)
[2018.06.13-21.05.38:033][532]LogExit: Exiting.
[2018.06.13-21.05.38:035][532]Log file closed, 06/13/18 17:05:38
