Log file open, 06/14/18 10:56:49
LogWindows: Failed to load 'aqProf.dll' (GetLastError=126)
LogWindows: File 'aqProf.dll' does not exist
LogWindows: Failed to load 'VtuneApi.dll' (GetLastError=126)
LogWindows: File 'VtuneApi.dll' does not exist
LogWindows: Failed to load 'VtuneApi32e.dll' (GetLastError=126)
LogWindows: File 'VtuneApi32e.dll' does not exist
LogInit: Display: Running engine for game: Eggboy
LogPlatformFile: Not using cached read wrapper
LogInit: Display: RandInit(937386784) SRandInit(937386786).
LogInit: Read version file with build ID '3944462'
LogInit: Overriding engine version to CL 4033788, compatible CL 3944462
LogInit: Registered custom module enumerator with build ID '3944462'
LogTaskGraph: Started task graph with 5 named threads and 17 total threads with 3 sets of task threads.
LogStats: Stats thread started at 0.411999
LogD3D11RHI: Aftermath initialized
LogICUInternationalization: Display: ICU TimeZone Detection - Raw Offset: -8:00, Platform Override: ''
LogModuleManager: Display: Found up-to-date module file ../../../Engine/Plugins/2D/Paper2D/Binaries/Win64/UE4Editor-Paper2D.dll (API version 3944462).
LogModuleManager: Display: Found up-to-date module file ../../../Engine/Plugins/2D/Paper2D/Binaries/Win64/UE4Editor-Paper2DEditor.dll (API version 3944462).
LogModuleManager: Display: Found up-to-date module file ../../../Engine/Plugins/2D/Paper2D/Binaries/Win64/UE4Editor-PaperSpriteSheetImporter.dll (API version 3944462).
LogModuleManager: Display: Found up-to-date module file ../../../Engine/Plugins/2D/Paper2D/Binaries/Win64/UE4Editor-PaperTiledImporter.dll (API version 3944462).
LogModuleManager: Display: Found up-to-date module file ../../../Engine/Plugins/2D/Paper2D/Binaries/Win64/UE4Editor-SmartSnapping.dll (API version 3944462).
LogModuleManager: Display: Found up-to-date module file ../../../Engine/Plugins/Blendables/LightPropagationVolume/Binaries/Win64/UE4Editor-LightPropagationVolumeRuntime.dll (API version 3944462).
LogModuleManager: Display: Found up-to-date module file ../../../Engine/Plugins/Blendables/LightPropagationVolume/Binaries/Win64/UE4Editor-LightPropagationVolumeEditor.dll (API version 3944462).
LogModuleManager: Display: Found up-to-date module file ../../../Engine/Plugins/Developer/CLionSourceCodeAccess/Binaries/Win64/UE4Editor-CLionSourceCodeAccess.dll (API version 3944462).
LogModuleManager: Display: Found up-to-date module file ../../../Engine/Plugins/Developer/GitSourceControl/Binaries/Win64/UE4Editor-GitSourceControl.dll (API version 3944462).
LogModuleManager: Display: Found up-to-date module file ../../../Engine/Plugins/Developer/PerforceSourceControl/Binaries/Win64/UE4Editor-PerforceSourceControl.dll (API version 3944462).
LogModuleManager: Display: Found up-to-date module file ../../../Engine/Plugins/Developer/SubversionSourceControl/Binaries/Win64/UE4Editor-SubversionSourceControl.dll (API version 3944462).
LogModuleManager: Display: Found up-to-date module file ../../../Engine/Plugins/Developer/UObjectPlugin/Binaries/Win64/UE4Editor-UObjectPlugin.dll (API version 3944462).
LogModuleManager: Display: Found up-to-date module file ../../../Engine/Plugins/Developer/VisualStudioCodeSourceCodeAccess/Binaries/Win64/UE4Editor-VisualStudioCodeSourceCodeAccess.dll (API version 3944462).
LogModuleManager: Display: Found up-to-date module file ../../../Engine/Plugins/Developer/VisualStudioSourceCodeAccess/Binaries/Win64/UE4Editor-VisualStudioSourceCodeAccess.dll (API version 3944462).
LogModuleManager: Display: Found up-to-date module file ../../../Engine/Plugins/Editor/AssetManagerEditor/Binaries/Win64/UE4Editor-AssetManagerEditor.dll (API version 3944462).
LogModuleManager: Display: Found up-to-date module file ../../../Engine/Plugins/Editor/CryptoKeys/Binaries/Win64/UE4Editor-CryptoKeys.dll (API version 3944462).
LogModuleManager: Display: Found up-to-date module file ../../../Engine/Plugins/Editor/CryptoKeys/Binaries/Win64/UE4Editor-CryptoKeysOpenSSL.dll (API version 3944462).
LogModuleManager: Display: Found up-to-date module file ../../../Engine/Plugins/Editor/DataValidation/Binaries/Win64/UE4Editor-DataValidation.dll (API version 3944462).
LogModuleManager: Display: Found up-to-date module file ../../../Engine/Plugins/Editor/FacialAnimation/Binaries/Win64/UE4Editor-FacialAnimation.dll (API version 3944462).
LogModuleManager: Display: Found up-to-date module file ../../../Engine/Plugins/Editor/FacialAnimation/Binaries/Win64/UE4Editor-FacialAnimationEditor.dll (API version 3944462).
LogModuleManager: Display: Found up-to-date module file ../../../Engine/Plugins/Editor/GameplayTagsEditor/Binaries/Win64/UE4Editor-GameplayTagsEditor.dll (API version 3944462).
LogModuleManager: Display: Found up-to-date module file ../../../Engine/Plugins/Editor/MobileLauncherProfileWizard/Binaries/Win64/UE4Editor-MobileLauncherProfileWizard.dll (API version 3944462).
LogModuleManager: Display: Found up-to-date module file ../../../Engine/Plugins/Editor/PluginBrowser/Binaries/Win64/UE4Editor-PluginBrowser.dll (API version 3944462).
LogModuleManager: Display: Found up-to-date module file ../../../Engine/Plugins/Editor/SpeedTreeImporter/Binaries/Win64/UE4Editor-SpeedTreeImporter.dll (API version 3944462).
LogModuleManager: Display: Found up-to-date module file ../../../Engine/Plugins/Enterprise/DatasmithContent/Binaries/Win64/UE4Editor-DatasmithContent.dll (API version 3944462).
LogModuleManager: Display: Found up-to-date module file ../../../Engine/Plugins/Experimental/AlembicImporter/Binaries/Win64/UE4Editor-AlembicImporter.dll (API version 3944462).
LogModuleManager: Display: Found up-to-date module file ../../../Engine/Plugins/Experimental/AlembicImporter/Binaries/Win64/UE4Editor-AlembicLibrary.dll (API version 3944462).
LogModuleManager: Display: Found up-to-date module file ../../../Engine/Plugins/Experimental/CharacterAI/Binaries/Win64/UE4Editor-CharacterAI.dll (API version 3944462).
LogModuleManager: Display: Found up-to-date module file ../../../Engine/Plugins/Experimental/HTML5Networking/Binaries/Win64/UE4Editor-HTML5Networking.dll (API version 3944462).
LogModuleManager: Display: Found up-to-date module file ../../../Engine/Plugins/Media/AndroidMedia/Binaries/Win64/UE4Editor-AndroidMediaEditor.dll (API version 3944462).
LogModuleManager: Display: Found up-to-date module file ../../../Engine/Plugins/Media/AndroidMedia/Binaries/Win64/UE4Editor-AndroidMediaFactory.dll (API version 3944462).
LogModuleManager: Display: Found up-to-date module file ../../../Engine/Plugins/Media/AvfMedia/Binaries/Win64/UE4Editor-AvfMediaEditor.dll (API version 3944462).
LogModuleManager: Display: Found up-to-date module file ../../../Engine/Plugins/Media/AvfMedia/Binaries/Win64/UE4Editor-AvfMediaFactory.dll (API version 3944462).
LogModuleManager: Display: Found up-to-date module file ../../../Engine/Plugins/Media/AvfMedia/Binaries/Win64/UE4Editor-AvfMediaFactory.dll (API version 3944462).
LogModuleManager: Display: Found up-to-date module file ../../../Engine/Plugins/Media/ImgMedia/Binaries/Win64/UE4Editor-ImgMedia.dll (API version 3944462).
LogModuleManager: Display: Found up-to-date module file ../../../Engine/Plugins/Media/ImgMedia/Binaries/Win64/UE4Editor-ImgMediaEditor.dll (API version 3944462).
LogModuleManager: Display: Found up-to-date module file ../../../Engine/Plugins/Media/ImgMedia/Binaries/Win64/UE4Editor-ImgMediaFactory.dll (API version 3944462).
LogModuleManager: Display: Found up-to-date module file ../../../Engine/Plugins/Media/ImgMedia/Binaries/Win64/UE4Editor-ImgMediaFactory.dll (API version 3944462).
LogModuleManager: Display: Found up-to-date module file ../../../Engine/Plugins/Media/ImgMedia/Binaries/Win64/UE4Editor-OpenExrWrapper.dll (API version 3944462).
LogModuleManager: Display: Found up-to-date module file ../../../Engine/Plugins/Media/LinearTimecode/Binaries/Win64/UE4Editor-LinearTimecode.dll (API version 3944462).
LogModuleManager: Display: Found up-to-date module file ../../../Engine/Plugins/Media/MediaCompositing/Binaries/Win64/UE4Editor-MediaCompositing.dll (API version 3944462).
LogModuleManager: Display: Found up-to-date module file ../../../Engine/Plugins/Media/MediaCompositing/Binaries/Win64/UE4Editor-MediaCompositingEditor.dll (API version 3944462).
LogModuleManager: Display: Found up-to-date module file ../../../Engine/Plugins/Media/MediaPlayerEditor/Binaries/Win64/UE4Editor-MediaPlayerEditor.dll (API version 3944462).
LogModuleManager: Display: Found up-to-date module file ../../../Engine/Plugins/Media/WmfMedia/Binaries/Win64/UE4Editor-WmfMedia.dll (API version 3944462).
LogModuleManager: Display: Found up-to-date module file ../../../Engine/Plugins/Media/WmfMedia/Binaries/Win64/UE4Editor-WmfMediaEditor.dll (API version 3944462).
LogModuleManager: Display: Found up-to-date module file ../../../Engine/Plugins/Media/WmfMedia/Binaries/Win64/UE4Editor-WmfMediaFactory.dll (API version 3944462).
LogModuleManager: Display: Found up-to-date module file ../../../Engine/Plugins/Media/WmfMedia/Binaries/Win64/UE4Editor-WmfMediaFactory.dll (API version 3944462).
LogModuleManager: Display: Found up-to-date module file ../../../Engine/Plugins/Messaging/TcpMessaging/Binaries/Win64/UE4Editor-TcpMessaging.dll (API version 3944462).
LogModuleManager: Display: Found up-to-date module file ../../../Engine/Plugins/Messaging/UdpMessaging/Binaries/Win64/UE4Editor-UdpMessaging.dll (API version 3944462).
LogModuleManager: Display: Found up-to-date module file ../../../Engine/Plugins/MovieScene/ActorSequence/Binaries/Win64/UE4Editor-ActorSequence.dll (API version 3944462).
LogModuleManager: Display: Found up-to-date module file ../../../Engine/Plugins/MovieScene/LevelSequenceEditor/Binaries/Win64/UE4Editor-LevelSequenceEditor.dll (API version 3944462).
LogModuleManager: Display: Found up-to-date module file ../../../Engine/Plugins/MovieScene/MatineeToLevelSequence/Binaries/Win64/UE4Editor-MatineeToLevelSequence.dll (API version 3944462).
LogModuleManager: Display: Found up-to-date module file ../../../Engine/Plugins/NetcodeUnitTest/NetcodeUnitTest/Binaries/Win64/UE4Editor-NetcodeUnitTest.dll (API version 3944462).
LogModuleManager: Display: Found up-to-date module file ../../../Engine/Plugins/NetcodeUnitTest/NUTUnrealEngine4/Binaries/Win64/UE4Editor-NUTUnrealEngine4.dll (API version 3944462).
LogModuleManager: Display: Found up-to-date module file ../../../Engine/Plugins/Online/OnlineSubsystem/Binaries/Win64/UE4Editor-OnlineSubsystem.dll (API version 3944462).
LogModuleManager: Display: Found up-to-date module file ../../../Engine/Plugins/Runtime/AndroidPermission/Binaries/Win64/UE4Editor-AndroidPermission.dll (API version 3944462).
LogModuleManager: Display: Found up-to-date module file ../../../Engine/Plugins/Online/OnlineSubsystemNull/Binaries/Win64/UE4Editor-OnlineSubsystemNull.dll (API version 3944462).
LogModuleManager: Display: Found up-to-date module file ../../../Engine/Plugins/Online/OnlineSubsystemUtils/Binaries/Win64/UE4Editor-OnlineSubsystemUtils.dll (API version 3944462).
LogModuleManager: Display: Found up-to-date module file ../../../Engine/Plugins/Online/OnlineSubsystemUtils/Binaries/Win64/UE4Editor-OnlineBlueprintSupport.dll (API version 3944462).
LogModuleManager: Display: Found up-to-date module file ../../../Engine/Plugins/Runtime/AndroidDeviceProfileSelector/Binaries/Win64/UE4Editor-AndroidDeviceProfileSelector.dll (API version 3944462).
LogModuleManager: Display: Found up-to-date module file ../../../Engine/Plugins/Runtime/AppleARKit/Binaries/Win64/UE4Editor-AppleARKit.dll (API version 3944462).
LogModuleManager: Display: Found up-to-date module file ../../../Engine/Plugins/Runtime/ProceduralMeshComponent/Binaries/Win64/UE4Editor-ProceduralMeshComponent.dll (API version 3944462).
LogModuleManager: Display: Found up-to-date module file ../../../Engine/Plugins/Runtime/ProceduralMeshComponent/Binaries/Win64/UE4Editor-ProceduralMeshComponentEditor.dll (API version 3944462).
LogModuleManager: Display: Found up-to-date module file ../../../Engine/Plugins/Animation/LiveLink/Binaries/Win64/UE4Editor-LiveLink.dll (API version 3944462).
LogModuleManager: Display: Found up-to-date module file ../../../Engine/Plugins/Animation/LiveLink/Binaries/Win64/UE4Editor-LiveLinkEditor.dll (API version 3944462).
LogModuleManager: Display: Found up-to-date module file ../../../Engine/Plugins/Runtime/ArchVisCharacter/Binaries/Win64/UE4Editor-ArchVisCharacter.dll (API version 3944462).
LogModuleManager: Display: Found up-to-date module file ../../../Engine/Plugins/Runtime/AudioCapture/Binaries/Win64/UE4Editor-AudioCapture.dll (API version 3944462).
LogModuleManager: Display: Found up-to-date module file ../../../Engine/Plugins/Runtime/AudioCapture/Binaries/Win64/UE4Editor-AudioCaptureEditor.dll (API version 3944462).
LogModuleManager: Display: Found up-to-date module file ../../../Engine/Plugins/Runtime/CableComponent/Binaries/Win64/UE4Editor-CableComponent.dll (API version 3944462).
LogModuleManager: Display: Found up-to-date module file ../../../Engine/Plugins/Runtime/CustomMeshComponent/Binaries/Win64/UE4Editor-CustomMeshComponent.dll (API version 3944462).
LogModuleManager: Display: Found up-to-date module file ../../../Engine/Plugins/Runtime/ExampleDeviceProfileSelector/Binaries/Win64/UE4Editor-ExampleDeviceProfileSelector.dll (API version 3944462).
LogModuleManager: Display: Found up-to-date module file ../../../Engine/Plugins/Runtime/ImmediatePhysics/Binaries/Win64/UE4Editor-ImmediatePhysics.dll (API version 3944462).
LogModuleManager: Display: Found up-to-date module file ../../../Engine/Plugins/Runtime/ImmediatePhysics/Binaries/Win64/UE4Editor-ImmediatePhysicsEditor.dll (API version 3944462).
LogModuleManager: Display: Found up-to-date module file ../../../Engine/Plugins/Runtime/LocationServicesBPLibrary/Binaries/Win64/UE4Editor-LocationServicesBPLibrary.dll (API version 3944462).
LogModuleManager: Display: Found up-to-date module file ../../../Engine/Plugins/Runtime/MobilePatchingUtils/Binaries/Win64/UE4Editor-MobilePatchingUtils.dll (API version 3944462).
LogModuleManager: Display: Found up-to-date module file ../../../Engine/Plugins/Runtime/Oculus/OculusVR/Binaries/Win64/UE4Editor-OculusHMD.dll (API version 3944462).
LogModuleManager: Display: Found up-to-date module file ../../../Engine/Plugins/Runtime/Oculus/OculusVR/Binaries/Win64/UE4Editor-OculusInput.dll (API version 3944462).
LogModuleManager: Display: Found up-to-date module file ../../../Engine/Plugins/Runtime/Oculus/OculusVR/Binaries/Win64/UE4Editor-OculusEditor.dll (API version 3944462).
LogModuleManager: Display: Found up-to-date module file ../../../Engine/Plugins/Runtime/PhysXVehicles/Binaries/Win64/UE4Editor-PhysXVehicles.dll (API version 3944462).
LogModuleManager: Display: Found up-to-date module file ../../../Engine/Plugins/Runtime/PhysXVehicles/Binaries/Win64/UE4Editor-PhysXVehiclesEditor.dll (API version 3944462).
LogModuleManager: Display: Found up-to-date module file ../../../Engine/Plugins/Runtime/RuntimePhysXCooking/Binaries/Win64/UE4Editor-RuntimePhysXCooking.dll (API version 3944462).
LogModuleManager: Display: Found up-to-date module file ../../../Engine/Plugins/Runtime/Steam/SteamVR/Binaries/Win64/UE4Editor-SteamVR.dll (API version 3944462).
LogModuleManager: Display: Found up-to-date module file ../../../Engine/Plugins/Runtime/Steam/SteamVR/Binaries/Win64/UE4Editor-SteamVRController.dll (API version 3944462).
LogModuleManager: Display: Found up-to-date module file ../../../Engine/Plugins/Runtime/WindowsMoviePlayer/Binaries/Win64/UE4Editor-WindowsMoviePlayer.dll (API version 3944462).
LogPluginManager: Mounting plugin Paper2D
LogPluginManager: Mounting plugin LiveLink
LogPluginManager: Mounting plugin LightPropagationVolume
LogPluginManager: Mounting plugin CLionSourceCodeAccess
LogPluginManager: Mounting plugin CodeLiteSourceCodeAccess
LogPluginManager: Mounting plugin GitSourceControl
LogPluginManager: Mounting plugin KDevelopSourceCodeAccess
LogPluginManager: Mounting plugin NullSourceCodeAccess
LogPluginManager: Mounting plugin PerforceSourceControl
LogPluginManager: Mounting plugin SubversionSourceControl
LogPluginManager: Mounting plugin UObjectPlugin
LogPluginManager: Mounting plugin VisualStudioCodeSourceCodeAccess
LogPluginManager: Mounting plugin VisualStudioSourceCodeAccess
LogPluginManager: Mounting plugin XCodeSourceCodeAccess
LogPluginManager: Mounting plugin AssetManagerEditor
LogPluginManager: Mounting plugin CryptoKeys
LogPluginManager: Mounting plugin DataValidation
LogPluginManager: Mounting plugin FacialAnimation
LogPluginManager: Mounting plugin GameplayTagsEditor
LogPluginManager: Mounting plugin MobileLauncherProfileWizard
LogPluginManager: Mounting plugin PluginBrowser
LogPluginManager: Mounting plugin SpeedTreeImporter
LogPluginManager: Mounting plugin DatasmithContent
LogPluginManager: Mounting plugin AlembicImporter
LogPluginManager: Mounting plugin CharacterAI
LogPluginManager: Mounting plugin HTML5Networking
LogPluginManager: Mounting plugin AndroidMedia
LogPluginManager: Mounting plugin AvfMedia
LogPluginManager: Mounting plugin ImgMedia
LogPluginManager: Mounting plugin LinearTimecode
LogPluginManager: Mounting plugin MediaCompositing
LogPluginManager: Mounting plugin MediaPlayerEditor
LogPluginManager: Mounting plugin WmfMedia
LogPluginManager: Mounting plugin TcpMessaging
LogPluginManager: Mounting plugin UdpMessaging
LogPluginManager: Mounting plugin ActorSequence
LogPluginManager: Mounting plugin LevelSequenceEditor
LogPluginManager: Mounting plugin MatineeToLevelSequence
LogPluginManager: Mounting plugin NetcodeUnitTest
LogPluginManager: Mounting plugin NUTUnrealEngine4
LogPluginManager: Mounting plugin OnlineSubsystemGooglePlay
LogPluginManager: Mounting plugin OnlineSubsystemIOS
LogPluginManager: Mounting plugin OnlineSubsystem
LogPluginManager: Mounting plugin OnlineSubsystemNull
LogPluginManager: Mounting plugin OnlineSubsystemUtils
LogPluginManager: Mounting plugin AndroidDeviceProfileSelector
LogPluginManager: Mounting plugin AndroidMoviePlayer
LogPluginManager: Mounting plugin AndroidPermission
LogPluginManager: Mounting plugin AppleARKit
LogPluginManager: Mounting plugin AppleMoviePlayer
LogPluginManager: Mounting plugin ArchVisCharacter
LogPluginManager: Mounting plugin AudioCapture
LogPluginManager: Mounting plugin CableComponent
LogPluginManager: Mounting plugin CustomMeshComponent
LogPluginManager: Mounting plugin ExampleDeviceProfileSelector
LogPluginManager: Mounting plugin GoogleCloudMessaging
LogPluginManager: Mounting plugin ImmediatePhysics
LogPluginManager: Mounting plugin IOSDeviceProfileSelector
LogPluginManager: Mounting plugin LinuxDeviceProfileSelector
LogPluginManager: Mounting plugin LocationServicesBPLibrary
LogPluginManager: Mounting plugin MobilePatchingUtils
LogPluginManager: Mounting plugin OculusVR
LogPluginManager: Plugin shader directory ../../../Engine/Plugins/Runtime/Oculus/OculusVR/Shaders found
LogPluginManager: Mapping shader source directory ../../../Engine/Plugins/Runtime/Oculus/OculusVR/Shaders to virtual directory /Plugin/OculusVR
LogPluginManager: Mounting plugin PhysXVehicles
LogPluginManager: Mounting plugin ProceduralMeshComponent
LogPluginManager: Mounting plugin RuntimePhysXCooking
LogPluginManager: Mounting plugin SteamVR
LogPluginManager: Mounting plugin WindowsMoviePlayer
LogStreaming: Display: Took  4.136s to configure plugins.
LogInit: Using libcurl 7.47.1
LogInit:  - built for x86_64-pc-win32
LogInit:  - supports SSL with OpenSSL/1.0.2g
LogInit:  - supports HTTP deflate (compression) using libz 1.2.8
LogInit:  - other features:
LogInit:      CURL_VERSION_SSL
LogInit:      CURL_VERSION_LIBZ
LogInit:      CURL_VERSION_IPV6
LogInit:      CURL_VERSION_ASYNCHDNS
LogInit:      CURL_VERSION_LARGEFILE
LogInit:      CURL_VERSION_IDN
LogInit:  CurlRequestOptions (configurable via config and command line):
LogInit:  - bVerifyPeer = false  - Libcurl will NOT verify peer certificate
LogInit:  - bUseHttpProxy = false  - Libcurl will NOT use HTTP proxy
LogInit:  - bDontReuseConnections = false  - Libcurl will reuse connections
LogInit:  - CertBundlePath = nullptr  - Libcurl will use whatever was configured at build time.
LogInit:  - MaxHostConnections = 16  - Libcurl will limit the number of connections to a host
LogInit:  - LocalHostAddr = Default
LogInit: WinSock: version 1.1 (2.2), MaxSocks=32767, MaxUdp=65467
LogInit: WinSock: I am DESKTOP-BHO469L (192.168.1.2:0)
LogInit: Build: ++UE4+Release-4.19-CL-4033788
LogInit: Engine Version: 4.19.2-4033788+++UE4+Release-4.19
LogInit: Compatible Engine Version: 4.19.0-3944462+++UE4+Release-4.19
LogInit: Net CL: 3944462
LogDevObjectVersion: Number of dev versions registered: 18
LogDevObjectVersion:   Dev-Blueprints (B0D832E4-1F89-4F0D-ACCF-7EB736FD4AA2): 10
LogDevObjectVersion:   Dev-Build (E1C64328-A22C-4D53-A36C-8E866417BD8C): 0
LogDevObjectVersion:   Dev-Core (375EC13C-06E4-48FB-B500-84F0262A717E): 2
LogDevObjectVersion:   Dev-Editor (E4B068ED-F494-42E9-A231-DA0B2E46BB41): 23
LogDevObjectVersion:   Dev-Framework (CFFC743F-43B0-4480-9391-14DF171D2073): 33
LogDevObjectVersion:   Dev-Mobile (B02B49B5-BB20-44E9-A304-32B752E40360): 2
LogDevObjectVersion:   Dev-Networking (A4E4105C-59A1-49B5-A7C5-40C4547EDFEE): 0
LogDevObjectVersion:   Dev-Online (39C831C9-5AE6-47DC-9A44-9C173E1C8E7C): 0
LogDevObjectVersion:   Dev-Physics (78F01B33-EBEA-4F98-B9B4-84EACCB95AA2): 0
LogDevObjectVersion:   Dev-Platform (6631380F-2D4D-43E0-8009-CF276956A95A): 0
LogDevObjectVersion:   Dev-Rendering (12F88B9F-8875-4AFC-A67C-D90C383ABD29): 25
LogDevObjectVersion:   Dev-Sequencer (7B5AE74C-D270-4C10-A958-57980B212A5A): 6
LogDevObjectVersion:   Dev-VR (D7296918-1DD6-4BDD-9DE2-64A83CC13884): 1
LogDevObjectVersion:   Dev-LoadTimes (C2A15278-BFE7-4AFE-6C17-90FF531DF755): 1
LogDevObjectVersion:   Private-Geometry (6EACA3D4-40EC-4CC1-B786-8BED09428FC5): 2
LogDevObjectVersion:   Dev-AnimPhys (29E575DD-E0A3-4627-9D10-D276232CDCEA): 16
LogDevObjectVersion:   Dev-ReflectionCapture (6B266CEC-1EC7-4B8F-A30B-E4D90942FC07): 1
LogDevObjectVersion:   Dev-Automation (0DF73D61-A23F-47EA-B727-89E90C41499A): 1
LogInit: Compiled (64-bit): Apr 27 2018 02:06:57
LogInit: Compiled with Visual C++: 19.00.24215.01
LogInit: Build Configuration: Development
LogInit: Branch Name: ++UE4+Release-4.19
LogInit: Command Line:  /Game/ThirdPersonBP/Maps/ThirdPersonExampleMap -game -PIEVIACONSOLE -ResX=1280 -ResY=720  -Multiprocess -messaging -SessionName="Play in Standalone Game" -windowed 
LogInit: Base Directory: C:/Program Files/Epic Games/UE_4.19/Engine/Binaries/Win64/
LogInit: Installed Engine Build: 1
LogStreaming: Display: Took  0.002s to delete old logs.
LogInit: Presizing for max 8388607 objects, including 0 objects not considered by GC, pre-allocating 0 bytes for permanent pool.
LogInit: Object subsystem initialized
[2018.06.14-17.56.54:811][  0]LogInit: Selected Device Profile: [Windows]
[2018.06.14-17.56.54:811][  0]LogInit: Applying CVar settings loaded from the selected device profile: [Windows]
[2018.06.14-17.56.54:826][  0]LogInit: Computer: DESKTOP-BHO469L
[2018.06.14-17.56.54:826][  0]LogInit: User: LAW
[2018.06.14-17.56.54:826][  0]LogInit: CPU Page size=4096, Cores=3
[2018.06.14-17.56.54:826][  0]LogInit: High frequency timer resolution =3.236976 MHz
[2018.06.14-17.56.54:827][  0]LogMemory: Memory total: Physical=16.0GB (16GB approx)
[2018.06.14-17.56.54:827][  0]LogMemory: Platform Memory Stats for Windows
[2018.06.14-17.56.54:827][  0]LogMemory: Process Physical Memory: 273.40 MB used, 273.40 MB peak
[2018.06.14-17.56.54:827][  0]LogMemory: Process Virtual Memory: 270.23 MB used, 270.23 MB peak
[2018.06.14-17.56.54:827][  0]LogMemory: Physical Memory: 7539.97 MB used,  8841.58 MB free, 16381.55 MB total
[2018.06.14-17.56.54:827][  0]LogMemory: Virtual Memory: 4788.77 MB used,  8841.58 MB free, 134217728.00 MB total
[2018.06.14-17.56.54:889][  0]LogInit: Using OS detected language (en-US).
[2018.06.14-17.56.54:889][  0]LogInit: Using OS detected locale (en-US).
[2018.06.14-17.56.54:889][  0]LogTextLocalizationManager: No localization for 'en-US' exists, so 'en' will be used for the language.
[2018.06.14-17.56.54:889][  0]LogTextLocalizationManager: No localization for 'en-US' exists, so 'en' will be used for the locale.
[2018.06.14-17.56.56:317][  0]LogStreaming: Display: Took  1.429s to EndInitTextLocalization.
[2018.06.14-17.56.56:375][  0]LogSlate: New Slate User Created.  User Index 0, Is Virtual User: 0
[2018.06.14-17.56.56:375][  0]LogSlate: Slate User Registered.  User Index 0, Is Virtual User: 0
[2018.06.14-17.56.56:385][  0]LogD3D11RHI: D3D11 adapters:
[2018.06.14-17.56.56:479][  0]LogD3D11RHI:    0. 'NVIDIA GeForce GTX 580' (Feature Level 11_0)
[2018.06.14-17.56.56:479][  0]LogD3D11RHI:       1488/0/8190 MB DedicatedVideo/DedicatedSystem/SharedSystem, Outputs:2, VendorId:0x10de
[2018.06.14-17.56.56:484][  0]LogD3D11RHI:    1. 'Microsoft Basic Render Driver' (Feature Level 11_0)
[2018.06.14-17.56.56:484][  0]LogD3D11RHI:       0/0/8190 MB DedicatedVideo/DedicatedSystem/SharedSystem, Outputs:0, VendorId:0x1414
[2018.06.14-17.56.56:484][  0]LogD3D11RHI: Chosen D3D11 Adapter: 0
[2018.06.14-17.56.56:500][  0]LogD3D11RHI: Creating new Direct3DDevice
[2018.06.14-17.56.56:500][  0]LogD3D11RHI:     GPU DeviceId: 0x1080 (for the marketing name, search the web for "GPU Device Id")
[2018.06.14-17.56.56:500][  0]LogWindows: EnumDisplayDevices:
[2018.06.14-17.56.56:500][  0]LogWindows:    0. 'NVIDIA GeForce GTX 580' (P:1 D:1)
[2018.06.14-17.56.56:501][  0]LogWindows:    1. 'NVIDIA GeForce GTX 580' (P:0 D:1)
[2018.06.14-17.56.56:501][  0]LogWindows: DebugString: GetVideoDriverDetailsInvalid PrimaryIsNotTheChoosenAdapter GetVideoDriverDetailsInvalid PrimaryIsNotTheChoosenAdapter FoundDriverCount:0 
[2018.06.14-17.56.56:501][  0]LogD3D11RHI:     Adapter Name: NVIDIA GeForce GTX 580
[2018.06.14-17.56.56:501][  0]LogD3D11RHI:   Driver Version: Unknown (internal:Unknown, unified:Unknown)
[2018.06.14-17.56.56:502][  0]LogD3D11RHI:      Driver Date: Unknown
[2018.06.14-17.56.56:502][  0]LogRHI: Texture pool is 1041 MB (70% of 1488 MB)
[2018.06.14-17.56.56:561][  0]LogD3D11RHI: Display: Timestamp queries are currently disabled on this hardware due to instability. Realtime GPU stats will not be available. You can override this behaviour by setting r.NVIDIATimestampWorkaround to 0
[2018.06.14-17.56.56:563][  0]LogD3D11RHI: [Aftermath] Aftermath enabled and primed
[2018.06.14-17.56.56:563][  0]LogD3D11RHI: [Aftermath] Aftermath enabled and primed
[2018.06.14-17.56.56:563][  0]LogD3D11RHI: Async texture creation enabled
[2018.06.14-17.56.56:584][  0]LogD3D11RHI: GPU Timing Frequency: 1000.000000 (Debug: 2 1)
[2018.06.14-17.56.56:591][  0]LogShaderCompilers: Guid format shader working directory is 17 characters bigger than the processId version (E:/_Unreal/EggBoyDevelopment/Intermediate/Shaders/WorkingDirectory/724/).
[2018.06.14-17.56.56:591][  0]LogShaderCompilers: Cleaned the shader compiler working directory 'C:/Users/LAW/AppData/Local/Temp/UnrealShaderWorkingDir/26DAD76F4725BB81D60152B637F73495/'.
[2018.06.14-17.56.57:171][  0]LogTemp: Display: Loaded TP WindowsClientTargetPlatform
[2018.06.14-17.56.57:217][  0]LogTemp: Display: Loaded TP WindowsNoEditorTargetPlatform
[2018.06.14-17.56.57:267][  0]LogTemp: Display: Loaded TP WindowsServerTargetPlatform
[2018.06.14-17.56.57:289][  0]LogTemp: Display: Loaded TP WindowsTargetPlatform
[2018.06.14-17.56.57:289][  0]LogTargetPlatformManager: Display: Building Assets For Windows
[2018.06.14-17.56.57:666][  0]LogXGEController: Cannot use XGE Controller as Incredibuild is not installed on this machine.
[2018.06.14-17.56.57:666][  0]LogShaderCompilers: Cannot use XGE Shader Compiler as Incredibuild is not installed on this machine.
[2018.06.14-17.56.57:667][  0]LogShaderCompilers: Display: Using Local Shader Compiler.
[2018.06.14-17.57.00:075][  0]LogDerivedDataCache: Display: Max Cache Size: 512 MB
[2018.06.14-17.57.00:307][  0]LogDerivedDataCache: Loaded boot cache 0.23s 74MB C:/Users/LAW/AppData/Local/UnrealEngine/4.19/DerivedDataCache/Boot.ddc.
[2018.06.14-17.57.00:307][  0]LogDerivedDataCache: Display: Loaded Boot cache: C:/Users/LAW/AppData/Local/UnrealEngine/4.19/DerivedDataCache/Boot.ddc
[2018.06.14-17.57.00:307][  0]LogDerivedDataCache: FDerivedDataBackendGraph:  Pak pak cache file E:/_Unreal/EggBoyDevelopment/DerivedDataCache/DDC.ddp not found, will not use a pak cache.
[2018.06.14-17.57.00:307][  0]LogDerivedDataCache: Unable to find inner node Pak for hierarchical cache Hierarchy.
[2018.06.14-17.57.00:308][  0]LogDerivedDataCache: FDerivedDataBackendGraph:  CompressedPak pak cache file E:/_Unreal/EggBoyDevelopment/DerivedDataCache/Compressed.ddp not found, will not use a pak cache.
[2018.06.14-17.57.00:308][  0]LogDerivedDataCache: Unable to find inner node CompressedPak for hierarchical cache Hierarchy.
[2018.06.14-17.57.00:351][  0]LogDerivedDataCache: Display: Pak cache opened for reading ../../../Engine/DerivedDataCache/Compressed.ddp.
[2018.06.14-17.57.00:365][  0]LogDerivedDataCache: Using Local data cache path C:/Users/LAW/AppData/Local/UnrealEngine/Common/DerivedDataCache: Writable
[2018.06.14-17.57.00:365][  0]LogDerivedDataCache: Shared data cache path not found in *engine.ini, will not use an Shared cache.
[2018.06.14-17.57.00:365][  0]LogDerivedDataCache: Unable to find inner node Shared for hierarchical cache Hierarchy.
[2018.06.14-17.57.00:406][  0]LogMaterial: Verifying Global Shaders for PCD3D_SM5
[2018.06.14-17.57.00:409][  0]LogSlate: Using Freetype 2.6.0
[2018.06.14-17.57.00:411][  0]LogSlate: SlateFontCache - WITH_FREETYPE: 1, WITH_HARFBUZZ: 1
[2018.06.14-17.57.00:411][  0]LogSlate: SlateFontCache - WITH_FREETYPE: 1, WITH_HARFBUZZ: 1
[2018.06.14-17.57.00:709][  0]LogAssetRegistry: FAssetRegistry took 0.0149 seconds to start up
[2018.06.14-17.57.01:382][  0]LogPackageLocalizationCache: Processed 9 localized package path(s) for 1 prioritized culture(s) in 0.021555 seconds
[2018.06.14-17.57.01:724][  0]LogInit: Selected Device Profile: [Windows]
[2018.06.14-17.57.02:149][  0]LogSimplygon: Simplygon DLL not present - disabling.
[2018.06.14-17.57.02:159][  0]LogMeshReduction: Using SimplygonSwarm for distributed automatic mesh merging
[2018.06.14-17.57.02:159][  0]LogMeshReduction: Using QuadricMeshReduction for automatic static mesh reduction
[2018.06.14-17.57.02:159][  0]LogMeshReduction: No automatic skeletal mesh reduction module available
[2018.06.14-17.57.02:159][  0]LogMeshReduction: No automatic mesh merging module available
[2018.06.14-17.57.02:159][  0]LogMeshMerging: No automatic mesh merging module available
[2018.06.14-17.57.02:243][  0]LogNetVersion: Eggboy , NetCL: 3944462, EngineNetVer: 2, GameNetVer: 0 (Checksum: 227181994)
[2018.06.14-17.57.03:947][  0]LogMoviePlayer: Initializing movie player
[2018.06.14-17.57.04:711][  0]LogTcpMessaging: Initializing TcpMessaging bridge
[2018.06.14-17.57.04:781][  0]LogUdpMessaging: Initializing bridge on interface 0.0.0.0:0 to multicast group 230.0.0.1:6666.
[2018.06.14-17.57.05:441][  0]SourceControl: Source control is disabled
[2018.06.14-17.57.05:442][  0]SourceControl: Source control is disabled
[2018.06.14-17.57.05:507][  0]SourceControl: Source control is disabled
[2018.06.14-17.57.06:595][  0]LogAndroidPermission: UAndroidPermissionCallbackProxy::GetInstance
[2018.06.14-17.57.07:112][  0]LogOcInput: OculusInput pre-init called
[2018.06.14-17.57.07:270][  0]LogUObjectArray: 40124 objects as part of root set at end of initial load.
[2018.06.14-17.57.07:270][  0]LogUObjectAllocator: 8364200 out of 0 bytes used by permanent object pool.
[2018.06.14-17.57.07:270][  0]LogUObjectArray: CloseDisregardForGC: 0/0 objects in disregard for GC pool
[2018.06.14-17.57.07:405][  0]LogEngine: Initializing Engine...
[2018.06.14-17.57.07:410][  0]LogHMD: Failed to initialize OpenVR with code 110
[2018.06.14-17.57.07:425][  0]LogStats: UGameplayTagsManager::ConstructGameplayTagTree: Construct from data asset -  0.000 s
[2018.06.14-17.57.07:425][  0]LogStats: UGameplayTagsManager::ConstructGameplayTagTree: GameplayTagTreeChangedEvent.Broadcast -  0.000 s
[2018.06.14-17.57.07:943][  0]LogInit: XAudio2 using 'Speakers (AudioBox USB)' : 2 channels at 44.1 kHz using 32 bits per sample (channel mask 0x3)
[2018.06.14-17.57.07:982][  0]LogInit: FAudioDevice initialized.
[2018.06.14-17.57.08:046][  0]LogInit: Texture streaming: Enabled
[2018.06.14-17.57.08:400][  0]LogInit: Display: Game Engine Initialized.
[2018.06.14-17.57.08:401][  0]LogGameplayTags: Display: UGameplayTagsManager::DoneAddingNativeTags. DelegateIsBound: 0
[2018.06.14-17.57.08:401][  0]LogStats: UGameplayTagsManager::ConstructGameplayTagTree: Construct from data asset -  0.000 s
[2018.06.14-17.57.08:401][  0]LogStats: UGameplayTagsManager::ConstructGameplayTagTree: GameplayTagTreeChangedEvent.Broadcast -  0.000 s
[2018.06.14-17.57.08:767][  0]LogInit: Display: Starting Game.
[2018.06.14-17.57.08:769][  0]LogNet: Browse: /Game/ThirdPersonBP/Maps/ThirdPersonExampleMap?Name=Player
[2018.06.14-17.57.08:770][  0]LogLoad: LoadMap: /Game/ThirdPersonBP/Maps/ThirdPersonExampleMap?Name=Player
[2018.06.14-17.57.08:832][  0]LogUObjectGlobals: Created PersistentFrame Addr=0x00000245b443b600, Size=296, Default__ThirdPersonCharacter_C Function /Game/ThirdPersonBP/Blueprints/ThirdPersonCharacter.ThirdPersonCharacter_C:ExecuteUbergraph_ThirdPersonCharacter
[2018.06.14-17.57.08:844][  0]LogLinker: Warning: Asset 'E:/_Unreal/EggBoyDevelopment/Content/Norman/Blueprints/Enums/NormanStates.uasset' has been saved with empty engine version. The asset will be loaded but may be incompatible.
[2018.06.14-17.57.08:845][  0]LogUObjectGlobals: Created PersistentFrame Addr=0x00000245b43ff500, Size=240, Default__Norman_AnimBP1_C Function /Game/Norman_AnimBP1.Norman_AnimBP1_C:ExecuteUbergraph_Norman_AnimBP1
[2018.06.14-17.57.08:854][  0]LogUObjectGlobals: Created PersistentFrame Addr=0x00000245b444b100, Size=768, Default__NormanCharacter_C Function /Game/Norman/Blueprints/Character/NormanCharacter.NormanCharacter_C:ExecuteUbergraph_NormanCharacter
[2018.06.14-17.57.08:857][  0]LogLinker: Warning: Asset 'E:/_Unreal/EggBoyDevelopment/Content/Norman/Animations/Character/Norman_AnimBP.uasset' has been saved with empty engine version. The asset will be loaded but may be incompatible.
[2018.06.14-17.57.08:981][  0]LogUObjectGlobals: Created PersistentFrame Addr=0x00000245b4426160, Size=224, Default__Norman_AnimBP_C Function /Game/Norman/Animations/Character/Norman_AnimBP.Norman_AnimBP_C:ExecuteUbergraph_Norman_AnimBP
[2018.06.14-17.57.09:010][  0]LogLinker: Warning: Asset 'E:/_Unreal/EggBoyDevelopment/Content/Norman/Meshes/Accessories/norman_antenna_v1.uasset' has been saved with empty engine version. The asset will be loaded but may be incompatible.
[2018.06.14-17.57.09:012][  0]LogLinker: Warning: Asset 'E:/_Unreal/EggBoyDevelopment/Content/Norman/Materials/Character/Norman_M.uasset' has been saved with empty engine version. The asset will be loaded but may be incompatible.
[2018.06.14-17.57.09:019][  0]LogLinker: Warning: Asset 'E:/_Unreal/EggBoyDevelopment/Content/Norman/Meshes/Accessories/norman_battery_v1.uasset' has been saved with empty engine version. The asset will be loaded but may be incompatible.
[2018.06.14-17.57.09:021][  0]LogLinker: Warning: Asset 'E:/_Unreal/EggBoyDevelopment/Content/Norman/Animations/Weapons/Slingshot/Slingshot_AnimBlueprint.uasset' has been saved with empty engine version. The asset will be loaded but may be incompatible.
[2018.06.14-17.57.09:025][  0]LogLinker: Warning: Asset 'E:/_Unreal/EggBoyDevelopment/Content/Norman/Meshes/Weapons/Slingshot/slingshot_Skeleton.uasset' has been saved with empty engine version. The asset will be loaded but may be incompatible.
[2018.06.14-17.57.09:029][  0]LogUObjectGlobals: Created PersistentFrame Addr=0x00000245b44639c0, Size=40, Default__Slingshot_AnimBlueprint_C Function /Game/Norman/Animations/Weapons/Slingshot/Slingshot_AnimBlueprint.Slingshot_AnimBlueprint_C:ExecuteUbergraph_Slingshot_AnimBlueprint
[2018.06.14-17.57.09:031][  0]LogLinker: Warning: Asset 'E:/_Unreal/EggBoyDevelopment/Content/Norman/Meshes/Accessories/norman_zipper_v1.uasset' has been saved with empty engine version. The asset will be loaded but may be incompatible.
[2018.06.14-17.57.09:033][  0]LogLinker: Warning: Asset 'E:/_Unreal/EggBoyDevelopment/Content/Norman/Animations/Weapons/Slingshot/slingshot_idle.uasset' has been saved with empty engine version. The asset will be loaded but may be incompatible.
[2018.06.14-17.57.09:035][  0]LogLinker: Warning: Asset 'E:/_Unreal/EggBoyDevelopment/Content/Norman/Animations/Weapons/Slingshot/SlingshotShoot_Blendspace.uasset' has been saved with empty engine version. The asset will be loaded but may be incompatible.
[2018.06.14-17.57.09:221][  0]LogLinker: Warning: Asset 'E:/_Unreal/EggBoyDevelopment/Content/Norman/Blueprints/Interfaces/INormanAnimations.uasset' has been saved with empty engine version. The asset will be loaded but may be incompatible.
[2018.06.14-17.57.09:262][  0]LogLinker: Warning: Asset 'E:/_Unreal/EggBoyDevelopment/Content/Norman/Animations/Weapons/Slingshot/slingshot_stretch.uasset' has been saved with empty engine version. The asset will be loaded but may be incompatible.
[2018.06.14-17.57.09:264][  0]LogLinker: Warning: Asset 'E:/_Unreal/EggBoyDevelopment/Content/Norman/Animations/Weapons/Slingshot/slingshot_shoot.uasset' has been saved with empty engine version. The asset will be loaded but may be incompatible.
[2018.06.14-17.57.09:266][  0]LogLinker: Warning: Asset 'E:/_Unreal/EggBoyDevelopment/Content/Norman/Meshes/Weapons/Slingshot/slingshot.uasset' has been saved with empty engine version. The asset will be loaded but may be incompatible.
[2018.06.14-17.57.09:268][  0]LogLinker: Warning: Asset 'E:/_Unreal/EggBoyDevelopment/Content/Norman/Materials/Weapons/Slingshot/Slingshot_M.uasset' has been saved with empty engine version. The asset will be loaded but may be incompatible.
[2018.06.14-17.57.09:274][  0]LogLinker: Warning: Asset 'E:/_Unreal/EggBoyDevelopment/Content/Norman/Animations/Character/norman_carry.uasset' has been saved with empty engine version. The asset will be loaded but may be incompatible.
[2018.06.14-17.57.09:277][  0]LogLinker: Warning: Asset 'E:/_Unreal/EggBoyDevelopment/Content/Norman/Animations/Character/norman_collect.uasset' has been saved with empty engine version. The asset will be loaded but may be incompatible.
[2018.06.14-17.57.09:280][  0]LogLinker: Warning: Asset 'E:/_Unreal/EggBoyDevelopment/Content/Norman/Animations/Character/norman_dance.uasset' has been saved with empty engine version. The asset will be loaded but may be incompatible.
[2018.06.14-17.57.09:282][  0]LogLinker: Warning: Asset 'E:/_Unreal/EggBoyDevelopment/Content/Norman/Animations/Character/norman_death.uasset' has been saved with empty engine version. The asset will be loaded but may be incompatible.
[2018.06.14-17.57.09:286][  0]LogLinker: Warning: Asset 'E:/_Unreal/EggBoyDevelopment/Content/Norman/Animations/Character/norman_pickup.uasset' has been saved with empty engine version. The asset will be loaded but may be incompatible.
[2018.06.14-17.57.09:289][  0]LogLinker: Warning: Asset 'E:/_Unreal/EggBoyDevelopment/Content/Norman/Animations/Character/norman_place.uasset' has been saved with empty engine version. The asset will be loaded but may be incompatible.
[2018.06.14-17.57.09:291][  0]LogLinker: Warning: Asset 'E:/_Unreal/EggBoyDevelopment/Content/Norman/Animations/Character/norman_press.uasset' has been saved with empty engine version. The asset will be loaded but may be incompatible.
[2018.06.14-17.57.09:294][  0]LogLinker: Warning: Asset 'E:/_Unreal/EggBoyDevelopment/Content/Norman/Animations/Character/norman_pull.uasset' has been saved with empty engine version. The asset will be loaded but may be incompatible.
[2018.06.14-17.57.09:296][  0]LogLinker: Warning: Asset 'E:/_Unreal/EggBoyDevelopment/Content/Norman/Animations/Character/norman_push.uasset' has been saved with empty engine version. The asset will be loaded but may be incompatible.
[2018.06.14-17.57.09:298][  0]LogLinker: Warning: Asset 'E:/_Unreal/EggBoyDevelopment/Content/Norman/Animations/Character/norman_put_away.uasset' has been saved with empty engine version. The asset will be loaded but may be incompatible.
[2018.06.14-17.57.09:300][  0]LogLinker: Warning: Asset 'E:/_Unreal/EggBoyDevelopment/Content/Norman/Animations/Character/norman_spawn.uasset' has been saved with empty engine version. The asset will be loaded but may be incompatible.
[2018.06.14-17.57.09:302][  0]LogLinker: Warning: Asset 'E:/_Unreal/EggBoyDevelopment/Content/Norman/Animations/Character/norman_talk.uasset' has been saved with empty engine version. The asset will be loaded but may be incompatible.
[2018.06.14-17.57.09:304][  0]LogLinker: Warning: Asset 'E:/_Unreal/EggBoyDevelopment/Content/Norman/Animations/Character/ThirdPerson_Jump.uasset' has been saved with empty engine version. The asset will be loaded but may be incompatible.
[2018.06.14-17.57.09:306][  0]LogLinker: Warning: Asset 'E:/_Unreal/EggBoyDevelopment/Content/Norman/Animations/Character/ThirdPersonJump_Loop.uasset' has been saved with empty engine version. The asset will be loaded but may be incompatible.
[2018.06.14-17.57.09:311][  0]LogLinker: Warning: Asset 'E:/_Unreal/EggBoyDevelopment/Content/Norman/Animations/Character/ThirdPersonJump_Start.uasset' has been saved with empty engine version. The asset will be loaded but may be incompatible.
[2018.06.14-17.57.09:313][  0]LogLinker: Warning: Asset 'E:/_Unreal/EggBoyDevelopment/Content/Norman/Animations/Character/Blends/Aim/NormanAim_BlendSpace.uasset' has been saved with empty engine version. The asset will be loaded but may be incompatible.
[2018.06.14-17.57.09:315][  0]LogLinker: Warning: Asset 'E:/_Unreal/EggBoyDevelopment/Content/Norman/Animations/Character/Blends/NormanIdleRun_Blendspace.uasset' has been saved with empty engine version. The asset will be loaded but may be incompatible.
[2018.06.14-17.57.09:317][  0]LogLinker: Warning: Asset 'E:/_Unreal/EggBoyDevelopment/Content/Norman/Animations/Character/Blends/NormanTrudge_Blendspace.uasset' has been saved with empty engine version. The asset will be loaded but may be incompatible.
[2018.06.14-17.57.09:319][  0]LogLinker: Warning: Asset 'E:/_Unreal/EggBoyDevelopment/Content/Norman/Animations/Character/Blends/Shoot/NormanShoot_Blendspace.uasset' has been saved with empty engine version. The asset will be loaded but may be incompatible.
[2018.06.14-17.57.09:382][  0]LogLinker: Warning: Asset 'E:/_Unreal/EggBoyDevelopment/Content/Norman/Animations/Character/norman_idle.uasset' has been saved with empty engine version. The asset will be loaded but may be incompatible.
[2018.06.14-17.57.09:384][  0]LogLinker: Warning: Asset 'E:/_Unreal/EggBoyDevelopment/Content/Norman/Animations/Character/norman_walk.uasset' has been saved with empty engine version. The asset will be loaded but may be incompatible.
[2018.06.14-17.57.09:386][  0]LogLinker: Warning: Asset 'E:/_Unreal/EggBoyDevelopment/Content/Norman/Animations/Character/norman_run.uasset' has been saved with empty engine version. The asset will be loaded but may be incompatible.
[2018.06.14-17.57.09:388][  0]LogLinker: Warning: Asset 'E:/_Unreal/EggBoyDevelopment/Content/Norman/Animations/Character/norman_trudge.uasset' has been saved with empty engine version. The asset will be loaded but may be incompatible.
[2018.06.14-17.57.09:398][  0]LogLinker: Warning: Asset 'E:/_Unreal/EggBoyDevelopment/Content/Norman/Animations/Character/Blends/Aim/norman_aim_down_pose.uasset' has been saved with empty engine version. The asset will be loaded but may be incompatible.
[2018.06.14-17.57.09:400][  0]LogLinker: Warning: Asset 'E:/_Unreal/EggBoyDevelopment/Content/Norman/Animations/Character/Blends/Aim/norman_aim_left_pose.uasset' has been saved with empty engine version. The asset will be loaded but may be incompatible.
[2018.06.14-17.57.09:402][  0]LogLinker: Warning: Asset 'E:/_Unreal/EggBoyDevelopment/Content/Norman/Animations/Character/Blends/Aim/norman_aim_leftdown_pose.uasset' has been saved with empty engine version. The asset will be loaded but may be incompatible.
[2018.06.14-17.57.09:404][  0]LogLinker: Warning: Asset 'E:/_Unreal/EggBoyDevelopment/Content/Norman/Animations/Character/Blends/Aim/norman_aim_leftup_pose.uasset' has been saved with empty engine version. The asset will be loaded but may be incompatible.
[2018.06.14-17.57.09:406][  0]LogLinker: Warning: Asset 'E:/_Unreal/EggBoyDevelopment/Content/Norman/Animations/Character/Blends/Aim/norman_aim_pose.uasset' has been saved with empty engine version. The asset will be loaded but may be incompatible.
[2018.06.14-17.57.09:409][  0]LogLinker: Warning: Asset 'E:/_Unreal/EggBoyDevelopment/Content/Norman/Animations/Character/Blends/Aim/norman_aim_right_pose.uasset' has been saved with empty engine version. The asset will be loaded but may be incompatible.
[2018.06.14-17.57.09:411][  0]LogLinker: Warning: Asset 'E:/_Unreal/EggBoyDevelopment/Content/Norman/Animations/Character/Blends/Aim/norman_aim_rightdown_pose.uasset' has been saved with empty engine version. The asset will be loaded but may be incompatible.
[2018.06.14-17.57.09:413][  0]LogLinker: Warning: Asset 'E:/_Unreal/EggBoyDevelopment/Content/Norman/Animations/Character/Blends/Aim/norman_aim_up_pose.uasset' has been saved with empty engine version. The asset will be loaded but may be incompatible.
[2018.06.14-17.57.09:416][  0]LogLinker: Warning: Asset 'E:/_Unreal/EggBoyDevelopment/Content/Norman/Animations/Character/Blends/Aim/norman_aim_rightup_pose.uasset' has been saved with empty engine version. The asset will be loaded but may be incompatible.
[2018.06.14-17.57.09:418][  0]LogLinker: Warning: Asset 'E:/_Unreal/EggBoyDevelopment/Content/Norman/Animations/Character/Blends/Shoot/norman_shooting_base.uasset' has been saved with empty engine version. The asset will be loaded but may be incompatible.
[2018.06.14-17.57.09:421][  0]LogLinker: Warning: Asset 'E:/_Unreal/EggBoyDevelopment/Content/Norman/Animations/Character/Blends/Shoot/norman_shooting_shoot.uasset' has been saved with empty engine version. The asset will be loaded but may be incompatible.
[2018.06.14-17.57.09:423][  0]LogLinker: Warning: Asset 'E:/_Unreal/EggBoyDevelopment/Content/Norman/Animations/Character/Blends/Shoot/norman_shooting_reload.uasset' has been saved with empty engine version. The asset will be loaded but may be incompatible.
[2018.06.14-17.57.09:432][  0]LogLinker: Warning: Asset 'E:/_Unreal/EggBoyDevelopment/Content/Norman/Textures/Character/Faces/norman_blink_face.uasset' has been saved with empty engine version. The asset will be loaded but may be incompatible.
[2018.06.14-17.57.09:433][  0]LogLinker: Warning: Asset 'E:/_Unreal/EggBoyDevelopment/Content/Norman/Textures/Character/Faces/norman_default_face.uasset' has been saved with empty engine version. The asset will be loaded but may be incompatible.
[2018.06.14-17.57.09:435][  0]LogLinker: Warning: Asset 'E:/_Unreal/EggBoyDevelopment/Content/Norman/Textures/Character/Faces/norman_squint_face.uasset' has been saved with empty engine version. The asset will be loaded but may be incompatible.
[2018.06.14-17.57.09:852][  0]LogClass: Warning: Enum '/Game/Norman/Blueprints/Enums/NormanStates.NormanStates' was upgraded to use FText to store its display name data. Please re-save this asset to avoid issues with localization and determinstic cooking.
[2018.06.14-17.57.09:871][  0]LogUObjectGlobals: Destroyed PersistentFrame Addr=0x00000245b4426160, Size=224
[2018.06.14-17.57.09:872][  0]LogUObjectGlobals: Created PersistentFrame Addr=0x00000245b6c55ec0, Size=224, Default__Norman_AnimBP_C Function /Engine/Transient.REINST_Norman_AnimBP_C_0:ExecuteUbergraph_Norman_AnimBP
[2018.06.14-17.57.09:877][  0]LogUObjectGlobals: Destroyed PersistentFrame Addr=0x00000245b43ff500, Size=240
[2018.06.14-17.57.09:877][  0]LogUObjectGlobals: Created PersistentFrame Addr=0x000002459863c100, Size=240, Default__Norman_AnimBP1_C Function /Engine/Transient.REINST_Norman_AnimBP1_C_1:ExecuteUbergraph_Norman_AnimBP1
[2018.06.14-17.57.09:878][  0]LogUObjectGlobals: Destroyed PersistentFrame Addr=0x00000245b44639c0, Size=40
[2018.06.14-17.57.09:878][  0]LogUObjectGlobals: Created PersistentFrame Addr=0x00000245afa8d6e8, Size=40, Default__Slingshot_AnimBlueprint_C Function /Engine/Transient.REINST_Slingshot_AnimBlueprint_C_2:ExecuteUbergraph_Slingshot_AnimBlueprint
[2018.06.14-17.57.09:882][  0]LogUObjectGlobals: Destroyed PersistentFrame Addr=0x00000245b444b100, Size=768
[2018.06.14-17.57.09:882][  0]LogUObjectGlobals: Created PersistentFrame Addr=0x00000245ad1f9000, Size=768, Default__NormanCharacter_C Function /Engine/Transient.REINST_NormanCharacter_C_4:ExecuteUbergraph_NormanCharacter
[2018.06.14-17.57.09:883][  0]LogUObjectGlobals: Destroyed PersistentFrame Addr=0x00000245b443b600, Size=296
[2018.06.14-17.57.09:883][  0]LogUObjectGlobals: Created PersistentFrame Addr=0x00000245a853c180, Size=296, Default__ThirdPersonCharacter_C Function /Engine/Transient.REINST_ThirdPersonCharacter_C_5:ExecuteUbergraph_ThirdPersonCharacter
[2018.06.14-17.57.10:266][  0]LogUObjectGlobals: Created PersistentFrame Addr=0x00000245b74f2f00, Size=232, Default__Norman_AnimBP_C Function /Game/Norman/Animations/Character/Norman_AnimBP.Norman_AnimBP_C:ExecuteUbergraph_Norman_AnimBP
[2018.06.14-17.57.10:283][  0]LogUObjectGlobals: Created PersistentFrame Addr=0x00000245b7484c00, Size=232, Default__Norman_AnimBP1_C Function /Game/Norman_AnimBP1.Norman_AnimBP1_C:ExecuteUbergraph_Norman_AnimBP1
[2018.06.14-17.57.10:287][  0]LogUObjectGlobals: Created PersistentFrame Addr=0x00000245b79561b0, Size=40, Default__Slingshot_AnimBlueprint_C Function /Game/Norman/Animations/Weapons/Slingshot/Slingshot_AnimBlueprint.Slingshot_AnimBlueprint_C:ExecuteUbergraph_Slingshot_AnimBlueprint
[2018.06.14-17.57.10:299][  0]LogUObjectGlobals: Created PersistentFrame Addr=0x00000245b743e500, Size=760, Default__NormanCharacter_C Function /Game/Norman/Blueprints/Character/NormanCharacter.NormanCharacter_C:ExecuteUbergraph_NormanCharacter
[2018.06.14-17.57.10:306][  0]LogUObjectGlobals: Created PersistentFrame Addr=0x00000245b761ec00, Size=296, Default__ThirdPersonCharacter_C Function /Game/ThirdPersonBP/Blueprints/ThirdPersonCharacter.ThirdPersonCharacter_C:ExecuteUbergraph_ThirdPersonCharacter
[2018.06.14-17.57.10:354][  0]LogBlueprint: Warning: [Compiler Norman_AnimBP1] Node  Blendspace Player 'NormanAim_BlendSpace1'  uses potentially thread-unsafe call Get Aim Rot. Disable threaded update or use a thread-safe call. Function may need BlueprintThreadSafe metadata adding.
[2018.06.14-17.57.10:355][  0]LogBlueprint: Warning: [Compiler Norman_AnimBP1] Node  Blendspace Player 'NormanShoot_Blendspace1'  uses potentially thread-unsafe call  Try Get Pawn Owner . Disable threaded update or use a thread-safe call. Function may need BlueprintThreadSafe metadata adding.
[2018.06.14-17.57.10:357][  0]LogBlueprint: Warning: [Compiler Norman_AnimBP] Node  Blendspace Player 'NormanAim_BlendSpace'  uses potentially thread-unsafe call Get Aim Rot. Disable threaded update or use a thread-safe call. Function may need BlueprintThreadSafe metadata adding.
[2018.06.14-17.57.10:358][  0]LogBlueprint: Warning: [Compiler Norman_AnimBP] Node  Blendspace Player 'NormanShoot_Blendspace'  uses potentially thread-unsafe call  Try Get Pawn Owner . Disable threaded update or use a thread-safe call. Function may need BlueprintThreadSafe metadata adding.
[2018.06.14-17.57.10:366][  0]LogBlueprint: Warning: [Compiler Norman_AnimBP] [0023.88] Compile of Norman_AnimBP successful, but with 2 Warning(s) [in 609 ms] (/Game/Norman/Animations/Character/Norman_AnimBP.Norman_AnimBP)
[2018.06.14-17.57.10:366][  0]LogBlueprint: Warning: [Compiler Norman_AnimBP1] [0023.88] Compile of Norman_AnimBP1 successful, but with 2 Warning(s) [in 604 ms] (/Game/Norman_AnimBP1.Norman_AnimBP1)
[2018.06.14-17.57.10:430][  0]LogLinker: Warning: Asset 'E:/_Unreal/EggBoyDevelopment/Content/Norman/Textures/Weapons/Slingshot/slingshot_metallic.uasset' has been saved with empty engine version. The asset will be loaded but may be incompatible.
[2018.06.14-17.57.10:432][  0]LogLinker: Warning: Asset 'E:/_Unreal/EggBoyDevelopment/Content/Norman/Textures/Weapons/Slingshot/slingshot_normal.uasset' has been saved with empty engine version. The asset will be loaded but may be incompatible.
[2018.06.14-17.57.10:434][  0]LogLinker: Warning: Asset 'E:/_Unreal/EggBoyDevelopment/Content/Norman/Textures/Weapons/Slingshot/slingshot_roughness.uasset' has been saved with empty engine version. The asset will be loaded but may be incompatible.
[2018.06.14-17.57.10:436][  0]LogLinker: Warning: Asset 'E:/_Unreal/EggBoyDevelopment/Content/Norman/Textures/Weapons/Slingshot/slingshot_albedo.uasset' has been saved with empty engine version. The asset will be loaded but may be incompatible.
[2018.06.14-17.57.10:438][  0]LogLinker: Warning: Asset 'E:/_Unreal/EggBoyDevelopment/Content/Norman/Meshes/Weapons/Slingshot/slingshot_PhysicsAsset.uasset' has been saved with empty engine version. The asset will be loaded but may be incompatible.
[2018.06.14-17.57.10:451][  0]LogLinker: Warning: Asset 'E:/_Unreal/EggBoyDevelopment/Content/Norman/Meshes/Accessories/norman_zipper_v1_Skeleton.uasset' has been saved with empty engine version. The asset will be loaded but may be incompatible.
[2018.06.14-17.57.10:453][  0]LogLinker: Warning: Asset 'E:/_Unreal/EggBoyDevelopment/Content/Norman/Meshes/Accessories/norman_battery_v1_Skeleton.uasset' has been saved with empty engine version. The asset will be loaded but may be incompatible.
[2018.06.14-17.57.10:458][  0]LogLinker: Warning: Asset 'E:/_Unreal/EggBoyDevelopment/Content/Norman/Textures/Character/rough.uasset' has been saved with empty engine version. The asset will be loaded but may be incompatible.
[2018.06.14-17.57.10:461][  0]LogLinker: Warning: Asset 'E:/_Unreal/EggBoyDevelopment/Content/Norman/Textures/Character/albedo.uasset' has been saved with empty engine version. The asset will be loaded but may be incompatible.
[2018.06.14-17.57.10:464][  0]LogLinker: Warning: Asset 'E:/_Unreal/EggBoyDevelopment/Content/Norman/Textures/Character/emissive.uasset' has been saved with empty engine version. The asset will be loaded but may be incompatible.
[2018.06.14-17.57.10:466][  0]LogLinker: Warning: Asset 'E:/_Unreal/EggBoyDevelopment/Content/Norman/Textures/Character/metal.uasset' has been saved with empty engine version. The asset will be loaded but may be incompatible.
[2018.06.14-17.57.10:468][  0]LogLinker: Warning: Asset 'E:/_Unreal/EggBoyDevelopment/Content/Norman/Textures/Character/normal.uasset' has been saved with empty engine version. The asset will be loaded but may be incompatible.
[2018.06.14-17.57.10:471][  0]LogLinker: Warning: Asset 'E:/_Unreal/EggBoyDevelopment/Content/Norman/Textures/Character/NoiseFace.uasset' has been saved with empty engine version. The asset will be loaded but may be incompatible.
[2018.06.14-17.57.10:488][  0]LogLinker: Warning: Asset 'E:/_Unreal/EggBoyDevelopment/Content/Norman/Meshes/Accessories/norman_antenna_v1_Skeleton.uasset' has been saved with empty engine version. The asset will be loaded but may be incompatible.
[2018.06.14-17.57.10:605][  0]LogSkeletalMesh: Skeletal Mesh found in DDC [0.819901ms] /Game/Norman/Meshes/Weapons/Slingshot/slingshot.slingshot
[2018.06.14-17.57.10:647][  0]LogSkeletalMesh: Skeletal Mesh found in DDC [0.553603ms] /Game/Norman/Meshes/Accessories/norman_zipper_v1.norman_zipper_v1
[2018.06.14-17.57.10:650][  0]LogSkeletalMesh: Skeletal Mesh found in DDC [0.552367ms] /Game/Norman/Meshes/Accessories/norman_battery_v1.norman_battery_v1
[2018.06.14-17.57.10:695][  0]LogSkeletalMesh: Skeletal Mesh found in DDC [0.788081ms] /Game/Norman/Meshes/Accessories/norman_antenna_v1.norman_antenna_v1
[2018.06.14-17.57.10:706][  0]LogSkeletalMesh: Skeletal Mesh found in DDC [0.776960ms] /Game/EggboyRaw/Sitting.Sitting
[2018.06.14-17.57.10:737][  0]LogMaterial: Missing cached shader map for material Material_003, compiling. 
[2018.06.14-17.57.10:880][  0]LogShaderCompilers: Display: Shaders left to compile 60
[2018.06.14-17.57.10:880][  0]LogShaderCompilers: Display: Shaders left to compile 50
[2018.06.14-17.57.10:880][  0]LogShaderCompilers: Display: Shaders left to compile 40
[2018.06.14-17.57.10:880][  0]LogMaterial: Missing cached shader map for material Material_002, compiling. 
[2018.06.14-17.57.10:943][  0]LogMaterial: Missing cached shader map for material Material_001, compiling. 
[2018.06.14-17.57.11:075][  0]LogAIModule: Creating AISystem for world ThirdPersonExampleMap
[2018.06.14-17.57.11:085][  0]LogLoad: Game class is 'ThirdPersonGameMode_C'
[2018.06.14-17.57.11:099][  0]LogWorld: Bringing World /Game/ThirdPersonBP/Maps/ThirdPersonExampleMap.ThirdPersonExampleMap up for play (max tick rate 0) at 2018.06.14-10.57.11
[2018.06.14-17.57.11:104][  0]LogWorld: Bringing up level for play took: 0.016800
[2018.06.14-17.57.11:131][  0]LogLoad: Took 2.361333 seconds to LoadMap(/Game/ThirdPersonBP/Maps/ThirdPersonExampleMap)
[2018.06.14-17.57.11:253][  0]LogLoad: (Engine Initialization) Total time: 24.77 seconds
[2018.06.14-17.57.11:253][  0]LogLoad: (Engine Initialization) Total Blueprint compile time: 0.00 seconds
[2018.06.14-17.57.11:434][  0]LogRenderer: Reallocating scene render targets to support 1280x720 Format 10 NumSamples 1 (Frame:1).
[2018.06.14-17.57.11:562][  0]LogWindowsTextInputMethodSystem: Display: IME system now deactivated.
[2018.06.14-17.57.11:578][  0]LogContentStreaming: Texture pool size now 1000 MB
[2018.06.14-17.57.19:825][ 33]LogShaderCompilers: Display: Shaders left to compile 150
[2018.06.14-17.57.26:366][ 42]LogShaderCompilers: Display: Shaders left to compile 140
[2018.06.14-17.57.26:784][ 48]LogShaderCompilers: Display: Shaders left to compile 130
[2018.06.14-17.57.30:676][ 60]LogShaderCompilers: Display: Shaders left to compile 120
[2018.06.14-17.57.34:534][ 65]LogShaderCompilers: Display: Shaders left to compile 110
[2018.06.14-17.57.38:641][ 68]LogShaderCompilers: Display: Shaders left to compile 100
[2018.06.14-17.57.44:353][ 74]LogShaderCompilers: Display: Shaders left to compile 90
[2018.06.14-17.57.44:353][ 74]LogShaderCompilers: Display: Shaders left to compile 80
[2018.06.14-17.57.45:949][ 78]LogShaderCompilers: Display: Shaders left to compile 70
[2018.06.14-17.57.48:707][ 80]LogShaderCompilers: Display: Shaders left to compile 60
[2018.06.14-17.57.51:290][135]LogShaderCompilers: Display: Shaders left to compile 50
[2018.06.14-17.57.51:905][155]LogShaderCompilers: Display: Shaders left to compile 40
[2018.06.14-17.57.56:092][342]LogShaderCompilers: Display: Shaders left to compile 30
[2018.06.14-17.57.56:688][379]LogShaderCompilers: Display: Shaders left to compile 20
[2018.06.14-17.58.00:337][605]LogShaderCompilers: Display: Shaders left to compile 10
[2018.06.14-17.58.12:698][364]LogUObjectGlobals: Destroyed PersistentFrame Addr=0x00000245a853c180, Size=296
[2018.06.14-17.58.12:698][364]LogUObjectGlobals: Destroyed PersistentFrame Addr=0x000002459863c100, Size=240
[2018.06.14-17.58.12:698][364]LogUObjectGlobals: Destroyed PersistentFrame Addr=0x00000245ad1f9000, Size=768
[2018.06.14-17.58.12:699][364]LogUObjectGlobals: Destroyed PersistentFrame Addr=0x00000245b6c55ec0, Size=224
[2018.06.14-17.58.12:699][364]LogUObjectGlobals: Destroyed PersistentFrame Addr=0x00000245afa8d6e8, Size=40
[2018.06.14-18.01.57:942][295]LogSlate: Window 'Eggboy (64-bit, PCD3D_SM5) ' being destroyed
[2018.06.14-18.01.57:943][295]LogWindowsTextInputMethodSystem: Display: IME system now deactivated.
[2018.06.14-18.01.57:963][295]LogEngine: All Windows Closed
[2018.06.14-18.01.57:963][295]LogWindows: FPlatformMisc::RequestExit(0)
[2018.06.14-18.01.58:655][296]LogSlate: Slate User Destroyed.  User Index 0, Is Virtual User: 0
[2018.06.14-18.01.58:655][296]LogExit: Preparing to exit.
[2018.06.14-18.01.58:656][296]LogMoviePlayer: Shutting down movie player
[2018.06.14-18.01.59:091][296]LogExit: Game engine shut down
[2018.06.14-18.01.59:112][296]LogUObjectGlobals: Destroyed PersistentFrame Addr=0x00000245b74f2f00, Size=232
[2018.06.14-18.01.59:112][296]LogUObjectGlobals: Destroyed PersistentFrame Addr=0x00000245b7484c00, Size=232
[2018.06.14-18.01.59:112][296]LogUObjectGlobals: Destroyed PersistentFrame Addr=0x00000245b79561b0, Size=40
[2018.06.14-18.01.59:112][296]LogUObjectGlobals: Destroyed PersistentFrame Addr=0x00000245b743e500, Size=760
[2018.06.14-18.01.59:112][296]LogUObjectGlobals: Destroyed PersistentFrame Addr=0x00000245b761ec00, Size=296
[2018.06.14-18.01.59:231][296]LogExit: Object subsystem successfully closed.
[2018.06.14-18.01.59:248][296]LogShaderCompilers: Display: Shaders left to compile 0
[2018.06.14-18.01.59:254][296]LogD3D11RHI: Shutdown
[2018.06.14-18.01.59:254][296]LogD3D11RHI: CleanupD3DDevice
[2018.06.14-18.01.59:257][296]LogD3D11RHI: ~FD3D11DynamicRHI
[2018.06.14-18.01.59:294][296]LogModuleManager: Shutting down and abandoning module SequenceRecorderSections (332)
[2018.06.14-18.01.59:294][296]LogModuleManager: Shutting down and abandoning module SequenceRecorder (330)
[2018.06.14-18.01.59:294][296]LogModuleManager: Shutting down and abandoning module AutomationController (328)
[2018.06.14-18.01.59:295][296]LogModuleManager: Shutting down and abandoning module AutomationWorker (326)
[2018.06.14-18.01.59:295][296]LogModuleManager: Shutting down and abandoning module AIModule (324)
[2018.06.14-18.01.59:295][296]LogModuleManager: Shutting down and abandoning module GameplayDebugger (323)
[2018.06.14-18.01.59:304][296]LogModuleManager: Shutting down and abandoning module AITestSuite (321)
[2018.06.14-18.01.59:304][296]LogModuleManager: Shutting down and abandoning module WmfMediaFactory (318)
[2018.06.14-18.01.59:304][296]LogModuleManager: Shutting down and abandoning module OpenExrWrapper (316)
[2018.06.14-18.01.59:304][296]LogModuleManager: Shutting down and abandoning module ImgMediaFactory (314)
[2018.06.14-18.01.59:304][296]LogModuleManager: Shutting down and abandoning module AvfMediaFactory (312)
[2018.06.14-18.01.59:304][296]LogModuleManager: Shutting down and abandoning module CharacterAI (310)
[2018.06.14-18.01.59:304][296]LogModuleManager: Shutting down and abandoning module SessionServices (308)
[2018.06.14-18.01.59:304][296]LogModuleManager: Shutting down and abandoning module MovieSceneCapture (306)
[2018.06.14-18.01.59:305][296]LogModuleManager: Shutting down and abandoning module MovieSceneTracks (304)
[2018.06.14-18.01.59:305][296]LogModuleManager: Shutting down and abandoning module MovieScene (302)
[2018.06.14-18.01.59:305][296]LogModuleManager: Shutting down and abandoning module GeometryCache (300)
[2018.06.14-18.01.59:305][296]LogModuleManager: Shutting down and abandoning module GeometryCacheEd (299)
[2018.06.14-18.01.59:305][296]LogModuleManager: Shutting down and abandoning module StreamingPauseRendering (296)
[2018.06.14-18.01.59:305][296]LogModuleManager: Shutting down and abandoning module PortalServices (294)
[2018.06.14-18.01.59:305][296]LogModuleManager: Shutting down and abandoning module PortalRpc (292)
[2018.06.14-18.01.59:305][296]LogModuleManager: Shutting down and abandoning module MessagingRpc (290)
[2018.06.14-18.01.59:305][296]LogModuleManager: Shutting down and abandoning module ProfilerService (288)
[2018.06.14-18.01.59:440][296]LogModuleManager: Shutting down and abandoning module TaskGraph (286)
[2018.06.14-18.01.59:441][296]LogModuleManager: Shutting down and abandoning module SteamVRController (284)
[2018.06.14-18.01.59:441][296]LogModuleManager: Shutting down and abandoning module ProceduralMeshComponent (282)
[2018.06.14-18.01.59:441][296]LogModuleManager: Shutting down and abandoning module OculusInput (280)
[2018.06.14-18.01.59:441][296]LogModuleManager: Shutting down and abandoning module MobilePatchingUtils (278)
[2018.06.14-18.01.59:441][296]LogModuleManager: Shutting down and abandoning module CustomMeshComponent (276)
[2018.06.14-18.01.59:441][296]LogModuleManager: Shutting down and abandoning module CableComponent (274)
[2018.06.14-18.01.59:441][296]LogModuleManager: Shutting down and abandoning module AudioCapture (272)
[2018.06.14-18.01.59:441][296]LogModuleManager: Shutting down and abandoning module ArchVisCharacter (270)
[2018.06.14-18.01.59:441][296]LogModuleManager: Shutting down and abandoning module AndroidPermission (268)
[2018.06.14-18.01.59:441][296]LogModuleManager: Shutting down and abandoning module NUTUnrealEngine4 (264)
[2018.06.14-18.01.59:441][296]LogModuleManager: Shutting down and abandoning module NetcodeUnitTest (262)
[2018.06.14-18.01.59:441][296]LogModuleManager: Shutting down and abandoning module MediaCompositing (260)
[2018.06.14-18.01.59:441][296]LogModuleManager: Shutting down and abandoning module LinearTimecode (258)
[2018.06.14-18.01.59:441][296]LogModuleManager: Shutting down and abandoning module ImgMedia (256)
[2018.06.14-18.01.59:446][296]LogModuleManager: Shutting down and abandoning module HTML5Networking (254)
[2018.06.14-18.01.59:446][296]LogModuleManager: Shutting down and abandoning module DatasmithContent (252)
[2018.06.14-18.01.59:446][296]LogModuleManager: Shutting down and abandoning module CryptoKeysOpenSSL (250)
[2018.06.14-18.01.59:446][296]LogModuleManager: Shutting down and abandoning module CryptoKeys (248)
[2018.06.14-18.01.59:446][296]LogModuleManager: Shutting down and abandoning module VisualStudioSourceCodeAccess (246)
[2018.06.14-18.01.59:446][296]LogModuleManager: Shutting down and abandoning module HotReload (245)
[2018.06.14-18.01.59:447][296]LogModuleManager: Shutting down and abandoning module DirectoryWatcher (244)
[2018.06.14-18.01.59:447][296]LogModuleManager: Shutting down and abandoning module VisualStudioCodeSourceCodeAccess (240)
[2018.06.14-18.01.59:447][296]LogModuleManager: Shutting down and abandoning module UObjectPlugin (238)
[2018.06.14-18.01.59:447][296]LogModuleManager: Shutting down and abandoning module SubversionSourceControl (236)
[2018.06.14-18.01.59:447][296]LogModuleManager: Shutting down and abandoning module PerforceSourceControl (234)
[2018.06.14-18.01.59:447][296]LogModuleManager: Shutting down and abandoning module SourceControl (233)
[2018.06.14-18.01.59:447][296]LogModuleManager: Shutting down and abandoning module CLionSourceCodeAccess (230)
[2018.06.14-18.01.59:447][296]LogModuleManager: Shutting down and abandoning module RuntimePhysXCooking (228)
[2018.06.14-18.01.59:447][296]LogModuleManager: Shutting down and abandoning module PhysXVehiclesEditor (226)
[2018.06.14-18.01.59:447][296]LogModuleManager: Shutting down and abandoning module PhysXVehicles (224)
[2018.06.14-18.01.59:447][296]LogModuleManager: Shutting down and abandoning module LocationServicesBPLibrary (222)
[2018.06.14-18.01.59:447][296]LogModuleManager: Shutting down and abandoning module ImmediatePhysicsEditor (220)
[2018.06.14-18.01.59:448][296]LogModuleManager: Shutting down and abandoning module ImmediatePhysics (218)
[2018.06.14-18.01.59:448][296]LogModuleManager: Shutting down and abandoning module ActorSequence (216)
[2018.06.14-18.01.59:448][296]LogModuleManager: Shutting down and abandoning module UdpMessaging (214)
[2018.06.14-18.01.59:549][296]LogModuleManager: Shutting down and abandoning module TcpMessaging (212)
[2018.06.14-18.01.59:959][296]LogModuleManager: Shutting down and abandoning module GameplayTagsEditor (210)
[2018.06.14-18.01.59:959][296]LogModuleManager: Shutting down and abandoning module FacialAnimation (208)
[2018.06.14-18.01.59:959][296]LogModuleManager: Shutting down and abandoning module DataValidation (206)
[2018.06.14-18.01.59:959][296]LogModuleManager: Shutting down and abandoning module AssetManagerEditor (204)
[2018.06.14-18.01.59:959][296]LogModuleManager: Shutting down and abandoning module TreeMap (203)
[2018.06.14-18.01.59:959][296]LogModuleManager: Shutting down and abandoning module LightPropagationVolumeRuntime (200)
[2018.06.14-18.01.59:959][296]LogModuleManager: Shutting down and abandoning module LiveLink (198)
[2018.06.14-18.02.00:582][296]LogModuleManager: Shutting down and abandoning module Paper2D (196)
[2018.06.14-18.02.00:583][296]LogModuleManager: Shutting down and abandoning module PIEPreviewDeviceProfileSelector (194)
[2018.06.14-18.02.00:583][296]LogModuleManager: Shutting down and abandoning module WindowsMoviePlayer (192)
[2018.06.14-18.02.00:583][296]LogModuleManager: Shutting down and abandoning module WmfMedia (190)
[2018.06.14-18.02.00:584][296]LogModuleManager: Shutting down and abandoning module Media (189)
[2018.06.14-18.02.00:591][296]LogModuleManager: Shutting down and abandoning module PacketHandler (186)
[2018.06.14-18.02.00:591][296]LogModuleManager: Shutting down and abandoning module ClothingSystemEditor (184)
[2018.06.14-18.02.00:591][296]LogModuleManager: Shutting down and abandoning module ClothingSystemRuntime (182)
[2018.06.14-18.02.00:592][296]LogModuleManager: Shutting down and abandoning module MediaAssets (180)
[2018.06.14-18.02.00:592][296]LogModuleManager: Shutting down and abandoning module Overlay (178)
[2018.06.14-18.02.00:592][296]LogModuleManager: Shutting down and abandoning module OverlayEditor (177)
[2018.06.14-18.02.00:592][296]LogModuleManager: Shutting down and abandoning module VREditor (174)
[2018.06.14-18.02.00:592][296]LogModuleManager: Shutting down and abandoning module StringTableEditor (172)
[2018.06.14-18.02.00:592][296]LogModuleManager: Shutting down and abandoning module GameplayTasksEditor (170)
[2018.06.14-18.02.00:592][296]LogModuleManager: Shutting down and abandoning module BehaviorTreeEditor (168)
[2018.06.14-18.02.00:592][296]LogModuleManager: Shutting down and abandoning module FunctionalTesting (166)
[2018.06.14-18.02.00:592][296]LogModuleManager: Shutting down and abandoning module CollisionAnalyzer (164)
[2018.06.14-18.02.00:592][296]LogModuleManager: Shutting down and abandoning module WorkspaceMenuStructure (163)
[2018.06.14-18.02.00:592][296]LogModuleManager: Shutting down and abandoning module UMG (160)
[2018.06.14-18.02.00:592][296]LogModuleManager: Shutting down and abandoning module UMGEditor (159)
[2018.06.14-18.02.00:592][296]LogModuleManager: Shutting down and abandoning module Sequencer (158)
[2018.06.14-18.02.00:592][296]LogModuleManager: Shutting down and abandoning module MessageLog (155)
[2018.06.14-18.02.00:602][296]LogModuleManager: Shutting down and abandoning module SlateReflector (150)
[2018.06.14-18.02.00:602][296]LogModuleManager: Shutting down and abandoning module Slate (148)
[2018.06.14-18.02.00:602][296]LogModuleManager: Shutting down and abandoning module EditorStyle (146)
[2018.06.14-18.02.00:605][296]LogModuleManager: Shutting down and abandoning module MRMesh (144)
[2018.06.14-18.02.00:605][296]LogModuleManager: Shutting down and abandoning module Messaging (142)
[2018.06.14-18.02.00:605][296]LogModuleManager: Shutting down and abandoning module SourceCodeAccess (140)
[2018.06.14-18.02.00:605][296]LogModuleManager: Shutting down and abandoning module HeadMountedDisplay (138)
[2018.06.14-18.02.00:605][296]LogModuleManager: Shutting down and abandoning module XAudio2 (136)
[2018.06.14-18.02.00:605][296]LogModuleManager: Shutting down and abandoning module Networking (134)
[2018.06.14-18.02.00:605][296]LogModuleManager: Shutting down and abandoning module Core (132)
[2018.06.14-18.02.00:605][296]LogModuleManager: Shutting down and abandoning module LevelSequence (130)
[2018.06.14-18.02.00:605][296]LogModuleManager: Shutting down and abandoning module KismetCompiler (128)
[2018.06.14-18.02.00:605][296]LogModuleManager: Shutting down and abandoning module MeshUtilities (126)
[2018.06.14-18.02.00:606][296]LogModuleManager: Shutting down and abandoning module MeshMergeUtilities (125)
[2018.06.14-18.02.00:606][296]LogModuleManager: Shutting down and abandoning module MeshReductionInterface (124)
[2018.06.14-18.02.00:606][296]LogModuleManager: Shutting down and abandoning module SimplygonSwarm (123)
[2018.06.14-18.02.00:606][296]LogModuleManager: Shutting down and abandoning module SimplygonMeshReduction (121)
[2018.06.14-18.02.00:606][296]LogModuleManager: Shutting down and abandoning module QuadricMeshReduction (119)
[2018.06.14-18.02.00:606][296]LogModuleManager: Shutting down and abandoning module MaterialBaking (115)
[2018.06.14-18.02.00:606][296]LogModuleManager: Shutting down and abandoning module DerivedDataCache (110)
[2018.06.14-18.02.00:655][296]LogDerivedDataCache: Shutdown
[2018.06.14-18.02.00:655][296]LogModuleManager: Shutting down and abandoning module XGEController (108)
[2018.06.14-18.02.00:656][296]LogModuleManager: Shutting down and abandoning module TargetPlatform (106)
[2018.06.14-18.02.00:656][296]LogModuleManager: Shutting down and abandoning module VulkanShaderFormat (105)
[2018.06.14-18.02.00:656][296]LogModuleManager: Shutting down and abandoning module ShaderFormatVectorVM (103)
[2018.06.14-18.02.00:656][296]LogModuleManager: Shutting down and abandoning module ShaderFormatOpenGL (101)
[2018.06.14-18.02.00:656][296]LogModuleManager: Shutting down and abandoning module ShaderFormatD3D (99)
[2018.06.14-18.02.00:656][296]LogModuleManager: Shutting down and abandoning module MetalShaderFormat (97)
[2018.06.14-18.02.00:656][296]LogModuleManager: Shutting down and abandoning module TextureFormatUncompressed (95)
[2018.06.14-18.02.00:656][296]LogModuleManager: Shutting down and abandoning module TextureFormatPVR (93)
[2018.06.14-18.02.00:656][296]LogModuleManager: Shutting down and abandoning module TextureFormatDXT (91)
[2018.06.14-18.02.00:656][296]LogModuleManager: Shutting down and abandoning module TextureFormatIntelISPCTexComp (89)
[2018.06.14-18.02.00:656][296]LogModuleManager: Shutting down and abandoning module TextureFormatASTC (87)
[2018.06.14-18.02.00:656][296]LogModuleManager: Shutting down and abandoning module ImageWrapper (86)
[2018.06.14-18.02.00:656][296]LogModuleManager: Shutting down and abandoning module TextureFormatAndroid (83)
[2018.06.14-18.02.00:656][296]LogModuleManager: Shutting down and abandoning module AudioFormatOpus (81)
[2018.06.14-18.02.00:657][296]LogModuleManager: Shutting down and abandoning module AudioFormatOgg (79)
[2018.06.14-18.02.00:657][296]LogModuleManager: Shutting down and abandoning module AudioFormatADPCM (77)
[2018.06.14-18.02.00:657][296]LogModuleManager: Shutting down and abandoning module WindowsTargetPlatform (75)
[2018.06.14-18.02.00:657][296]LogModuleManager: Shutting down and abandoning module WindowsServerTargetPlatform (73)
[2018.06.14-18.02.00:657][296]LogModuleManager: Shutting down and abandoning module WindowsNoEditorTargetPlatform (71)
[2018.06.14-18.02.00:657][296]LogModuleManager: Shutting down and abandoning module WindowsClientTargetPlatform (69)
[2018.06.14-18.02.00:657][296]LogModuleManager: Shutting down and abandoning module InputCore (66)
[2018.06.14-18.02.00:657][296]LogModuleManager: Shutting down and abandoning module Settings (64)
[2018.06.14-18.02.00:657][296]LogModuleManager: Shutting down and abandoning module PhysXCooking (62)
[2018.06.14-18.02.00:657][296]LogModuleManager: Shutting down and abandoning module SteamVR (60)
[2018.06.14-18.02.00:657][296]LogModuleManager: Shutting down and abandoning module OculusHMD (58)
[2018.06.14-18.02.00:657][296]LogModuleManager: Shutting down and abandoning module ExampleDeviceProfileSelector (56)
[2018.06.14-18.02.00:657][296]LogModuleManager: Shutting down and abandoning module AppleARKit (54)
[2018.06.14-18.02.00:658][296]LogModuleManager: Shutting down and abandoning module AugmentedReality (51)
[2018.06.14-18.02.00:658][296]LogModuleManager: Shutting down and abandoning module OnlineBlueprintSupport (48)
[2018.06.14-18.02.00:658][296]LogModuleManager: Shutting down and abandoning module OnlineSubsystem (44)
[2018.06.14-18.02.00:658][296]LogModuleManager: Shutting down and abandoning module XMPP (43)
[2018.06.14-18.02.00:658][296]LogModuleManager: Shutting down and abandoning module HTTP (41)
[2018.06.14-18.02.00:673][296]LogModuleManager: Shutting down and abandoning module SSL (40)
[2018.06.14-18.02.00:676][296]LogModuleManager: Shutting down and abandoning module AnimationModifiers (36)
[2018.06.14-18.02.00:677][296]LogModuleManager: Shutting down and abandoning module PropertyEditor (35)
[2018.06.14-18.02.00:677][296]LogModuleManager: Shutting down and abandoning module AudioEditor (32)
[2018.06.14-18.02.00:677][296]LogModuleManager: Shutting down and abandoning module TextureCompressor (30)
[2018.06.14-18.02.00:677][296]LogModuleManager: Shutting down and abandoning module ShaderCore (28)
[2018.06.14-18.02.00:677][296]LogModuleManager: Shutting down and abandoning module Landscape (26)
[2018.06.14-18.02.00:677][296]LogModuleManager: Shutting down and abandoning module SlateRHIRenderer (24)
[2018.06.14-18.02.00:678][296]LogModuleManager: Shutting down and abandoning module OpenGLDrv (22)
[2018.06.14-18.02.00:678][296]LogModuleManager: Shutting down and abandoning module D3D11RHI (20)
[2018.06.14-18.02.00:678][296]LogModuleManager: Shutting down and abandoning module AnimGraphRuntime (18)
[2018.06.14-18.02.00:678][296]LogModuleManager: Shutting down and abandoning module Renderer (16)
[2018.06.14-18.02.00:678][296]LogModuleManager: Shutting down and abandoning module Engine (14)
[2018.06.14-18.02.00:678][296]LogModuleManager: Shutting down and abandoning module CoreUObject (12)
[2018.06.14-18.02.00:678][296]LogModuleManager: Shutting down and abandoning module NetworkFile (10)
[2018.06.14-18.02.00:679][296]LogModuleManager: Shutting down and abandoning module CookedIterativeFile (8)
[2018.06.14-18.02.00:679][296]LogModuleManager: Shutting down and abandoning module StreamingFile (6)
[2018.06.14-18.02.00:679][296]LogModuleManager: Shutting down and abandoning module SandboxFile (4)
[2018.06.14-18.02.00:679][296]LogModuleManager: Shutting down and abandoning module PakFile (2)
[2018.06.14-18.02.00:687][296]LogExit: Exiting.
[2018.06.14-18.02.00:690][296]Log file closed, 06/14/18 11:02:00
