Log file open, 06/14/18 14:51:26
LogWindows: Failed to load 'aqProf.dll' (GetLastError=126)
LogWindows: File 'aqProf.dll' does not exist
LogWindows: Failed to load 'VtuneApi.dll' (GetLastError=126)
LogWindows: File 'VtuneApi.dll' does not exist
LogWindows: Failed to load 'VtuneApi32e.dll' (GetLastError=126)
LogWindows: File 'VtuneApi32e.dll' does not exist
LogInit: Display: Running engine for game: Eggboy
LogPlatformFile: Not using cached read wrapper
LogInit: Display: RandInit(-736940385) SRandInit(-736940384).
LogInit: Read version file with build ID '3944462'
LogInit: Overriding engine version to CL 4033788, compatible CL 3944462
LogInit: Registered custom module enumerator with build ID '3944462'
LogTaskGraph: Started task graph with 5 named threads and 17 total threads with 3 sets of task threads.
LogStats: Stats thread started at 0.358954
LogD3D11RHI: Aftermath initialized
LogICUInternationalization: Display: ICU TimeZone Detection - Raw Offset: -8:00, Platform Override: ''
LogModuleManager: Display: Found up-to-date module file ../../../Engine/Plugins/2D/Paper2D/Binaries/Win64/UE4Editor-Paper2D.dll (API version 3944462).
LogModuleManager: Display: Found up-to-date module file ../../../Engine/Plugins/2D/Paper2D/Binaries/Win64/UE4Editor-Paper2DEditor.dll (API version 3944462).
LogModuleManager: Display: Found up-to-date module file ../../../Engine/Plugins/2D/Paper2D/Binaries/Win64/UE4Editor-PaperSpriteSheetImporter.dll (API version 3944462).
LogModuleManager: Display: Found up-to-date module file ../../../Engine/Plugins/2D/Paper2D/Binaries/Win64/UE4Editor-PaperTiledImporter.dll (API version 3944462).
LogModuleManager: Display: Found up-to-date module file ../../../Engine/Plugins/2D/Paper2D/Binaries/Win64/UE4Editor-SmartSnapping.dll (API version 3944462).
LogModuleManager: Display: Found up-to-date module file ../../../Engine/Plugins/Blendables/LightPropagationVolume/Binaries/Win64/UE4Editor-LightPropagationVolumeRuntime.dll (API version 3944462).
LogModuleManager: Display: Found up-to-date module file ../../../Engine/Plugins/Blendables/LightPropagationVolume/Binaries/Win64/UE4Editor-LightPropagationVolumeEditor.dll (API version 3944462).
LogModuleManager: Display: Found up-to-date module file ../../../Engine/Plugins/Developer/CLionSourceCodeAccess/Binaries/Win64/UE4Editor-CLionSourceCodeAccess.dll (API version 3944462).
LogModuleManager: Display: Found up-to-date module file ../../../Engine/Plugins/Developer/GitSourceControl/Binaries/Win64/UE4Editor-GitSourceControl.dll (API version 3944462).
LogModuleManager: Display: Found up-to-date module file ../../../Engine/Plugins/Developer/PerforceSourceControl/Binaries/Win64/UE4Editor-PerforceSourceControl.dll (API version 3944462).
LogModuleManager: Display: Found up-to-date module file ../../../Engine/Plugins/Developer/SubversionSourceControl/Binaries/Win64/UE4Editor-SubversionSourceControl.dll (API version 3944462).
LogModuleManager: Display: Found up-to-date module file ../../../Engine/Plugins/Developer/UObjectPlugin/Binaries/Win64/UE4Editor-UObjectPlugin.dll (API version 3944462).
LogModuleManager: Display: Found up-to-date module file ../../../Engine/Plugins/Developer/VisualStudioCodeSourceCodeAccess/Binaries/Win64/UE4Editor-VisualStudioCodeSourceCodeAccess.dll (API version 3944462).
LogModuleManager: Display: Found up-to-date module file ../../../Engine/Plugins/Developer/VisualStudioSourceCodeAccess/Binaries/Win64/UE4Editor-VisualStudioSourceCodeAccess.dll (API version 3944462).
LogModuleManager: Display: Found up-to-date module file ../../../Engine/Plugins/Editor/AssetManagerEditor/Binaries/Win64/UE4Editor-AssetManagerEditor.dll (API version 3944462).
LogModuleManager: Display: Found up-to-date module file ../../../Engine/Plugins/Editor/CryptoKeys/Binaries/Win64/UE4Editor-CryptoKeys.dll (API version 3944462).
LogModuleManager: Display: Found up-to-date module file ../../../Engine/Plugins/Editor/CryptoKeys/Binaries/Win64/UE4Editor-CryptoKeysOpenSSL.dll (API version 3944462).
LogModuleManager: Display: Found up-to-date module file ../../../Engine/Plugins/Editor/DataValidation/Binaries/Win64/UE4Editor-DataValidation.dll (API version 3944462).
LogModuleManager: Display: Found up-to-date module file ../../../Engine/Plugins/Editor/FacialAnimation/Binaries/Win64/UE4Editor-FacialAnimation.dll (API version 3944462).
LogModuleManager: Display: Found up-to-date module file ../../../Engine/Plugins/Editor/FacialAnimation/Binaries/Win64/UE4Editor-FacialAnimationEditor.dll (API version 3944462).
LogModuleManager: Display: Found up-to-date module file ../../../Engine/Plugins/Editor/GameplayTagsEditor/Binaries/Win64/UE4Editor-GameplayTagsEditor.dll (API version 3944462).
LogModuleManager: Display: Found up-to-date module file ../../../Engine/Plugins/Editor/MobileLauncherProfileWizard/Binaries/Win64/UE4Editor-MobileLauncherProfileWizard.dll (API version 3944462).
LogModuleManager: Display: Found up-to-date module file ../../../Engine/Plugins/Editor/PluginBrowser/Binaries/Win64/UE4Editor-PluginBrowser.dll (API version 3944462).
LogModuleManager: Display: Found up-to-date module file ../../../Engine/Plugins/Editor/SpeedTreeImporter/Binaries/Win64/UE4Editor-SpeedTreeImporter.dll (API version 3944462).
LogModuleManager: Display: Found up-to-date module file ../../../Engine/Plugins/Enterprise/DatasmithContent/Binaries/Win64/UE4Editor-DatasmithContent.dll (API version 3944462).
LogModuleManager: Display: Found up-to-date module file ../../../Engine/Plugins/Experimental/AlembicImporter/Binaries/Win64/UE4Editor-AlembicImporter.dll (API version 3944462).
LogModuleManager: Display: Found up-to-date module file ../../../Engine/Plugins/Experimental/AlembicImporter/Binaries/Win64/UE4Editor-AlembicLibrary.dll (API version 3944462).
LogModuleManager: Display: Found up-to-date module file ../../../Engine/Plugins/Experimental/CharacterAI/Binaries/Win64/UE4Editor-CharacterAI.dll (API version 3944462).
LogModuleManager: Display: Found up-to-date module file ../../../Engine/Plugins/Experimental/HTML5Networking/Binaries/Win64/UE4Editor-HTML5Networking.dll (API version 3944462).
LogModuleManager: Display: Found up-to-date module file ../../../Engine/Plugins/Media/AndroidMedia/Binaries/Win64/UE4Editor-AndroidMediaEditor.dll (API version 3944462).
LogModuleManager: Display: Found up-to-date module file ../../../Engine/Plugins/Media/AndroidMedia/Binaries/Win64/UE4Editor-AndroidMediaFactory.dll (API version 3944462).
LogModuleManager: Display: Found up-to-date module file ../../../Engine/Plugins/Media/AvfMedia/Binaries/Win64/UE4Editor-AvfMediaEditor.dll (API version 3944462).
LogModuleManager: Display: Found up-to-date module file ../../../Engine/Plugins/Media/AvfMedia/Binaries/Win64/UE4Editor-AvfMediaFactory.dll (API version 3944462).
LogModuleManager: Display: Found up-to-date module file ../../../Engine/Plugins/Media/AvfMedia/Binaries/Win64/UE4Editor-AvfMediaFactory.dll (API version 3944462).
LogModuleManager: Display: Found up-to-date module file ../../../Engine/Plugins/Media/ImgMedia/Binaries/Win64/UE4Editor-ImgMedia.dll (API version 3944462).
LogModuleManager: Display: Found up-to-date module file ../../../Engine/Plugins/Media/ImgMedia/Binaries/Win64/UE4Editor-ImgMediaEditor.dll (API version 3944462).
LogModuleManager: Display: Found up-to-date module file ../../../Engine/Plugins/Media/ImgMedia/Binaries/Win64/UE4Editor-ImgMediaFactory.dll (API version 3944462).
LogModuleManager: Display: Found up-to-date module file ../../../Engine/Plugins/Media/ImgMedia/Binaries/Win64/UE4Editor-ImgMediaFactory.dll (API version 3944462).
LogModuleManager: Display: Found up-to-date module file ../../../Engine/Plugins/Media/ImgMedia/Binaries/Win64/UE4Editor-OpenExrWrapper.dll (API version 3944462).
LogModuleManager: Display: Found up-to-date module file ../../../Engine/Plugins/Media/LinearTimecode/Binaries/Win64/UE4Editor-LinearTimecode.dll (API version 3944462).
LogModuleManager: Display: Found up-to-date module file ../../../Engine/Plugins/Media/MediaCompositing/Binaries/Win64/UE4Editor-MediaCompositing.dll (API version 3944462).
LogModuleManager: Display: Found up-to-date module file ../../../Engine/Plugins/Media/MediaCompositing/Binaries/Win64/UE4Editor-MediaCompositingEditor.dll (API version 3944462).
LogModuleManager: Display: Found up-to-date module file ../../../Engine/Plugins/Media/MediaPlayerEditor/Binaries/Win64/UE4Editor-MediaPlayerEditor.dll (API version 3944462).
LogModuleManager: Display: Found up-to-date module file ../../../Engine/Plugins/Media/WmfMedia/Binaries/Win64/UE4Editor-WmfMedia.dll (API version 3944462).
LogModuleManager: Display: Found up-to-date module file ../../../Engine/Plugins/Media/WmfMedia/Binaries/Win64/UE4Editor-WmfMediaEditor.dll (API version 3944462).
LogModuleManager: Display: Found up-to-date module file ../../../Engine/Plugins/Media/WmfMedia/Binaries/Win64/UE4Editor-WmfMediaFactory.dll (API version 3944462).
LogModuleManager: Display: Found up-to-date module file ../../../Engine/Plugins/Media/WmfMedia/Binaries/Win64/UE4Editor-WmfMediaFactory.dll (API version 3944462).
LogModuleManager: Display: Found up-to-date module file ../../../Engine/Plugins/Messaging/TcpMessaging/Binaries/Win64/UE4Editor-TcpMessaging.dll (API version 3944462).
LogModuleManager: Display: Found up-to-date module file ../../../Engine/Plugins/Messaging/UdpMessaging/Binaries/Win64/UE4Editor-UdpMessaging.dll (API version 3944462).
LogModuleManager: Display: Found up-to-date module file ../../../Engine/Plugins/MovieScene/ActorSequence/Binaries/Win64/UE4Editor-ActorSequence.dll (API version 3944462).
LogModuleManager: Display: Found up-to-date module file ../../../Engine/Plugins/MovieScene/LevelSequenceEditor/Binaries/Win64/UE4Editor-LevelSequenceEditor.dll (API version 3944462).
LogModuleManager: Display: Found up-to-date module file ../../../Engine/Plugins/MovieScene/MatineeToLevelSequence/Binaries/Win64/UE4Editor-MatineeToLevelSequence.dll (API version 3944462).
LogModuleManager: Display: Found up-to-date module file ../../../Engine/Plugins/NetcodeUnitTest/NetcodeUnitTest/Binaries/Win64/UE4Editor-NetcodeUnitTest.dll (API version 3944462).
LogModuleManager: Display: Found up-to-date module file ../../../Engine/Plugins/NetcodeUnitTest/NUTUnrealEngine4/Binaries/Win64/UE4Editor-NUTUnrealEngine4.dll (API version 3944462).
LogModuleManager: Display: Found up-to-date module file ../../../Engine/Plugins/Online/OnlineSubsystem/Binaries/Win64/UE4Editor-OnlineSubsystem.dll (API version 3944462).
LogModuleManager: Display: Found up-to-date module file ../../../Engine/Plugins/Runtime/AndroidPermission/Binaries/Win64/UE4Editor-AndroidPermission.dll (API version 3944462).
LogModuleManager: Display: Found up-to-date module file ../../../Engine/Plugins/Online/OnlineSubsystemNull/Binaries/Win64/UE4Editor-OnlineSubsystemNull.dll (API version 3944462).
LogModuleManager: Display: Found up-to-date module file ../../../Engine/Plugins/Online/OnlineSubsystemUtils/Binaries/Win64/UE4Editor-OnlineSubsystemUtils.dll (API version 3944462).
LogModuleManager: Display: Found up-to-date module file ../../../Engine/Plugins/Online/OnlineSubsystemUtils/Binaries/Win64/UE4Editor-OnlineBlueprintSupport.dll (API version 3944462).
LogModuleManager: Display: Found up-to-date module file ../../../Engine/Plugins/Runtime/AndroidDeviceProfileSelector/Binaries/Win64/UE4Editor-AndroidDeviceProfileSelector.dll (API version 3944462).
LogModuleManager: Display: Found up-to-date module file ../../../Engine/Plugins/Runtime/AppleARKit/Binaries/Win64/UE4Editor-AppleARKit.dll (API version 3944462).
LogModuleManager: Display: Found up-to-date module file ../../../Engine/Plugins/Runtime/ProceduralMeshComponent/Binaries/Win64/UE4Editor-ProceduralMeshComponent.dll (API version 3944462).
LogModuleManager: Display: Found up-to-date module file ../../../Engine/Plugins/Runtime/ProceduralMeshComponent/Binaries/Win64/UE4Editor-ProceduralMeshComponentEditor.dll (API version 3944462).
LogModuleManager: Display: Found up-to-date module file ../../../Engine/Plugins/Animation/LiveLink/Binaries/Win64/UE4Editor-LiveLink.dll (API version 3944462).
LogModuleManager: Display: Found up-to-date module file ../../../Engine/Plugins/Animation/LiveLink/Binaries/Win64/UE4Editor-LiveLinkEditor.dll (API version 3944462).
LogModuleManager: Display: Found up-to-date module file ../../../Engine/Plugins/Runtime/ArchVisCharacter/Binaries/Win64/UE4Editor-ArchVisCharacter.dll (API version 3944462).
LogModuleManager: Display: Found up-to-date module file ../../../Engine/Plugins/Runtime/AudioCapture/Binaries/Win64/UE4Editor-AudioCapture.dll (API version 3944462).
LogModuleManager: Display: Found up-to-date module file ../../../Engine/Plugins/Runtime/AudioCapture/Binaries/Win64/UE4Editor-AudioCaptureEditor.dll (API version 3944462).
LogModuleManager: Display: Found up-to-date module file ../../../Engine/Plugins/Runtime/CableComponent/Binaries/Win64/UE4Editor-CableComponent.dll (API version 3944462).
LogModuleManager: Display: Found up-to-date module file ../../../Engine/Plugins/Runtime/CustomMeshComponent/Binaries/Win64/UE4Editor-CustomMeshComponent.dll (API version 3944462).
LogModuleManager: Display: Found up-to-date module file ../../../Engine/Plugins/Runtime/ExampleDeviceProfileSelector/Binaries/Win64/UE4Editor-ExampleDeviceProfileSelector.dll (API version 3944462).
LogModuleManager: Display: Found up-to-date module file ../../../Engine/Plugins/Runtime/ImmediatePhysics/Binaries/Win64/UE4Editor-ImmediatePhysics.dll (API version 3944462).
LogModuleManager: Display: Found up-to-date module file ../../../Engine/Plugins/Runtime/ImmediatePhysics/Binaries/Win64/UE4Editor-ImmediatePhysicsEditor.dll (API version 3944462).
LogModuleManager: Display: Found up-to-date module file ../../../Engine/Plugins/Runtime/LocationServicesBPLibrary/Binaries/Win64/UE4Editor-LocationServicesBPLibrary.dll (API version 3944462).
LogModuleManager: Display: Found up-to-date module file ../../../Engine/Plugins/Runtime/MobilePatchingUtils/Binaries/Win64/UE4Editor-MobilePatchingUtils.dll (API version 3944462).
LogModuleManager: Display: Found up-to-date module file ../../../Engine/Plugins/Runtime/Oculus/OculusVR/Binaries/Win64/UE4Editor-OculusHMD.dll (API version 3944462).
LogModuleManager: Display: Found up-to-date module file ../../../Engine/Plugins/Runtime/Oculus/OculusVR/Binaries/Win64/UE4Editor-OculusInput.dll (API version 3944462).
LogModuleManager: Display: Found up-to-date module file ../../../Engine/Plugins/Runtime/Oculus/OculusVR/Binaries/Win64/UE4Editor-OculusEditor.dll (API version 3944462).
LogModuleManager: Display: Found up-to-date module file ../../../Engine/Plugins/Runtime/PhysXVehicles/Binaries/Win64/UE4Editor-PhysXVehicles.dll (API version 3944462).
LogModuleManager: Display: Found up-to-date module file ../../../Engine/Plugins/Runtime/PhysXVehicles/Binaries/Win64/UE4Editor-PhysXVehiclesEditor.dll (API version 3944462).
LogModuleManager: Display: Found up-to-date module file ../../../Engine/Plugins/Runtime/RuntimePhysXCooking/Binaries/Win64/UE4Editor-RuntimePhysXCooking.dll (API version 3944462).
LogModuleManager: Display: Found up-to-date module file ../../../Engine/Plugins/Runtime/Steam/SteamVR/Binaries/Win64/UE4Editor-SteamVR.dll (API version 3944462).
LogModuleManager: Display: Found up-to-date module file ../../../Engine/Plugins/Runtime/Steam/SteamVR/Binaries/Win64/UE4Editor-SteamVRController.dll (API version 3944462).
LogModuleManager: Display: Found up-to-date module file ../../../Engine/Plugins/Runtime/WindowsMoviePlayer/Binaries/Win64/UE4Editor-WindowsMoviePlayer.dll (API version 3944462).
LogPluginManager: Mounting plugin Paper2D
LogPluginManager: Mounting plugin LiveLink
LogPluginManager: Mounting plugin LightPropagationVolume
LogPluginManager: Mounting plugin CLionSourceCodeAccess
LogPluginManager: Mounting plugin CodeLiteSourceCodeAccess
LogPluginManager: Mounting plugin GitSourceControl
LogPluginManager: Mounting plugin KDevelopSourceCodeAccess
LogPluginManager: Mounting plugin NullSourceCodeAccess
LogPluginManager: Mounting plugin PerforceSourceControl
LogPluginManager: Mounting plugin SubversionSourceControl
LogPluginManager: Mounting plugin UObjectPlugin
LogPluginManager: Mounting plugin VisualStudioCodeSourceCodeAccess
LogPluginManager: Mounting plugin VisualStudioSourceCodeAccess
LogPluginManager: Mounting plugin XCodeSourceCodeAccess
LogPluginManager: Mounting plugin AssetManagerEditor
LogPluginManager: Mounting plugin CryptoKeys
LogPluginManager: Mounting plugin DataValidation
LogPluginManager: Mounting plugin FacialAnimation
LogPluginManager: Mounting plugin GameplayTagsEditor
LogPluginManager: Mounting plugin MobileLauncherProfileWizard
LogPluginManager: Mounting plugin PluginBrowser
LogPluginManager: Mounting plugin SpeedTreeImporter
LogPluginManager: Mounting plugin DatasmithContent
LogPluginManager: Mounting plugin AlembicImporter
LogPluginManager: Mounting plugin CharacterAI
LogPluginManager: Mounting plugin HTML5Networking
LogPluginManager: Mounting plugin AndroidMedia
LogPluginManager: Mounting plugin AvfMedia
LogPluginManager: Mounting plugin ImgMedia
LogPluginManager: Mounting plugin LinearTimecode
LogPluginManager: Mounting plugin MediaCompositing
LogPluginManager: Mounting plugin MediaPlayerEditor
LogPluginManager: Mounting plugin WmfMedia
LogPluginManager: Mounting plugin TcpMessaging
LogPluginManager: Mounting plugin UdpMessaging
LogPluginManager: Mounting plugin ActorSequence
LogPluginManager: Mounting plugin LevelSequenceEditor
LogPluginManager: Mounting plugin MatineeToLevelSequence
LogPluginManager: Mounting plugin NetcodeUnitTest
LogPluginManager: Mounting plugin NUTUnrealEngine4
LogPluginManager: Mounting plugin OnlineSubsystemGooglePlay
LogPluginManager: Mounting plugin OnlineSubsystemIOS
LogPluginManager: Mounting plugin OnlineSubsystem
LogPluginManager: Mounting plugin OnlineSubsystemNull
LogPluginManager: Mounting plugin OnlineSubsystemUtils
LogPluginManager: Mounting plugin AndroidDeviceProfileSelector
LogPluginManager: Mounting plugin AndroidMoviePlayer
LogPluginManager: Mounting plugin AndroidPermission
LogPluginManager: Mounting plugin AppleARKit
LogPluginManager: Mounting plugin AppleMoviePlayer
LogPluginManager: Mounting plugin ArchVisCharacter
LogPluginManager: Mounting plugin AudioCapture
LogPluginManager: Mounting plugin CableComponent
LogPluginManager: Mounting plugin CustomMeshComponent
LogPluginManager: Mounting plugin ExampleDeviceProfileSelector
LogPluginManager: Mounting plugin GoogleCloudMessaging
LogPluginManager: Mounting plugin ImmediatePhysics
LogPluginManager: Mounting plugin IOSDeviceProfileSelector
LogPluginManager: Mounting plugin LinuxDeviceProfileSelector
LogPluginManager: Mounting plugin LocationServicesBPLibrary
LogPluginManager: Mounting plugin MobilePatchingUtils
LogPluginManager: Mounting plugin OculusVR
LogPluginManager: Plugin shader directory ../../../Engine/Plugins/Runtime/Oculus/OculusVR/Shaders found
LogPluginManager: Mapping shader source directory ../../../Engine/Plugins/Runtime/Oculus/OculusVR/Shaders to virtual directory /Plugin/OculusVR
LogPluginManager: Mounting plugin PhysXVehicles
LogPluginManager: Mounting plugin ProceduralMeshComponent
LogPluginManager: Mounting plugin RuntimePhysXCooking
LogPluginManager: Mounting plugin SteamVR
LogPluginManager: Mounting plugin WindowsMoviePlayer
LogStreaming: Display: Took  3.113s to configure plugins.
LogInit: Using libcurl 7.47.1
LogInit:  - built for x86_64-pc-win32
LogInit:  - supports SSL with OpenSSL/1.0.2g
LogInit:  - supports HTTP deflate (compression) using libz 1.2.8
LogInit:  - other features:
LogInit:      CURL_VERSION_SSL
LogInit:      CURL_VERSION_LIBZ
LogInit:      CURL_VERSION_IPV6
LogInit:      CURL_VERSION_ASYNCHDNS
LogInit:      CURL_VERSION_LARGEFILE
LogInit:      CURL_VERSION_IDN
LogInit:  CurlRequestOptions (configurable via config and command line):
LogInit:  - bVerifyPeer = false  - Libcurl will NOT verify peer certificate
LogInit:  - bUseHttpProxy = false  - Libcurl will NOT use HTTP proxy
LogInit:  - bDontReuseConnections = false  - Libcurl will reuse connections
LogInit:  - CertBundlePath = nullptr  - Libcurl will use whatever was configured at build time.
LogInit:  - MaxHostConnections = 16  - Libcurl will limit the number of connections to a host
LogInit:  - LocalHostAddr = Default
LogInit: WinSock: version 1.1 (2.2), MaxSocks=32767, MaxUdp=65467
LogInit: WinSock: I am DESKTOP-BHO469L (192.168.1.2:0)
LogInit: Build: ++UE4+Release-4.19-CL-4033788
LogInit: Engine Version: 4.19.2-4033788+++UE4+Release-4.19
LogInit: Compatible Engine Version: 4.19.0-3944462+++UE4+Release-4.19
LogInit: Net CL: 3944462
LogDevObjectVersion: Number of dev versions registered: 18
LogDevObjectVersion:   Dev-Blueprints (B0D832E4-1F89-4F0D-ACCF-7EB736FD4AA2): 10
LogDevObjectVersion:   Dev-Build (E1C64328-A22C-4D53-A36C-8E866417BD8C): 0
LogDevObjectVersion:   Dev-Core (375EC13C-06E4-48FB-B500-84F0262A717E): 2
LogDevObjectVersion:   Dev-Editor (E4B068ED-F494-42E9-A231-DA0B2E46BB41): 23
LogDevObjectVersion:   Dev-Framework (CFFC743F-43B0-4480-9391-14DF171D2073): 33
LogDevObjectVersion:   Dev-Mobile (B02B49B5-BB20-44E9-A304-32B752E40360): 2
LogDevObjectVersion:   Dev-Networking (A4E4105C-59A1-49B5-A7C5-40C4547EDFEE): 0
LogDevObjectVersion:   Dev-Online (39C831C9-5AE6-47DC-9A44-9C173E1C8E7C): 0
LogDevObjectVersion:   Dev-Physics (78F01B33-EBEA-4F98-B9B4-84EACCB95AA2): 0
LogDevObjectVersion:   Dev-Platform (6631380F-2D4D-43E0-8009-CF276956A95A): 0
LogDevObjectVersion:   Dev-Rendering (12F88B9F-8875-4AFC-A67C-D90C383ABD29): 25
LogDevObjectVersion:   Dev-Sequencer (7B5AE74C-D270-4C10-A958-57980B212A5A): 6
LogDevObjectVersion:   Dev-VR (D7296918-1DD6-4BDD-9DE2-64A83CC13884): 1
LogDevObjectVersion:   Dev-LoadTimes (C2A15278-BFE7-4AFE-6C17-90FF531DF755): 1
LogDevObjectVersion:   Private-Geometry (6EACA3D4-40EC-4CC1-B786-8BED09428FC5): 2
LogDevObjectVersion:   Dev-AnimPhys (29E575DD-E0A3-4627-9D10-D276232CDCEA): 16
LogDevObjectVersion:   Dev-ReflectionCapture (6B266CEC-1EC7-4B8F-A30B-E4D90942FC07): 1
LogDevObjectVersion:   Dev-Automation (0DF73D61-A23F-47EA-B727-89E90C41499A): 1
LogInit: Compiled (64-bit): Apr 27 2018 02:06:57
LogInit: Compiled with Visual C++: 19.00.24215.01
LogInit: Build Configuration: Development
LogInit: Branch Name: ++UE4+Release-4.19
LogInit: Command Line:  /Game/EggboyRaw/kitchenMockup -game -PIEVIACONSOLE -ResX=1280 -ResY=720  -Multiprocess -messaging -SessionName="Play in Standalone Game" -windowed 
LogInit: Base Directory: C:/Program Files/Epic Games/UE_4.19/Engine/Binaries/Win64/
LogInit: Installed Engine Build: 1
LogStreaming: Display: Took  0.003s to delete old logs.
LogInit: Presizing for max 8388607 objects, including 0 objects not considered by GC, pre-allocating 0 bytes for permanent pool.
LogInit: Object subsystem initialized
[2018.06.14-21.51.30:751][  0]LogInit: Selected Device Profile: [Windows]
[2018.06.14-21.51.30:751][  0]LogInit: Applying CVar settings loaded from the selected device profile: [Windows]
[2018.06.14-21.51.30:763][  0]LogInit: Computer: DESKTOP-BHO469L
[2018.06.14-21.51.30:763][  0]LogInit: User: LAW
[2018.06.14-21.51.30:763][  0]LogInit: CPU Page size=4096, Cores=3
[2018.06.14-21.51.30:763][  0]LogInit: High frequency timer resolution =3.236976 MHz
[2018.06.14-21.51.30:764][  0]LogMemory: Memory total: Physical=16.0GB (16GB approx)
[2018.06.14-21.51.30:764][  0]LogMemory: Platform Memory Stats for Windows
[2018.06.14-21.51.30:764][  0]LogMemory: Process Physical Memory: 273.72 MB used, 273.72 MB peak
[2018.06.14-21.51.30:764][  0]LogMemory: Process Virtual Memory: 270.30 MB used, 270.30 MB peak
[2018.06.14-21.51.30:764][  0]LogMemory: Physical Memory: 7773.92 MB used,  8607.63 MB free, 16381.55 MB total
[2018.06.14-21.51.30:764][  0]LogMemory: Virtual Memory: 4788.77 MB used,  8607.63 MB free, 134217728.00 MB total
[2018.06.14-21.51.30:812][  0]LogInit: Using OS detected language (en-US).
[2018.06.14-21.51.30:812][  0]LogInit: Using OS detected locale (en-US).
[2018.06.14-21.51.30:812][  0]LogTextLocalizationManager: No localization for 'en-US' exists, so 'en' will be used for the language.
[2018.06.14-21.51.30:812][  0]LogTextLocalizationManager: No localization for 'en-US' exists, so 'en' will be used for the locale.
[2018.06.14-21.51.31:892][  0]LogStreaming: Display: Took  1.080s to EndInitTextLocalization.
[2018.06.14-21.51.31:946][  0]LogSlate: New Slate User Created.  User Index 0, Is Virtual User: 0
[2018.06.14-21.51.31:946][  0]LogSlate: Slate User Registered.  User Index 0, Is Virtual User: 0
[2018.06.14-21.51.31:954][  0]LogD3D11RHI: D3D11 adapters:
[2018.06.14-21.51.32:037][  0]LogD3D11RHI:    0. 'NVIDIA GeForce GTX 580' (Feature Level 11_0)
[2018.06.14-21.51.32:037][  0]LogD3D11RHI:       1488/0/8190 MB DedicatedVideo/DedicatedSystem/SharedSystem, Outputs:2, VendorId:0x10de
[2018.06.14-21.51.32:041][  0]LogD3D11RHI:    1. 'Microsoft Basic Render Driver' (Feature Level 11_0)
[2018.06.14-21.51.32:041][  0]LogD3D11RHI:       0/0/8190 MB DedicatedVideo/DedicatedSystem/SharedSystem, Outputs:0, VendorId:0x1414
[2018.06.14-21.51.32:041][  0]LogD3D11RHI: Chosen D3D11 Adapter: 0
[2018.06.14-21.51.32:054][  0]LogD3D11RHI: Creating new Direct3DDevice
[2018.06.14-21.51.32:054][  0]LogD3D11RHI:     GPU DeviceId: 0x1080 (for the marketing name, search the web for "GPU Device Id")
[2018.06.14-21.51.32:054][  0]LogWindows: EnumDisplayDevices:
[2018.06.14-21.51.32:054][  0]LogWindows:    0. 'NVIDIA GeForce GTX 580' (P:1 D:1)
[2018.06.14-21.51.32:055][  0]LogWindows:    1. 'NVIDIA GeForce GTX 580' (P:0 D:1)
[2018.06.14-21.51.32:055][  0]LogWindows: DebugString: GetVideoDriverDetailsInvalid PrimaryIsNotTheChoosenAdapter GetVideoDriverDetailsInvalid PrimaryIsNotTheChoosenAdapter FoundDriverCount:0 
[2018.06.14-21.51.32:055][  0]LogD3D11RHI:     Adapter Name: NVIDIA GeForce GTX 580
[2018.06.14-21.51.32:055][  0]LogD3D11RHI:   Driver Version: Unknown (internal:Unknown, unified:Unknown)
[2018.06.14-21.51.32:055][  0]LogD3D11RHI:      Driver Date: Unknown
[2018.06.14-21.51.32:055][  0]LogRHI: Texture pool is 1041 MB (70% of 1488 MB)
[2018.06.14-21.51.32:111][  0]LogD3D11RHI: Display: Timestamp queries are currently disabled on this hardware due to instability. Realtime GPU stats will not be available. You can override this behaviour by setting r.NVIDIATimestampWorkaround to 0
[2018.06.14-21.51.32:113][  0]LogD3D11RHI: [Aftermath] Aftermath enabled and primed
[2018.06.14-21.51.32:113][  0]LogD3D11RHI: [Aftermath] Aftermath enabled and primed
[2018.06.14-21.51.32:113][  0]LogD3D11RHI: Async texture creation enabled
[2018.06.14-21.51.32:132][  0]LogD3D11RHI: GPU Timing Frequency: 1000.000000 (Debug: 2 1)
[2018.06.14-21.51.32:137][  0]LogShaderCompilers: Guid format shader working directory is 16 characters bigger than the processId version (E:/_Unreal/EggBoyDevelopment/Intermediate/Shaders/WorkingDirectory/4800/).
[2018.06.14-21.51.32:138][  0]LogShaderCompilers: Cleaned the shader compiler working directory 'C:/Users/LAW/AppData/Local/Temp/UnrealShaderWorkingDir/C4DDFC684AA95486955777BA46F6002C/'.
[2018.06.14-21.51.32:579][  0]LogTemp: Display: Loaded TP WindowsClientTargetPlatform
[2018.06.14-21.51.32:617][  0]LogTemp: Display: Loaded TP WindowsNoEditorTargetPlatform
[2018.06.14-21.51.32:657][  0]LogTemp: Display: Loaded TP WindowsServerTargetPlatform
[2018.06.14-21.51.32:675][  0]LogTemp: Display: Loaded TP WindowsTargetPlatform
[2018.06.14-21.51.32:675][  0]LogTargetPlatformManager: Display: Building Assets For Windows
[2018.06.14-21.51.32:978][  0]LogXGEController: Cannot use XGE Controller as Incredibuild is not installed on this machine.
[2018.06.14-21.51.32:979][  0]LogShaderCompilers: Cannot use XGE Shader Compiler as Incredibuild is not installed on this machine.
[2018.06.14-21.51.32:979][  0]LogShaderCompilers: Display: Using Local Shader Compiler.
[2018.06.14-21.51.34:926][  0]LogDerivedDataCache: Display: Max Cache Size: 512 MB
[2018.06.14-21.51.35:110][  0]LogDerivedDataCache: Loaded boot cache 0.18s 74MB C:/Users/LAW/AppData/Local/UnrealEngine/4.19/DerivedDataCache/Boot.ddc.
[2018.06.14-21.51.35:111][  0]LogDerivedDataCache: Display: Loaded Boot cache: C:/Users/LAW/AppData/Local/UnrealEngine/4.19/DerivedDataCache/Boot.ddc
[2018.06.14-21.51.35:111][  0]LogDerivedDataCache: FDerivedDataBackendGraph:  Pak pak cache file E:/_Unreal/EggBoyDevelopment/DerivedDataCache/DDC.ddp not found, will not use a pak cache.
[2018.06.14-21.51.35:111][  0]LogDerivedDataCache: Unable to find inner node Pak for hierarchical cache Hierarchy.
[2018.06.14-21.51.35:111][  0]LogDerivedDataCache: FDerivedDataBackendGraph:  CompressedPak pak cache file E:/_Unreal/EggBoyDevelopment/DerivedDataCache/Compressed.ddp not found, will not use a pak cache.
[2018.06.14-21.51.35:111][  0]LogDerivedDataCache: Unable to find inner node CompressedPak for hierarchical cache Hierarchy.
[2018.06.14-21.51.35:147][  0]LogDerivedDataCache: Display: Pak cache opened for reading ../../../Engine/DerivedDataCache/Compressed.ddp.
[2018.06.14-21.51.35:160][  0]LogDerivedDataCache: Using Local data cache path C:/Users/LAW/AppData/Local/UnrealEngine/Common/DerivedDataCache: Writable
[2018.06.14-21.51.35:160][  0]LogDerivedDataCache: Shared data cache path not found in *engine.ini, will not use an Shared cache.
[2018.06.14-21.51.35:160][  0]LogDerivedDataCache: Unable to find inner node Shared for hierarchical cache Hierarchy.
[2018.06.14-21.51.35:191][  0]LogMaterial: Verifying Global Shaders for PCD3D_SM5
[2018.06.14-21.51.35:191][  0]LogSlate: Using Freetype 2.6.0
[2018.06.14-21.51.35:193][  0]LogSlate: SlateFontCache - WITH_FREETYPE: 1, WITH_HARFBUZZ: 1
[2018.06.14-21.51.35:193][  0]LogSlate: SlateFontCache - WITH_FREETYPE: 1, WITH_HARFBUZZ: 1
[2018.06.14-21.51.35:441][  0]LogAssetRegistry: FAssetRegistry took 0.0122 seconds to start up
[2018.06.14-21.51.35:992][  0]LogPackageLocalizationCache: Processed 9 localized package path(s) for 1 prioritized culture(s) in 0.017801 seconds
[2018.06.14-21.51.36:267][  0]LogInit: Selected Device Profile: [Windows]
[2018.06.14-21.51.36:614][  0]LogSimplygon: Simplygon DLL not present - disabling.
[2018.06.14-21.51.36:622][  0]LogMeshReduction: Using SimplygonSwarm for distributed automatic mesh merging
[2018.06.14-21.51.36:622][  0]LogMeshReduction: Using QuadricMeshReduction for automatic static mesh reduction
[2018.06.14-21.51.36:622][  0]LogMeshReduction: No automatic skeletal mesh reduction module available
[2018.06.14-21.51.36:622][  0]LogMeshReduction: No automatic mesh merging module available
[2018.06.14-21.51.36:622][  0]LogMeshMerging: No automatic mesh merging module available
[2018.06.14-21.51.36:694][  0]LogNetVersion: Eggboy , NetCL: 3944462, EngineNetVer: 2, GameNetVer: 0 (Checksum: 227181994)
[2018.06.14-21.51.38:072][  0]LogMoviePlayer: Initializing movie player
[2018.06.14-21.51.38:660][  0]LogTcpMessaging: Initializing TcpMessaging bridge
[2018.06.14-21.51.38:721][  0]LogUdpMessaging: Initializing bridge on interface 0.0.0.0:0 to multicast group 230.0.0.1:6666.
[2018.06.14-21.51.39:275][  0]SourceControl: Source control is disabled
[2018.06.14-21.51.39:276][  0]SourceControl: Source control is disabled
[2018.06.14-21.51.39:325][  0]SourceControl: Source control is disabled
[2018.06.14-21.51.40:141][  0]LogAndroidPermission: UAndroidPermissionCallbackProxy::GetInstance
[2018.06.14-21.51.40:539][  0]LogOcInput: OculusInput pre-init called
[2018.06.14-21.51.40:649][  0]LogUObjectArray: 40124 objects as part of root set at end of initial load.
[2018.06.14-21.51.40:649][  0]LogUObjectAllocator: 8364200 out of 0 bytes used by permanent object pool.
[2018.06.14-21.51.40:649][  0]LogUObjectArray: CloseDisregardForGC: 0/0 objects in disregard for GC pool
[2018.06.14-21.51.40:757][  0]LogEngine: Initializing Engine...
[2018.06.14-21.51.40:760][  0]LogHMD: Failed to initialize OpenVR with code 110
[2018.06.14-21.51.40:773][  0]LogStats: UGameplayTagsManager::ConstructGameplayTagTree: Construct from data asset -  0.000 s
[2018.06.14-21.51.40:773][  0]LogStats: UGameplayTagsManager::ConstructGameplayTagTree: GameplayTagTreeChangedEvent.Broadcast -  0.000 s
[2018.06.14-21.51.41:177][  0]LogInit: XAudio2 using 'Speakers (AudioBox USB)' : 2 channels at 44.1 kHz using 32 bits per sample (channel mask 0x3)
[2018.06.14-21.51.41:207][  0]LogInit: FAudioDevice initialized.
[2018.06.14-21.51.41:256][  0]LogInit: Texture streaming: Enabled
[2018.06.14-21.51.41:513][  0]LogInit: Display: Game Engine Initialized.
[2018.06.14-21.51.41:513][  0]LogGameplayTags: Display: UGameplayTagsManager::DoneAddingNativeTags. DelegateIsBound: 0
[2018.06.14-21.51.41:513][  0]LogStats: UGameplayTagsManager::ConstructGameplayTagTree: Construct from data asset -  0.000 s
[2018.06.14-21.51.41:513][  0]LogStats: UGameplayTagsManager::ConstructGameplayTagTree: GameplayTagTreeChangedEvent.Broadcast -  0.000 s
[2018.06.14-21.51.41:785][  0]LogInit: Display: Starting Game.
[2018.06.14-21.51.41:785][  0]LogNet: Browse: /Game/EggboyRaw/kitchenMockup?Name=Player
[2018.06.14-21.51.41:785][  0]LogLoad: LoadMap: /Game/EggboyRaw/kitchenMockup?Name=Player
[2018.06.14-21.51.42:253][  0]LogSkeletalMesh: Skeletal Mesh found in DDC [0.495833ms] /Game/EggboyRaw/Models/Objects/fridge_1.fridge_1
[2018.06.14-21.51.42:450][  0]LogSkeletalMesh: Skeletal Mesh found in DDC [0.478224ms] /Game/EggboyRaw/Models/Objects/EggBuddy.EggBuddy
[2018.06.14-21.51.42:475][  0]LogAIModule: Creating AISystem for world kitchenMockup
[2018.06.14-21.51.42:485][  0]LogLinker: Warning: Asset 'E:/_Unreal/EggBoyDevelopment/Content/Norman/Blueprints/Enums/NormanStates.uasset' has been saved with empty engine version. The asset will be loaded but may be incompatible.
[2018.06.14-21.51.42:487][  0]LogUObjectGlobals: Created PersistentFrame Addr=0x0000017913627d00, Size=768, Default__NormanCharacter_C Function /Game/Norman/Blueprints/Character/NormanCharacter.NormanCharacter_C:ExecuteUbergraph_NormanCharacter
[2018.06.14-21.51.42:490][  0]LogLinker: Warning: Asset 'E:/_Unreal/EggBoyDevelopment/Content/Norman/Animations/Character/Norman_AnimBP.uasset' has been saved with empty engine version. The asset will be loaded but may be incompatible.
[2018.06.14-21.51.42:589][  0]LogUObjectGlobals: Created PersistentFrame Addr=0x000001791307bf20, Size=224, Default__Norman_AnimBP_C Function /Game/Norman/Animations/Character/Norman_AnimBP.Norman_AnimBP_C:ExecuteUbergraph_Norman_AnimBP
[2018.06.14-21.51.42:617][  0]LogUObjectGlobals: Created PersistentFrame Addr=0x0000017913785800, Size=240, Default__Norman_AnimBP1_C Function /Game/Norman_AnimBP1.Norman_AnimBP1_C:ExecuteUbergraph_Norman_AnimBP1
[2018.06.14-21.51.42:619][  0]LogLinker: Warning: Asset 'E:/_Unreal/EggBoyDevelopment/Content/Norman/Meshes/Accessories/norman_antenna_v1.uasset' has been saved with empty engine version. The asset will be loaded but may be incompatible.
[2018.06.14-21.51.42:620][  0]LogLinker: Warning: Asset 'E:/_Unreal/EggBoyDevelopment/Content/Norman/Materials/Character/Norman_M.uasset' has been saved with empty engine version. The asset will be loaded but may be incompatible.
[2018.06.14-21.51.42:626][  0]LogLinker: Warning: Asset 'E:/_Unreal/EggBoyDevelopment/Content/Norman/Meshes/Accessories/norman_battery_v1.uasset' has been saved with empty engine version. The asset will be loaded but may be incompatible.
[2018.06.14-21.51.42:628][  0]LogLinker: Warning: Asset 'E:/_Unreal/EggBoyDevelopment/Content/Norman/Animations/Weapons/Slingshot/Slingshot_AnimBlueprint.uasset' has been saved with empty engine version. The asset will be loaded but may be incompatible.
[2018.06.14-21.51.42:631][  0]LogLinker: Warning: Asset 'E:/_Unreal/EggBoyDevelopment/Content/Norman/Meshes/Weapons/Slingshot/slingshot_Skeleton.uasset' has been saved with empty engine version. The asset will be loaded but may be incompatible.
[2018.06.14-21.51.42:634][  0]LogUObjectGlobals: Created PersistentFrame Addr=0x0000017913692d40, Size=40, Default__Slingshot_AnimBlueprint_C Function /Game/Norman/Animations/Weapons/Slingshot/Slingshot_AnimBlueprint.Slingshot_AnimBlueprint_C:ExecuteUbergraph_Slingshot_AnimBlueprint
[2018.06.14-21.51.42:635][  0]LogLinker: Warning: Asset 'E:/_Unreal/EggBoyDevelopment/Content/Norman/Meshes/Accessories/norman_zipper_v1.uasset' has been saved with empty engine version. The asset will be loaded but may be incompatible.
[2018.06.14-21.51.42:637][  0]LogLinker: Warning: Asset 'E:/_Unreal/EggBoyDevelopment/Content/Norman/Animations/Weapons/Slingshot/slingshot_idle.uasset' has been saved with empty engine version. The asset will be loaded but may be incompatible.
[2018.06.14-21.51.42:639][  0]LogLinker: Warning: Asset 'E:/_Unreal/EggBoyDevelopment/Content/Norman/Animations/Weapons/Slingshot/SlingshotShoot_Blendspace.uasset' has been saved with empty engine version. The asset will be loaded but may be incompatible.
[2018.06.14-21.51.42:715][  0]LogLinker: Warning: Asset 'E:/_Unreal/EggBoyDevelopment/Content/Norman/Blueprints/Interfaces/INormanAnimations.uasset' has been saved with empty engine version. The asset will be loaded but may be incompatible.
[2018.06.14-21.51.42:740][  0]LogLinker: Warning: Asset 'E:/_Unreal/EggBoyDevelopment/Content/Norman/Animations/Weapons/Slingshot/slingshot_stretch.uasset' has been saved with empty engine version. The asset will be loaded but may be incompatible.
[2018.06.14-21.51.42:741][  0]LogLinker: Warning: Asset 'E:/_Unreal/EggBoyDevelopment/Content/Norman/Animations/Weapons/Slingshot/slingshot_shoot.uasset' has been saved with empty engine version. The asset will be loaded but may be incompatible.
[2018.06.14-21.51.42:743][  0]LogLinker: Warning: Asset 'E:/_Unreal/EggBoyDevelopment/Content/Norman/Meshes/Weapons/Slingshot/slingshot.uasset' has been saved with empty engine version. The asset will be loaded but may be incompatible.
[2018.06.14-21.51.42:745][  0]LogLinker: Warning: Asset 'E:/_Unreal/EggBoyDevelopment/Content/Norman/Materials/Weapons/Slingshot/Slingshot_M.uasset' has been saved with empty engine version. The asset will be loaded but may be incompatible.
[2018.06.14-21.51.42:874][  0]LogLinker: Warning: Asset 'E:/_Unreal/EggBoyDevelopment/Content/Norman/Animations/Character/norman_carry.uasset' has been saved with empty engine version. The asset will be loaded but may be incompatible.
[2018.06.14-21.51.42:876][  0]LogLinker: Warning: Asset 'E:/_Unreal/EggBoyDevelopment/Content/Norman/Animations/Character/norman_collect.uasset' has been saved with empty engine version. The asset will be loaded but may be incompatible.
[2018.06.14-21.51.42:877][  0]LogLinker: Warning: Asset 'E:/_Unreal/EggBoyDevelopment/Content/Norman/Animations/Character/norman_dance.uasset' has been saved with empty engine version. The asset will be loaded but may be incompatible.
[2018.06.14-21.51.42:879][  0]LogLinker: Warning: Asset 'E:/_Unreal/EggBoyDevelopment/Content/Norman/Animations/Character/norman_death.uasset' has been saved with empty engine version. The asset will be loaded but may be incompatible.
[2018.06.14-21.51.42:882][  0]LogLinker: Warning: Asset 'E:/_Unreal/EggBoyDevelopment/Content/Norman/Animations/Character/norman_pickup.uasset' has been saved with empty engine version. The asset will be loaded but may be incompatible.
[2018.06.14-21.51.42:884][  0]LogLinker: Warning: Asset 'E:/_Unreal/EggBoyDevelopment/Content/Norman/Animations/Character/norman_place.uasset' has been saved with empty engine version. The asset will be loaded but may be incompatible.
[2018.06.14-21.51.42:885][  0]LogLinker: Warning: Asset 'E:/_Unreal/EggBoyDevelopment/Content/Norman/Animations/Character/norman_press.uasset' has been saved with empty engine version. The asset will be loaded but may be incompatible.
[2018.06.14-21.51.42:887][  0]LogLinker: Warning: Asset 'E:/_Unreal/EggBoyDevelopment/Content/Norman/Animations/Character/norman_pull.uasset' has been saved with empty engine version. The asset will be loaded but may be incompatible.
[2018.06.14-21.51.42:889][  0]LogLinker: Warning: Asset 'E:/_Unreal/EggBoyDevelopment/Content/Norman/Animations/Character/norman_push.uasset' has been saved with empty engine version. The asset will be loaded but may be incompatible.
[2018.06.14-21.51.42:891][  0]LogLinker: Warning: Asset 'E:/_Unreal/EggBoyDevelopment/Content/Norman/Animations/Character/norman_put_away.uasset' has been saved with empty engine version. The asset will be loaded but may be incompatible.
[2018.06.14-21.51.42:892][  0]LogLinker: Warning: Asset 'E:/_Unreal/EggBoyDevelopment/Content/Norman/Animations/Character/norman_spawn.uasset' has been saved with empty engine version. The asset will be loaded but may be incompatible.
[2018.06.14-21.51.42:895][  0]LogLinker: Warning: Asset 'E:/_Unreal/EggBoyDevelopment/Content/Norman/Animations/Character/norman_talk.uasset' has been saved with empty engine version. The asset will be loaded but may be incompatible.
[2018.06.14-21.51.42:896][  0]LogLinker: Warning: Asset 'E:/_Unreal/EggBoyDevelopment/Content/Norman/Animations/Character/ThirdPerson_Jump.uasset' has been saved with empty engine version. The asset will be loaded but may be incompatible.
[2018.06.14-21.51.42:898][  0]LogLinker: Warning: Asset 'E:/_Unreal/EggBoyDevelopment/Content/Norman/Animations/Character/ThirdPersonJump_Loop.uasset' has been saved with empty engine version. The asset will be loaded but may be incompatible.
[2018.06.14-21.51.42:900][  0]LogLinker: Warning: Asset 'E:/_Unreal/EggBoyDevelopment/Content/Norman/Animations/Character/ThirdPersonJump_Start.uasset' has been saved with empty engine version. The asset will be loaded but may be incompatible.
[2018.06.14-21.51.42:902][  0]LogLinker: Warning: Asset 'E:/_Unreal/EggBoyDevelopment/Content/Norman/Animations/Character/Blends/Aim/NormanAim_BlendSpace.uasset' has been saved with empty engine version. The asset will be loaded but may be incompatible.
[2018.06.14-21.51.42:904][  0]LogLinker: Warning: Asset 'E:/_Unreal/EggBoyDevelopment/Content/Norman/Animations/Character/Blends/NormanIdleRun_Blendspace.uasset' has been saved with empty engine version. The asset will be loaded but may be incompatible.
[2018.06.14-21.51.42:906][  0]LogLinker: Warning: Asset 'E:/_Unreal/EggBoyDevelopment/Content/Norman/Animations/Character/Blends/NormanTrudge_Blendspace.uasset' has been saved with empty engine version. The asset will be loaded but may be incompatible.
[2018.06.14-21.51.42:907][  0]LogLinker: Warning: Asset 'E:/_Unreal/EggBoyDevelopment/Content/Norman/Animations/Character/Blends/Shoot/NormanShoot_Blendspace.uasset' has been saved with empty engine version. The asset will be loaded but may be incompatible.
[2018.06.14-21.51.42:958][  0]LogLinker: Warning: Asset 'E:/_Unreal/EggBoyDevelopment/Content/Norman/Animations/Character/norman_idle.uasset' has been saved with empty engine version. The asset will be loaded but may be incompatible.
[2018.06.14-21.51.42:960][  0]LogLinker: Warning: Asset 'E:/_Unreal/EggBoyDevelopment/Content/Norman/Animations/Character/norman_walk.uasset' has been saved with empty engine version. The asset will be loaded but may be incompatible.
[2018.06.14-21.51.42:962][  0]LogLinker: Warning: Asset 'E:/_Unreal/EggBoyDevelopment/Content/Norman/Animations/Character/norman_run.uasset' has been saved with empty engine version. The asset will be loaded but may be incompatible.
[2018.06.14-21.51.42:964][  0]LogLinker: Warning: Asset 'E:/_Unreal/EggBoyDevelopment/Content/Norman/Animations/Character/norman_trudge.uasset' has been saved with empty engine version. The asset will be loaded but may be incompatible.
[2018.06.14-21.51.42:971][  0]LogLinker: Warning: Asset 'E:/_Unreal/EggBoyDevelopment/Content/Norman/Animations/Character/Blends/Aim/norman_aim_down_pose.uasset' has been saved with empty engine version. The asset will be loaded but may be incompatible.
[2018.06.14-21.51.42:973][  0]LogLinker: Warning: Asset 'E:/_Unreal/EggBoyDevelopment/Content/Norman/Animations/Character/Blends/Aim/norman_aim_left_pose.uasset' has been saved with empty engine version. The asset will be loaded but may be incompatible.
[2018.06.14-21.51.42:975][  0]LogLinker: Warning: Asset 'E:/_Unreal/EggBoyDevelopment/Content/Norman/Animations/Character/Blends/Aim/norman_aim_leftdown_pose.uasset' has been saved with empty engine version. The asset will be loaded but may be incompatible.
[2018.06.14-21.51.42:976][  0]LogLinker: Warning: Asset 'E:/_Unreal/EggBoyDevelopment/Content/Norman/Animations/Character/Blends/Aim/norman_aim_leftup_pose.uasset' has been saved with empty engine version. The asset will be loaded but may be incompatible.
[2018.06.14-21.51.42:978][  0]LogLinker: Warning: Asset 'E:/_Unreal/EggBoyDevelopment/Content/Norman/Animations/Character/Blends/Aim/norman_aim_pose.uasset' has been saved with empty engine version. The asset will be loaded but may be incompatible.
[2018.06.14-21.51.42:980][  0]LogLinker: Warning: Asset 'E:/_Unreal/EggBoyDevelopment/Content/Norman/Animations/Character/Blends/Aim/norman_aim_right_pose.uasset' has been saved with empty engine version. The asset will be loaded but may be incompatible.
[2018.06.14-21.51.42:981][  0]LogLinker: Warning: Asset 'E:/_Unreal/EggBoyDevelopment/Content/Norman/Animations/Character/Blends/Aim/norman_aim_rightdown_pose.uasset' has been saved with empty engine version. The asset will be loaded but may be incompatible.
[2018.06.14-21.51.42:983][  0]LogLinker: Warning: Asset 'E:/_Unreal/EggBoyDevelopment/Content/Norman/Animations/Character/Blends/Aim/norman_aim_up_pose.uasset' has been saved with empty engine version. The asset will be loaded but may be incompatible.
[2018.06.14-21.51.42:985][  0]LogLinker: Warning: Asset 'E:/_Unreal/EggBoyDevelopment/Content/Norman/Animations/Character/Blends/Aim/norman_aim_rightup_pose.uasset' has been saved with empty engine version. The asset will be loaded but may be incompatible.
[2018.06.14-21.51.42:987][  0]LogLinker: Warning: Asset 'E:/_Unreal/EggBoyDevelopment/Content/Norman/Animations/Character/Blends/Shoot/norman_shooting_base.uasset' has been saved with empty engine version. The asset will be loaded but may be incompatible.
[2018.06.14-21.51.42:988][  0]LogLinker: Warning: Asset 'E:/_Unreal/EggBoyDevelopment/Content/Norman/Animations/Character/Blends/Shoot/norman_shooting_shoot.uasset' has been saved with empty engine version. The asset will be loaded but may be incompatible.
[2018.06.14-21.51.42:990][  0]LogLinker: Warning: Asset 'E:/_Unreal/EggBoyDevelopment/Content/Norman/Animations/Character/Blends/Shoot/norman_shooting_reload.uasset' has been saved with empty engine version. The asset will be loaded but may be incompatible.
[2018.06.14-21.51.42:994][  0]LogLinker: Warning: Asset 'E:/_Unreal/EggBoyDevelopment/Content/Norman/Textures/Character/Faces/norman_blink_face.uasset' has been saved with empty engine version. The asset will be loaded but may be incompatible.
[2018.06.14-21.51.42:996][  0]LogLinker: Warning: Asset 'E:/_Unreal/EggBoyDevelopment/Content/Norman/Textures/Character/Faces/norman_default_face.uasset' has been saved with empty engine version. The asset will be loaded but may be incompatible.
[2018.06.14-21.51.42:997][  0]LogLinker: Warning: Asset 'E:/_Unreal/EggBoyDevelopment/Content/Norman/Textures/Character/Faces/norman_squint_face.uasset' has been saved with empty engine version. The asset will be loaded but may be incompatible.
[2018.06.14-21.51.43:072][  0]LogClass: Warning: Enum '/Game/Norman/Blueprints/Enums/NormanStates.NormanStates' was upgraded to use FText to store its display name data. Please re-save this asset to avoid issues with localization and determinstic cooking.
[2018.06.14-21.51.43:082][  0]LogUObjectGlobals: Destroyed PersistentFrame Addr=0x000001791307bf20, Size=224
[2018.06.14-21.51.43:083][  0]LogUObjectGlobals: Created PersistentFrame Addr=0x000001791a8a5ec0, Size=224, Default__Norman_AnimBP_C Function /Engine/Transient.REINST_Norman_AnimBP_C_0:ExecuteUbergraph_Norman_AnimBP
[2018.06.14-21.51.43:087][  0]LogUObjectGlobals: Destroyed PersistentFrame Addr=0x0000017913785800, Size=240
[2018.06.14-21.51.43:087][  0]LogUObjectGlobals: Created PersistentFrame Addr=0x0000017919b66f00, Size=240, Default__Norman_AnimBP1_C Function /Engine/Transient.REINST_Norman_AnimBP1_C_1:ExecuteUbergraph_Norman_AnimBP1
[2018.06.14-21.51.43:087][  0]LogUObjectGlobals: Destroyed PersistentFrame Addr=0x0000017913692d40, Size=40
[2018.06.14-21.51.43:087][  0]LogUObjectGlobals: Created PersistentFrame Addr=0x0000017901066520, Size=40, Default__Slingshot_AnimBlueprint_C Function /Engine/Transient.REINST_Slingshot_AnimBlueprint_C_2:ExecuteUbergraph_Slingshot_AnimBlueprint
[2018.06.14-21.51.43:090][  0]LogUObjectGlobals: Destroyed PersistentFrame Addr=0x0000017913627d00, Size=768
[2018.06.14-21.51.43:090][  0]LogUObjectGlobals: Created PersistentFrame Addr=0x0000017919bfdc00, Size=768, Default__NormanCharacter_C Function /Engine/Transient.REINST_NormanCharacter_C_6:ExecuteUbergraph_NormanCharacter
[2018.06.14-21.51.43:338][  0]LogUObjectGlobals: Created PersistentFrame Addr=0x000001791a1ddc00, Size=232, Default__Norman_AnimBP_C Function /Game/Norman/Animations/Character/Norman_AnimBP.Norman_AnimBP_C:ExecuteUbergraph_Norman_AnimBP
[2018.06.14-21.51.43:352][  0]LogUObjectGlobals: Created PersistentFrame Addr=0x000001791a173800, Size=232, Default__Norman_AnimBP1_C Function /Game/Norman_AnimBP1.Norman_AnimBP1_C:ExecuteUbergraph_Norman_AnimBP1
[2018.06.14-21.51.43:356][  0]LogUObjectGlobals: Created PersistentFrame Addr=0x000001791a3f3420, Size=40, Default__Slingshot_AnimBlueprint_C Function /Game/Norman/Animations/Weapons/Slingshot/Slingshot_AnimBlueprint.Slingshot_AnimBlueprint_C:ExecuteUbergraph_Slingshot_AnimBlueprint
[2018.06.14-21.51.43:365][  0]LogUObjectGlobals: Created PersistentFrame Addr=0x000001791a10f700, Size=760, Default__NormanCharacter_C Function /Game/Norman/Blueprints/Character/NormanCharacter.NormanCharacter_C:ExecuteUbergraph_NormanCharacter
[2018.06.14-21.51.43:387][  0]LogBlueprint: Warning: [Compiler Norman_AnimBP1] Node  Blendspace Player 'NormanAim_BlendSpace1'  uses potentially thread-unsafe call Get Aim Rot. Disable threaded update or use a thread-safe call. Function may need BlueprintThreadSafe metadata adding.
[2018.06.14-21.51.43:387][  0]LogBlueprint: Warning: [Compiler Norman_AnimBP1] Node  Blendspace Player 'NormanShoot_Blendspace1'  uses potentially thread-unsafe call  Try Get Pawn Owner . Disable threaded update or use a thread-safe call. Function may need BlueprintThreadSafe metadata adding.
[2018.06.14-21.51.43:389][  0]LogBlueprint: Warning: [Compiler Norman_AnimBP] Node  Blendspace Player 'NormanAim_BlendSpace'  uses potentially thread-unsafe call Get Aim Rot. Disable threaded update or use a thread-safe call. Function may need BlueprintThreadSafe metadata adding.
[2018.06.14-21.51.43:389][  0]LogBlueprint: Warning: [Compiler Norman_AnimBP] Node  Blendspace Player 'NormanShoot_Blendspace'  uses potentially thread-unsafe call  Try Get Pawn Owner . Disable threaded update or use a thread-safe call. Function may need BlueprintThreadSafe metadata adding.
[2018.06.14-21.51.43:393][  0]LogBlueprint: Warning: [Compiler Norman_AnimBP] [0018.81] Compile of Norman_AnimBP successful, but with 2 Warning(s) [in 374 ms] (/Game/Norman/Animations/Character/Norman_AnimBP.Norman_AnimBP)
[2018.06.14-21.51.43:393][  0]LogBlueprint: Warning: [Compiler Norman_AnimBP1] [0018.81] Compile of Norman_AnimBP1 successful, but with 2 Warning(s) [in 376 ms] (/Game/Norman_AnimBP1.Norman_AnimBP1)
[2018.06.14-21.51.43:410][  0]LogLinker: Warning: Asset 'E:/_Unreal/EggBoyDevelopment/Content/Norman/Meshes/Accessories/norman_zipper_v1_Skeleton.uasset' has been saved with empty engine version. The asset will be loaded but may be incompatible.
[2018.06.14-21.51.43:412][  0]LogLinker: Warning: Asset 'E:/_Unreal/EggBoyDevelopment/Content/Norman/Meshes/Accessories/norman_battery_v1_Skeleton.uasset' has been saved with empty engine version. The asset will be loaded but may be incompatible.
[2018.06.14-21.51.43:417][  0]LogLinker: Warning: Asset 'E:/_Unreal/EggBoyDevelopment/Content/Norman/Textures/Character/rough.uasset' has been saved with empty engine version. The asset will be loaded but may be incompatible.
[2018.06.14-21.51.43:419][  0]LogLinker: Warning: Asset 'E:/_Unreal/EggBoyDevelopment/Content/Norman/Textures/Character/albedo.uasset' has been saved with empty engine version. The asset will be loaded but may be incompatible.
[2018.06.14-21.51.43:422][  0]LogLinker: Warning: Asset 'E:/_Unreal/EggBoyDevelopment/Content/Norman/Textures/Character/emissive.uasset' has been saved with empty engine version. The asset will be loaded but may be incompatible.
[2018.06.14-21.51.43:423][  0]LogLinker: Warning: Asset 'E:/_Unreal/EggBoyDevelopment/Content/Norman/Textures/Character/metal.uasset' has been saved with empty engine version. The asset will be loaded but may be incompatible.
[2018.06.14-21.51.43:425][  0]LogLinker: Warning: Asset 'E:/_Unreal/EggBoyDevelopment/Content/Norman/Textures/Character/normal.uasset' has been saved with empty engine version. The asset will be loaded but may be incompatible.
[2018.06.14-21.51.43:427][  0]LogLinker: Warning: Asset 'E:/_Unreal/EggBoyDevelopment/Content/Norman/Textures/Character/NoiseFace.uasset' has been saved with empty engine version. The asset will be loaded but may be incompatible.
[2018.06.14-21.51.43:429][  0]LogLinker: Warning: Asset 'E:/_Unreal/EggBoyDevelopment/Content/Norman/Meshes/Accessories/norman_antenna_v1_Skeleton.uasset' has been saved with empty engine version. The asset will be loaded but may be incompatible.
[2018.06.14-21.51.43:435][  0]LogLinker: Warning: Asset 'E:/_Unreal/EggBoyDevelopment/Content/Norman/Textures/Weapons/Slingshot/slingshot_metallic.uasset' has been saved with empty engine version. The asset will be loaded but may be incompatible.
[2018.06.14-21.51.43:436][  0]LogLinker: Warning: Asset 'E:/_Unreal/EggBoyDevelopment/Content/Norman/Textures/Weapons/Slingshot/slingshot_normal.uasset' has been saved with empty engine version. The asset will be loaded but may be incompatible.
[2018.06.14-21.51.43:438][  0]LogLinker: Warning: Asset 'E:/_Unreal/EggBoyDevelopment/Content/Norman/Textures/Weapons/Slingshot/slingshot_roughness.uasset' has been saved with empty engine version. The asset will be loaded but may be incompatible.
[2018.06.14-21.51.43:439][  0]LogLinker: Warning: Asset 'E:/_Unreal/EggBoyDevelopment/Content/Norman/Textures/Weapons/Slingshot/slingshot_albedo.uasset' has been saved with empty engine version. The asset will be loaded but may be incompatible.
[2018.06.14-21.51.43:441][  0]LogLinker: Warning: Asset 'E:/_Unreal/EggBoyDevelopment/Content/Norman/Meshes/Weapons/Slingshot/slingshot_PhysicsAsset.uasset' has been saved with empty engine version. The asset will be loaded but may be incompatible.
[2018.06.14-21.51.43:493][  0]LogSkeletalMesh: Skeletal Mesh found in DDC [0.352181ms] /Game/Norman/Meshes/Accessories/norman_zipper_v1.norman_zipper_v1
[2018.06.14-21.51.43:495][  0]LogSkeletalMesh: Skeletal Mesh found in DDC [0.443006ms] /Game/Norman/Meshes/Accessories/norman_battery_v1.norman_battery_v1
[2018.06.14-21.51.43:505][  0]LogSkeletalMesh: Skeletal Mesh found in DDC [0.400992ms] /Game/Norman/Meshes/Accessories/norman_antenna_v1.norman_antenna_v1
[2018.06.14-21.51.43:535][  0]LogSkeletalMesh: Skeletal Mesh found in DDC [0.606739ms] /Game/Norman/Meshes/Weapons/Slingshot/slingshot.slingshot
[2018.06.14-21.51.43:607][  0]LogSkeletalMesh: Skeletal Mesh found in DDC [0.752554ms] /Game/EggboyRaw/Sitting.Sitting
[2018.06.14-21.51.43:615][  0]LogLoad: Game class is 'ThirdPersonGameMode_C'
[2018.06.14-21.51.43:624][  0]LogWorld: Bringing World /Game/EggboyRaw/kitchenMockup.kitchenMockup up for play (max tick rate 0) at 2018.06.14-14.51.43
[2018.06.14-21.51.43:625][  0]LogWorld: Bringing up level for play took: 0.008594
[2018.06.14-21.51.43:633][  0]LogLoad: Took 1.847443 seconds to LoadMap(/Game/EggboyRaw/kitchenMockup)
[2018.06.14-21.51.43:728][  0]LogLoad: (Engine Initialization) Total time: 19.14 seconds
[2018.06.14-21.51.43:728][  0]LogLoad: (Engine Initialization) Total Blueprint compile time: 0.00 seconds
[2018.06.14-21.51.43:876][  0]LogRenderer: Reallocating scene render targets to support 1280x720 Format 10 NumSamples 1 (Frame:1).
[2018.06.14-21.51.43:976][  0]LogWindowsTextInputMethodSystem: Display: IME system now deactivated.
[2018.06.14-21.51.43:986][  0]LogContentStreaming: Texture pool size now 1000 MB
[2018.06.14-21.52.45:106][761]LogUObjectGlobals: Destroyed PersistentFrame Addr=0x0000017919bfdc00, Size=768
[2018.06.14-21.52.45:106][761]LogUObjectGlobals: Destroyed PersistentFrame Addr=0x000001791a8a5ec0, Size=224
[2018.06.14-21.52.45:106][761]LogUObjectGlobals: Destroyed PersistentFrame Addr=0x0000017919b66f00, Size=240
[2018.06.14-21.52.45:106][761]LogUObjectGlobals: Destroyed PersistentFrame Addr=0x0000017901066520, Size=40
