Log file open, 06/15/18 08:48:14
LogWindows: Failed to load 'aqProf.dll' (GetLastError=126)
LogWindows: File 'aqProf.dll' does not exist
LogWindows: Failed to load 'VtuneApi.dll' (GetLastError=126)
LogWindows: File 'VtuneApi.dll' does not exist
LogWindows: Failed to load 'VtuneApi32e.dll' (GetLastError=126)
LogWindows: File 'VtuneApi32e.dll' does not exist
LogInit: Display: Running engine for game: Eggboy
LogPlatformFile: Not using cached read wrapper
LogInit: Display: RandInit(771641126) SRandInit(771641126).
LogInit: Read version file with build ID '3944462'
LogInit: Overriding engine version to CL 4033788, compatible CL 3944462
LogInit: Registered custom module enumerator with build ID '3944462'
LogTaskGraph: Started task graph with 5 named threads and 17 total threads with 3 sets of task threads.
LogStats: Stats thread started at 0.331507
LogD3D11RHI: Aftermath initialized
LogICUInternationalization: Display: ICU TimeZone Detection - Raw Offset: -8:00, Platform Override: ''
LogModuleManager: Display: Found up-to-date module file ../../../Engine/Plugins/2D/Paper2D/Binaries/Win64/UE4Editor-Paper2D.dll (API version 3944462).
LogModuleManager: Display: Found up-to-date module file ../../../Engine/Plugins/2D/Paper2D/Binaries/Win64/UE4Editor-Paper2DEditor.dll (API version 3944462).
LogModuleManager: Display: Found up-to-date module file ../../../Engine/Plugins/2D/Paper2D/Binaries/Win64/UE4Editor-PaperSpriteSheetImporter.dll (API version 3944462).
LogModuleManager: Display: Found up-to-date module file ../../../Engine/Plugins/2D/Paper2D/Binaries/Win64/UE4Editor-PaperTiledImporter.dll (API version 3944462).
LogModuleManager: Display: Found up-to-date module file ../../../Engine/Plugins/2D/Paper2D/Binaries/Win64/UE4Editor-SmartSnapping.dll (API version 3944462).
LogModuleManager: Display: Found up-to-date module file ../../../Engine/Plugins/Blendables/LightPropagationVolume/Binaries/Win64/UE4Editor-LightPropagationVolumeRuntime.dll (API version 3944462).
LogModuleManager: Display: Found up-to-date module file ../../../Engine/Plugins/Blendables/LightPropagationVolume/Binaries/Win64/UE4Editor-LightPropagationVolumeEditor.dll (API version 3944462).
LogModuleManager: Display: Found up-to-date module file ../../../Engine/Plugins/Developer/CLionSourceCodeAccess/Binaries/Win64/UE4Editor-CLionSourceCodeAccess.dll (API version 3944462).
LogModuleManager: Display: Found up-to-date module file ../../../Engine/Plugins/Developer/GitSourceControl/Binaries/Win64/UE4Editor-GitSourceControl.dll (API version 3944462).
LogModuleManager: Display: Found up-to-date module file ../../../Engine/Plugins/Developer/PerforceSourceControl/Binaries/Win64/UE4Editor-PerforceSourceControl.dll (API version 3944462).
LogModuleManager: Display: Found up-to-date module file ../../../Engine/Plugins/Developer/SubversionSourceControl/Binaries/Win64/UE4Editor-SubversionSourceControl.dll (API version 3944462).
LogModuleManager: Display: Found up-to-date module file ../../../Engine/Plugins/Developer/UObjectPlugin/Binaries/Win64/UE4Editor-UObjectPlugin.dll (API version 3944462).
LogModuleManager: Display: Found up-to-date module file ../../../Engine/Plugins/Developer/VisualStudioCodeSourceCodeAccess/Binaries/Win64/UE4Editor-VisualStudioCodeSourceCodeAccess.dll (API version 3944462).
LogModuleManager: Display: Found up-to-date module file ../../../Engine/Plugins/Developer/VisualStudioSourceCodeAccess/Binaries/Win64/UE4Editor-VisualStudioSourceCodeAccess.dll (API version 3944462).
LogModuleManager: Display: Found up-to-date module file ../../../Engine/Plugins/Editor/AssetManagerEditor/Binaries/Win64/UE4Editor-AssetManagerEditor.dll (API version 3944462).
LogModuleManager: Display: Found up-to-date module file ../../../Engine/Plugins/Editor/CryptoKeys/Binaries/Win64/UE4Editor-CryptoKeys.dll (API version 3944462).
LogModuleManager: Display: Found up-to-date module file ../../../Engine/Plugins/Editor/CryptoKeys/Binaries/Win64/UE4Editor-CryptoKeysOpenSSL.dll (API version 3944462).
LogModuleManager: Display: Found up-to-date module file ../../../Engine/Plugins/Editor/DataValidation/Binaries/Win64/UE4Editor-DataValidation.dll (API version 3944462).
LogModuleManager: Display: Found up-to-date module file ../../../Engine/Plugins/Editor/FacialAnimation/Binaries/Win64/UE4Editor-FacialAnimation.dll (API version 3944462).
LogModuleManager: Display: Found up-to-date module file ../../../Engine/Plugins/Editor/FacialAnimation/Binaries/Win64/UE4Editor-FacialAnimationEditor.dll (API version 3944462).
LogModuleManager: Display: Found up-to-date module file ../../../Engine/Plugins/Editor/GameplayTagsEditor/Binaries/Win64/UE4Editor-GameplayTagsEditor.dll (API version 3944462).
LogModuleManager: Display: Found up-to-date module file ../../../Engine/Plugins/Editor/MobileLauncherProfileWizard/Binaries/Win64/UE4Editor-MobileLauncherProfileWizard.dll (API version 3944462).
LogModuleManager: Display: Found up-to-date module file ../../../Engine/Plugins/Editor/PluginBrowser/Binaries/Win64/UE4Editor-PluginBrowser.dll (API version 3944462).
LogModuleManager: Display: Found up-to-date module file ../../../Engine/Plugins/Editor/SpeedTreeImporter/Binaries/Win64/UE4Editor-SpeedTreeImporter.dll (API version 3944462).
LogModuleManager: Display: Found up-to-date module file ../../../Engine/Plugins/Enterprise/DatasmithContent/Binaries/Win64/UE4Editor-DatasmithContent.dll (API version 3944462).
LogModuleManager: Display: Found up-to-date module file ../../../Engine/Plugins/Experimental/AlembicImporter/Binaries/Win64/UE4Editor-AlembicImporter.dll (API version 3944462).
LogModuleManager: Display: Found up-to-date module file ../../../Engine/Plugins/Experimental/AlembicImporter/Binaries/Win64/UE4Editor-AlembicLibrary.dll (API version 3944462).
LogModuleManager: Display: Found up-to-date module file ../../../Engine/Plugins/Experimental/CharacterAI/Binaries/Win64/UE4Editor-CharacterAI.dll (API version 3944462).
LogModuleManager: Display: Found up-to-date module file ../../../Engine/Plugins/Experimental/HTML5Networking/Binaries/Win64/UE4Editor-HTML5Networking.dll (API version 3944462).
LogModuleManager: Display: Found up-to-date module file ../../../Engine/Plugins/Media/AndroidMedia/Binaries/Win64/UE4Editor-AndroidMediaEditor.dll (API version 3944462).
LogModuleManager: Display: Found up-to-date module file ../../../Engine/Plugins/Media/AndroidMedia/Binaries/Win64/UE4Editor-AndroidMediaFactory.dll (API version 3944462).
LogModuleManager: Display: Found up-to-date module file ../../../Engine/Plugins/Media/AvfMedia/Binaries/Win64/UE4Editor-AvfMediaEditor.dll (API version 3944462).
LogModuleManager: Display: Found up-to-date module file ../../../Engine/Plugins/Media/AvfMedia/Binaries/Win64/UE4Editor-AvfMediaFactory.dll (API version 3944462).
LogModuleManager: Display: Found up-to-date module file ../../../Engine/Plugins/Media/AvfMedia/Binaries/Win64/UE4Editor-AvfMediaFactory.dll (API version 3944462).
LogModuleManager: Display: Found up-to-date module file ../../../Engine/Plugins/Media/ImgMedia/Binaries/Win64/UE4Editor-ImgMedia.dll (API version 3944462).
LogModuleManager: Display: Found up-to-date module file ../../../Engine/Plugins/Media/ImgMedia/Binaries/Win64/UE4Editor-ImgMediaEditor.dll (API version 3944462).
LogModuleManager: Display: Found up-to-date module file ../../../Engine/Plugins/Media/ImgMedia/Binaries/Win64/UE4Editor-ImgMediaFactory.dll (API version 3944462).
LogModuleManager: Display: Found up-to-date module file ../../../Engine/Plugins/Media/ImgMedia/Binaries/Win64/UE4Editor-ImgMediaFactory.dll (API version 3944462).
LogModuleManager: Display: Found up-to-date module file ../../../Engine/Plugins/Media/ImgMedia/Binaries/Win64/UE4Editor-OpenExrWrapper.dll (API version 3944462).
LogModuleManager: Display: Found up-to-date module file ../../../Engine/Plugins/Media/LinearTimecode/Binaries/Win64/UE4Editor-LinearTimecode.dll (API version 3944462).
LogModuleManager: Display: Found up-to-date module file ../../../Engine/Plugins/Media/MediaCompositing/Binaries/Win64/UE4Editor-MediaCompositing.dll (API version 3944462).
LogModuleManager: Display: Found up-to-date module file ../../../Engine/Plugins/Media/MediaCompositing/Binaries/Win64/UE4Editor-MediaCompositingEditor.dll (API version 3944462).
LogModuleManager: Display: Found up-to-date module file ../../../Engine/Plugins/Media/MediaPlayerEditor/Binaries/Win64/UE4Editor-MediaPlayerEditor.dll (API version 3944462).
LogModuleManager: Display: Found up-to-date module file ../../../Engine/Plugins/Media/WmfMedia/Binaries/Win64/UE4Editor-WmfMedia.dll (API version 3944462).
LogModuleManager: Display: Found up-to-date module file ../../../Engine/Plugins/Media/WmfMedia/Binaries/Win64/UE4Editor-WmfMediaEditor.dll (API version 3944462).
LogModuleManager: Display: Found up-to-date module file ../../../Engine/Plugins/Media/WmfMedia/Binaries/Win64/UE4Editor-WmfMediaFactory.dll (API version 3944462).
LogModuleManager: Display: Found up-to-date module file ../../../Engine/Plugins/Media/WmfMedia/Binaries/Win64/UE4Editor-WmfMediaFactory.dll (API version 3944462).
LogModuleManager: Display: Found up-to-date module file ../../../Engine/Plugins/Messaging/TcpMessaging/Binaries/Win64/UE4Editor-TcpMessaging.dll (API version 3944462).
LogModuleManager: Display: Found up-to-date module file ../../../Engine/Plugins/Messaging/UdpMessaging/Binaries/Win64/UE4Editor-UdpMessaging.dll (API version 3944462).
LogModuleManager: Display: Found up-to-date module file ../../../Engine/Plugins/MovieScene/ActorSequence/Binaries/Win64/UE4Editor-ActorSequence.dll (API version 3944462).
LogModuleManager: Display: Found up-to-date module file ../../../Engine/Plugins/MovieScene/LevelSequenceEditor/Binaries/Win64/UE4Editor-LevelSequenceEditor.dll (API version 3944462).
LogModuleManager: Display: Found up-to-date module file ../../../Engine/Plugins/MovieScene/MatineeToLevelSequence/Binaries/Win64/UE4Editor-MatineeToLevelSequence.dll (API version 3944462).
LogModuleManager: Display: Found up-to-date module file ../../../Engine/Plugins/NetcodeUnitTest/NetcodeUnitTest/Binaries/Win64/UE4Editor-NetcodeUnitTest.dll (API version 3944462).
LogModuleManager: Display: Found up-to-date module file ../../../Engine/Plugins/NetcodeUnitTest/NUTUnrealEngine4/Binaries/Win64/UE4Editor-NUTUnrealEngine4.dll (API version 3944462).
LogModuleManager: Display: Found up-to-date module file ../../../Engine/Plugins/Online/OnlineSubsystem/Binaries/Win64/UE4Editor-OnlineSubsystem.dll (API version 3944462).
LogModuleManager: Display: Found up-to-date module file ../../../Engine/Plugins/Runtime/AndroidPermission/Binaries/Win64/UE4Editor-AndroidPermission.dll (API version 3944462).
LogModuleManager: Display: Found up-to-date module file ../../../Engine/Plugins/Online/OnlineSubsystemNull/Binaries/Win64/UE4Editor-OnlineSubsystemNull.dll (API version 3944462).
LogModuleManager: Display: Found up-to-date module file ../../../Engine/Plugins/Online/OnlineSubsystemUtils/Binaries/Win64/UE4Editor-OnlineSubsystemUtils.dll (API version 3944462).
LogModuleManager: Display: Found up-to-date module file ../../../Engine/Plugins/Online/OnlineSubsystemUtils/Binaries/Win64/UE4Editor-OnlineBlueprintSupport.dll (API version 3944462).
LogModuleManager: Display: Found up-to-date module file ../../../Engine/Plugins/Runtime/AndroidDeviceProfileSelector/Binaries/Win64/UE4Editor-AndroidDeviceProfileSelector.dll (API version 3944462).
LogModuleManager: Display: Found up-to-date module file ../../../Engine/Plugins/Runtime/AppleARKit/Binaries/Win64/UE4Editor-AppleARKit.dll (API version 3944462).
LogModuleManager: Display: Found up-to-date module file ../../../Engine/Plugins/Runtime/ProceduralMeshComponent/Binaries/Win64/UE4Editor-ProceduralMeshComponent.dll (API version 3944462).
LogModuleManager: Display: Found up-to-date module file ../../../Engine/Plugins/Runtime/ProceduralMeshComponent/Binaries/Win64/UE4Editor-ProceduralMeshComponentEditor.dll (API version 3944462).
LogModuleManager: Display: Found up-to-date module file ../../../Engine/Plugins/Animation/LiveLink/Binaries/Win64/UE4Editor-LiveLink.dll (API version 3944462).
LogModuleManager: Display: Found up-to-date module file ../../../Engine/Plugins/Animation/LiveLink/Binaries/Win64/UE4Editor-LiveLinkEditor.dll (API version 3944462).
LogModuleManager: Display: Found up-to-date module file ../../../Engine/Plugins/Runtime/ArchVisCharacter/Binaries/Win64/UE4Editor-ArchVisCharacter.dll (API version 3944462).
LogModuleManager: Display: Found up-to-date module file ../../../Engine/Plugins/Runtime/AudioCapture/Binaries/Win64/UE4Editor-AudioCapture.dll (API version 3944462).
LogModuleManager: Display: Found up-to-date module file ../../../Engine/Plugins/Runtime/AudioCapture/Binaries/Win64/UE4Editor-AudioCaptureEditor.dll (API version 3944462).
LogModuleManager: Display: Found up-to-date module file ../../../Engine/Plugins/Runtime/CableComponent/Binaries/Win64/UE4Editor-CableComponent.dll (API version 3944462).
LogModuleManager: Display: Found up-to-date module file ../../../Engine/Plugins/Runtime/CustomMeshComponent/Binaries/Win64/UE4Editor-CustomMeshComponent.dll (API version 3944462).
LogModuleManager: Display: Found up-to-date module file ../../../Engine/Plugins/Runtime/ExampleDeviceProfileSelector/Binaries/Win64/UE4Editor-ExampleDeviceProfileSelector.dll (API version 3944462).
LogModuleManager: Display: Found up-to-date module file ../../../Engine/Plugins/Runtime/ImmediatePhysics/Binaries/Win64/UE4Editor-ImmediatePhysics.dll (API version 3944462).
LogModuleManager: Display: Found up-to-date module file ../../../Engine/Plugins/Runtime/ImmediatePhysics/Binaries/Win64/UE4Editor-ImmediatePhysicsEditor.dll (API version 3944462).
LogModuleManager: Display: Found up-to-date module file ../../../Engine/Plugins/Runtime/LocationServicesBPLibrary/Binaries/Win64/UE4Editor-LocationServicesBPLibrary.dll (API version 3944462).
LogModuleManager: Display: Found up-to-date module file ../../../Engine/Plugins/Runtime/MobilePatchingUtils/Binaries/Win64/UE4Editor-MobilePatchingUtils.dll (API version 3944462).
LogModuleManager: Display: Found up-to-date module file ../../../Engine/Plugins/Runtime/Oculus/OculusVR/Binaries/Win64/UE4Editor-OculusHMD.dll (API version 3944462).
LogModuleManager: Display: Found up-to-date module file ../../../Engine/Plugins/Runtime/Oculus/OculusVR/Binaries/Win64/UE4Editor-OculusInput.dll (API version 3944462).
LogModuleManager: Display: Found up-to-date module file ../../../Engine/Plugins/Runtime/Oculus/OculusVR/Binaries/Win64/UE4Editor-OculusEditor.dll (API version 3944462).
LogModuleManager: Display: Found up-to-date module file ../../../Engine/Plugins/Runtime/PhysXVehicles/Binaries/Win64/UE4Editor-PhysXVehicles.dll (API version 3944462).
LogModuleManager: Display: Found up-to-date module file ../../../Engine/Plugins/Runtime/PhysXVehicles/Binaries/Win64/UE4Editor-PhysXVehiclesEditor.dll (API version 3944462).
LogModuleManager: Display: Found up-to-date module file ../../../Engine/Plugins/Runtime/RuntimePhysXCooking/Binaries/Win64/UE4Editor-RuntimePhysXCooking.dll (API version 3944462).
LogModuleManager: Display: Found up-to-date module file ../../../Engine/Plugins/Runtime/Steam/SteamVR/Binaries/Win64/UE4Editor-SteamVR.dll (API version 3944462).
LogModuleManager: Display: Found up-to-date module file ../../../Engine/Plugins/Runtime/Steam/SteamVR/Binaries/Win64/UE4Editor-SteamVRController.dll (API version 3944462).
LogModuleManager: Display: Found up-to-date module file ../../../Engine/Plugins/Runtime/WindowsMoviePlayer/Binaries/Win64/UE4Editor-WindowsMoviePlayer.dll (API version 3944462).
LogPluginManager: Mounting plugin Paper2D
LogPluginManager: Mounting plugin LiveLink
LogPluginManager: Mounting plugin LightPropagationVolume
LogPluginManager: Mounting plugin CLionSourceCodeAccess
LogPluginManager: Mounting plugin CodeLiteSourceCodeAccess
LogPluginManager: Mounting plugin GitSourceControl
LogPluginManager: Mounting plugin KDevelopSourceCodeAccess
LogPluginManager: Mounting plugin NullSourceCodeAccess
LogPluginManager: Mounting plugin PerforceSourceControl
LogPluginManager: Mounting plugin SubversionSourceControl
LogPluginManager: Mounting plugin UObjectPlugin
LogPluginManager: Mounting plugin VisualStudioCodeSourceCodeAccess
LogPluginManager: Mounting plugin VisualStudioSourceCodeAccess
LogPluginManager: Mounting plugin XCodeSourceCodeAccess
LogPluginManager: Mounting plugin AssetManagerEditor
LogPluginManager: Mounting plugin CryptoKeys
LogPluginManager: Mounting plugin DataValidation
LogPluginManager: Mounting plugin FacialAnimation
LogPluginManager: Mounting plugin GameplayTagsEditor
LogPluginManager: Mounting plugin MobileLauncherProfileWizard
LogPluginManager: Mounting plugin PluginBrowser
LogPluginManager: Mounting plugin SpeedTreeImporter
LogPluginManager: Mounting plugin DatasmithContent
LogPluginManager: Mounting plugin AlembicImporter
LogPluginManager: Mounting plugin CharacterAI
LogPluginManager: Mounting plugin HTML5Networking
LogPluginManager: Mounting plugin AndroidMedia
LogPluginManager: Mounting plugin AvfMedia
LogPluginManager: Mounting plugin ImgMedia
LogPluginManager: Mounting plugin LinearTimecode
LogPluginManager: Mounting plugin MediaCompositing
LogPluginManager: Mounting plugin MediaPlayerEditor
LogPluginManager: Mounting plugin WmfMedia
LogPluginManager: Mounting plugin TcpMessaging
LogPluginManager: Mounting plugin UdpMessaging
LogPluginManager: Mounting plugin ActorSequence
LogPluginManager: Mounting plugin LevelSequenceEditor
LogPluginManager: Mounting plugin MatineeToLevelSequence
LogPluginManager: Mounting plugin NetcodeUnitTest
LogPluginManager: Mounting plugin NUTUnrealEngine4
LogPluginManager: Mounting plugin OnlineSubsystemGooglePlay
LogPluginManager: Mounting plugin OnlineSubsystemIOS
LogPluginManager: Mounting plugin OnlineSubsystem
LogPluginManager: Mounting plugin OnlineSubsystemNull
LogPluginManager: Mounting plugin OnlineSubsystemUtils
LogPluginManager: Mounting plugin AndroidDeviceProfileSelector
LogPluginManager: Mounting plugin AndroidMoviePlayer
LogPluginManager: Mounting plugin AndroidPermission
LogPluginManager: Mounting plugin AppleARKit
LogPluginManager: Mounting plugin AppleMoviePlayer
LogPluginManager: Mounting plugin ArchVisCharacter
LogPluginManager: Mounting plugin AudioCapture
LogPluginManager: Mounting plugin CableComponent
LogPluginManager: Mounting plugin CustomMeshComponent
LogPluginManager: Mounting plugin ExampleDeviceProfileSelector
LogPluginManager: Mounting plugin GoogleCloudMessaging
LogPluginManager: Mounting plugin ImmediatePhysics
LogPluginManager: Mounting plugin IOSDeviceProfileSelector
LogPluginManager: Mounting plugin LinuxDeviceProfileSelector
LogPluginManager: Mounting plugin LocationServicesBPLibrary
LogPluginManager: Mounting plugin MobilePatchingUtils
LogPluginManager: Mounting plugin OculusVR
LogPluginManager: Plugin shader directory ../../../Engine/Plugins/Runtime/Oculus/OculusVR/Shaders found
LogPluginManager: Mapping shader source directory ../../../Engine/Plugins/Runtime/Oculus/OculusVR/Shaders to virtual directory /Plugin/OculusVR
LogPluginManager: Mounting plugin PhysXVehicles
LogPluginManager: Mounting plugin ProceduralMeshComponent
LogPluginManager: Mounting plugin RuntimePhysXCooking
LogPluginManager: Mounting plugin SteamVR
LogPluginManager: Mounting plugin WindowsMoviePlayer
LogStreaming: Display: Took  2.764s to configure plugins.
LogInit: Using libcurl 7.47.1
LogInit:  - built for x86_64-pc-win32
LogInit:  - supports SSL with OpenSSL/1.0.2g
LogInit:  - supports HTTP deflate (compression) using libz 1.2.8
LogInit:  - other features:
LogInit:      CURL_VERSION_SSL
LogInit:      CURL_VERSION_LIBZ
LogInit:      CURL_VERSION_IPV6
LogInit:      CURL_VERSION_ASYNCHDNS
LogInit:      CURL_VERSION_LARGEFILE
LogInit:      CURL_VERSION_IDN
LogInit:  CurlRequestOptions (configurable via config and command line):
LogInit:  - bVerifyPeer = false  - Libcurl will NOT verify peer certificate
LogInit:  - bUseHttpProxy = false  - Libcurl will NOT use HTTP proxy
LogInit:  - bDontReuseConnections = false  - Libcurl will reuse connections
LogInit:  - CertBundlePath = nullptr  - Libcurl will use whatever was configured at build time.
LogInit:  - MaxHostConnections = 16  - Libcurl will limit the number of connections to a host
LogInit:  - LocalHostAddr = Default
LogInit: WinSock: version 1.1 (2.2), MaxSocks=32767, MaxUdp=65467
LogInit: WinSock: I am DESKTOP-BHO469L (192.168.1.2:0)
LogInit: Build: ++UE4+Release-4.19-CL-4033788
LogInit: Engine Version: 4.19.2-4033788+++UE4+Release-4.19
LogInit: Compatible Engine Version: 4.19.0-3944462+++UE4+Release-4.19
LogInit: Net CL: 3944462
LogDevObjectVersion: Number of dev versions registered: 18
LogDevObjectVersion:   Dev-Blueprints (B0D832E4-1F89-4F0D-ACCF-7EB736FD4AA2): 10
LogDevObjectVersion:   Dev-Build (E1C64328-A22C-4D53-A36C-8E866417BD8C): 0
LogDevObjectVersion:   Dev-Core (375EC13C-06E4-48FB-B500-84F0262A717E): 2
LogDevObjectVersion:   Dev-Editor (E4B068ED-F494-42E9-A231-DA0B2E46BB41): 23
LogDevObjectVersion:   Dev-Framework (CFFC743F-43B0-4480-9391-14DF171D2073): 33
LogDevObjectVersion:   Dev-Mobile (B02B49B5-BB20-44E9-A304-32B752E40360): 2
LogDevObjectVersion:   Dev-Networking (A4E4105C-59A1-49B5-A7C5-40C4547EDFEE): 0
LogDevObjectVersion:   Dev-Online (39C831C9-5AE6-47DC-9A44-9C173E1C8E7C): 0
LogDevObjectVersion:   Dev-Physics (78F01B33-EBEA-4F98-B9B4-84EACCB95AA2): 0
LogDevObjectVersion:   Dev-Platform (6631380F-2D4D-43E0-8009-CF276956A95A): 0
LogDevObjectVersion:   Dev-Rendering (12F88B9F-8875-4AFC-A67C-D90C383ABD29): 25
LogDevObjectVersion:   Dev-Sequencer (7B5AE74C-D270-4C10-A958-57980B212A5A): 6
LogDevObjectVersion:   Dev-VR (D7296918-1DD6-4BDD-9DE2-64A83CC13884): 1
LogDevObjectVersion:   Dev-LoadTimes (C2A15278-BFE7-4AFE-6C17-90FF531DF755): 1
LogDevObjectVersion:   Private-Geometry (6EACA3D4-40EC-4CC1-B786-8BED09428FC5): 2
LogDevObjectVersion:   Dev-AnimPhys (29E575DD-E0A3-4627-9D10-D276232CDCEA): 16
LogDevObjectVersion:   Dev-ReflectionCapture (6B266CEC-1EC7-4B8F-A30B-E4D90942FC07): 1
LogDevObjectVersion:   Dev-Automation (0DF73D61-A23F-47EA-B727-89E90C41499A): 1
LogInit: Compiled (64-bit): Apr 27 2018 02:06:57
LogInit: Compiled with Visual C++: 19.00.24215.01
LogInit: Build Configuration: Development
LogInit: Branch Name: ++UE4+Release-4.19
LogInit: Command Line: -EpicPortal 
LogInit: Base Directory: C:/Program Files/Epic Games/UE_4.19/Engine/Binaries/Win64/
LogInit: Installed Engine Build: 1
LogStreaming: Display: Took  0.008s to delete old logs.
LogInit: Presizing for max 8388607 objects, including 0 objects not considered by GC, pre-allocating 0 bytes for permanent pool.
LogInit: Object subsystem initialized
[2018.06.15-15.48.18:114][  0]LogInit: Selected Device Profile: [Windows]
[2018.06.15-15.48.18:114][  0]LogInit: Applying CVar settings loaded from the selected device profile: [Windows]
[2018.06.15-15.48.18:153][  0]LogInit: Computer: DESKTOP-BHO469L
[2018.06.15-15.48.18:153][  0]LogInit: User: LAW
[2018.06.15-15.48.18:153][  0]LogInit: CPU Page size=4096, Cores=3
[2018.06.15-15.48.18:153][  0]LogInit: High frequency timer resolution =3.236978 MHz
[2018.06.15-15.48.18:154][  0]LogMemory: Memory total: Physical=16.0GB (16GB approx)
[2018.06.15-15.48.18:154][  0]LogMemory: Platform Memory Stats for Windows
[2018.06.15-15.48.18:154][  0]LogMemory: Process Physical Memory: 273.00 MB used, 273.00 MB peak
[2018.06.15-15.48.18:154][  0]LogMemory: Process Virtual Memory: 262.28 MB used, 262.28 MB peak
[2018.06.15-15.48.18:154][  0]LogMemory: Physical Memory: 3692.53 MB used,  12689.02 MB free, 16381.55 MB total
[2018.06.15-15.48.18:154][  0]LogMemory: Virtual Memory: 4780.77 MB used,  12689.02 MB free, 134217728.00 MB total
[2018.06.15-15.48.18:197][  0]LogInit: Using OS detected language (en-US).
[2018.06.15-15.48.18:197][  0]LogInit: Using OS detected locale (en-US).
[2018.06.15-15.48.18:204][  0]LogTextLocalizationManager: No specific localization for 'en-US' exists, so the 'en' localization will be used.
[2018.06.15-15.48.19:114][  0]LogStreaming: Display: Took  0.917s to EndInitTextLocalization.
[2018.06.15-15.48.19:114][  0]LogInit: Setting process to per monitor DPI aware
[2018.06.15-15.48.19:179][  0]LogSlate: New Slate User Created.  User Index 0, Is Virtual User: 0
[2018.06.15-15.48.19:179][  0]LogSlate: Slate User Registered.  User Index 0, Is Virtual User: 0
[2018.06.15-15.48.19:626][  0]LogD3D11RHI: D3D11 adapters:
[2018.06.15-15.48.19:704][  0]LogD3D11RHI:    0. 'NVIDIA GeForce GTX 580' (Feature Level 11_0)
[2018.06.15-15.48.19:704][  0]LogD3D11RHI:       1488/0/8190 MB DedicatedVideo/DedicatedSystem/SharedSystem, Outputs:1, VendorId:0x10de
[2018.06.15-15.48.19:707][  0]LogD3D11RHI:    1. 'Microsoft Basic Render Driver' (Feature Level 11_0)
[2018.06.15-15.48.19:707][  0]LogD3D11RHI:       0/0/8190 MB DedicatedVideo/DedicatedSystem/SharedSystem, Outputs:0, VendorId:0x1414
[2018.06.15-15.48.19:707][  0]LogD3D11RHI: Chosen D3D11 Adapter: 0
[2018.06.15-15.48.19:719][  0]LogD3D11RHI: Creating new Direct3DDevice
[2018.06.15-15.48.19:719][  0]LogD3D11RHI:     GPU DeviceId: 0x1080 (for the marketing name, search the web for "GPU Device Id")
[2018.06.15-15.48.19:719][  0]LogWindows: EnumDisplayDevices:
[2018.06.15-15.48.19:719][  0]LogWindows:    0. 'NVIDIA GeForce GTX 580' (P:1 D:1)
[2018.06.15-15.48.19:720][  0]LogWindows:    1. 'NVIDIA GeForce GTX 580' (P:0 D:0)
[2018.06.15-15.48.19:720][  0]LogWindows: DebugString: GetVideoDriverDetailsInvalid PrimaryIsNotTheChoosenAdapter GetVideoDriverDetailsInvalid PrimaryIsNotTheChoosenAdapter FoundDriverCount:0 
[2018.06.15-15.48.19:720][  0]LogD3D11RHI:     Adapter Name: NVIDIA GeForce GTX 580
[2018.06.15-15.48.19:720][  0]LogD3D11RHI:   Driver Version: Unknown (internal:Unknown, unified:Unknown)
[2018.06.15-15.48.19:720][  0]LogD3D11RHI:      Driver Date: Unknown
[2018.06.15-15.48.19:720][  0]LogRHI: Texture pool is 1041 MB (70% of 1488 MB)
[2018.06.15-15.48.19:771][  0]LogD3D11RHI: Display: Timestamp queries are currently disabled on this hardware due to instability. Realtime GPU stats will not be available. You can override this behaviour by setting r.NVIDIATimestampWorkaround to 0
[2018.06.15-15.48.19:772][  0]LogD3D11RHI: [Aftermath] Aftermath enabled and primed
[2018.06.15-15.48.19:772][  0]LogD3D11RHI: [Aftermath] Aftermath enabled and primed
[2018.06.15-15.48.19:772][  0]LogD3D11RHI: Async texture creation enabled
[2018.06.15-15.48.19:790][  0]LogD3D11RHI: GPU Timing Frequency: 1000.000000 (Debug: 2 1)
[2018.06.15-15.48.19:793][  0]LogShaderCompilers: Guid format shader working directory is 16 characters bigger than the processId version (E:/_Unreal/EggBoyDevelopment/Intermediate/Shaders/WorkingDirectory/9980/).
[2018.06.15-15.48.19:794][  0]LogShaderCompilers: Cleaned the shader compiler working directory 'C:/Users/LAW/AppData/Local/Temp/UnrealShaderWorkingDir/6643CB8A471A93B31FDED99AD7B5A948/'.
[2018.06.15-15.48.20:228][  0]LogTemp: Display: Loaded TP AllDesktopTargetPlatform
[2018.06.15-15.48.20:267][  0]LogTemp: Display: Loaded TP MacClientTargetPlatform
[2018.06.15-15.48.20:301][  0]LogTemp: Display: Loaded TP MacNoEditorTargetPlatform
[2018.06.15-15.48.20:343][  0]LogTemp: Display: Loaded TP MacServerTargetPlatform
[2018.06.15-15.48.20:382][  0]LogTemp: Display: Loaded TP MacTargetPlatform
[2018.06.15-15.48.20:425][  0]LogTemp: Display: Loaded TP WindowsClientTargetPlatform
[2018.06.15-15.48.20:465][  0]LogTemp: Display: Loaded TP WindowsNoEditorTargetPlatform
[2018.06.15-15.48.20:500][  0]LogTemp: Display: Loaded TP WindowsServerTargetPlatform
[2018.06.15-15.48.20:516][  0]LogTemp: Display: Loaded TP WindowsTargetPlatform
[2018.06.15-15.48.20:553][  0]LogTemp: Display: Loaded TP Android_ASTCTargetPlatform
[2018.06.15-15.48.20:581][  0]LogTemp: Display: Loaded TP Android_ATCTargetPlatform
[2018.06.15-15.48.20:614][  0]LogTemp: Display: Loaded TP Android_DXTTargetPlatform
[2018.06.15-15.48.20:650][  0]LogTemp: Display: Loaded TP Android_ETC1aTargetPlatform
[2018.06.15-15.48.20:684][  0]LogTemp: Display: Loaded TP Android_ETC1TargetPlatform
[2018.06.15-15.48.20:717][  0]LogTemp: Display: Loaded TP Android_ETC2TargetPlatform
[2018.06.15-15.48.20:785][  0]LogTemp: Display: Loaded TP Android_MultiTargetPlatform
[2018.06.15-15.48.20:785][  0]LogTemp: Display: Loaded TP Android_PVRTCTargetPlatform
[2018.06.15-15.48.20:821][  0]LogTemp: Display: Loaded TP AndroidTargetPlatform
[2018.06.15-15.48.20:824][  0]LogTemp: Display: Loaded TP HTML5TargetPlatform
[2018.06.15-15.48.20:886][  0]LogTemp: Display: Loaded TP IOSTargetPlatform
[2018.06.15-15.48.20:919][  0]LogTemp: Display: Loaded TP TVOSTargetPlatform
[2018.06.15-15.48.20:947][  0]LogTemp: Display: Loaded TP LinuxClientTargetPlatform
[2018.06.15-15.48.20:981][  0]LogTemp: Display: Loaded TP LinuxNoEditorTargetPlatform
[2018.06.15-15.48.21:017][  0]LogTemp: Display: Loaded TP LinuxServerTargetPlatform
[2018.06.15-15.48.21:048][  0]LogTemp: Display: Loaded TP LinuxTargetPlatform
[2018.06.15-15.48.21:048][  0]LogTargetPlatformManager: Display: Building Assets For Windows
[2018.06.15-15.48.21:335][  0]LogXGEController: Cannot use XGE Controller as Incredibuild is not installed on this machine.
[2018.06.15-15.48.21:336][  0]LogShaderCompilers: Cannot use XGE Shader Compiler as Incredibuild is not installed on this machine.
[2018.06.15-15.48.21:336][  0]LogShaderCompilers: Display: Using Local Shader Compiler.
[2018.06.15-15.48.23:186][  0]LogDerivedDataCache: Display: Max Cache Size: 512 MB
[2018.06.15-15.48.23:348][  0]LogDerivedDataCache: Loaded boot cache 0.16s 74MB C:/Users/LAW/AppData/Local/UnrealEngine/4.19/DerivedDataCache/Boot.ddc.
[2018.06.15-15.48.23:348][  0]LogDerivedDataCache: Display: Loaded Boot cache: C:/Users/LAW/AppData/Local/UnrealEngine/4.19/DerivedDataCache/Boot.ddc
[2018.06.15-15.48.23:348][  0]LogDerivedDataCache: FDerivedDataBackendGraph:  Pak pak cache file E:/_Unreal/EggBoyDevelopment/DerivedDataCache/DDC.ddp not found, will not use a pak cache.
[2018.06.15-15.48.23:348][  0]LogDerivedDataCache: Unable to find inner node Pak for hierarchical cache Hierarchy.
[2018.06.15-15.48.23:348][  0]LogDerivedDataCache: FDerivedDataBackendGraph:  CompressedPak pak cache file E:/_Unreal/EggBoyDevelopment/DerivedDataCache/Compressed.ddp not found, will not use a pak cache.
[2018.06.15-15.48.23:348][  0]LogDerivedDataCache: Unable to find inner node CompressedPak for hierarchical cache Hierarchy.
[2018.06.15-15.48.23:383][  0]LogDerivedDataCache: Display: Pak cache opened for reading ../../../Engine/DerivedDataCache/Compressed.ddp.
[2018.06.15-15.48.23:397][  0]LogDerivedDataCache: Using Local data cache path C:/Users/LAW/AppData/Local/UnrealEngine/Common/DerivedDataCache: Writable
[2018.06.15-15.48.23:397][  0]LogDerivedDataCache: Shared data cache path not found in *engine.ini, will not use an Shared cache.
[2018.06.15-15.48.23:397][  0]LogDerivedDataCache: Unable to find inner node Shared for hierarchical cache Hierarchy.
[2018.06.15-15.48.23:427][  0]LogMaterial: Verifying Global Shaders for PCD3D_SM5
[2018.06.15-15.48.23:428][  0]LogSlate: Using Freetype 2.6.0
[2018.06.15-15.48.23:429][  0]LogSlate: SlateFontCache - WITH_FREETYPE: 1, WITH_HARFBUZZ: 1
[2018.06.15-15.48.23:429][  0]LogSlate: SlateFontCache - WITH_FREETYPE: 1, WITH_HARFBUZZ: 1
[2018.06.15-15.48.23:685][  0]LogAssetRegistry: FAssetRegistry took 0.0317 seconds to start up
[2018.06.15-15.48.24:556][  0]LogInit: Selected Device Profile: [Windows]
[2018.06.15-15.48.24:925][  0]LogSimplygon: Simplygon DLL not present - disabling.
[2018.06.15-15.48.24:931][  0]LogMeshReduction: Using SimplygonSwarm for distributed automatic mesh merging
[2018.06.15-15.48.24:931][  0]LogMeshReduction: Using QuadricMeshReduction for automatic static mesh reduction
[2018.06.15-15.48.24:931][  0]LogMeshReduction: No automatic skeletal mesh reduction module available
[2018.06.15-15.48.24:931][  0]LogMeshReduction: No automatic mesh merging module available
[2018.06.15-15.48.24:931][  0]LogMeshMerging: No automatic mesh merging module available
[2018.06.15-15.48.25:008][  0]LogNetVersion: Eggboy , NetCL: 3944462, EngineNetVer: 2, GameNetVer: 0 (Checksum: 227181994)
[2018.06.15-15.48.25:954][  0]LogPackageLocalizationCache: Processed 9 localized package path(s) for 2 prioritized culture(s) in 0.172205 seconds
[2018.06.15-15.48.25:966][  0]LogUObjectArray: 36728 objects as part of root set at end of initial load.
[2018.06.15-15.48.25:966][  0]LogUObjectAllocator: 7314304 out of 0 bytes used by permanent object pool.
[2018.06.15-15.48.25:966][  0]LogUObjectArray: CloseDisregardForGC: 0/0 objects in disregard for GC pool
[2018.06.15-15.48.29:441][  0]LogTcpMessaging: Initializing TcpMessaging bridge
[2018.06.15-15.48.29:499][  0]LogUdpMessaging: Initializing bridge on interface 0.0.0.0:0 to multicast group 230.0.0.1:6666.
[2018.06.15-15.48.30:318][  0]SourceControl: Source control is disabled
[2018.06.15-15.48.30:318][  0]SourceControl: Source control is disabled
[2018.06.15-15.48.30:367][  0]SourceControl: Source control is disabled
[2018.06.15-15.48.30:415][  0]SourceControl: Source control is disabled
[2018.06.15-15.48.31:523][  0]LogAndroidPermission: UAndroidPermissionCallbackProxy::GetInstance
[2018.06.15-15.48.31:928][  0]LogOcInput: OculusInput pre-init called
[2018.06.15-15.48.32:187][  0]LogEngine: Initializing Engine...
[2018.06.15-15.48.32:190][  0]LogHMD: Failed to initialize OpenVR with code 110
[2018.06.15-15.48.32:193][  0]LogStats: UGameplayTagsManager::ConstructGameplayTagTree: Construct from data asset -  0.000 s
[2018.06.15-15.48.32:193][  0]LogStats: UGameplayTagsManager::ConstructGameplayTagTree: GameplayTagTreeChangedEvent.Broadcast -  0.000 s
[2018.06.15-15.48.32:655][  0]LogAIModule: Creating AISystem for world Untitled
[2018.06.15-15.48.32:711][  0]LogInit: XAudio2 using 'Speakers (AudioBox USB)' : 2 channels at 44.1 kHz using 32 bits per sample (channel mask 0x3)
[2018.06.15-15.48.32:824][  0]LogInit: FAudioDevice initialized.
[2018.06.15-15.48.33:016][  0]LogDerivedDataCache: Saved boot cache 0.19s 74MB C:/Users/LAW/AppData/Local/UnrealEngine/4.19/DerivedDataCache/Boot.ddc.
[2018.06.15-15.48.33:055][  0]LogInit: Texture streaming: Enabled
[2018.06.15-15.48.33:099][  0]LogEngineSessionManager: EngineSessionManager initialized
[2018.06.15-15.48.33:125][  0]LogInit: Transaction tracking system initialized
[2018.06.15-15.48.33:192][  0]BlueprintLog: New page: Editor Load
[2018.06.15-15.48.33:380][  0]LocalizationService: Localization service is disabled
[2018.06.15-15.48.33:609][  0]LogConsoleResponse: Display: 
[2018.06.15-15.48.33:983][  0]LogCook: Display: Max memory allowance for cook 16384mb min free memory 0mb
[2018.06.15-15.48.33:983][  0]LogCook: Display: Mobile HDR setting 1
[2018.06.15-15.48.33:983][  0]LogGameplayTags: Display: UGameplayTagsManager::DoneAddingNativeTags. DelegateIsBound: 0
[2018.06.15-15.48.33:983][  0]LogStats: UGameplayTagsManager::ConstructGameplayTagTree: Construct from data asset -  0.000 s
[2018.06.15-15.48.33:983][  0]LogStats: UGameplayTagsManager::ConstructGameplayTagTree: GameplayTagTreeChangedEvent.Broadcast -  0.000 s
[2018.06.15-15.48.34:258][  0]LogFileCache: Scanning file cache for directory 'E:/_Unreal/EggBoyDevelopment/Content/' took 0.17s
[2018.06.15-15.48.35:013][  0]SourceControl: Source control is disabled
[2018.06.15-15.48.35:013][  0]Cmd: MAP LOAD FILE="E:/_Unreal/EggBoyDevelopment/Content/ThirdPersonBP/Maps/ThirdPersonExampleMap.umap" TEMPLATE=0 SHOWPROGRESS=1 FEATURELEVEL=3
[2018.06.15-15.48.35:044][  0]LightingResults: New page: Lighting Build
[2018.06.15-15.48.35:050][  0]MapCheck: New page: Map Check
[2018.06.15-15.48.35:050][  0]LightingResults: New page: Lighting Build
[2018.06.15-15.48.35:938][  0]LogLinker: Warning: Asset 'E:/_Unreal/EggBoyDevelopment/Content/Norman/Animations/Character/Norman_AnimBP.uasset' has been saved with empty engine version. The asset will be loaded but may be incompatible.
[2018.06.15-15.48.36:002][  0]LogLinker: Warning: Asset 'E:/_Unreal/EggBoyDevelopment/Content/Norman/Animations/Character/norman_carry.uasset' has been saved with empty engine version. The asset will be loaded but may be incompatible.
[2018.06.15-15.48.36:016][  0]LogLinker: Warning: Asset 'E:/_Unreal/EggBoyDevelopment/Content/Norman/Animations/Character/norman_collect.uasset' has been saved with empty engine version. The asset will be loaded but may be incompatible.
[2018.06.15-15.48.36:030][  0]LogLinker: Warning: Asset 'E:/_Unreal/EggBoyDevelopment/Content/Norman/Animations/Character/norman_dance.uasset' has been saved with empty engine version. The asset will be loaded but may be incompatible.
[2018.06.15-15.48.36:041][  0]LogLinker: Warning: Asset 'E:/_Unreal/EggBoyDevelopment/Content/Norman/Animations/Character/norman_death.uasset' has been saved with empty engine version. The asset will be loaded but may be incompatible.
[2018.06.15-15.48.36:064][  0]LogLinker: Warning: Asset 'E:/_Unreal/EggBoyDevelopment/Content/Norman/Animations/Character/norman_pickup.uasset' has been saved with empty engine version. The asset will be loaded but may be incompatible.
[2018.06.15-15.48.36:079][  0]LogLinker: Warning: Asset 'E:/_Unreal/EggBoyDevelopment/Content/Norman/Animations/Character/norman_place.uasset' has been saved with empty engine version. The asset will be loaded but may be incompatible.
[2018.06.15-15.48.36:098][  0]LogLinker: Warning: Asset 'E:/_Unreal/EggBoyDevelopment/Content/Norman/Animations/Character/norman_press.uasset' has been saved with empty engine version. The asset will be loaded but may be incompatible.
[2018.06.15-15.48.36:109][  0]LogLinker: Warning: Asset 'E:/_Unreal/EggBoyDevelopment/Content/Norman/Animations/Character/norman_pull.uasset' has been saved with empty engine version. The asset will be loaded but may be incompatible.
[2018.06.15-15.48.36:128][  0]LogLinker: Warning: Asset 'E:/_Unreal/EggBoyDevelopment/Content/Norman/Animations/Character/norman_push.uasset' has been saved with empty engine version. The asset will be loaded but may be incompatible.
[2018.06.15-15.48.36:141][  0]LogLinker: Warning: Asset 'E:/_Unreal/EggBoyDevelopment/Content/Norman/Animations/Character/norman_put_away.uasset' has been saved with empty engine version. The asset will be loaded but may be incompatible.
[2018.06.15-15.48.36:150][  0]LogLinker: Warning: Asset 'E:/_Unreal/EggBoyDevelopment/Content/Norman/Animations/Character/norman_spawn.uasset' has been saved with empty engine version. The asset will be loaded but may be incompatible.
[2018.06.15-15.48.36:162][  0]LogLinker: Warning: Asset 'E:/_Unreal/EggBoyDevelopment/Content/Norman/Animations/Character/norman_talk.uasset' has been saved with empty engine version. The asset will be loaded but may be incompatible.
[2018.06.15-15.48.36:192][  0]LogLinker: Warning: Asset 'E:/_Unreal/EggBoyDevelopment/Content/Norman/Animations/Character/ThirdPerson_Jump.uasset' has been saved with empty engine version. The asset will be loaded but may be incompatible.
[2018.06.15-15.48.36:205][  0]LogLinker: Warning: Asset 'E:/_Unreal/EggBoyDevelopment/Content/Norman/Animations/Character/ThirdPersonJump_Loop.uasset' has been saved with empty engine version. The asset will be loaded but may be incompatible.
[2018.06.15-15.48.36:215][  0]LogLinker: Warning: Asset 'E:/_Unreal/EggBoyDevelopment/Content/Norman/Animations/Character/ThirdPersonJump_Start.uasset' has been saved with empty engine version. The asset will be loaded but may be incompatible.
[2018.06.15-15.48.36:237][  0]LogLinker: Warning: Asset 'E:/_Unreal/EggBoyDevelopment/Content/Norman/Animations/Character/Blends/Aim/NormanAim_BlendSpace.uasset' has been saved with empty engine version. The asset will be loaded but may be incompatible.
[2018.06.15-15.48.36:247][  0]LogLinker: Warning: Asset 'E:/_Unreal/EggBoyDevelopment/Content/Norman/Animations/Character/Blends/Aim/norman_aim_down_pose.uasset' has been saved with empty engine version. The asset will be loaded but may be incompatible.
[2018.06.15-15.48.36:257][  0]LogLinker: Warning: Asset 'E:/_Unreal/EggBoyDevelopment/Content/Norman/Animations/Character/Blends/Aim/norman_aim_left_pose.uasset' has been saved with empty engine version. The asset will be loaded but may be incompatible.
[2018.06.15-15.48.36:265][  0]LogLinker: Warning: Asset 'E:/_Unreal/EggBoyDevelopment/Content/Norman/Animations/Character/Blends/Aim/norman_aim_leftdown_pose.uasset' has been saved with empty engine version. The asset will be loaded but may be incompatible.
[2018.06.15-15.48.36:275][  0]LogLinker: Warning: Asset 'E:/_Unreal/EggBoyDevelopment/Content/Norman/Animations/Character/Blends/Aim/norman_aim_leftup_pose.uasset' has been saved with empty engine version. The asset will be loaded but may be incompatible.
[2018.06.15-15.48.36:287][  0]LogLinker: Warning: Asset 'E:/_Unreal/EggBoyDevelopment/Content/Norman/Animations/Character/Blends/Aim/norman_aim_pose.uasset' has been saved with empty engine version. The asset will be loaded but may be incompatible.
[2018.06.15-15.48.36:299][  0]LogLinker: Warning: Asset 'E:/_Unreal/EggBoyDevelopment/Content/Norman/Animations/Character/Blends/Aim/norman_aim_right_pose.uasset' has been saved with empty engine version. The asset will be loaded but may be incompatible.
[2018.06.15-15.48.36:310][  0]LogLinker: Warning: Asset 'E:/_Unreal/EggBoyDevelopment/Content/Norman/Animations/Character/Blends/Aim/norman_aim_rightdown_pose.uasset' has been saved with empty engine version. The asset will be loaded but may be incompatible.
[2018.06.15-15.48.36:322][  0]LogLinker: Warning: Asset 'E:/_Unreal/EggBoyDevelopment/Content/Norman/Animations/Character/Blends/Aim/norman_aim_rightup_pose.uasset' has been saved with empty engine version. The asset will be loaded but may be incompatible.
[2018.06.15-15.48.36:336][  0]LogLinker: Warning: Asset 'E:/_Unreal/EggBoyDevelopment/Content/Norman/Animations/Character/Blends/Aim/norman_aim_up_pose.uasset' has been saved with empty engine version. The asset will be loaded but may be incompatible.
[2018.06.15-15.48.36:352][  0]LogLinker: Warning: Asset 'E:/_Unreal/EggBoyDevelopment/Content/Norman/Animations/Character/Blends/NormanIdleRun_Blendspace.uasset' has been saved with empty engine version. The asset will be loaded but may be incompatible.
[2018.06.15-15.48.36:361][  0]LogLinker: Warning: Asset 'E:/_Unreal/EggBoyDevelopment/Content/Norman/Animations/Character/norman_idle.uasset' has been saved with empty engine version. The asset will be loaded but may be incompatible.
[2018.06.15-15.48.36:376][  0]LogLinker: Warning: Asset 'E:/_Unreal/EggBoyDevelopment/Content/Norman/Animations/Character/norman_run.uasset' has been saved with empty engine version. The asset will be loaded but may be incompatible.
[2018.06.15-15.48.36:389][  0]LogLinker: Warning: Asset 'E:/_Unreal/EggBoyDevelopment/Content/Norman/Animations/Character/norman_walk.uasset' has been saved with empty engine version. The asset will be loaded but may be incompatible.
[2018.06.15-15.48.36:402][  0]LogLinker: Warning: Asset 'E:/_Unreal/EggBoyDevelopment/Content/Norman/Animations/Character/Blends/NormanTrudge_Blendspace.uasset' has been saved with empty engine version. The asset will be loaded but may be incompatible.
[2018.06.15-15.48.36:413][  0]LogLinker: Warning: Asset 'E:/_Unreal/EggBoyDevelopment/Content/Norman/Animations/Character/norman_trudge.uasset' has been saved with empty engine version. The asset will be loaded but may be incompatible.
[2018.06.15-15.48.36:423][  0]LogLinker: Warning: Asset 'E:/_Unreal/EggBoyDevelopment/Content/Norman/Animations/Character/Blends/Shoot/NormanShoot_Blendspace.uasset' has been saved with empty engine version. The asset will be loaded but may be incompatible.
[2018.06.15-15.48.36:432][  0]LogLinker: Warning: Asset 'E:/_Unreal/EggBoyDevelopment/Content/Norman/Animations/Character/Blends/Shoot/norman_shooting_base.uasset' has been saved with empty engine version. The asset will be loaded but may be incompatible.
[2018.06.15-15.48.36:444][  0]LogLinker: Warning: Asset 'E:/_Unreal/EggBoyDevelopment/Content/Norman/Animations/Character/Blends/Shoot/norman_shooting_reload.uasset' has been saved with empty engine version. The asset will be loaded but may be incompatible.
[2018.06.15-15.48.36:455][  0]LogLinker: Warning: Asset 'E:/_Unreal/EggBoyDevelopment/Content/Norman/Animations/Character/Blends/Shoot/norman_shooting_shoot.uasset' has been saved with empty engine version. The asset will be loaded but may be incompatible.
[2018.06.15-15.48.36:472][  0]LogLinker: Warning: Asset 'E:/_Unreal/EggBoyDevelopment/Content/Norman/Blueprints/Enums/NormanStates.uasset' has been saved with empty engine version. The asset will be loaded but may be incompatible.
[2018.06.15-15.48.36:475][  0]LogUObjectGlobals: Created PersistentFrame Addr=0x00000237c8d12200, Size=768, Default__NormanCharacter_C Function /Game/Norman/Blueprints/Character/NormanCharacter.NormanCharacter_C:ExecuteUbergraph_NormanCharacter
[2018.06.15-15.48.36:573][  0]LogUObjectGlobals: Created PersistentFrame Addr=0x00000237c1684c60, Size=224, Default__Norman_AnimBP_C Function /Game/Norman/Animations/Character/Norman_AnimBP.Norman_AnimBP_C:ExecuteUbergraph_Norman_AnimBP
[2018.06.15-15.48.36:598][  0]LogUObjectGlobals: Created PersistentFrame Addr=0x00000237d95dd200, Size=240, Default__Norman_AnimBP1_C Function /Game/Norman_AnimBP1.Norman_AnimBP1_C:ExecuteUbergraph_Norman_AnimBP1
[2018.06.15-15.48.36:633][  0]LogLinker: Warning: Asset 'E:/_Unreal/EggBoyDevelopment/Content/Norman/Meshes/Accessories/norman_antenna_v1.uasset' has been saved with empty engine version. The asset will be loaded but may be incompatible.
[2018.06.15-15.48.36:643][  0]LogLinker: Warning: Asset 'E:/_Unreal/EggBoyDevelopment/Content/Norman/Meshes/Accessories/norman_antenna_v1_Skeleton.uasset' has been saved with empty engine version. The asset will be loaded but may be incompatible.
[2018.06.15-15.48.36:657][  0]LogLinker: Warning: Asset 'E:/_Unreal/EggBoyDevelopment/Content/Norman/Materials/Character/Norman_M.uasset' has been saved with empty engine version. The asset will be loaded but may be incompatible.
[2018.06.15-15.48.36:716][  0]LogLinker: Warning: Asset 'E:/_Unreal/EggBoyDevelopment/Content/Norman/Textures/Character/albedo.uasset' has been saved with empty engine version. The asset will be loaded but may be incompatible.
[2018.06.15-15.48.36:725][  0]LogLinker: Warning: Asset 'E:/_Unreal/EggBoyDevelopment/Content/Norman/Textures/Character/emissive.uasset' has been saved with empty engine version. The asset will be loaded but may be incompatible.
[2018.06.15-15.48.36:735][  0]LogLinker: Warning: Asset 'E:/_Unreal/EggBoyDevelopment/Content/Norman/Textures/Character/Faces/norman_default_face.uasset' has been saved with empty engine version. The asset will be loaded but may be incompatible.
[2018.06.15-15.48.36:747][  0]LogLinker: Warning: Asset 'E:/_Unreal/EggBoyDevelopment/Content/Norman/Textures/Character/metal.uasset' has been saved with empty engine version. The asset will be loaded but may be incompatible.
[2018.06.15-15.48.36:773][  0]LogLinker: Warning: Asset 'E:/_Unreal/EggBoyDevelopment/Content/Norman/Textures/Character/NoiseFace.uasset' has been saved with empty engine version. The asset will be loaded but may be incompatible.
[2018.06.15-15.48.36:783][  0]LogLinker: Warning: Asset 'E:/_Unreal/EggBoyDevelopment/Content/Norman/Textures/Character/normal.uasset' has been saved with empty engine version. The asset will be loaded but may be incompatible.
[2018.06.15-15.48.36:800][  0]LogLinker: Warning: Asset 'E:/_Unreal/EggBoyDevelopment/Content/Norman/Textures/Character/rough.uasset' has been saved with empty engine version. The asset will be loaded but may be incompatible.
[2018.06.15-15.48.36:822][  0]LogLinker: Warning: Asset 'E:/_Unreal/EggBoyDevelopment/Content/Norman/Meshes/Accessories/norman_battery_v1.uasset' has been saved with empty engine version. The asset will be loaded but may be incompatible.
[2018.06.15-15.48.36:831][  0]LogLinker: Warning: Asset 'E:/_Unreal/EggBoyDevelopment/Content/Norman/Meshes/Accessories/norman_battery_v1_Skeleton.uasset' has been saved with empty engine version. The asset will be loaded but may be incompatible.
[2018.06.15-15.48.36:845][  0]LogLinker: Warning: Asset 'E:/_Unreal/EggBoyDevelopment/Content/Norman/Animations/Weapons/Slingshot/Slingshot_AnimBlueprint.uasset' has been saved with empty engine version. The asset will be loaded but may be incompatible.
[2018.06.15-15.48.36:855][  0]LogLinker: Warning: Asset 'E:/_Unreal/EggBoyDevelopment/Content/Norman/Animations/Weapons/Slingshot/slingshot_idle.uasset' has been saved with empty engine version. The asset will be loaded but may be incompatible.
[2018.06.15-15.48.36:864][  0]LogLinker: Warning: Asset 'E:/_Unreal/EggBoyDevelopment/Content/Norman/Meshes/Weapons/Slingshot/slingshot_Skeleton.uasset' has been saved with empty engine version. The asset will be loaded but may be incompatible.
[2018.06.15-15.48.36:875][  0]LogLinker: Warning: Asset 'E:/_Unreal/EggBoyDevelopment/Content/Norman/Animations/Weapons/Slingshot/SlingshotShoot_Blendspace.uasset' has been saved with empty engine version. The asset will be loaded but may be incompatible.
[2018.06.15-15.48.36:888][  0]LogLinker: Warning: Asset 'E:/_Unreal/EggBoyDevelopment/Content/Norman/Animations/Weapons/Slingshot/slingshot_shoot.uasset' has been saved with empty engine version. The asset will be loaded but may be incompatible.
[2018.06.15-15.48.36:900][  0]LogLinker: Warning: Asset 'E:/_Unreal/EggBoyDevelopment/Content/Norman/Animations/Weapons/Slingshot/slingshot_stretch.uasset' has been saved with empty engine version. The asset will be loaded but may be incompatible.
[2018.06.15-15.48.36:913][  0]LogLinker: Warning: Asset 'E:/_Unreal/EggBoyDevelopment/Content/Norman/Meshes/Accessories/norman_zipper_v1.uasset' has been saved with empty engine version. The asset will be loaded but may be incompatible.
[2018.06.15-15.48.36:922][  0]LogLinker: Warning: Asset 'E:/_Unreal/EggBoyDevelopment/Content/Norman/Meshes/Accessories/norman_zipper_v1_Skeleton.uasset' has been saved with empty engine version. The asset will be loaded but may be incompatible.
[2018.06.15-15.48.36:930][  0]LogUObjectGlobals: Created PersistentFrame Addr=0x00000237bd23aed0, Size=40, Default__Slingshot_AnimBlueprint_C Function /Game/Norman/Animations/Weapons/Slingshot/Slingshot_AnimBlueprint.Slingshot_AnimBlueprint_C:ExecuteUbergraph_Slingshot_AnimBlueprint
[2018.06.15-15.48.37:015][  0]LogLinker: Warning: Asset 'E:/_Unreal/EggBoyDevelopment/Content/Norman/Blueprints/Interfaces/INormanAnimations.uasset' has been saved with empty engine version. The asset will be loaded but may be incompatible.
[2018.06.15-15.48.37:057][  0]LogLinker: Warning: Asset 'E:/_Unreal/EggBoyDevelopment/Content/Norman/Meshes/Weapons/Slingshot/slingshot.uasset' has been saved with empty engine version. The asset will be loaded but may be incompatible.
[2018.06.15-15.48.37:065][  0]LogLinker: Warning: Asset 'E:/_Unreal/EggBoyDevelopment/Content/Norman/Meshes/Weapons/Slingshot/slingshot_PhysicsAsset.uasset' has been saved with empty engine version. The asset will be loaded but may be incompatible.
[2018.06.15-15.48.37:075][  0]LogLinker: Warning: Asset 'E:/_Unreal/EggBoyDevelopment/Content/Norman/Materials/Weapons/Slingshot/Slingshot_M.uasset' has been saved with empty engine version. The asset will be loaded but may be incompatible.
[2018.06.15-15.48.37:090][  0]LogLinker: Warning: Asset 'E:/_Unreal/EggBoyDevelopment/Content/Norman/Textures/Weapons/Slingshot/slingshot_albedo.uasset' has been saved with empty engine version. The asset will be loaded but may be incompatible.
[2018.06.15-15.48.37:101][  0]LogLinker: Warning: Asset 'E:/_Unreal/EggBoyDevelopment/Content/Norman/Textures/Weapons/Slingshot/slingshot_metallic.uasset' has been saved with empty engine version. The asset will be loaded but may be incompatible.
[2018.06.15-15.48.37:114][  0]LogLinker: Warning: Asset 'E:/_Unreal/EggBoyDevelopment/Content/Norman/Textures/Weapons/Slingshot/slingshot_normal.uasset' has been saved with empty engine version. The asset will be loaded but may be incompatible.
[2018.06.15-15.48.37:129][  0]LogLinker: Warning: Asset 'E:/_Unreal/EggBoyDevelopment/Content/Norman/Textures/Weapons/Slingshot/slingshot_roughness.uasset' has been saved with empty engine version. The asset will be loaded but may be incompatible.
[2018.06.15-15.48.37:403][  0]LogLinker: Warning: Asset 'E:/_Unreal/EggBoyDevelopment/Content/Norman/Textures/Character/Faces/norman_blink_face.uasset' has been saved with empty engine version. The asset will be loaded but may be incompatible.
[2018.06.15-15.48.37:410][  0]LogLinker: Warning: Asset 'E:/_Unreal/EggBoyDevelopment/Content/Norman/Textures/Character/Faces/norman_squint_face.uasset' has been saved with empty engine version. The asset will be loaded but may be incompatible.
[2018.06.15-15.48.37:493][  0]LogClass: Warning: Enum '/Game/Norman/Blueprints/Enums/NormanStates.NormanStates' was upgraded to use FText to store its display name data. Please re-save this asset to avoid issues with localization and determinstic cooking.
[2018.06.15-15.48.37:504][  0]LogUObjectGlobals: Destroyed PersistentFrame Addr=0x00000237c1684c60, Size=224
[2018.06.15-15.48.37:504][  0]LogUObjectGlobals: Created PersistentFrame Addr=0x00000237c1d45fa0, Size=224, Default__Norman_AnimBP_C Function /Engine/Transient.REINST_Norman_AnimBP_C_0:ExecuteUbergraph_Norman_AnimBP
[2018.06.15-15.48.37:509][  0]LogUObjectGlobals: Destroyed PersistentFrame Addr=0x00000237d95dd200, Size=240
[2018.06.15-15.48.37:509][  0]LogUObjectGlobals: Created PersistentFrame Addr=0x00000237bdcfc300, Size=240, Default__Norman_AnimBP1_C Function /Engine/Transient.REINST_Norman_AnimBP1_C_1:ExecuteUbergraph_Norman_AnimBP1
[2018.06.15-15.48.37:510][  0]LogUObjectGlobals: Destroyed PersistentFrame Addr=0x00000237bd23aed0, Size=40
[2018.06.15-15.48.37:510][  0]LogUObjectGlobals: Created PersistentFrame Addr=0x00000237c1b13290, Size=40, Default__Slingshot_AnimBlueprint_C Function /Engine/Transient.REINST_Slingshot_AnimBlueprint_C_2:ExecuteUbergraph_Slingshot_AnimBlueprint
[2018.06.15-15.48.37:513][  0]LogUObjectGlobals: Destroyed PersistentFrame Addr=0x00000237c8d12200, Size=768
[2018.06.15-15.48.37:513][  0]LogUObjectGlobals: Created PersistentFrame Addr=0x00000237c1d73d00, Size=768, Default__NormanCharacter_C Function /Engine/Transient.REINST_NormanCharacter_C_4:ExecuteUbergraph_NormanCharacter
[2018.06.15-15.48.37:757][  0]LogUObjectGlobals: Created PersistentFrame Addr=0x00000237dce67a00, Size=240, Default__Norman_AnimBP_C Function /Game/Norman/Animations/Character/Norman_AnimBP.Norman_AnimBP_C:ExecuteUbergraph_Norman_AnimBP
[2018.06.15-15.48.37:775][  0]LogUObjectGlobals: Created PersistentFrame Addr=0x00000237dce05500, Size=240, Default__Norman_AnimBP1_C Function /Game/Norman_AnimBP1.Norman_AnimBP1_C:ExecuteUbergraph_Norman_AnimBP1
[2018.06.15-15.48.37:781][  0]LogUObjectGlobals: Created PersistentFrame Addr=0x00000237dcef39c0, Size=40, Default__Slingshot_AnimBlueprint_C Function /Game/Norman/Animations/Weapons/Slingshot/Slingshot_AnimBlueprint.Slingshot_AnimBlueprint_C:ExecuteUbergraph_Slingshot_AnimBlueprint
[2018.06.15-15.48.37:793][  0]LogUObjectGlobals: Created PersistentFrame Addr=0x00000237dce01c00, Size=768, Default__NormanCharacter_C Function /Game/Norman/Blueprints/Character/NormanCharacter.NormanCharacter_C:ExecuteUbergraph_NormanCharacter
[2018.06.15-15.48.37:829][  0]LogBlueprint: Warning: [Compiler Norman_AnimBP1] Node  Blendspace Player 'NormanAim_BlendSpace1'  uses potentially thread-unsafe call Get Aim Rot. Disable threaded update or use a thread-safe call. Function may need BlueprintThreadSafe metadata adding.
[2018.06.15-15.48.37:830][  0]LogBlueprint: Warning: [Compiler Norman_AnimBP1] Node  Blendspace Player 'NormanShoot_Blendspace1'  uses potentially thread-unsafe call  Try Get Pawn Owner . Disable threaded update or use a thread-safe call. Function may need BlueprintThreadSafe metadata adding.
[2018.06.15-15.48.37:832][  0]LogBlueprint: Warning: [Compiler Norman_AnimBP] Node  Blendspace Player 'NormanAim_BlendSpace'  uses potentially thread-unsafe call Get Aim Rot. Disable threaded update or use a thread-safe call. Function may need BlueprintThreadSafe metadata adding.
[2018.06.15-15.48.37:832][  0]LogBlueprint: Warning: [Compiler Norman_AnimBP] Node  Blendspace Player 'NormanShoot_Blendspace'  uses potentially thread-unsafe call  Try Get Pawn Owner . Disable threaded update or use a thread-safe call. Function may need BlueprintThreadSafe metadata adding.
[2018.06.15-15.48.37:837][  0]LogBlueprint: Warning: [Compiler Norman_AnimBP] [0025.87] Compile of Norman_AnimBP successful, but with 2 Warning(s) [in 408 ms] (/Game/Norman/Animations/Character/Norman_AnimBP.Norman_AnimBP)
[2018.06.15-15.48.37:837][  0]LogBlueprint: Warning: [Compiler Norman_AnimBP1] [0025.87] Compile of Norman_AnimBP1 successful, but with 2 Warning(s) [in 408 ms] (/Game/Norman_AnimBP1.Norman_AnimBP1)
[2018.06.15-15.48.37:896][  0]LogUObjectGlobals: Created PersistentFrame Addr=0x00000237dbf76840, Size=296, Default__ThirdPersonCharacter_C Function /Game/ThirdPersonBP/Blueprints/ThirdPersonCharacter.ThirdPersonCharacter_C:ExecuteUbergraph_ThirdPersonCharacter
[2018.06.15-15.48.37:911][  0]LogUObjectGlobals: Destroyed PersistentFrame Addr=0x00000237dbf76840, Size=296
[2018.06.15-15.48.37:911][  0]LogUObjectGlobals: Created PersistentFrame Addr=0x00000237dbf76840, Size=296, Default__ThirdPersonCharacter_C Function /Engine/Transient.REINST_ThirdPersonCharacter_C_10:ExecuteUbergraph_ThirdPersonCharacter
[2018.06.15-15.48.37:923][  0]LogUObjectGlobals: Created PersistentFrame Addr=0x00000237dbf75440, Size=296, Default__ThirdPersonCharacter_C Function /Game/ThirdPersonBP/Blueprints/ThirdPersonCharacter.ThirdPersonCharacter_C:ExecuteUbergraph_ThirdPersonCharacter
[2018.06.15-15.48.38:896][  0]LogSkeletalMesh: Skeletal Mesh found in DDC [8.577136ms] /Game/Norman/Meshes/Accessories/norman_battery_v1.norman_battery_v1
[2018.06.15-15.48.38:932][  0]LogSkeletalMesh: Skeletal Mesh found in DDC [7.916025ms] /Game/Norman/Meshes/Accessories/norman_antenna_v1.norman_antenna_v1
[2018.06.15-15.48.38:944][  0]LogSkeletalMesh: Skeletal Mesh found in DDC [9.515048ms] /Game/Norman/Meshes/Weapons/Slingshot/slingshot.slingshot
[2018.06.15-15.48.38:962][  0]LogSkeletalMesh: Skeletal Mesh found in DDC [9.250913ms] /Game/Norman/Meshes/Accessories/norman_zipper_v1.norman_zipper_v1
[2018.06.15-15.48.39:046][  0]LogSkeletalMesh: Skeletal Mesh found in DDC [7.597518ms] /Game/EggboyRaw/Sitting.Sitting
[2018.06.15-15.48.40:275][  0]LogAIModule: Creating AISystem for world ThirdPersonExampleMap
[2018.06.15-15.48.40:298][  0]LogEditorServer: Finished looking for orphan Actors (0.000 secs)
[2018.06.15-15.48.40:345][  0]LogUObjectGlobals: Destroyed PersistentFrame Addr=0x00000237c1d73d00, Size=768
[2018.06.15-15.48.40:345][  0]LogUObjectGlobals: Destroyed PersistentFrame Addr=0x00000237c1d45fa0, Size=224
[2018.06.15-15.48.40:345][  0]LogUObjectGlobals: Destroyed PersistentFrame Addr=0x00000237bdcfc300, Size=240
[2018.06.15-15.48.40:345][  0]LogUObjectGlobals: Destroyed PersistentFrame Addr=0x00000237c1b13290, Size=40
[2018.06.15-15.48.40:346][  0]LogUObjectGlobals: Destroyed PersistentFrame Addr=0x00000237dbf76840, Size=296
[2018.06.15-15.48.40:355][  0]Cmd: MAP CHECKDEP NOCLEARLOG
[2018.06.15-15.48.40:518][  0]MapCheck: Map check complete: 0 Error(s), 0 Warning(s), took 163.062ms to complete.
[2018.06.15-15.48.40:518][  0]LogFileHelpers: Loading map 'ThirdPersonExampleMap' took 5.505
[2018.06.15-15.48.40:825][  0]LogCollectionManager: Loaded 0 collections in 0.006874 seconds
[2018.06.15-15.48.40:903][  0]LogFileCache: Scanning file cache for directory 'E:/_Unreal/EggBoyDevelopment/Saved/Collections/' took 0.01s
[2018.06.15-15.48.40:903][  0]LogFileCache: Scanning file cache for directory 'E:/_Unreal/EggBoyDevelopment/Content/Developers/LAW/Collections/' took 0.01s
[2018.06.15-15.48.40:903][  0]LogFileCache: Scanning file cache for directory 'E:/_Unreal/EggBoyDevelopment/Content/Collections/' took 0.01s
[2018.06.15-15.48.40:903][  0]LogCollectionManager: Rebuilt the GUID cache for 0 collections in 0.000001 seconds
[2018.06.15-15.48.40:931][  0]LogContentBrowser: Native class hierarchy populated in 0.0258 seconds. Added 2452 classes and 558 folders.
[2018.06.15-15.48.40:948][  0]LogContentBrowser: Native class hierarchy updated for 'WidgetCarousel' in 0.0003 seconds. Added 0 classes and 0 folders.
[2018.06.15-15.48.41:770][  0]LogContentBrowser: Native class hierarchy updated for 'AddContentDialog' in 0.0003 seconds. Added 0 classes and 0 folders.
[2018.06.15-15.48.41:792][  0]LogContentBrowser: Native class hierarchy updated for 'SceneOutliner' in 0.0004 seconds. Added 1 classes and 2 folders.
[2018.06.15-15.48.41:874][  0]LogSlate: Took 0.000537 seconds to synchronously load lazily loaded font '../../../Engine/Content/Slate/Fonts/Roboto-Regular.ttf' (155K)
[2018.06.15-15.48.41:879][  0]LogSlate: Took 0.000510 seconds to synchronously load lazily loaded font '../../../Engine/Content/Slate/Fonts/Roboto-Bold.ttf' (160K)
[2018.06.15-15.48.41:904][  0]LogSlate: Took 0.009916 seconds to synchronously load lazily loaded font '../../../Engine/Content/Editor/Slate/Fonts/FontAwesome.ttf' (139K)
[2018.06.15-15.48.42:306][  0]LogRenderer: Reallocating scene render targets to support 1208x576 Format 10 NumSamples 1 (Frame:1).
[2018.06.15-15.48.42:437][  0]LogSlate: Took 0.010475 seconds to synchronously load lazily loaded font '../../../Engine/Content/Slate/Fonts/Roboto-Light.ttf' (167K)
[2018.06.15-15.48.42:650][  0]LogContentBrowser: Native class hierarchy updated for 'HierarchicalLODOutliner' in 0.0004 seconds. Added 0 classes and 0 folders.
[2018.06.15-15.48.42:650][  0]LogLoad: (Engine Initialization) Total time: 30.69 seconds
[2018.06.15-15.48.42:650][  0]LogLoad: (Engine Initialization) Total Blueprint compile time: 0.00 seconds
[2018.06.15-15.48.42:660][  0]LogWindowsTextInputMethodSystem: Display: IME system now deactivated.
[2018.06.15-15.48.42:710][  0]LogContentStreaming: Texture pool size now 1000 MB
[2018.06.15-15.48.42:712][  0]LogCollectionManager: Rebuilt the object cache for 0 collections in 0.000001 seconds (found 0 objects)
[2018.06.15-15.48.43:197][  4]LogAssetRegistry: Asset discovery search completed in 19.5349 seconds
[2018.06.15-15.48.43:202][  4]LogCollectionManager: Fixed up redirectors for 0 collections in 0.000010 seconds (updated 0 objects)
[2018.06.15-15.48.45:271][169]LogSlate: FSceneViewport::OnFocusLost() reason 0
[2018.06.15-15.48.45:452][183]LogSlate: Took 0.000482 seconds to synchronously load lazily loaded font '../../../Engine/Content/Slate/Fonts/Roboto-Light.ttf' (167K)
[2018.06.15-15.48.45:557][183]LogLinker: Warning: Asset 'E:/_Unreal/EggBoyDevelopment/Content/Norman/Blueprints/World/Collectable.uasset' has been saved with empty engine version. The asset will be loaded but may be incompatible.
[2018.06.15-15.48.45:577][183]LogLinker: Warning: Asset 'E:/_Unreal/EggBoyDevelopment/Content/Norman/Blueprints/Libraries/NormanAnim_Lib.uasset' has been saved with empty engine version. The asset will be loaded but may be incompatible.
[2018.06.15-15.48.45:612][183]LogLinker: Warning: Asset 'E:/_Unreal/EggBoyDevelopment/Content/Norman/Materials/World/Grass_M_Inst.uasset' has been saved with empty engine version. The asset will be loaded but may be incompatible.
[2018.06.15-15.48.45:641][183]LogLinker: Warning: Asset 'E:/_Unreal/EggBoyDevelopment/Content/Norman/Materials/World/Color_M.uasset' has been saved with empty engine version. The asset will be loaded but may be incompatible.
[2018.06.15-15.48.45:652][183]LogUObjectGlobals: Created PersistentFrame Addr=0x00000237e06a6480, Size=288, Default__Collectable_C Function /Game/Norman/Blueprints/World/Collectable.Collectable_C:ExecuteUbergraph_Collectable
[2018.06.15-15.48.45:668][183]LogUObjectGlobals: Destroyed PersistentFrame Addr=0x00000237e06a6480, Size=288
[2018.06.15-15.48.45:668][183]LogUObjectGlobals: Created PersistentFrame Addr=0x00000237e06a6480, Size=288, Default__Collectable_C Function /Engine/Transient.REINST_Collectable_C_16:ExecuteUbergraph_Collectable
[2018.06.15-15.48.45:680][183]LogUObjectGlobals: Created PersistentFrame Addr=0x00000237e06a5bc0, Size=312, Default__Collectable_C Function /Game/Norman/Blueprints/World/Collectable.Collectable_C:ExecuteUbergraph_Collectable
[2018.06.15-15.48.45:704][183]LogLinker: Warning: Asset 'E:/_Unreal/EggBoyDevelopment/Content/Norman/Blueprints/World/PushPull.uasset' has been saved with empty engine version. The asset will be loaded but may be incompatible.
[2018.06.15-15.48.45:726][183]LogLinker: Warning: Asset 'E:/_Unreal/EggBoyDevelopment/Content/Norman/Materials/World/Hidden_M.uasset' has been saved with empty engine version. The asset will be loaded but may be incompatible.
[2018.06.15-15.48.45:740][183]LogUObjectGlobals: Created PersistentFrame Addr=0x0000023788c93100, Size=608, Default__PushPull_C Function /Game/Norman/Blueprints/World/PushPull.PushPull_C:ExecuteUbergraph_PushPull
[2018.06.15-15.48.45:773][183]LogUObjectGlobals: Destroyed PersistentFrame Addr=0x0000023788c93100, Size=608
[2018.06.15-15.48.45:774][183]LogUObjectGlobals: Created PersistentFrame Addr=0x0000023788c93100, Size=608, Default__PushPull_C Function /Engine/Transient.REINST_PushPull_C_18:ExecuteUbergraph_PushPull
[2018.06.15-15.48.45:793][183]LogUObjectGlobals: Created PersistentFrame Addr=0x00000237dcb3f880, Size=616, Default__PushPull_C Function /Game/Norman/Blueprints/World/PushPull.PushPull_C:ExecuteUbergraph_PushPull
[2018.06.15-15.48.45:809][183]LogLinker: Warning: Asset 'E:/_Unreal/EggBoyDevelopment/Content/Norman/Blueprints/World/WaterTrudge.uasset' has been saved with empty engine version. The asset will be loaded but may be incompatible.
[2018.06.15-15.48.45:820][183]LogUObjectGlobals: Created PersistentFrame Addr=0x0000023788c53c40, Size=280, Default__WaterTrudge_C Function /Game/Norman/Blueprints/World/WaterTrudge.WaterTrudge_C:ExecuteUbergraph_WaterTrudge
[2018.06.15-15.48.45:828][183]LogUObjectGlobals: Destroyed PersistentFrame Addr=0x0000023788c53c40, Size=280
[2018.06.15-15.48.45:828][183]LogUObjectGlobals: Created PersistentFrame Addr=0x0000023788c53c40, Size=280, Default__WaterTrudge_C Function /Engine/Transient.REINST_WaterTrudge_C_20:ExecuteUbergraph_WaterTrudge
[2018.06.15-15.48.45:835][183]LogUObjectGlobals: Created PersistentFrame Addr=0x0000023788c53880, Size=296, Default__WaterTrudge_C Function /Game/Norman/Blueprints/World/WaterTrudge.WaterTrudge_C:ExecuteUbergraph_WaterTrudge
[2018.06.15-15.48.45:899][183]LogLinker: Warning: Asset 'E:/_Unreal/EggBoyDevelopment/Content/Norman/Materials/World/Water_M_Inst.uasset' has been saved with empty engine version. The asset will be loaded but may be incompatible.
[2018.06.15-15.48.45:913][183]LogLinker: Warning: Asset 'E:/_Unreal/EggBoyDevelopment/Content/Norman/Materials/World/Water_M.uasset' has been saved with empty engine version. The asset will be loaded but may be incompatible.
[2018.06.15-15.48.45:943][183]LogLinker: Warning: Asset 'E:/_Unreal/EggBoyDevelopment/Content/Norman/Textures/World/water_h.uasset' has been saved with empty engine version. The asset will be loaded but may be incompatible.
[2018.06.15-15.48.45:968][183]LogLinker: Warning: Asset 'E:/_Unreal/EggBoyDevelopment/Content/Norman/Textures/World/water_nrm.uasset' has been saved with empty engine version. The asset will be loaded but may be incompatible.
[2018.06.15-15.48.46:204][183]LogLinker: Warning: Asset 'E:/_Unreal/EggBoyDevelopment/Content/Norman/Meshes/World/Grass_01_SM_LOD2.uasset' has been saved with empty engine version. The asset will be loaded but may be incompatible.
[2018.06.15-15.48.46:225][183]LogLinker: Warning: Asset 'E:/_Unreal/EggBoyDevelopment/Content/Norman/Materials/World/GrassFoliage_M_Inst.uasset' has been saved with empty engine version. The asset will be loaded but may be incompatible.
[2018.06.15-15.48.46:242][183]LogLinker: Warning: Asset 'E:/_Unreal/EggBoyDevelopment/Content/Norman/Materials/World/GrassFoliage_M.uasset' has been saved with empty engine version. The asset will be loaded but may be incompatible.
[2018.06.15-15.48.46:263][183]LogLinker: Warning: Asset 'E:/_Unreal/EggBoyDevelopment/Content/Norman/Textures/World/grass_mask.uasset' has been saved with empty engine version. The asset will be loaded but may be incompatible.
[2018.06.15-15.48.46:290][183]LogLinker: Warning: Asset 'E:/_Unreal/EggBoyDevelopment/Content/Norman/Meshes/World/plane.uasset' has been saved with empty engine version. The asset will be loaded but may be incompatible.
[2018.06.15-15.48.46:317][183]LogLinker: Warning: Asset 'E:/_Unreal/EggBoyDevelopment/Content/Norman/Meshes/World/Spike.uasset' has been saved with empty engine version. The asset will be loaded but may be incompatible.
[2018.06.15-15.48.46:339][183]LogUObjectGlobals: Created PersistentFrame Addr=0x0000023788c72368, Size=40, Default__NormanDemo_C Function /Game/Norman/Maps/NormanDemo.NormanDemo_C:ExecuteUbergraph_NormanDemo
[2018.06.15-15.48.46:340][183]LogUObjectGlobals: Destroyed PersistentFrame Addr=0x0000023788c72368, Size=40
[2018.06.15-15.48.46:340][183]LogUObjectGlobals: Created PersistentFrame Addr=0x0000023788c72368, Size=40, Default__NormanDemo_C Function /Engine/Transient.REINST_NormanDemo_C_22:ExecuteUbergraph_NormanDemo
[2018.06.15-15.48.46:342][183]LogUObjectGlobals: Created PersistentFrame Addr=0x0000023788c722c8, Size=40, Default__NormanDemo_C Function /Game/Norman/Maps/NormanDemo.NormanDemo_C:ExecuteUbergraph_NormanDemo
[2018.06.15-15.48.47:290][183]LogAIModule: Creating AISystem for world NormanDemo
[2018.06.15-15.48.47:357][183]LogUObjectGlobals: Destroyed PersistentFrame Addr=0x0000023788c72368, Size=40
[2018.06.15-15.48.47:357][183]LogUObjectGlobals: Destroyed PersistentFrame Addr=0x0000023788c53c40, Size=280
[2018.06.15-15.48.47:357][183]LogUObjectGlobals: Destroyed PersistentFrame Addr=0x0000023788c93100, Size=608
[2018.06.15-15.48.47:357][183]LogUObjectGlobals: Destroyed PersistentFrame Addr=0x00000237e06a6480, Size=288
[2018.06.15-15.48.47:362][183]Cmd: MAP LOAD FILE="E:/_Unreal/EggBoyDevelopment/Content/Norman/Maps/NormanDemo.umap" TEMPLATE=0 SHOWPROGRESS=1 FEATURELEVEL=3
[2018.06.15-15.48.47:362][183]LightingResults: New page: Lighting Build
[2018.06.15-15.48.47:363][183]LoadErrors: New page: Loading map: NormanDemo.umap
[2018.06.15-15.48.47:364][183]MapCheck: New page: Map Check
[2018.06.15-15.48.47:364][183]LightingResults: New page: Lighting Build
[2018.06.15-15.48.47:429][183]LogEditorServer: Finished looking for orphan Actors (0.000 secs)
[2018.06.15-15.48.47:538][183]Cmd: MAP CHECKDEP NOCLEARLOG
[2018.06.15-15.48.47:746][183]MapCheck: Map check complete: 0 Error(s), 0 Warning(s), took 207.616ms to complete.
[2018.06.15-15.48.47:749][183]LogFileHelpers: Loading map 'NormanDemo' took 0.389
[2018.06.15-15.48.47:830][184]LogFileCache: Retrieving MD5 hashes for directory 'E:/_Unreal/EggBoyDevelopment/Content/' took 5.16s
[2018.06.15-15.48.51:280][439]LogTemp: Repeating last play command: Standalone Game
[2018.06.15-15.52.42:153][426]LogSlate: FSceneViewport::OnFocusLost() reason 2
[2018.06.15-16.07.32:573][620]LogSlate: FSceneViewport::OnFocusLost() reason 0
[2018.06.15-16.07.35:961][692]LogSkeletalMesh: Skeletal Mesh found in DDC [8.839108ms] /Game/EggboyRaw/Models/Objects/fridge_1.fridge_1
[2018.06.15-16.07.36:640][692]LogSkeletalMesh: Skeletal Mesh found in DDC [9.501145ms] /Game/EggboyRaw/Models/Objects/EggBuddy.EggBuddy
[2018.06.15-16.07.37:283][692]LogAIModule: Creating AISystem for world kitchenMockup
[2018.06.15-16.07.37:351][692]Cmd: MAP LOAD FILE="E:/_Unreal/EggBoyDevelopment/Content/EggboyRaw/kitchenMockup.umap" TEMPLATE=0 SHOWPROGRESS=1 FEATURELEVEL=3
[2018.06.15-16.07.37:352][692]LightingResults: New page: Lighting Build
[2018.06.15-16.07.37:353][692]LoadErrors: New page: Loading map: kitchenMockup.umap
[2018.06.15-16.07.37:356][692]MapCheck: New page: Map Check
[2018.06.15-16.07.37:356][692]LightingResults: New page: Lighting Build
[2018.06.15-16.07.37:397][692]LogUObjectGlobals: Destroyed PersistentFrame Addr=0x0000023788c722c8, Size=40
[2018.06.15-16.07.37:416][692]LogEditorServer: Finished looking for orphan Actors (0.000 secs)
[2018.06.15-16.07.37:528][692]Cmd: MAP CHECKDEP NOCLEARLOG
[2018.06.15-16.07.37:752][692]MapCheck: Map check complete: 0 Error(s), 0 Warning(s), took 223.554ms to complete.
[2018.06.15-16.07.37:755][692]LogFileHelpers: Loading map 'kitchenMockup' took 0.406
[2018.06.15-16.20.26:089][558]LogSlate: FSceneViewport::OnFocusLost() reason 0
[2018.06.15-16.24.56:627][775]LogSlate: FSceneViewport::OnFocusLost() reason 0
