Log file open, 06/13/18 17:00:14
LogWindows: Failed to load 'aqProf.dll' (GetLastError=126)
LogWindows: File 'aqProf.dll' does not exist
LogWindows: Failed to load 'VtuneApi.dll' (GetLastError=126)
LogWindows: File 'VtuneApi.dll' does not exist
LogWindows: Failed to load 'VtuneApi32e.dll' (GetLastError=126)
LogWindows: File 'VtuneApi32e.dll' does not exist
LogInit: Display: Running engine for game: Eggboy
LogPlatformFile: Not using cached read wrapper
LogInit: Display: RandInit(-1316332535) SRandInit(-1316332535).
LogInit: Read version file with build ID '3944462'
LogInit: Overriding engine version to CL 4033788, compatible CL 3944462
LogInit: Registered custom module enumerator with build ID '3944462'
LogTaskGraph: Started task graph with 5 named threads and 23 total threads with 3 sets of task threads.
LogStats: Stats thread started at 0.387256
LogD3D11RHI: Aftermath initialized
LogICUInternationalization: Display: ICU TimeZone Detection - Raw Offset: -5:00, Platform Override: ''
LogModuleManager: Display: Found up-to-date module file ../../../Engine/Plugins/Runtime/HoudiniEngine/Binaries/Win64/UE4Editor-HoudiniEngineRuntime.dll (API version 3944462).
LogModuleManager: Display: Found up-to-date module file ../../../Engine/Plugins/Runtime/HoudiniEngine/Binaries/Win64/UE4Editor-HoudiniEngineEditor.dll (API version 3944462).
LogModuleManager: Display: Found up-to-date module file ../../../Engine/Plugins/2D/Paper2D/Binaries/Win64/UE4Editor-Paper2D.dll (API version 3944462).
LogModuleManager: Display: Found up-to-date module file ../../../Engine/Plugins/2D/Paper2D/Binaries/Win64/UE4Editor-Paper2DEditor.dll (API version 3944462).
LogModuleManager: Display: Found up-to-date module file ../../../Engine/Plugins/2D/Paper2D/Binaries/Win64/UE4Editor-PaperSpriteSheetImporter.dll (API version 3944462).
LogModuleManager: Display: Found up-to-date module file ../../../Engine/Plugins/2D/Paper2D/Binaries/Win64/UE4Editor-PaperTiledImporter.dll (API version 3944462).
LogModuleManager: Display: Found up-to-date module file ../../../Engine/Plugins/2D/Paper2D/Binaries/Win64/UE4Editor-SmartSnapping.dll (API version 3944462).
LogModuleManager: Display: Found up-to-date module file ../../../Engine/Plugins/Blendables/LightPropagationVolume/Binaries/Win64/UE4Editor-LightPropagationVolumeRuntime.dll (API version 3944462).
LogModuleManager: Display: Found up-to-date module file ../../../Engine/Plugins/Blendables/LightPropagationVolume/Binaries/Win64/UE4Editor-LightPropagationVolumeEditor.dll (API version 3944462).
LogModuleManager: Display: Found up-to-date module file ../../../Engine/Plugins/Developer/CLionSourceCodeAccess/Binaries/Win64/UE4Editor-CLionSourceCodeAccess.dll (API version 3944462).
LogModuleManager: Display: Found up-to-date module file ../../../Engine/Plugins/Developer/GitSourceControl/Binaries/Win64/UE4Editor-GitSourceControl.dll (API version 3944462).
LogModuleManager: Display: Found up-to-date module file ../../../Engine/Plugins/Developer/PerforceSourceControl/Binaries/Win64/UE4Editor-PerforceSourceControl.dll (API version 3944462).
LogModuleManager: Display: Found up-to-date module file ../../../Engine/Plugins/Developer/SubversionSourceControl/Binaries/Win64/UE4Editor-SubversionSourceControl.dll (API version 3944462).
LogModuleManager: Display: Found up-to-date module file ../../../Engine/Plugins/Developer/UObjectPlugin/Binaries/Win64/UE4Editor-UObjectPlugin.dll (API version 3944462).
LogModuleManager: Display: Found up-to-date module file ../../../Engine/Plugins/Developer/VisualStudioCodeSourceCodeAccess/Binaries/Win64/UE4Editor-VisualStudioCodeSourceCodeAccess.dll (API version 3944462).
LogModuleManager: Display: Found up-to-date module file ../../../Engine/Plugins/Developer/VisualStudioSourceCodeAccess/Binaries/Win64/UE4Editor-VisualStudioSourceCodeAccess.dll (API version 3944462).
LogModuleManager: Display: Found up-to-date module file ../../../Engine/Plugins/Editor/AssetManagerEditor/Binaries/Win64/UE4Editor-AssetManagerEditor.dll (API version 3944462).
LogModuleManager: Display: Found up-to-date module file ../../../Engine/Plugins/Editor/CryptoKeys/Binaries/Win64/UE4Editor-CryptoKeys.dll (API version 3944462).
LogModuleManager: Display: Found up-to-date module file ../../../Engine/Plugins/Editor/CryptoKeys/Binaries/Win64/UE4Editor-CryptoKeysOpenSSL.dll (API version 3944462).
LogModuleManager: Display: Found up-to-date module file ../../../Engine/Plugins/Editor/DataValidation/Binaries/Win64/UE4Editor-DataValidation.dll (API version 3944462).
LogModuleManager: Display: Found up-to-date module file ../../../Engine/Plugins/Editor/FacialAnimation/Binaries/Win64/UE4Editor-FacialAnimation.dll (API version 3944462).
LogModuleManager: Display: Found up-to-date module file ../../../Engine/Plugins/Editor/FacialAnimation/Binaries/Win64/UE4Editor-FacialAnimationEditor.dll (API version 3944462).
LogModuleManager: Display: Found up-to-date module file ../../../Engine/Plugins/Editor/GameplayTagsEditor/Binaries/Win64/UE4Editor-GameplayTagsEditor.dll (API version 3944462).
LogModuleManager: Display: Found up-to-date module file ../../../Engine/Plugins/Editor/MobileLauncherProfileWizard/Binaries/Win64/UE4Editor-MobileLauncherProfileWizard.dll (API version 3944462).
LogModuleManager: Display: Found up-to-date module file ../../../Engine/Plugins/Editor/PluginBrowser/Binaries/Win64/UE4Editor-PluginBrowser.dll (API version 3944462).
LogModuleManager: Display: Found up-to-date module file ../../../Engine/Plugins/Editor/SpeedTreeImporter/Binaries/Win64/UE4Editor-SpeedTreeImporter.dll (API version 3944462).
LogModuleManager: Display: Found up-to-date module file ../../../Engine/Plugins/Enterprise/DatasmithContent/Binaries/Win64/UE4Editor-DatasmithContent.dll (API version 3944462).
LogModuleManager: Display: Found up-to-date module file ../../../Engine/Plugins/Experimental/AlembicImporter/Binaries/Win64/UE4Editor-AlembicImporter.dll (API version 3944462).
LogModuleManager: Display: Found up-to-date module file ../../../Engine/Plugins/Experimental/AlembicImporter/Binaries/Win64/UE4Editor-AlembicLibrary.dll (API version 3944462).
LogModuleManager: Display: Found up-to-date module file ../../../Engine/Plugins/Experimental/CharacterAI/Binaries/Win64/UE4Editor-CharacterAI.dll (API version 3944462).
LogModuleManager: Display: Found up-to-date module file ../../../Engine/Plugins/Experimental/HTML5Networking/Binaries/Win64/UE4Editor-HTML5Networking.dll (API version 3944462).
LogModuleManager: Display: Found up-to-date module file ../../../Engine/Plugins/Media/AndroidMedia/Binaries/Win64/UE4Editor-AndroidMediaEditor.dll (API version 3944462).
LogModuleManager: Display: Found up-to-date module file ../../../Engine/Plugins/Media/AndroidMedia/Binaries/Win64/UE4Editor-AndroidMediaFactory.dll (API version 3944462).
LogModuleManager: Display: Found up-to-date module file ../../../Engine/Plugins/Media/AvfMedia/Binaries/Win64/UE4Editor-AvfMediaEditor.dll (API version 3944462).
LogModuleManager: Display: Found up-to-date module file ../../../Engine/Plugins/Media/AvfMedia/Binaries/Win64/UE4Editor-AvfMediaFactory.dll (API version 3944462).
LogModuleManager: Display: Found up-to-date module file ../../../Engine/Plugins/Media/AvfMedia/Binaries/Win64/UE4Editor-AvfMediaFactory.dll (API version 3944462).
LogModuleManager: Display: Found up-to-date module file ../../../Engine/Plugins/Media/ImgMedia/Binaries/Win64/UE4Editor-ImgMedia.dll (API version 3944462).
LogModuleManager: Display: Found up-to-date module file ../../../Engine/Plugins/Media/ImgMedia/Binaries/Win64/UE4Editor-ImgMediaEditor.dll (API version 3944462).
LogModuleManager: Display: Found up-to-date module file ../../../Engine/Plugins/Media/ImgMedia/Binaries/Win64/UE4Editor-ImgMediaFactory.dll (API version 3944462).
LogModuleManager: Display: Found up-to-date module file ../../../Engine/Plugins/Media/ImgMedia/Binaries/Win64/UE4Editor-ImgMediaFactory.dll (API version 3944462).
LogModuleManager: Display: Found up-to-date module file ../../../Engine/Plugins/Media/ImgMedia/Binaries/Win64/UE4Editor-OpenExrWrapper.dll (API version 3944462).
LogModuleManager: Display: Found up-to-date module file ../../../Engine/Plugins/Media/LinearTimecode/Binaries/Win64/UE4Editor-LinearTimecode.dll (API version 3944462).
LogModuleManager: Display: Found up-to-date module file ../../../Engine/Plugins/Media/MediaCompositing/Binaries/Win64/UE4Editor-MediaCompositing.dll (API version 3944462).
LogModuleManager: Display: Found up-to-date module file ../../../Engine/Plugins/Media/MediaCompositing/Binaries/Win64/UE4Editor-MediaCompositingEditor.dll (API version 3944462).
LogModuleManager: Display: Found up-to-date module file ../../../Engine/Plugins/Media/MediaPlayerEditor/Binaries/Win64/UE4Editor-MediaPlayerEditor.dll (API version 3944462).
LogModuleManager: Display: Found up-to-date module file ../../../Engine/Plugins/Media/WmfMedia/Binaries/Win64/UE4Editor-WmfMedia.dll (API version 3944462).
LogModuleManager: Display: Found up-to-date module file ../../../Engine/Plugins/Media/WmfMedia/Binaries/Win64/UE4Editor-WmfMediaEditor.dll (API version 3944462).
LogModuleManager: Display: Found up-to-date module file ../../../Engine/Plugins/Media/WmfMedia/Binaries/Win64/UE4Editor-WmfMediaFactory.dll (API version 3944462).
LogModuleManager: Display: Found up-to-date module file ../../../Engine/Plugins/Media/WmfMedia/Binaries/Win64/UE4Editor-WmfMediaFactory.dll (API version 3944462).
LogModuleManager: Display: Found up-to-date module file ../../../Engine/Plugins/Messaging/TcpMessaging/Binaries/Win64/UE4Editor-TcpMessaging.dll (API version 3944462).
LogModuleManager: Display: Found up-to-date module file ../../../Engine/Plugins/Messaging/UdpMessaging/Binaries/Win64/UE4Editor-UdpMessaging.dll (API version 3944462).
LogModuleManager: Display: Found up-to-date module file ../../../Engine/Plugins/MovieScene/ActorSequence/Binaries/Win64/UE4Editor-ActorSequence.dll (API version 3944462).
LogModuleManager: Display: Found up-to-date module file ../../../Engine/Plugins/MovieScene/LevelSequenceEditor/Binaries/Win64/UE4Editor-LevelSequenceEditor.dll (API version 3944462).
LogModuleManager: Display: Found up-to-date module file ../../../Engine/Plugins/MovieScene/MatineeToLevelSequence/Binaries/Win64/UE4Editor-MatineeToLevelSequence.dll (API version 3944462).
LogModuleManager: Display: Found up-to-date module file ../../../Engine/Plugins/NetcodeUnitTest/NetcodeUnitTest/Binaries/Win64/UE4Editor-NetcodeUnitTest.dll (API version 3944462).
LogModuleManager: Display: Found up-to-date module file ../../../Engine/Plugins/NetcodeUnitTest/NUTUnrealEngine4/Binaries/Win64/UE4Editor-NUTUnrealEngine4.dll (API version 3944462).
LogModuleManager: Display: Found up-to-date module file ../../../Engine/Plugins/Online/OnlineSubsystem/Binaries/Win64/UE4Editor-OnlineSubsystem.dll (API version 3944462).
LogModuleManager: Display: Found up-to-date module file ../../../Engine/Plugins/Runtime/AndroidPermission/Binaries/Win64/UE4Editor-AndroidPermission.dll (API version 3944462).
LogModuleManager: Display: Found up-to-date module file ../../../Engine/Plugins/Online/OnlineSubsystemNull/Binaries/Win64/UE4Editor-OnlineSubsystemNull.dll (API version 3944462).
LogModuleManager: Display: Found up-to-date module file ../../../Engine/Plugins/Online/OnlineSubsystemUtils/Binaries/Win64/UE4Editor-OnlineSubsystemUtils.dll (API version 3944462).
LogModuleManager: Display: Found up-to-date module file ../../../Engine/Plugins/Online/OnlineSubsystemUtils/Binaries/Win64/UE4Editor-OnlineBlueprintSupport.dll (API version 3944462).
LogModuleManager: Display: Found up-to-date module file ../../../Engine/Plugins/Runtime/AndroidDeviceProfileSelector/Binaries/Win64/UE4Editor-AndroidDeviceProfileSelector.dll (API version 3944462).
LogModuleManager: Display: Found up-to-date module file ../../../Engine/Plugins/Runtime/AppleARKit/Binaries/Win64/UE4Editor-AppleARKit.dll (API version 3944462).
LogModuleManager: Display: Found up-to-date module file ../../../Engine/Plugins/Runtime/ProceduralMeshComponent/Binaries/Win64/UE4Editor-ProceduralMeshComponent.dll (API version 3944462).
LogModuleManager: Display: Found up-to-date module file ../../../Engine/Plugins/Runtime/ProceduralMeshComponent/Binaries/Win64/UE4Editor-ProceduralMeshComponentEditor.dll (API version 3944462).
LogModuleManager: Display: Found up-to-date module file ../../../Engine/Plugins/Animation/LiveLink/Binaries/Win64/UE4Editor-LiveLink.dll (API version 3944462).
LogModuleManager: Display: Found up-to-date module file ../../../Engine/Plugins/Animation/LiveLink/Binaries/Win64/UE4Editor-LiveLinkEditor.dll (API version 3944462).
LogModuleManager: Display: Found up-to-date module file ../../../Engine/Plugins/Runtime/ArchVisCharacter/Binaries/Win64/UE4Editor-ArchVisCharacter.dll (API version 3944462).
LogModuleManager: Display: Found up-to-date module file ../../../Engine/Plugins/Runtime/AudioCapture/Binaries/Win64/UE4Editor-AudioCapture.dll (API version 3944462).
LogModuleManager: Display: Found up-to-date module file ../../../Engine/Plugins/Runtime/AudioCapture/Binaries/Win64/UE4Editor-AudioCaptureEditor.dll (API version 3944462).
LogModuleManager: Display: Found up-to-date module file ../../../Engine/Plugins/Runtime/CableComponent/Binaries/Win64/UE4Editor-CableComponent.dll (API version 3944462).
LogModuleManager: Display: Found up-to-date module file ../../../Engine/Plugins/Runtime/CustomMeshComponent/Binaries/Win64/UE4Editor-CustomMeshComponent.dll (API version 3944462).
LogModuleManager: Display: Found up-to-date module file ../../../Engine/Plugins/Runtime/ExampleDeviceProfileSelector/Binaries/Win64/UE4Editor-ExampleDeviceProfileSelector.dll (API version 3944462).
LogModuleManager: Display: Found up-to-date module file ../../../Engine/Plugins/Runtime/ImmediatePhysics/Binaries/Win64/UE4Editor-ImmediatePhysics.dll (API version 3944462).
LogModuleManager: Display: Found up-to-date module file ../../../Engine/Plugins/Runtime/ImmediatePhysics/Binaries/Win64/UE4Editor-ImmediatePhysicsEditor.dll (API version 3944462).
LogModuleManager: Display: Found up-to-date module file ../../../Engine/Plugins/Runtime/LocationServicesBPLibrary/Binaries/Win64/UE4Editor-LocationServicesBPLibrary.dll (API version 3944462).
LogModuleManager: Display: Found up-to-date module file ../../../Engine/Plugins/Runtime/MobilePatchingUtils/Binaries/Win64/UE4Editor-MobilePatchingUtils.dll (API version 3944462).
LogModuleManager: Display: Found up-to-date module file ../../../Engine/Plugins/Runtime/Oculus/OculusVR/Binaries/Win64/UE4Editor-OculusHMD.dll (API version 3944462).
LogModuleManager: Display: Found up-to-date module file ../../../Engine/Plugins/Runtime/Oculus/OculusVR/Binaries/Win64/UE4Editor-OculusInput.dll (API version 3944462).
LogModuleManager: Display: Found up-to-date module file ../../../Engine/Plugins/Runtime/Oculus/OculusVR/Binaries/Win64/UE4Editor-OculusEditor.dll (API version 3944462).
LogModuleManager: Display: Found up-to-date module file ../../../Engine/Plugins/Runtime/PhysXVehicles/Binaries/Win64/UE4Editor-PhysXVehicles.dll (API version 3944462).
LogModuleManager: Display: Found up-to-date module file ../../../Engine/Plugins/Runtime/PhysXVehicles/Binaries/Win64/UE4Editor-PhysXVehiclesEditor.dll (API version 3944462).
LogModuleManager: Display: Found up-to-date module file ../../../Engine/Plugins/Runtime/RuntimePhysXCooking/Binaries/Win64/UE4Editor-RuntimePhysXCooking.dll (API version 3944462).
LogModuleManager: Display: Found up-to-date module file ../../../Engine/Plugins/Runtime/Steam/SteamVR/Binaries/Win64/UE4Editor-SteamVR.dll (API version 3944462).
LogModuleManager: Display: Found up-to-date module file ../../../Engine/Plugins/Runtime/Steam/SteamVR/Binaries/Win64/UE4Editor-SteamVRController.dll (API version 3944462).
LogModuleManager: Display: Found up-to-date module file ../../../Engine/Plugins/Runtime/WindowsMoviePlayer/Binaries/Win64/UE4Editor-WindowsMoviePlayer.dll (API version 3944462).
LogPluginManager: Mounting plugin Paper2D
LogPluginManager: Mounting plugin LiveLink
LogPluginManager: Mounting plugin LightPropagationVolume
LogPluginManager: Mounting plugin CLionSourceCodeAccess
LogPluginManager: Mounting plugin CodeLiteSourceCodeAccess
LogPluginManager: Mounting plugin GitSourceControl
LogPluginManager: Mounting plugin KDevelopSourceCodeAccess
LogPluginManager: Mounting plugin NullSourceCodeAccess
LogPluginManager: Mounting plugin PerforceSourceControl
LogPluginManager: Mounting plugin SubversionSourceControl
LogPluginManager: Mounting plugin UObjectPlugin
LogPluginManager: Mounting plugin VisualStudioCodeSourceCodeAccess
LogPluginManager: Mounting plugin VisualStudioSourceCodeAccess
LogPluginManager: Mounting plugin XCodeSourceCodeAccess
LogPluginManager: Mounting plugin AssetManagerEditor
LogPluginManager: Mounting plugin CryptoKeys
LogPluginManager: Mounting plugin DataValidation
LogPluginManager: Mounting plugin FacialAnimation
LogPluginManager: Mounting plugin GameplayTagsEditor
LogPluginManager: Mounting plugin MobileLauncherProfileWizard
LogPluginManager: Mounting plugin PluginBrowser
LogPluginManager: Mounting plugin SpeedTreeImporter
LogPluginManager: Mounting plugin DatasmithContent
LogPluginManager: Mounting plugin AlembicImporter
LogPluginManager: Mounting plugin CharacterAI
LogPluginManager: Mounting plugin HTML5Networking
LogPluginManager: Mounting plugin AndroidMedia
LogPluginManager: Mounting plugin AvfMedia
LogPluginManager: Mounting plugin ImgMedia
LogPluginManager: Mounting plugin LinearTimecode
LogPluginManager: Mounting plugin MediaCompositing
LogPluginManager: Mounting plugin MediaPlayerEditor
LogPluginManager: Mounting plugin WmfMedia
LogPluginManager: Mounting plugin TcpMessaging
LogPluginManager: Mounting plugin UdpMessaging
LogPluginManager: Mounting plugin ActorSequence
LogPluginManager: Mounting plugin LevelSequenceEditor
LogPluginManager: Mounting plugin MatineeToLevelSequence
LogPluginManager: Mounting plugin NetcodeUnitTest
LogPluginManager: Mounting plugin NUTUnrealEngine4
LogPluginManager: Mounting plugin OnlineSubsystemGooglePlay
LogPluginManager: Mounting plugin OnlineSubsystemIOS
LogPluginManager: Mounting plugin OnlineSubsystem
LogPluginManager: Mounting plugin OnlineSubsystemNull
LogPluginManager: Mounting plugin OnlineSubsystemUtils
LogPluginManager: Mounting plugin AndroidDeviceProfileSelector
LogPluginManager: Mounting plugin AndroidMoviePlayer
LogPluginManager: Mounting plugin AndroidPermission
LogPluginManager: Mounting plugin AppleARKit
LogPluginManager: Mounting plugin AppleMoviePlayer
LogPluginManager: Mounting plugin ArchVisCharacter
LogPluginManager: Mounting plugin AudioCapture
LogPluginManager: Mounting plugin CableComponent
LogPluginManager: Mounting plugin CustomMeshComponent
LogPluginManager: Mounting plugin ExampleDeviceProfileSelector
LogPluginManager: Mounting plugin GoogleCloudMessaging
LogPluginManager: Mounting plugin HoudiniEngine
LogPluginManager: Mounting plugin ImmediatePhysics
LogPluginManager: Mounting plugin IOSDeviceProfileSelector
LogPluginManager: Mounting plugin LinuxDeviceProfileSelector
LogPluginManager: Mounting plugin LocationServicesBPLibrary
LogPluginManager: Mounting plugin MobilePatchingUtils
LogPluginManager: Mounting plugin OculusVR
LogPluginManager: Plugin shader directory ../../../Engine/Plugins/Runtime/Oculus/OculusVR/Shaders found
LogPluginManager: Mapping shader source directory ../../../Engine/Plugins/Runtime/Oculus/OculusVR/Shaders to virtual directory /Plugin/OculusVR
LogPluginManager: Mounting plugin PhysXVehicles
LogPluginManager: Mounting plugin ProceduralMeshComponent
LogPluginManager: Mounting plugin RuntimePhysXCooking
LogPluginManager: Mounting plugin SteamVR
LogPluginManager: Mounting plugin WindowsMoviePlayer
LogStreaming: Display: Took  1.630s to configure plugins.
LogInit: Using libcurl 7.47.1
LogInit:  - built for x86_64-pc-win32
LogInit:  - supports SSL with OpenSSL/1.0.2g
LogInit:  - supports HTTP deflate (compression) using libz 1.2.8
LogInit:  - other features:
LogInit:      CURL_VERSION_SSL
LogInit:      CURL_VERSION_LIBZ
LogInit:      CURL_VERSION_IPV6
LogInit:      CURL_VERSION_ASYNCHDNS
LogInit:      CURL_VERSION_LARGEFILE
LogInit:      CURL_VERSION_IDN
LogInit:  CurlRequestOptions (configurable via config and command line):
LogInit:  - bVerifyPeer = false  - Libcurl will NOT verify peer certificate
LogInit:  - bUseHttpProxy = false  - Libcurl will NOT use HTTP proxy
LogInit:  - bDontReuseConnections = false  - Libcurl will reuse connections
LogInit:  - CertBundlePath = nullptr  - Libcurl will use whatever was configured at build time.
LogInit:  - MaxHostConnections = 16  - Libcurl will limit the number of connections to a host
LogInit:  - LocalHostAddr = Default
LogInit: WinSock: version 1.1 (2.2), MaxSocks=32767, MaxUdp=65467
LogInit: WinSock: I am LAPTOP-6D945418 (10.0.0.86:0)
LogHMD: Failed initializing OVRPlugin 1.21.0
LogInit: Build: ++UE4+Release-4.19-CL-4033788
LogInit: Engine Version: 4.19.2-4033788+++UE4+Release-4.19
LogInit: Compatible Engine Version: 4.19.0-3944462+++UE4+Release-4.19
LogInit: Net CL: 3944462
LogDevObjectVersion: Number of dev versions registered: 18
LogDevObjectVersion:   Dev-Blueprints (B0D832E4-1F89-4F0D-ACCF-7EB736FD4AA2): 10
LogDevObjectVersion:   Dev-Build (E1C64328-A22C-4D53-A36C-8E866417BD8C): 0
LogDevObjectVersion:   Dev-Core (375EC13C-06E4-48FB-B500-84F0262A717E): 2
LogDevObjectVersion:   Dev-Editor (E4B068ED-F494-42E9-A231-DA0B2E46BB41): 23
LogDevObjectVersion:   Dev-Framework (CFFC743F-43B0-4480-9391-14DF171D2073): 33
LogDevObjectVersion:   Dev-Mobile (B02B49B5-BB20-44E9-A304-32B752E40360): 2
LogDevObjectVersion:   Dev-Networking (A4E4105C-59A1-49B5-A7C5-40C4547EDFEE): 0
LogDevObjectVersion:   Dev-Online (39C831C9-5AE6-47DC-9A44-9C173E1C8E7C): 0
LogDevObjectVersion:   Dev-Physics (78F01B33-EBEA-4F98-B9B4-84EACCB95AA2): 0
LogDevObjectVersion:   Dev-Platform (6631380F-2D4D-43E0-8009-CF276956A95A): 0
LogDevObjectVersion:   Dev-Rendering (12F88B9F-8875-4AFC-A67C-D90C383ABD29): 25
LogDevObjectVersion:   Dev-Sequencer (7B5AE74C-D270-4C10-A958-57980B212A5A): 6
LogDevObjectVersion:   Dev-VR (D7296918-1DD6-4BDD-9DE2-64A83CC13884): 1
LogDevObjectVersion:   Dev-LoadTimes (C2A15278-BFE7-4AFE-6C17-90FF531DF755): 1
LogDevObjectVersion:   Private-Geometry (6EACA3D4-40EC-4CC1-B786-8BED09428FC5): 2
LogDevObjectVersion:   Dev-AnimPhys (29E575DD-E0A3-4627-9D10-D276232CDCEA): 16
LogDevObjectVersion:   Dev-ReflectionCapture (6B266CEC-1EC7-4B8F-A30B-E4D90942FC07): 1
LogDevObjectVersion:   Dev-Automation (0DF73D61-A23F-47EA-B727-89E90C41499A): 1
LogInit: Compiled (64-bit): Apr 27 2018 02:06:57
LogInit: Compiled with Visual C++: 19.00.24215.01
LogInit: Build Configuration: Development
LogInit: Branch Name: ++UE4+Release-4.19
LogInit: Command Line:  /Game/Norman/Maps/NormanDemo -game -PIEVIACONSOLE -ResX=1280 -ResY=720  -Multiprocess -messaging -SessionName="Play in Standalone Game" -windowed 
LogInit: Base Directory: D:/Program Files/Epic Games/UE_4.19/Engine/Binaries/Win64/
LogInit: Installed Engine Build: 1
LogStreaming: Display: Took  0.000s to delete old logs.
LogInit: Presizing for max 8388607 objects, including 0 objects not considered by GC, pre-allocating 0 bytes for permanent pool.
LogInit: Object subsystem initialized
[2018.06.13-21.00.17:133][  0]LogInit: Selected Device Profile: [Windows]
[2018.06.13-21.00.17:133][  0]LogInit: Applying CVar settings loaded from the selected device profile: [Windows]
[2018.06.13-21.00.17:139][  0]LogInit: Computer: LAPTOP-6D945418
[2018.06.13-21.00.17:139][  0]LogInit: User: Kodystonedev
[2018.06.13-21.00.17:139][  0]LogInit: CPU Page size=4096, Cores=4
[2018.06.13-21.00.17:139][  0]LogInit: High frequency timer resolution =2.531251 MHz
[2018.06.13-21.00.17:139][  0]LogMemory: Memory total: Physical=11.9GB (12GB approx)
[2018.06.13-21.00.17:139][  0]LogMemory: Platform Memory Stats for Windows
[2018.06.13-21.00.17:139][  0]LogMemory: Process Physical Memory: 279.08 MB used, 279.08 MB peak
[2018.06.13-21.00.17:139][  0]LogMemory: Process Virtual Memory: 269.15 MB used, 269.15 MB peak
[2018.06.13-21.00.17:139][  0]LogMemory: Physical Memory: 6283.06 MB used,  5894.72 MB free, 12177.78 MB total
[2018.06.13-21.00.17:140][  0]LogMemory: Virtual Memory: 4838.93 MB used,  5894.72 MB free, 134217728.00 MB total
[2018.06.13-21.00.17:184][  0]LogInit: Using OS detected language (en-US).
[2018.06.13-21.00.17:184][  0]LogInit: Using OS detected locale (en-US).
[2018.06.13-21.00.17:184][  0]LogTextLocalizationManager: No localization for 'en-US' exists, so 'en' will be used for the language.
[2018.06.13-21.00.17:184][  0]LogTextLocalizationManager: No localization for 'en-US' exists, so 'en' will be used for the locale.
[2018.06.13-21.00.18:151][  0]LogStreaming: Display: Took  0.967s to EndInitTextLocalization.
[2018.06.13-21.00.18:186][  0]LogSlate: New Slate User Created.  User Index 0, Is Virtual User: 0
[2018.06.13-21.00.18:186][  0]LogSlate: Slate User Registered.  User Index 0, Is Virtual User: 0
[2018.06.13-21.00.18:209][  0]LogD3D11RHI: D3D11 adapters:
[2018.06.13-21.00.18:274][  0]LogD3D11RHI:    0. 'NVIDIA GeForce GTX 965M' (Feature Level 11_0)
[2018.06.13-21.00.18:274][  0]LogD3D11RHI:       4062/0/6088 MB DedicatedVideo/DedicatedSystem/SharedSystem, Outputs:1, VendorId:0x10de
[2018.06.13-21.00.18:285][  0]LogD3D11RHI:    1. 'Intel(R) HD Graphics 530' (Feature Level 11_0)
[2018.06.13-21.00.18:285][  0]LogD3D11RHI:       128/0/6088 MB DedicatedVideo/DedicatedSystem/SharedSystem, Outputs:0, VendorId:0x8086
[2018.06.13-21.00.18:287][  0]LogD3D11RHI:    2. 'Microsoft Basic Render Driver' (Feature Level 11_0)
[2018.06.13-21.00.18:287][  0]LogD3D11RHI:       0/0/6088 MB DedicatedVideo/DedicatedSystem/SharedSystem, Outputs:0, VendorId:0x1414
[2018.06.13-21.00.18:287][  0]LogD3D11RHI: Chosen D3D11 Adapter: 0
[2018.06.13-21.00.18:312][  0]LogD3D11RHI: Creating new Direct3DDevice
[2018.06.13-21.00.18:312][  0]LogD3D11RHI:     GPU DeviceId: 0x1427 (for the marketing name, search the web for "GPU Device Id")
[2018.06.13-21.00.18:312][  0]LogWindows: EnumDisplayDevices:
[2018.06.13-21.00.18:313][  0]LogWindows:    0. 'Intel(R) HD Graphics 530' (P:1 D:1)
[2018.06.13-21.00.18:313][  0]LogWindows:    1. 'Intel(R) HD Graphics 530' (P:0 D:0)
[2018.06.13-21.00.18:313][  0]LogWindows:    2. 'Intel(R) HD Graphics 530' (P:0 D:0)
[2018.06.13-21.00.18:313][  0]LogWindows:    3. 'NVIDIA GeForce GTX 965M' (P:0 D:0)
[2018.06.13-21.00.18:313][  0]LogWindows: DebugString: GetVideoDriverDetailsInvalid PrimaryIsNotTheChoosenAdapter GetVideoDriverDetailsInvalid PrimaryIsNotTheChoosenAdapter GetVideoDriverDetailsInvalid PrimaryIsNotTheChoosenAdapter GetVideoDriverDetailsInvalid PrimaryIsNotTheChoosenAdapter FoundDriverCount:0 
[2018.06.13-21.00.18:313][  0]LogD3D11RHI:     Adapter Name: NVIDIA GeForce GTX 965M
[2018.06.13-21.00.18:313][  0]LogD3D11RHI:   Driver Version: Unknown (internal:Unknown, unified:Unknown)
[2018.06.13-21.00.18:313][  0]LogD3D11RHI:      Driver Date: Unknown
[2018.06.13-21.00.18:313][  0]LogRHI: Texture pool is 2843 MB (70% of 4062 MB)
[2018.06.13-21.00.18:354][  0]LogD3D11RHI: [Aftermath] Aftermath enabled and primed
[2018.06.13-21.00.18:354][  0]LogD3D11RHI: [Aftermath] Aftermath enabled and primed
[2018.06.13-21.00.18:354][  0]LogD3D11RHI: Async texture creation enabled
[2018.06.13-21.00.18:403][  0]LogD3D11RHI: GPU Timing Frequency: 1000.000000 (Debug: 2 1)
[2018.06.13-21.00.18:404][  0]LogShaderCompilers: Guid format shader working directory is 14 characters bigger than the processId version (../../../../../../Unreal Projects/Eggboy/Intermediate/Shaders/WorkingDirectory/12264/).
[2018.06.13-21.00.18:404][  0]LogShaderCompilers: Cleaned the shader compiler working directory 'C:/Users/Kody stone.dev/AppData/Local/Temp/UnrealShaderWorkingDir/6CC7EE3448B91936CA6494A15EC683A1/'.
[2018.06.13-21.00.18:691][  0]LogTemp: Display: Loaded TP WindowsClientTargetPlatform
[2018.06.13-21.00.18:714][  0]LogTemp: Display: Loaded TP WindowsNoEditorTargetPlatform
[2018.06.13-21.00.18:731][  0]LogTemp: Display: Loaded TP WindowsServerTargetPlatform
[2018.06.13-21.00.18:749][  0]LogTemp: Display: Loaded TP WindowsTargetPlatform
[2018.06.13-21.00.18:749][  0]LogTargetPlatformManager: Display: Building Assets For Windows
[2018.06.13-21.00.18:867][  0]LogXGEController: Cannot use XGE Controller as Incredibuild is not installed on this machine.
[2018.06.13-21.00.18:867][  0]LogShaderCompilers: Cannot use XGE Shader Compiler as Incredibuild is not installed on this machine.
[2018.06.13-21.00.18:867][  0]LogShaderCompilers: Display: Using Local Shader Compiler.
[2018.06.13-21.00.19:896][  0]LogDerivedDataCache: Display: Max Cache Size: 512 MB
[2018.06.13-21.00.20:018][  0]LogDerivedDataCache: Loaded boot cache 0.12s 74MB C:/Users/Kody stone.dev/AppData/Local/UnrealEngine/4.19/DerivedDataCache/Boot.ddc.
[2018.06.13-21.00.20:018][  0]LogDerivedDataCache: Display: Loaded Boot cache: C:/Users/Kody stone.dev/AppData/Local/UnrealEngine/4.19/DerivedDataCache/Boot.ddc
[2018.06.13-21.00.20:018][  0]LogDerivedDataCache: FDerivedDataBackendGraph:  Pak pak cache file ../../../../../../Unreal Projects/Eggboy/DerivedDataCache/DDC.ddp not found, will not use a pak cache.
[2018.06.13-21.00.20:018][  0]LogDerivedDataCache: Unable to find inner node Pak for hierarchical cache Hierarchy.
[2018.06.13-21.00.20:018][  0]LogDerivedDataCache: FDerivedDataBackendGraph:  CompressedPak pak cache file ../../../../../../Unreal Projects/Eggboy/DerivedDataCache/Compressed.ddp not found, will not use a pak cache.
[2018.06.13-21.00.20:018][  0]LogDerivedDataCache: Unable to find inner node CompressedPak for hierarchical cache Hierarchy.
[2018.06.13-21.00.20:048][  0]LogDerivedDataCache: Display: Pak cache opened for reading ../../../Engine/DerivedDataCache/Compressed.ddp.
[2018.06.13-21.00.20:061][  0]LogDerivedDataCache: Using Local data cache path C:/Users/Kody stone.dev/AppData/Local/UnrealEngine/Common/DerivedDataCache: Writable
[2018.06.13-21.00.20:061][  0]LogDerivedDataCache: Shared data cache path not found in *engine.ini, will not use an Shared cache.
[2018.06.13-21.00.20:061][  0]LogDerivedDataCache: Unable to find inner node Shared for hierarchical cache Hierarchy.
[2018.06.13-21.00.20:087][  0]LogMaterial: Verifying Global Shaders for PCD3D_SM5
[2018.06.13-21.00.20:088][  0]LogSlate: Using Freetype 2.6.0
[2018.06.13-21.00.20:089][  0]LogSlate: SlateFontCache - WITH_FREETYPE: 1, WITH_HARFBUZZ: 1
[2018.06.13-21.00.20:089][  0]LogSlate: SlateFontCache - WITH_FREETYPE: 1, WITH_HARFBUZZ: 1
[2018.06.13-21.00.20:217][  0]LogAssetRegistry: FAssetRegistry took 0.0087 seconds to start up
[2018.06.13-21.00.20:553][  0]LogPackageLocalizationCache: Processed 10 localized package path(s) for 1 prioritized culture(s) in 0.017529 seconds
[2018.06.13-21.00.20:691][  0]LogInit: Selected Device Profile: [Windows]
[2018.06.13-21.00.20:895][  0]LogSimplygon: Simplygon DLL not present - disabling.
[2018.06.13-21.00.20:898][  0]LogMeshReduction: Using SimplygonSwarm for distributed automatic mesh merging
[2018.06.13-21.00.20:898][  0]LogMeshReduction: Using QuadricMeshReduction for automatic static mesh reduction
[2018.06.13-21.00.20:898][  0]LogMeshReduction: No automatic skeletal mesh reduction module available
[2018.06.13-21.00.20:898][  0]LogMeshReduction: No automatic mesh merging module available
[2018.06.13-21.00.20:898][  0]LogMeshMerging: No automatic mesh merging module available
[2018.06.13-21.00.20:931][  0]LogNetVersion: Eggboy , NetCL: 3944462, EngineNetVer: 2, GameNetVer: 0 (Checksum: 227181994)
[2018.06.13-21.00.21:784][  0]LogMoviePlayer: Initializing movie player
[2018.06.13-21.00.22:175][  0]LogTcpMessaging: Initializing TcpMessaging bridge
[2018.06.13-21.00.22:205][  0]LogUdpMessaging: Initializing bridge on interface 0.0.0.0:0 to multicast group 230.0.0.1:6666.
[2018.06.13-21.00.22:456][  0]SourceControl: Source control is disabled
[2018.06.13-21.00.22:456][  0]SourceControl: Source control is disabled
[2018.06.13-21.00.22:473][  0]SourceControl: Source control is disabled
[2018.06.13-21.00.22:863][  0]LogAndroidPermission: UAndroidPermissionCallbackProxy::GetInstance
[2018.06.13-21.00.23:006][  0]LogHoudiniEngine: Starting the Houdini Engine module.
[2018.06.13-21.00.23:007][  0]LogHoudiniEngine: Loaded libHAPIL.dll from Registry path D:\Program Files\Houdini/bin
[2018.06.13-21.00.23:011][  0]LogLinker: Warning: Asset '../../Plugins/Runtime/HoudiniEngine/Content/houdini_logo.uasset' has been saved with empty engine version. The asset will be loaded but may be incompatible.
[2018.06.13-21.00.23:013][  0]LogLinker: Warning: Asset '../../Plugins/Runtime/HoudiniEngine/Content/houdini_default_material.uasset' has been saved with empty engine version. The asset will be loaded but may be incompatible.
[2018.06.13-21.00.23:019][  0]LogLinker: Warning: Asset '../../Plugins/Runtime/HoudiniEngine/Content/houdini_bgeo_import.uasset' has been saved with empty engine version. The asset will be loaded but may be incompatible.
[2018.06.13-21.00.23:987][  0]LogHoudiniEngine: Successfully intialized the Houdini Engine API module.
[2018.06.13-21.00.24:033][  0]LogOcInput: OculusInput pre-init called
[2018.06.13-21.00.24:075][  0]LogUObjectArray: 40349 objects as part of root set at end of initial load.
[2018.06.13-21.00.24:075][  0]LogUObjectAllocator: 8430440 out of 0 bytes used by permanent object pool.
[2018.06.13-21.00.24:075][  0]LogUObjectArray: CloseDisregardForGC: 0/0 objects in disregard for GC pool
[2018.06.13-21.00.24:138][  0]LogEngine: Initializing Engine...
[2018.06.13-21.00.24:234][  0]LogHMD: Failed to initialize OpenVR with code 126
[2018.06.13-21.00.24:247][  0]LogStats: UGameplayTagsManager::ConstructGameplayTagTree: Construct from data asset -  0.000 s
[2018.06.13-21.00.24:247][  0]LogStats: UGameplayTagsManager::ConstructGameplayTagTree: GameplayTagTreeChangedEvent.Broadcast -  0.000 s
[2018.06.13-21.00.24:552][  0]LogInit: XAudio2 using 'Speakers (Realtek High Definition Audio)' : 2 channels at 48 kHz using 32 bits per sample (channel mask 0x3)
[2018.06.13-21.00.24:609][  0]LogInit: FAudioDevice initialized.
[2018.06.13-21.00.24:665][  0]LogInit: Texture streaming: Enabled
[2018.06.13-21.00.24:847][  0]LogInit: Display: Game Engine Initialized.
[2018.06.13-21.00.24:847][  0]LogGameplayTags: Display: UGameplayTagsManager::DoneAddingNativeTags. DelegateIsBound: 0
[2018.06.13-21.00.24:847][  0]LogStats: UGameplayTagsManager::ConstructGameplayTagTree: Construct from data asset -  0.000 s
[2018.06.13-21.00.24:847][  0]LogStats: UGameplayTagsManager::ConstructGameplayTagTree: GameplayTagTreeChangedEvent.Broadcast -  0.000 s
[2018.06.13-21.00.24:966][  0]LogInit: Display: Starting Game.
[2018.06.13-21.00.24:967][  0]LogNet: Browse: /Game/Norman/Maps/NormanDemo?Name=Player
[2018.06.13-21.00.24:967][  0]LogLoad: LoadMap: /Game/Norman/Maps/NormanDemo?Name=Player
[2018.06.13-21.00.24:988][  0]LogUObjectGlobals: Created PersistentFrame Addr=0x0000022b1fc4fd80, Size=40, Default__NormanDemo_C Function /Game/Norman/Maps/NormanDemo.NormanDemo_C:ExecuteUbergraph_NormanDemo
[2018.06.13-21.00.25:070][  0]LogLinker: Warning: Asset '../../../../../../Unreal Projects/Eggboy/Content/Norman/Blueprints/World/Collectable.uasset' has been saved with empty engine version. The asset will be loaded but may be incompatible.
[2018.06.13-21.00.25:072][  0]LogUObjectGlobals: Created PersistentFrame Addr=0x0000022b1fd14a40, Size=288, Default__Collectable_C Function /Game/Norman/Blueprints/World/Collectable.Collectable_C:ExecuteUbergraph_Collectable
[2018.06.13-21.00.25:074][  0]LogLinker: Warning: Asset '../../../../../../Unreal Projects/Eggboy/Content/Norman/Blueprints/Interfaces/INormanAnimations.uasset' has been saved with empty engine version. The asset will be loaded but may be incompatible.
[2018.06.13-21.00.25:077][  0]LogLinker: Warning: Asset '../../../../../../Unreal Projects/Eggboy/Content/Norman/Blueprints/Enums/NormanStates.uasset' has been saved with empty engine version. The asset will be loaded but may be incompatible.
[2018.06.13-21.00.25:080][  0]LogLinker: Warning: Asset '../../../../../../Unreal Projects/Eggboy/Content/Norman/Blueprints/Libraries/NormanAnim_Lib.uasset' has been saved with empty engine version. The asset will be loaded but may be incompatible.
[2018.06.13-21.00.25:084][  0]LogLinker: Warning: Asset '../../../../../../Unreal Projects/Eggboy/Content/Norman/Materials/World/Grass_M_Inst.uasset' has been saved with empty engine version. The asset will be loaded but may be incompatible.
[2018.06.13-21.00.25:096][  0]LogLinker: Warning: Asset '../../../../../../Unreal Projects/Eggboy/Content/Norman/Blueprints/World/PushPull.uasset' has been saved with empty engine version. The asset will be loaded but may be incompatible.
[2018.06.13-21.00.25:100][  0]LogUObjectGlobals: Created PersistentFrame Addr=0x0000022b1fd0e480, Size=608, Default__PushPull_C Function /Game/Norman/Blueprints/World/PushPull.PushPull_C:ExecuteUbergraph_PushPull
[2018.06.13-21.00.25:100][  0]LogLinker: Warning: Asset '../../../../../../Unreal Projects/Eggboy/Content/Norman/Materials/World/Hidden_M.uasset' has been saved with empty engine version. The asset will be loaded but may be incompatible.
[2018.06.13-21.00.25:112][  0]LogLinker: Warning: Asset '../../../../../../Unreal Projects/Eggboy/Content/Norman/Blueprints/World/WaterTrudge.uasset' has been saved with empty engine version. The asset will be loaded but may be incompatible.
[2018.06.13-21.00.25:114][  0]LogUObjectGlobals: Created PersistentFrame Addr=0x0000022b187916c0, Size=280, Default__WaterTrudge_C Function /Game/Norman/Blueprints/World/WaterTrudge.WaterTrudge_C:ExecuteUbergraph_WaterTrudge
[2018.06.13-21.00.25:120][  0]LogLinker: Warning: Asset '../../../../../../Unreal Projects/Eggboy/Content/Norman/Materials/World/Water_M_Inst.uasset' has been saved with empty engine version. The asset will be loaded but may be incompatible.
[2018.06.13-21.00.25:130][  0]LogLinker: Warning: Asset '../../../../../../Unreal Projects/Eggboy/Content/Norman/Meshes/World/Grass_01_SM_LOD2.uasset' has been saved with empty engine version. The asset will be loaded but may be incompatible.
[2018.06.13-21.00.25:131][  0]LogLinker: Warning: Asset '../../../../../../Unreal Projects/Eggboy/Content/Norman/Meshes/World/plane.uasset' has been saved with empty engine version. The asset will be loaded but may be incompatible.
[2018.06.13-21.00.25:132][  0]LogLinker: Warning: Asset '../../../../../../Unreal Projects/Eggboy/Content/Norman/Meshes/World/Spike.uasset' has been saved with empty engine version. The asset will be loaded but may be incompatible.
[2018.06.13-21.00.25:152][  0]LogUObjectGlobals: Destroyed PersistentFrame Addr=0x0000022b1fd14a40, Size=288
[2018.06.13-21.00.25:152][  0]LogUObjectGlobals: Created PersistentFrame Addr=0x0000022b13833b00, Size=288, Default__Collectable_C Function /Engine/Transient.REINST_Collectable_C_4:ExecuteUbergraph_Collectable
[2018.06.13-21.00.25:153][  0]LogUObjectGlobals: Destroyed PersistentFrame Addr=0x0000022b1fd0e480, Size=608
[2018.06.13-21.00.25:153][  0]LogUObjectGlobals: Created PersistentFrame Addr=0x0000022b1383e480, Size=608, Default__PushPull_C Function /Engine/Transient.REINST_PushPull_C_6:ExecuteUbergraph_PushPull
[2018.06.13-21.00.25:153][  0]LogUObjectGlobals: Destroyed PersistentFrame Addr=0x0000022b187916c0, Size=280
[2018.06.13-21.00.25:153][  0]LogUObjectGlobals: Created PersistentFrame Addr=0x0000022b13833740, Size=280, Default__WaterTrudge_C Function /Engine/Transient.REINST_WaterTrudge_C_7:ExecuteUbergraph_WaterTrudge
[2018.06.13-21.00.25:204][  0]LogUObjectGlobals: Created PersistentFrame Addr=0x0000022b13832200, Size=304, Default__Collectable_C Function /Game/Norman/Blueprints/World/Collectable.Collectable_C:ExecuteUbergraph_Collectable
[2018.06.13-21.00.25:207][  0]LogUObjectGlobals: Created PersistentFrame Addr=0x0000022b13acb380, Size=624, Default__PushPull_C Function /Game/Norman/Blueprints/World/PushPull.PushPull_C:ExecuteUbergraph_PushPull
[2018.06.13-21.00.25:210][  0]LogUObjectGlobals: Created PersistentFrame Addr=0x0000022b13831f80, Size=296, Default__WaterTrudge_C Function /Game/Norman/Blueprints/World/WaterTrudge.WaterTrudge_C:ExecuteUbergraph_WaterTrudge
[2018.06.13-21.00.25:218][  0]LogUObjectGlobals: Destroyed PersistentFrame Addr=0x0000022b1fc4fd80, Size=40
[2018.06.13-21.00.25:218][  0]LogUObjectGlobals: Created PersistentFrame Addr=0x0000022b1fc4fd80, Size=40, Default__NormanDemo_C Function /Engine/Transient.REINST_NormanDemo_C_15:ExecuteUbergraph_NormanDemo
[2018.06.13-21.00.25:219][  0]LogUObjectGlobals: Created PersistentFrame Addr=0x0000022b1fc4e318, Size=40, Default__NormanDemo_C Function /Game/Norman/Maps/NormanDemo.NormanDemo_C:ExecuteUbergraph_NormanDemo
[2018.06.13-21.00.25:245][  0]LogLinker: Warning: Asset '../../../../../../Unreal Projects/Eggboy/Content/Norman/Materials/World/GrassFoliage_M_Inst.uasset' has been saved with empty engine version. The asset will be loaded but may be incompatible.
[2018.06.13-21.00.25:270][  0]LogLinker: Warning: Asset '../../../../../../Unreal Projects/Eggboy/Content/Norman/Materials/World/Water_M.uasset' has been saved with empty engine version. The asset will be loaded but may be incompatible.
[2018.06.13-21.00.25:282][  0]LogLinker: Warning: Asset '../../../../../../Unreal Projects/Eggboy/Content/Norman/Materials/World/Color_M.uasset' has been saved with empty engine version. The asset will be loaded but may be incompatible.
[2018.06.13-21.00.25:303][  0]LogLinker: Warning: Asset '../../../../../../Unreal Projects/Eggboy/Content/Norman/Materials/World/GrassFoliage_M.uasset' has been saved with empty engine version. The asset will be loaded but may be incompatible.
[2018.06.13-21.00.25:313][  0]LogLinker: Warning: Asset '../../../../../../Unreal Projects/Eggboy/Content/Norman/Textures/World/water_nrm.uasset' has been saved with empty engine version. The asset will be loaded but may be incompatible.
[2018.06.13-21.00.25:314][  0]LogLinker: Warning: Asset '../../../../../../Unreal Projects/Eggboy/Content/Norman/Textures/World/water_h.uasset' has been saved with empty engine version. The asset will be loaded but may be incompatible.
[2018.06.13-21.00.25:320][  0]LogLinker: Warning: Asset '../../../../../../Unreal Projects/Eggboy/Content/Norman/Textures/World/grass_mask.uasset' has been saved with empty engine version. The asset will be loaded but may be incompatible.
[2018.06.13-21.00.25:337][  0]LogSkeletalMesh: Skeletal Mesh found in DDC [0.390321ms] /Game/EggboyRaw/Sitting.Sitting
[2018.06.13-21.00.25:379][  0]LogClass: Warning: Enum '/Game/Norman/Blueprints/Enums/NormanStates.NormanStates' was upgraded to use FText to store its display name data. Please re-save this asset to avoid issues with localization and determinstic cooking.
[2018.06.13-21.00.25:564][  0]LogAIModule: Creating AISystem for world NormanDemo
[2018.06.13-21.00.25:569][  0]LogUObjectGlobals: Created PersistentFrame Addr=0x0000022b16bcf240, Size=296, Default__ThirdPersonCharacter_C Function /Game/ThirdPersonBP/Blueprints/ThirdPersonCharacter.ThirdPersonCharacter_C:ExecuteUbergraph_ThirdPersonCharacter
[2018.06.13-21.00.25:578][  0]LogUObjectGlobals: Created PersistentFrame Addr=0x0000022b13c23800, Size=240, Default__Norman_AnimBP1_C Function /Game/Norman_AnimBP1.Norman_AnimBP1_C:ExecuteUbergraph_Norman_AnimBP1
[2018.06.13-21.00.25:579][  0]LogLinker: Warning: Asset '../../../../../../Unreal Projects/Eggboy/Content/Norman/Blueprints/Character/NormanCharacter.uasset' has been saved with empty engine version. The asset will be loaded but may be incompatible.
[2018.06.13-21.00.25:605][  0]LogUObjectGlobals: Created PersistentFrame Addr=0x0000022b2277ca00, Size=768, Default__NormanCharacter_C Function /Game/Norman/Blueprints/Character/NormanCharacter.NormanCharacter_C:ExecuteUbergraph_NormanCharacter
[2018.06.13-21.00.25:609][  0]LogLinker: Warning: Asset '../../../../../../Unreal Projects/Eggboy/Content/Norman/Animations/Character/Norman_AnimBP.uasset' has been saved with empty engine version. The asset will be loaded but may be incompatible.
[2018.06.13-21.00.25:670][  0]LogUObjectGlobals: Created PersistentFrame Addr=0x0000022b16b74b80, Size=224, Default__Norman_AnimBP_C Function /Game/Norman/Animations/Character/Norman_AnimBP.Norman_AnimBP_C:ExecuteUbergraph_Norman_AnimBP
[2018.06.13-21.00.25:703][  0]LogUObjectGlobals: Created PersistentFrame Addr=0x0000022b13c09fc0, Size=64, Default__ThirdPerson_AnimBP_C Function /Game/Mannequin/Animations/ThirdPerson_AnimBP.ThirdPerson_AnimBP_C:ExecuteUbergraph_ThirdPerson_AnimBP
[2018.06.13-21.00.25:727][  0]LogLinker: Warning: Asset '../../../../../../Unreal Projects/Eggboy/Content/Norman/Meshes/Character/Norman.uasset' has been saved with empty engine version. The asset will be loaded but may be incompatible.
[2018.06.13-21.00.25:728][  0]LogLinker: Warning: Asset '../../../../../../Unreal Projects/Eggboy/Content/Norman/Meshes/Accessories/norman_antenna_v1.uasset' has been saved with empty engine version. The asset will be loaded but may be incompatible.
[2018.06.13-21.00.25:729][  0]LogLinker: Warning: Asset '../../../../../../Unreal Projects/Eggboy/Content/Norman/Materials/Character/Norman_M.uasset' has been saved with empty engine version. The asset will be loaded but may be incompatible.
[2018.06.13-21.00.25:732][  0]LogLinker: Warning: Asset '../../../../../../Unreal Projects/Eggboy/Content/Norman/Meshes/Accessories/norman_battery_v1.uasset' has been saved with empty engine version. The asset will be loaded but may be incompatible.
[2018.06.13-21.00.25:733][  0]LogLinker: Warning: Asset '../../../../../../Unreal Projects/Eggboy/Content/Norman/Animations/Weapons/Slingshot/Slingshot_AnimBlueprint.uasset' has been saved with empty engine version. The asset will be loaded but may be incompatible.
[2018.06.13-21.00.25:734][  0]LogLinker: Warning: Asset '../../../../../../Unreal Projects/Eggboy/Content/Norman/Meshes/Weapons/Slingshot/slingshot_Skeleton.uasset' has been saved with empty engine version. The asset will be loaded but may be incompatible.
[2018.06.13-21.00.25:735][  0]LogUObjectGlobals: Created PersistentFrame Addr=0x0000022b16bea728, Size=40, Default__Slingshot_AnimBlueprint_C Function /Game/Norman/Animations/Weapons/Slingshot/Slingshot_AnimBlueprint.Slingshot_AnimBlueprint_C:ExecuteUbergraph_Slingshot_AnimBlueprint
[2018.06.13-21.00.25:736][  0]LogLinker: Warning: Asset '../../../../../../Unreal Projects/Eggboy/Content/Norman/Meshes/Accessories/norman_zipper_v1.uasset' has been saved with empty engine version. The asset will be loaded but may be incompatible.
[2018.06.13-21.00.25:737][  0]LogLinker: Warning: Asset '../../../../../../Unreal Projects/Eggboy/Content/Norman/Animations/Weapons/Slingshot/slingshot_idle.uasset' has been saved with empty engine version. The asset will be loaded but may be incompatible.
[2018.06.13-21.00.25:737][  0]LogLinker: Warning: Asset '../../../../../../Unreal Projects/Eggboy/Content/Norman/Animations/Weapons/Slingshot/SlingshotShoot_Blendspace.uasset' has been saved with empty engine version. The asset will be loaded but may be incompatible.
[2018.06.13-21.00.25:783][  0]LogLinker: Warning: Asset '../../../../../../Unreal Projects/Eggboy/Content/Norman/Animations/Weapons/Slingshot/slingshot_stretch.uasset' has been saved with empty engine version. The asset will be loaded but may be incompatible.
[2018.06.13-21.00.25:784][  0]LogLinker: Warning: Asset '../../../../../../Unreal Projects/Eggboy/Content/Norman/Animations/Weapons/Slingshot/slingshot_shoot.uasset' has been saved with empty engine version. The asset will be loaded but may be incompatible.
[2018.06.13-21.00.25:784][  0]LogLinker: Warning: Asset '../../../../../../Unreal Projects/Eggboy/Content/Norman/Meshes/Weapons/Slingshot/slingshot.uasset' has been saved with empty engine version. The asset will be loaded but may be incompatible.
[2018.06.13-21.00.25:785][  0]LogLinker: Warning: Asset '../../../../../../Unreal Projects/Eggboy/Content/Norman/Materials/Weapons/Slingshot/Slingshot_M.uasset' has been saved with empty engine version. The asset will be loaded but may be incompatible.
[2018.06.13-21.00.25:786][  0]LogLinker: Warning: Asset '../../../../../../Unreal Projects/Eggboy/Content/Norman/Animations/Character/norman_carry.uasset' has been saved with empty engine version. The asset will be loaded but may be incompatible.
[2018.06.13-21.00.25:787][  0]LogLinker: Warning: Asset '../../../../../../Unreal Projects/Eggboy/Content/Norman/Animations/Character/norman_collect.uasset' has been saved with empty engine version. The asset will be loaded but may be incompatible.
[2018.06.13-21.00.25:787][  0]LogLinker: Warning: Asset '../../../../../../Unreal Projects/Eggboy/Content/Norman/Animations/Character/norman_dance.uasset' has been saved with empty engine version. The asset will be loaded but may be incompatible.
[2018.06.13-21.00.25:788][  0]LogLinker: Warning: Asset '../../../../../../Unreal Projects/Eggboy/Content/Norman/Animations/Character/norman_death.uasset' has been saved with empty engine version. The asset will be loaded but may be incompatible.
[2018.06.13-21.00.25:789][  0]LogLinker: Warning: Asset '../../../../../../Unreal Projects/Eggboy/Content/Norman/Animations/Character/norman_pickup.uasset' has been saved with empty engine version. The asset will be loaded but may be incompatible.
[2018.06.13-21.00.25:793][  0]LogLinker: Warning: Asset '../../../../../../Unreal Projects/Eggboy/Content/Norman/Animations/Character/norman_place.uasset' has been saved with empty engine version. The asset will be loaded but may be incompatible.
[2018.06.13-21.00.25:795][  0]LogLinker: Warning: Asset '../../../../../../Unreal Projects/Eggboy/Content/Norman/Animations/Character/norman_press.uasset' has been saved with empty engine version. The asset will be loaded but may be incompatible.
[2018.06.13-21.00.25:795][  0]LogLinker: Warning: Asset '../../../../../../Unreal Projects/Eggboy/Content/Norman/Animations/Character/norman_pull.uasset' has been saved with empty engine version. The asset will be loaded but may be incompatible.
[2018.06.13-21.00.25:796][  0]LogLinker: Warning: Asset '../../../../../../Unreal Projects/Eggboy/Content/Norman/Animations/Character/norman_push.uasset' has been saved with empty engine version. The asset will be loaded but may be incompatible.
[2018.06.13-21.00.25:797][  0]LogLinker: Warning: Asset '../../../../../../Unreal Projects/Eggboy/Content/Norman/Animations/Character/norman_put_away.uasset' has been saved with empty engine version. The asset will be loaded but may be incompatible.
[2018.06.13-21.00.25:798][  0]LogLinker: Warning: Asset '../../../../../../Unreal Projects/Eggboy/Content/Norman/Animations/Character/norman_spawn.uasset' has been saved with empty engine version. The asset will be loaded but may be incompatible.
[2018.06.13-21.00.25:799][  0]LogLinker: Warning: Asset '../../../../../../Unreal Projects/Eggboy/Content/Norman/Animations/Character/norman_talk.uasset' has been saved with empty engine version. The asset will be loaded but may be incompatible.
[2018.06.13-21.00.25:800][  0]LogLinker: Warning: Asset '../../../../../../Unreal Projects/Eggboy/Content/Norman/Animations/Character/ThirdPerson_Jump.uasset' has been saved with empty engine version. The asset will be loaded but may be incompatible.
[2018.06.13-21.00.25:801][  0]LogLinker: Warning: Asset '../../../../../../Unreal Projects/Eggboy/Content/Norman/Animations/Character/ThirdPersonJump_Loop.uasset' has been saved with empty engine version. The asset will be loaded but may be incompatible.
[2018.06.13-21.00.25:802][  0]LogLinker: Warning: Asset '../../../../../../Unreal Projects/Eggboy/Content/Norman/Animations/Character/ThirdPersonJump_Start.uasset' has been saved with empty engine version. The asset will be loaded but may be incompatible.
[2018.06.13-21.00.25:802][  0]LogLinker: Warning: Asset '../../../../../../Unreal Projects/Eggboy/Content/Norman/Animations/Character/Blends/Aim/NormanAim_BlendSpace.uasset' has been saved with empty engine version. The asset will be loaded but may be incompatible.
[2018.06.13-21.00.25:803][  0]LogLinker: Warning: Asset '../../../../../../Unreal Projects/Eggboy/Content/Norman/Animations/Character/Blends/NormanIdleRun_Blendspace.uasset' has been saved with empty engine version. The asset will be loaded but may be incompatible.
[2018.06.13-21.00.25:804][  0]LogLinker: Warning: Asset '../../../../../../Unreal Projects/Eggboy/Content/Norman/Animations/Character/Blends/NormanTrudge_Blendspace.uasset' has been saved with empty engine version. The asset will be loaded but may be incompatible.
[2018.06.13-21.00.25:804][  0]LogLinker: Warning: Asset '../../../../../../Unreal Projects/Eggboy/Content/Norman/Animations/Character/Blends/Shoot/NormanShoot_Blendspace.uasset' has been saved with empty engine version. The asset will be loaded but may be incompatible.
[2018.06.13-21.00.25:836][  0]LogLinker: Warning: Asset '../../../../../../Unreal Projects/Eggboy/Content/Norman/Animations/Character/norman_idle.uasset' has been saved with empty engine version. The asset will be loaded but may be incompatible.
[2018.06.13-21.00.25:837][  0]LogLinker: Warning: Asset '../../../../../../Unreal Projects/Eggboy/Content/Norman/Animations/Character/norman_walk.uasset' has been saved with empty engine version. The asset will be loaded but may be incompatible.
[2018.06.13-21.00.25:838][  0]LogLinker: Warning: Asset '../../../../../../Unreal Projects/Eggboy/Content/Norman/Animations/Character/norman_run.uasset' has been saved with empty engine version. The asset will be loaded but may be incompatible.
[2018.06.13-21.00.25:840][  0]LogLinker: Warning: Asset '../../../../../../Unreal Projects/Eggboy/Content/Norman/Animations/Character/norman_trudge.uasset' has been saved with empty engine version. The asset will be loaded but may be incompatible.
[2018.06.13-21.00.25:845][  0]LogLinker: Warning: Asset '../../../../../../Unreal Projects/Eggboy/Content/Norman/Animations/Character/Blends/Aim/norman_aim_down_pose.uasset' has been saved with empty engine version. The asset will be loaded but may be incompatible.
[2018.06.13-21.00.25:846][  0]LogLinker: Warning: Asset '../../../../../../Unreal Projects/Eggboy/Content/Norman/Animations/Character/Blends/Aim/norman_aim_left_pose.uasset' has been saved with empty engine version. The asset will be loaded but may be incompatible.
[2018.06.13-21.00.25:847][  0]LogLinker: Warning: Asset '../../../../../../Unreal Projects/Eggboy/Content/Norman/Animations/Character/Blends/Aim/norman_aim_leftdown_pose.uasset' has been saved with empty engine version. The asset will be loaded but may be incompatible.
[2018.06.13-21.00.25:848][  0]LogLinker: Warning: Asset '../../../../../../Unreal Projects/Eggboy/Content/Norman/Animations/Character/Blends/Aim/norman_aim_leftup_pose.uasset' has been saved with empty engine version. The asset will be loaded but may be incompatible.
[2018.06.13-21.00.25:849][  0]LogLinker: Warning: Asset '../../../../../../Unreal Projects/Eggboy/Content/Norman/Animations/Character/Blends/Aim/norman_aim_pose.uasset' has been saved with empty engine version. The asset will be loaded but may be incompatible.
[2018.06.13-21.00.25:850][  0]LogLinker: Warning: Asset '../../../../../../Unreal Projects/Eggboy/Content/Norman/Animations/Character/Blends/Aim/norman_aim_right_pose.uasset' has been saved with empty engine version. The asset will be loaded but may be incompatible.
[2018.06.13-21.00.25:850][  0]LogLinker: Warning: Asset '../../../../../../Unreal Projects/Eggboy/Content/Norman/Animations/Character/Blends/Aim/norman_aim_rightdown_pose.uasset' has been saved with empty engine version. The asset will be loaded but may be incompatible.
[2018.06.13-21.00.25:851][  0]LogLinker: Warning: Asset '../../../../../../Unreal Projects/Eggboy/Content/Norman/Animations/Character/Blends/Aim/norman_aim_up_pose.uasset' has been saved with empty engine version. The asset will be loaded but may be incompatible.
[2018.06.13-21.00.25:852][  0]LogLinker: Warning: Asset '../../../../../../Unreal Projects/Eggboy/Content/Norman/Animations/Character/Blends/Aim/norman_aim_rightup_pose.uasset' has been saved with empty engine version. The asset will be loaded but may be incompatible.
[2018.06.13-21.00.25:853][  0]LogLinker: Warning: Asset '../../../../../../Unreal Projects/Eggboy/Content/Norman/Animations/Character/Blends/Shoot/norman_shooting_base.uasset' has been saved with empty engine version. The asset will be loaded but may be incompatible.
[2018.06.13-21.00.25:853][  0]LogLinker: Warning: Asset '../../../../../../Unreal Projects/Eggboy/Content/Norman/Animations/Character/Blends/Shoot/norman_shooting_shoot.uasset' has been saved with empty engine version. The asset will be loaded but may be incompatible.
[2018.06.13-21.00.25:854][  0]LogLinker: Warning: Asset '../../../../../../Unreal Projects/Eggboy/Content/Norman/Animations/Character/Blends/Shoot/norman_shooting_reload.uasset' has been saved with empty engine version. The asset will be loaded but may be incompatible.
[2018.06.13-21.00.25:857][  0]LogLinker: Warning: Asset '../../../../../../Unreal Projects/Eggboy/Content/Norman/Textures/Character/Faces/norman_blink_face.uasset' has been saved with empty engine version. The asset will be loaded but may be incompatible.
[2018.06.13-21.00.25:860][  0]LogLinker: Warning: Asset '../../../../../../Unreal Projects/Eggboy/Content/Norman/Textures/Character/Faces/norman_default_face.uasset' has been saved with empty engine version. The asset will be loaded but may be incompatible.
[2018.06.13-21.00.25:861][  0]LogLinker: Warning: Asset '../../../../../../Unreal Projects/Eggboy/Content/Norman/Textures/Character/Faces/norman_squint_face.uasset' has been saved with empty engine version. The asset will be loaded but may be incompatible.
[2018.06.13-21.00.25:984][  0]LogUObjectGlobals: Destroyed PersistentFrame Addr=0x0000022b16b74b80, Size=224
[2018.06.13-21.00.25:984][  0]LogUObjectGlobals: Created PersistentFrame Addr=0x0000022b2ca6ee80, Size=224, Default__Norman_AnimBP_C Function /Engine/Transient.REINST_Norman_AnimBP_C_0:ExecuteUbergraph_Norman_AnimBP
[2018.06.13-21.00.25:986][  0]LogUObjectGlobals: Destroyed PersistentFrame Addr=0x0000022b13c23800, Size=240
[2018.06.13-21.00.25:986][  0]LogUObjectGlobals: Created PersistentFrame Addr=0x0000022b2d302400, Size=240, Default__Norman_AnimBP1_C Function /Engine/Transient.REINST_Norman_AnimBP1_C_1:ExecuteUbergraph_Norman_AnimBP1
[2018.06.13-21.00.25:986][  0]LogUObjectGlobals: Destroyed PersistentFrame Addr=0x0000022b16bea728, Size=40
[2018.06.13-21.00.25:986][  0]LogUObjectGlobals: Created PersistentFrame Addr=0x0000022b2d34d5a8, Size=40, Default__Slingshot_AnimBlueprint_C Function /Engine/Transient.REINST_Slingshot_AnimBlueprint_C_2:ExecuteUbergraph_Slingshot_AnimBlueprint
[2018.06.13-21.00.25:988][  0]LogUObjectGlobals: Destroyed PersistentFrame Addr=0x0000022b13c09fc0, Size=64
[2018.06.13-21.00.25:988][  0]LogUObjectGlobals: Created PersistentFrame Addr=0x0000022b2ca4fa40, Size=64, Default__ThirdPerson_AnimBP_C Function /Engine/Transient.REINST_ThirdPerson_AnimBP_C_3:ExecuteUbergraph_ThirdPerson_AnimBP
[2018.06.13-21.00.25:990][  0]LogUObjectGlobals: Destroyed PersistentFrame Addr=0x0000022b2277ca00, Size=768
[2018.06.13-21.00.25:990][  0]LogUObjectGlobals: Created PersistentFrame Addr=0x0000022b2b8a2800, Size=768, Default__NormanCharacter_C Function /Engine/Transient.REINST_NormanCharacter_C_17:ExecuteUbergraph_NormanCharacter
[2018.06.13-21.00.25:990][  0]LogUObjectGlobals: Destroyed PersistentFrame Addr=0x0000022b16bcf240, Size=296
[2018.06.13-21.00.25:990][  0]LogUObjectGlobals: Created PersistentFrame Addr=0x0000022b2ca4bc40, Size=296, Default__ThirdPersonCharacter_C Function /Engine/Transient.REINST_ThirdPersonCharacter_C_18:ExecuteUbergraph_ThirdPersonCharacter
[2018.06.13-21.00.26:183][  0]LogUObjectGlobals: Created PersistentFrame Addr=0x0000022b2e349200, Size=232, Default__Norman_AnimBP_C Function /Game/Norman/Animations/Character/Norman_AnimBP.Norman_AnimBP_C:ExecuteUbergraph_Norman_AnimBP
[2018.06.13-21.00.26:193][  0]LogUObjectGlobals: Created PersistentFrame Addr=0x0000022b2e2e2e00, Size=232, Default__Norman_AnimBP1_C Function /Game/Norman_AnimBP1.Norman_AnimBP1_C:ExecuteUbergraph_Norman_AnimBP1
[2018.06.13-21.00.26:196][  0]LogUObjectGlobals: Created PersistentFrame Addr=0x0000022b2c8fdda0, Size=40, Default__Slingshot_AnimBlueprint_C Function /Game/Norman/Animations/Weapons/Slingshot/Slingshot_AnimBlueprint.Slingshot_AnimBlueprint_C:ExecuteUbergraph_Slingshot_AnimBlueprint
[2018.06.13-21.00.26:198][  0]LogUObjectGlobals: Created PersistentFrame Addr=0x0000022b2e2a9800, Size=72, Default__ThirdPerson_AnimBP_C Function /Game/Mannequin/Animations/ThirdPerson_AnimBP.ThirdPerson_AnimBP_C:ExecuteUbergraph_ThirdPerson_AnimBP
[2018.06.13-21.00.26:203][  0]LogUObjectGlobals: Created PersistentFrame Addr=0x0000022b2e2a5900, Size=760, Default__NormanCharacter_C Function /Game/Norman/Blueprints/Character/NormanCharacter.NormanCharacter_C:ExecuteUbergraph_NormanCharacter
[2018.06.13-21.00.26:206][  0]LogUObjectGlobals: Created PersistentFrame Addr=0x0000022b2d4a5d00, Size=296, Default__ThirdPersonCharacter_C Function /Game/ThirdPersonBP/Blueprints/ThirdPersonCharacter.ThirdPersonCharacter_C:ExecuteUbergraph_ThirdPersonCharacter
[2018.06.13-21.00.26:216][  0]LogBlueprint: Warning: [Compiler Norman_AnimBP1] Node  Blendspace Player 'NormanAim_BlendSpace1'  uses potentially thread-unsafe call Get Aim Rot. Disable threaded update or use a thread-safe call. Function may need BlueprintThreadSafe metadata adding.
[2018.06.13-21.00.26:216][  0]LogBlueprint: Warning: [Compiler Norman_AnimBP1] Node  Blendspace Player 'NormanShoot_Blendspace1'  uses potentially thread-unsafe call  Try Get Pawn Owner . Disable threaded update or use a thread-safe call. Function may need BlueprintThreadSafe metadata adding.
[2018.06.13-21.00.26:217][  0]LogBlueprint: Warning: [Compiler Norman_AnimBP] Node  Blendspace Player 'NormanAim_BlendSpace'  uses potentially thread-unsafe call Get Aim Rot. Disable threaded update or use a thread-safe call. Function may need BlueprintThreadSafe metadata adding.
[2018.06.13-21.00.26:217][  0]LogBlueprint: Warning: [Compiler Norman_AnimBP] Node  Blendspace Player 'NormanShoot_Blendspace'  uses potentially thread-unsafe call  Try Get Pawn Owner . Disable threaded update or use a thread-safe call. Function may need BlueprintThreadSafe metadata adding.
[2018.06.13-21.00.26:221][  0]LogBlueprint: Warning: [Compiler Norman_AnimBP] [0013.32] Compile of Norman_AnimBP successful, but with 2 Warning(s) [in 271 ms] (/Game/Norman/Animations/Character/Norman_AnimBP.Norman_AnimBP)
[2018.06.13-21.00.26:221][  0]LogBlueprint: Warning: [Compiler Norman_AnimBP1] [0013.32] Compile of Norman_AnimBP1 successful, but with 2 Warning(s) [in 271 ms] (/Game/Norman_AnimBP1.Norman_AnimBP1)
[2018.06.13-21.00.26:232][  0]LogLinker: Warning: Asset '../../../../../../Unreal Projects/Eggboy/Content/Norman/Meshes/Accessories/norman_zipper_v1_Skeleton.uasset' has been saved with empty engine version. The asset will be loaded but may be incompatible.
[2018.06.13-21.00.26:233][  0]LogLinker: Warning: Asset '../../../../../../Unreal Projects/Eggboy/Content/Norman/Meshes/Accessories/norman_battery_v1_Skeleton.uasset' has been saved with empty engine version. The asset will be loaded but may be incompatible.
[2018.06.13-21.00.26:235][  0]LogLinker: Warning: Asset '../../../../../../Unreal Projects/Eggboy/Content/Norman/Textures/Character/rough.uasset' has been saved with empty engine version. The asset will be loaded but may be incompatible.
[2018.06.13-21.00.26:235][  0]LogLinker: Warning: Asset '../../../../../../Unreal Projects/Eggboy/Content/Norman/Textures/Character/albedo.uasset' has been saved with empty engine version. The asset will be loaded but may be incompatible.
[2018.06.13-21.00.26:236][  0]LogLinker: Warning: Asset '../../../../../../Unreal Projects/Eggboy/Content/Norman/Textures/Character/emissive.uasset' has been saved with empty engine version. The asset will be loaded but may be incompatible.
[2018.06.13-21.00.26:237][  0]LogLinker: Warning: Asset '../../../../../../Unreal Projects/Eggboy/Content/Norman/Textures/Character/metal.uasset' has been saved with empty engine version. The asset will be loaded but may be incompatible.
[2018.06.13-21.00.26:238][  0]LogLinker: Warning: Asset '../../../../../../Unreal Projects/Eggboy/Content/Norman/Textures/Character/normal.uasset' has been saved with empty engine version. The asset will be loaded but may be incompatible.
[2018.06.13-21.00.26:240][  0]LogLinker: Warning: Asset '../../../../../../Unreal Projects/Eggboy/Content/Norman/Textures/Character/NoiseFace.uasset' has been saved with empty engine version. The asset will be loaded but may be incompatible.
[2018.06.13-21.00.26:243][  0]LogLinker: Warning: Asset '../../../../../../Unreal Projects/Eggboy/Content/Norman/Meshes/Accessories/norman_antenna_v1_Skeleton.uasset' has been saved with empty engine version. The asset will be loaded but may be incompatible.
[2018.06.13-21.00.26:250][  0]LogLinker: Warning: Asset '../../../../../../Unreal Projects/Eggboy/Content/Norman/Meshes/Weapons/Slingshot/slingshot_PhysicsAsset.uasset' has been saved with empty engine version. The asset will be loaded but may be incompatible.
[2018.06.13-21.00.26:252][  0]LogLinker: Warning: Asset '../../../../../../Unreal Projects/Eggboy/Content/Norman/Textures/Weapons/Slingshot/slingshot_metallic.uasset' has been saved with empty engine version. The asset will be loaded but may be incompatible.
[2018.06.13-21.00.26:253][  0]LogLinker: Warning: Asset '../../../../../../Unreal Projects/Eggboy/Content/Norman/Textures/Weapons/Slingshot/slingshot_normal.uasset' has been saved with empty engine version. The asset will be loaded but may be incompatible.
[2018.06.13-21.00.26:254][  0]LogLinker: Warning: Asset '../../../../../../Unreal Projects/Eggboy/Content/Norman/Textures/Weapons/Slingshot/slingshot_roughness.uasset' has been saved with empty engine version. The asset will be loaded but may be incompatible.
[2018.06.13-21.00.26:255][  0]LogLinker: Warning: Asset '../../../../../../Unreal Projects/Eggboy/Content/Norman/Textures/Weapons/Slingshot/slingshot_albedo.uasset' has been saved with empty engine version. The asset will be loaded but may be incompatible.
[2018.06.13-21.00.26:277][  0]LogSkeletalMesh: Skeletal Mesh found in DDC [0.248889ms] /Game/Norman/Meshes/Accessories/norman_zipper_v1.norman_zipper_v1
[2018.06.13-21.00.26:279][  0]LogSkeletalMesh: Skeletal Mesh found in DDC [0.240592ms] /Game/Norman/Meshes/Accessories/norman_battery_v1.norman_battery_v1
[2018.06.13-21.00.26:285][  0]LogSkeletalMesh: Skeletal Mesh found in DDC [0.256395ms] /Game/Norman/Meshes/Accessories/norman_antenna_v1.norman_antenna_v1
[2018.06.13-21.00.26:286][  0]LogSkeletalMesh: Skeletal Mesh found in DDC [0.692148ms] /Game/Norman/Meshes/Character/Norman.Norman
[2018.06.13-21.00.26:303][  0]LogSkeletalMesh: Skeletal Mesh found in DDC [0.378074ms] /Game/Norman/Meshes/Weapons/Slingshot/slingshot.slingshot
[2018.06.13-21.00.26:335][  0]LogLoad: Game class is 'ThirdPersonGameMode_C'
[2018.06.13-21.00.26:348][  0]LogWorld: Bringing World /Game/Norman/Maps/NormanDemo.NormanDemo up for play (max tick rate 0) at 2018.06.13-17.00.26
[2018.06.13-21.00.26:349][  0]LogWorld: Bringing up level for play took: 0.013366
[2018.06.13-21.00.26:353][  0]LogLoad: Took 1.386256 seconds to LoadMap(/Game/Norman/Maps/NormanDemo)
[2018.06.13-21.00.26:416][  0]LogLoad: (Engine Initialization) Total time: 13.51 seconds
[2018.06.13-21.00.26:416][  0]LogLoad: (Engine Initialization) Total Blueprint compile time: 0.00 seconds
[2018.06.13-21.00.26:476][  0]LogRenderer: Reallocating scene render targets to support 1280x720 Format 10 NumSamples 1 (Frame:1).
[2018.06.13-21.00.26:551][  0]LogWindowsTextInputMethodSystem: Display: IME system now deactivated.
[2018.06.13-21.00.26:556][  0]LogContentStreaming: Texture pool size now 1000 MB
[2018.06.13-21.00.46:780][245]LogRenderer: Reallocating scene render targets to support 1920x1080 Format 10 NumSamples 1 (Frame:1247).
[2018.06.13-21.01.27:934][773]LogUObjectGlobals: Destroyed PersistentFrame Addr=0x0000022b1fc4fd80, Size=40
[2018.06.13-21.01.27:934][773]LogUObjectGlobals: Destroyed PersistentFrame Addr=0x0000022b13833b00, Size=288
[2018.06.13-21.01.27:934][773]LogUObjectGlobals: Destroyed PersistentFrame Addr=0x0000022b1383e480, Size=608
[2018.06.13-21.01.27:934][773]LogUObjectGlobals: Destroyed PersistentFrame Addr=0x0000022b13833740, Size=280
[2018.06.13-21.01.27:934][773]LogUObjectGlobals: Destroyed PersistentFrame Addr=0x0000022b2ca4bc40, Size=296
[2018.06.13-21.01.27:934][773]LogUObjectGlobals: Destroyed PersistentFrame Addr=0x0000022b2d302400, Size=240
[2018.06.13-21.01.27:935][773]LogUObjectGlobals: Destroyed PersistentFrame Addr=0x0000022b2b8a2800, Size=768
[2018.06.13-21.01.27:935][773]LogUObjectGlobals: Destroyed PersistentFrame Addr=0x0000022b2ca6ee80, Size=224
[2018.06.13-21.01.27:935][773]LogUObjectGlobals: Destroyed PersistentFrame Addr=0x0000022b2ca4fa40, Size=64
[2018.06.13-21.01.27:935][773]LogUObjectGlobals: Destroyed PersistentFrame Addr=0x0000022b2d34d5a8, Size=40
[2018.06.13-21.01.27:935][773]LogUObjectGlobals: Destroyed PersistentFrame Addr=0x0000022b2e2a9800, Size=72
[2018.06.13-21.02.07:966][251]Closing by request
[2018.06.13-21.02.07:966][251]LogWindows: FPlatformMisc::RequestExit(0)
[2018.06.13-21.02.08:337][252]LogSlate: Window 'Eggboy (64-bit, PCD3D_SM5) ' being destroyed
[2018.06.13-21.02.08:337][252]LogWindowsTextInputMethodSystem: Display: IME system now deactivated.
[2018.06.13-21.02.08:348][252]LogSlate: Slate User Destroyed.  User Index 0, Is Virtual User: 0
[2018.06.13-21.02.08:349][252]LogExit: Preparing to exit.
[2018.06.13-21.02.08:349][252]LogMoviePlayer: Shutting down movie player
[2018.06.13-21.02.09:368][252]LogExit: Game engine shut down
[2018.06.13-21.02.09:378][252]LogUObjectGlobals: Destroyed PersistentFrame Addr=0x0000022b13832200, Size=304
[2018.06.13-21.02.09:378][252]LogUObjectGlobals: Destroyed PersistentFrame Addr=0x0000022b13acb380, Size=624
[2018.06.13-21.02.09:379][252]LogUObjectGlobals: Destroyed PersistentFrame Addr=0x0000022b13831f80, Size=296
[2018.06.13-21.02.09:379][252]LogUObjectGlobals: Destroyed PersistentFrame Addr=0x0000022b1fc4e318, Size=40
[2018.06.13-21.02.09:379][252]LogUObjectGlobals: Destroyed PersistentFrame Addr=0x0000022b2e349200, Size=232
[2018.06.13-21.02.09:379][252]LogUObjectGlobals: Destroyed PersistentFrame Addr=0x0000022b2e2e2e00, Size=232
[2018.06.13-21.02.09:379][252]LogUObjectGlobals: Destroyed PersistentFrame Addr=0x0000022b2c8fdda0, Size=40
[2018.06.13-21.02.09:380][252]LogUObjectGlobals: Destroyed PersistentFrame Addr=0x0000022b2e2a5900, Size=760
[2018.06.13-21.02.09:380][252]LogUObjectGlobals: Destroyed PersistentFrame Addr=0x0000022b2d4a5d00, Size=296
[2018.06.13-21.02.09:480][252]LogExit: Object subsystem successfully closed.
[2018.06.13-21.02.09:503][252]LogShaderCompilers: Display: Shaders left to compile 0
[2018.06.13-21.02.09:513][252]LogD3D11RHI: Shutdown
[2018.06.13-21.02.09:513][252]LogD3D11RHI: CleanupD3DDevice
[2018.06.13-21.02.09:515][252]LogD3D11RHI: ~FD3D11DynamicRHI
[2018.06.13-21.02.09:534][252]LogModuleManager: Shutting down and abandoning module SequenceRecorderSections (334)
[2018.06.13-21.02.09:534][252]LogModuleManager: Shutting down and abandoning module SequenceRecorder (332)
[2018.06.13-21.02.09:534][252]LogModuleManager: Shutting down and abandoning module AutomationController (330)
[2018.06.13-21.02.09:534][252]LogModuleManager: Shutting down and abandoning module AutomationWorker (328)
[2018.06.13-21.02.09:534][252]LogModuleManager: Shutting down and abandoning module AIModule (326)
[2018.06.13-21.02.09:534][252]LogModuleManager: Shutting down and abandoning module GameplayDebugger (325)
[2018.06.13-21.02.09:534][252]LogModuleManager: Shutting down and abandoning module AITestSuite (323)
[2018.06.13-21.02.09:534][252]LogModuleManager: Shutting down and abandoning module WmfMediaFactory (320)
[2018.06.13-21.02.09:534][252]LogModuleManager: Shutting down and abandoning module OpenExrWrapper (318)
[2018.06.13-21.02.09:534][252]LogModuleManager: Shutting down and abandoning module ImgMediaFactory (316)
[2018.06.13-21.02.09:534][252]LogModuleManager: Shutting down and abandoning module AvfMediaFactory (314)
[2018.06.13-21.02.09:534][252]LogModuleManager: Shutting down and abandoning module CharacterAI (312)
[2018.06.13-21.02.09:534][252]LogModuleManager: Shutting down and abandoning module SessionServices (310)
[2018.06.13-21.02.09:534][252]LogModuleManager: Shutting down and abandoning module MovieSceneCapture (308)
[2018.06.13-21.02.09:534][252]LogModuleManager: Shutting down and abandoning module MovieSceneTracks (306)
[2018.06.13-21.02.09:534][252]LogModuleManager: Shutting down and abandoning module MovieScene (304)
[2018.06.13-21.02.09:534][252]LogModuleManager: Shutting down and abandoning module GeometryCache (302)
[2018.06.13-21.02.09:534][252]LogModuleManager: Shutting down and abandoning module GeometryCacheEd (301)
[2018.06.13-21.02.09:534][252]LogModuleManager: Shutting down and abandoning module StreamingPauseRendering (298)
[2018.06.13-21.02.09:534][252]LogModuleManager: Shutting down and abandoning module PortalServices (296)
[2018.06.13-21.02.09:534][252]LogModuleManager: Shutting down and abandoning module PortalRpc (294)
[2018.06.13-21.02.09:534][252]LogModuleManager: Shutting down and abandoning module MessagingRpc (292)
[2018.06.13-21.02.09:534][252]LogModuleManager: Shutting down and abandoning module ProfilerService (290)
[2018.06.13-21.02.09:659][252]LogModuleManager: Shutting down and abandoning module TaskGraph (288)
[2018.06.13-21.02.09:659][252]LogModuleManager: Shutting down and abandoning module SteamVRController (286)
[2018.06.13-21.02.09:659][252]LogModuleManager: Shutting down and abandoning module ProceduralMeshComponent (284)
[2018.06.13-21.02.09:659][252]LogModuleManager: Shutting down and abandoning module OculusInput (282)
[2018.06.13-21.02.09:659][252]LogModuleManager: Shutting down and abandoning module MobilePatchingUtils (280)
[2018.06.13-21.02.09:659][252]LogModuleManager: Shutting down and abandoning module HoudiniEngineRuntime (278)
[2018.06.13-21.02.09:659][252]LogHoudiniEngine: Shutting down the Houdini Engine module.
[2018.06.13-21.02.09:662][252]LogModuleManager: Shutting down and abandoning module CustomMeshComponent (276)
[2018.06.13-21.02.09:662][252]LogModuleManager: Shutting down and abandoning module CableComponent (274)
[2018.06.13-21.02.09:662][252]LogModuleManager: Shutting down and abandoning module AudioCapture (272)
[2018.06.13-21.02.09:662][252]LogModuleManager: Shutting down and abandoning module ArchVisCharacter (270)
[2018.06.13-21.02.09:662][252]LogModuleManager: Shutting down and abandoning module AndroidPermission (268)
[2018.06.13-21.02.09:662][252]LogModuleManager: Shutting down and abandoning module NUTUnrealEngine4 (264)
[2018.06.13-21.02.09:662][252]LogModuleManager: Shutting down and abandoning module NetcodeUnitTest (262)
[2018.06.13-21.02.09:662][252]LogModuleManager: Shutting down and abandoning module MediaCompositing (260)
[2018.06.13-21.02.09:662][252]LogModuleManager: Shutting down and abandoning module LinearTimecode (258)
[2018.06.13-21.02.09:662][252]LogModuleManager: Shutting down and abandoning module ImgMedia (256)
[2018.06.13-21.02.09:665][252]LogModuleManager: Shutting down and abandoning module HTML5Networking (254)
[2018.06.13-21.02.09:665][252]LogModuleManager: Shutting down and abandoning module DatasmithContent (252)
[2018.06.13-21.02.09:665][252]LogModuleManager: Shutting down and abandoning module CryptoKeysOpenSSL (250)
[2018.06.13-21.02.09:665][252]LogModuleManager: Shutting down and abandoning module CryptoKeys (248)
[2018.06.13-21.02.09:665][252]LogModuleManager: Shutting down and abandoning module VisualStudioSourceCodeAccess (246)
[2018.06.13-21.02.09:665][252]LogModuleManager: Shutting down and abandoning module HotReload (245)
[2018.06.13-21.02.09:665][252]LogModuleManager: Shutting down and abandoning module DirectoryWatcher (244)
[2018.06.13-21.02.09:665][252]LogModuleManager: Shutting down and abandoning module VisualStudioCodeSourceCodeAccess (240)
[2018.06.13-21.02.09:665][252]LogModuleManager: Shutting down and abandoning module UObjectPlugin (238)
[2018.06.13-21.02.09:665][252]LogModuleManager: Shutting down and abandoning module SubversionSourceControl (236)
[2018.06.13-21.02.09:665][252]LogModuleManager: Shutting down and abandoning module PerforceSourceControl (234)
[2018.06.13-21.02.09:665][252]LogModuleManager: Shutting down and abandoning module SourceControl (233)
[2018.06.13-21.02.09:665][252]LogModuleManager: Shutting down and abandoning module CLionSourceCodeAccess (230)
[2018.06.13-21.02.09:665][252]LogModuleManager: Shutting down and abandoning module RuntimePhysXCooking (228)
[2018.06.13-21.02.09:665][252]LogModuleManager: Shutting down and abandoning module PhysXVehiclesEditor (226)
[2018.06.13-21.02.09:665][252]LogModuleManager: Shutting down and abandoning module PhysXVehicles (224)
[2018.06.13-21.02.09:665][252]LogModuleManager: Shutting down and abandoning module LocationServicesBPLibrary (222)
[2018.06.13-21.02.09:665][252]LogModuleManager: Shutting down and abandoning module ImmediatePhysicsEditor (220)
[2018.06.13-21.02.09:665][252]LogModuleManager: Shutting down and abandoning module ImmediatePhysics (218)
[2018.06.13-21.02.09:665][252]LogModuleManager: Shutting down and abandoning module ActorSequence (216)
[2018.06.13-21.02.09:665][252]LogModuleManager: Shutting down and abandoning module UdpMessaging (214)
[2018.06.13-21.02.09:766][252]LogModuleManager: Shutting down and abandoning module TcpMessaging (212)
[2018.06.13-21.02.10:248][252]LogModuleManager: Shutting down and abandoning module GameplayTagsEditor (210)
[2018.06.13-21.02.10:248][252]LogModuleManager: Shutting down and abandoning module FacialAnimation (208)
[2018.06.13-21.02.10:249][252]LogModuleManager: Shutting down and abandoning module DataValidation (206)
[2018.06.13-21.02.10:249][252]LogModuleManager: Shutting down and abandoning module AssetManagerEditor (204)
[2018.06.13-21.02.10:249][252]LogModuleManager: Shutting down and abandoning module TreeMap (203)
[2018.06.13-21.02.10:249][252]LogModuleManager: Shutting down and abandoning module LightPropagationVolumeRuntime (200)
[2018.06.13-21.02.10:249][252]LogModuleManager: Shutting down and abandoning module LiveLink (198)
[2018.06.13-21.02.11:107][252]LogModuleManager: Shutting down and abandoning module Paper2D (196)
[2018.06.13-21.02.11:107][252]LogModuleManager: Shutting down and abandoning module PIEPreviewDeviceProfileSelector (194)
[2018.06.13-21.02.11:108][252]LogModuleManager: Shutting down and abandoning module WindowsMoviePlayer (192)
[2018.06.13-21.02.11:108][252]LogModuleManager: Shutting down and abandoning module WmfMedia (190)
[2018.06.13-21.02.11:111][252]LogModuleManager: Shutting down and abandoning module Media (189)
[2018.06.13-21.02.11:117][252]LogModuleManager: Shutting down and abandoning module PacketHandler (186)
[2018.06.13-21.02.11:117][252]LogModuleManager: Shutting down and abandoning module ClothingSystemEditor (184)
[2018.06.13-21.02.11:117][252]LogModuleManager: Shutting down and abandoning module ClothingSystemRuntime (182)
[2018.06.13-21.02.11:117][252]LogModuleManager: Shutting down and abandoning module MediaAssets (180)
[2018.06.13-21.02.11:117][252]LogModuleManager: Shutting down and abandoning module Overlay (178)
[2018.06.13-21.02.11:117][252]LogModuleManager: Shutting down and abandoning module OverlayEditor (177)
[2018.06.13-21.02.11:117][252]LogModuleManager: Shutting down and abandoning module VREditor (174)
[2018.06.13-21.02.11:117][252]LogModuleManager: Shutting down and abandoning module StringTableEditor (172)
[2018.06.13-21.02.11:117][252]LogModuleManager: Shutting down and abandoning module GameplayTasksEditor (170)
[2018.06.13-21.02.11:117][252]LogModuleManager: Shutting down and abandoning module BehaviorTreeEditor (168)
[2018.06.13-21.02.11:117][252]LogModuleManager: Shutting down and abandoning module FunctionalTesting (166)
[2018.06.13-21.02.11:117][252]LogModuleManager: Shutting down and abandoning module CollisionAnalyzer (164)
[2018.06.13-21.02.11:117][252]LogModuleManager: Shutting down and abandoning module WorkspaceMenuStructure (163)
[2018.06.13-21.02.11:117][252]LogModuleManager: Shutting down and abandoning module UMG (160)
[2018.06.13-21.02.11:117][252]LogModuleManager: Shutting down and abandoning module UMGEditor (159)
[2018.06.13-21.02.11:118][252]LogModuleManager: Shutting down and abandoning module Sequencer (158)
[2018.06.13-21.02.11:118][252]LogModuleManager: Shutting down and abandoning module MessageLog (155)
[2018.06.13-21.02.11:118][252]LogModuleManager: Shutting down and abandoning module SlateReflector (150)
[2018.06.13-21.02.11:118][252]LogModuleManager: Shutting down and abandoning module Slate (148)
[2018.06.13-21.02.11:118][252]LogModuleManager: Shutting down and abandoning module EditorStyle (146)
[2018.06.13-21.02.11:119][252]LogModuleManager: Shutting down and abandoning module MRMesh (144)
[2018.06.13-21.02.11:119][252]LogModuleManager: Shutting down and abandoning module Messaging (142)
[2018.06.13-21.02.11:119][252]LogModuleManager: Shutting down and abandoning module SourceCodeAccess (140)
[2018.06.13-21.02.11:119][252]LogModuleManager: Shutting down and abandoning module HeadMountedDisplay (138)
[2018.06.13-21.02.11:119][252]LogModuleManager: Shutting down and abandoning module XAudio2 (136)
[2018.06.13-21.02.11:119][252]LogModuleManager: Shutting down and abandoning module Networking (134)
[2018.06.13-21.02.11:119][252]LogModuleManager: Shutting down and abandoning module Core (132)
[2018.06.13-21.02.11:119][252]LogModuleManager: Shutting down and abandoning module LevelSequence (130)
[2018.06.13-21.02.11:119][252]LogModuleManager: Shutting down and abandoning module KismetCompiler (128)
[2018.06.13-21.02.11:119][252]LogModuleManager: Shutting down and abandoning module MeshUtilities (126)
[2018.06.13-21.02.11:119][252]LogModuleManager: Shutting down and abandoning module MeshMergeUtilities (125)
[2018.06.13-21.02.11:119][252]LogModuleManager: Shutting down and abandoning module MeshReductionInterface (124)
[2018.06.13-21.02.11:119][252]LogModuleManager: Shutting down and abandoning module SimplygonSwarm (123)
[2018.06.13-21.02.11:119][252]LogModuleManager: Shutting down and abandoning module SimplygonMeshReduction (121)
[2018.06.13-21.02.11:119][252]LogModuleManager: Shutting down and abandoning module QuadricMeshReduction (119)
[2018.06.13-21.02.11:119][252]LogModuleManager: Shutting down and abandoning module MaterialBaking (115)
[2018.06.13-21.02.11:119][252]LogModuleManager: Shutting down and abandoning module DerivedDataCache (110)
[2018.06.13-21.02.11:228][252]LogDerivedDataCache: Shutdown
[2018.06.13-21.02.11:229][252]LogModuleManager: Shutting down and abandoning module XGEController (108)
[2018.06.13-21.02.11:229][252]LogModuleManager: Shutting down and abandoning module TargetPlatform (106)
[2018.06.13-21.02.11:229][252]LogModuleManager: Shutting down and abandoning module VulkanShaderFormat (105)
[2018.06.13-21.02.11:229][252]LogModuleManager: Shutting down and abandoning module ShaderFormatVectorVM (103)
[2018.06.13-21.02.11:229][252]LogModuleManager: Shutting down and abandoning module ShaderFormatOpenGL (101)
[2018.06.13-21.02.11:229][252]LogModuleManager: Shutting down and abandoning module ShaderFormatD3D (99)
[2018.06.13-21.02.11:229][252]LogModuleManager: Shutting down and abandoning module MetalShaderFormat (97)
[2018.06.13-21.02.11:229][252]LogModuleManager: Shutting down and abandoning module TextureFormatUncompressed (95)
[2018.06.13-21.02.11:229][252]LogModuleManager: Shutting down and abandoning module TextureFormatPVR (93)
[2018.06.13-21.02.11:229][252]LogModuleManager: Shutting down and abandoning module TextureFormatDXT (91)
[2018.06.13-21.02.11:229][252]LogModuleManager: Shutting down and abandoning module TextureFormatIntelISPCTexComp (89)
[2018.06.13-21.02.11:229][252]LogModuleManager: Shutting down and abandoning module TextureFormatASTC (87)
[2018.06.13-21.02.11:229][252]LogModuleManager: Shutting down and abandoning module ImageWrapper (86)
[2018.06.13-21.02.11:229][252]LogModuleManager: Shutting down and abandoning module TextureFormatAndroid (83)
[2018.06.13-21.02.11:229][252]LogModuleManager: Shutting down and abandoning module AudioFormatOpus (81)
[2018.06.13-21.02.11:229][252]LogModuleManager: Shutting down and abandoning module AudioFormatOgg (79)
[2018.06.13-21.02.11:229][252]LogModuleManager: Shutting down and abandoning module AudioFormatADPCM (77)
[2018.06.13-21.02.11:229][252]LogModuleManager: Shutting down and abandoning module WindowsTargetPlatform (75)
[2018.06.13-21.02.11:229][252]LogModuleManager: Shutting down and abandoning module WindowsServerTargetPlatform (73)
[2018.06.13-21.02.11:229][252]LogModuleManager: Shutting down and abandoning module WindowsNoEditorTargetPlatform (71)
[2018.06.13-21.02.11:229][252]LogModuleManager: Shutting down and abandoning module WindowsClientTargetPlatform (69)
[2018.06.13-21.02.11:229][252]LogModuleManager: Shutting down and abandoning module InputCore (66)
[2018.06.13-21.02.11:229][252]LogModuleManager: Shutting down and abandoning module Settings (64)
[2018.06.13-21.02.11:229][252]LogModuleManager: Shutting down and abandoning module PhysXCooking (62)
[2018.06.13-21.02.11:229][252]LogModuleManager: Shutting down and abandoning module SteamVR (60)
[2018.06.13-21.02.11:229][252]LogModuleManager: Shutting down and abandoning module OculusHMD (58)
[2018.06.13-21.02.11:229][252]LogModuleManager: Shutting down and abandoning module ExampleDeviceProfileSelector (56)
[2018.06.13-21.02.11:229][252]LogModuleManager: Shutting down and abandoning module AppleARKit (54)
[2018.06.13-21.02.11:229][252]LogModuleManager: Shutting down and abandoning module AugmentedReality (51)
[2018.06.13-21.02.11:229][252]LogModuleManager: Shutting down and abandoning module OnlineBlueprintSupport (48)
[2018.06.13-21.02.11:229][252]LogModuleManager: Shutting down and abandoning module OnlineSubsystem (44)
[2018.06.13-21.02.11:229][252]LogModuleManager: Shutting down and abandoning module XMPP (43)
[2018.06.13-21.02.11:229][252]LogModuleManager: Shutting down and abandoning module HTTP (41)
[2018.06.13-21.02.11:235][252]LogModuleManager: Shutting down and abandoning module SSL (40)
[2018.06.13-21.02.11:237][252]LogModuleManager: Shutting down and abandoning module AnimationModifiers (36)
[2018.06.13-21.02.11:237][252]LogModuleManager: Shutting down and abandoning module PropertyEditor (35)
[2018.06.13-21.02.11:237][252]LogModuleManager: Shutting down and abandoning module AudioEditor (32)
[2018.06.13-21.02.11:237][252]LogModuleManager: Shutting down and abandoning module TextureCompressor (30)
[2018.06.13-21.02.11:237][252]LogModuleManager: Shutting down and abandoning module ShaderCore (28)
[2018.06.13-21.02.11:237][252]LogModuleManager: Shutting down and abandoning module Landscape (26)
[2018.06.13-21.02.11:237][252]LogModuleManager: Shutting down and abandoning module SlateRHIRenderer (24)
[2018.06.13-21.02.11:237][252]LogModuleManager: Shutting down and abandoning module OpenGLDrv (22)
[2018.06.13-21.02.11:237][252]LogModuleManager: Shutting down and abandoning module D3D11RHI (20)
[2018.06.13-21.02.11:237][252]LogModuleManager: Shutting down and abandoning module AnimGraphRuntime (18)
[2018.06.13-21.02.11:237][252]LogModuleManager: Shutting down and abandoning module Renderer (16)
[2018.06.13-21.02.11:237][252]LogModuleManager: Shutting down and abandoning module Engine (14)
[2018.06.13-21.02.11:237][252]LogModuleManager: Shutting down and abandoning module CoreUObject (12)
[2018.06.13-21.02.11:237][252]LogModuleManager: Shutting down and abandoning module NetworkFile (10)
[2018.06.13-21.02.11:237][252]LogModuleManager: Shutting down and abandoning module CookedIterativeFile (8)
[2018.06.13-21.02.11:237][252]LogModuleManager: Shutting down and abandoning module StreamingFile (6)
[2018.06.13-21.02.11:237][252]LogModuleManager: Shutting down and abandoning module SandboxFile (4)
[2018.06.13-21.02.11:237][252]LogModuleManager: Shutting down and abandoning module PakFile (2)
[2018.06.13-21.02.11:248][252]LogExit: Exiting.
[2018.06.13-21.02.11:249][252]Log file closed, 06/13/18 17:02:11
