Log file open, 06/14/18 10:55:07
LogWindows: Failed to load 'aqProf.dll' (GetLastError=126)
LogWindows: File 'aqProf.dll' does not exist
LogWindows: Failed to load 'VtuneApi.dll' (GetLastError=126)
LogWindows: File 'VtuneApi.dll' does not exist
LogWindows: Failed to load 'VtuneApi32e.dll' (GetLastError=126)
LogWindows: File 'VtuneApi32e.dll' does not exist
LogInit: Display: Running engine for game: Eggboy
LogPlatformFile: Not using cached read wrapper
LogInit: Display: RandInit(530050399) SRandInit(530050399).
LogInit: Read version file with build ID '3944462'
LogInit: Overriding engine version to CL 4033788, compatible CL 3944462
LogInit: Registered custom module enumerator with build ID '3944462'
LogTaskGraph: Started task graph with 5 named threads and 17 total threads with 3 sets of task threads.
LogStats: Stats thread started at 0.310017
LogD3D11RHI: Aftermath initialized
LogICUInternationalization: Display: ICU TimeZone Detection - Raw Offset: -8:00, Platform Override: ''
LogPluginManager: Display: Disabled plugin 'HoudiniEngine', continuing.
LogModuleManager: Display: Found up-to-date module file ../../../Engine/Plugins/2D/Paper2D/Binaries/Win64/UE4Editor-Paper2D.dll (API version 3944462).
LogModuleManager: Display: Found up-to-date module file ../../../Engine/Plugins/2D/Paper2D/Binaries/Win64/UE4Editor-Paper2DEditor.dll (API version 3944462).
LogModuleManager: Display: Found up-to-date module file ../../../Engine/Plugins/2D/Paper2D/Binaries/Win64/UE4Editor-PaperSpriteSheetImporter.dll (API version 3944462).
LogModuleManager: Display: Found up-to-date module file ../../../Engine/Plugins/2D/Paper2D/Binaries/Win64/UE4Editor-PaperTiledImporter.dll (API version 3944462).
LogModuleManager: Display: Found up-to-date module file ../../../Engine/Plugins/2D/Paper2D/Binaries/Win64/UE4Editor-SmartSnapping.dll (API version 3944462).
LogModuleManager: Display: Found up-to-date module file ../../../Engine/Plugins/Blendables/LightPropagationVolume/Binaries/Win64/UE4Editor-LightPropagationVolumeRuntime.dll (API version 3944462).
LogModuleManager: Display: Found up-to-date module file ../../../Engine/Plugins/Blendables/LightPropagationVolume/Binaries/Win64/UE4Editor-LightPropagationVolumeEditor.dll (API version 3944462).
LogModuleManager: Display: Found up-to-date module file ../../../Engine/Plugins/Developer/CLionSourceCodeAccess/Binaries/Win64/UE4Editor-CLionSourceCodeAccess.dll (API version 3944462).
LogModuleManager: Display: Found up-to-date module file ../../../Engine/Plugins/Developer/GitSourceControl/Binaries/Win64/UE4Editor-GitSourceControl.dll (API version 3944462).
LogModuleManager: Display: Found up-to-date module file ../../../Engine/Plugins/Developer/PerforceSourceControl/Binaries/Win64/UE4Editor-PerforceSourceControl.dll (API version 3944462).
LogModuleManager: Display: Found up-to-date module file ../../../Engine/Plugins/Developer/SubversionSourceControl/Binaries/Win64/UE4Editor-SubversionSourceControl.dll (API version 3944462).
LogModuleManager: Display: Found up-to-date module file ../../../Engine/Plugins/Developer/UObjectPlugin/Binaries/Win64/UE4Editor-UObjectPlugin.dll (API version 3944462).
LogModuleManager: Display: Found up-to-date module file ../../../Engine/Plugins/Developer/VisualStudioCodeSourceCodeAccess/Binaries/Win64/UE4Editor-VisualStudioCodeSourceCodeAccess.dll (API version 3944462).
LogModuleManager: Display: Found up-to-date module file ../../../Engine/Plugins/Developer/VisualStudioSourceCodeAccess/Binaries/Win64/UE4Editor-VisualStudioSourceCodeAccess.dll (API version 3944462).
LogModuleManager: Display: Found up-to-date module file ../../../Engine/Plugins/Editor/AssetManagerEditor/Binaries/Win64/UE4Editor-AssetManagerEditor.dll (API version 3944462).
LogModuleManager: Display: Found up-to-date module file ../../../Engine/Plugins/Editor/CryptoKeys/Binaries/Win64/UE4Editor-CryptoKeys.dll (API version 3944462).
LogModuleManager: Display: Found up-to-date module file ../../../Engine/Plugins/Editor/CryptoKeys/Binaries/Win64/UE4Editor-CryptoKeysOpenSSL.dll (API version 3944462).
LogModuleManager: Display: Found up-to-date module file ../../../Engine/Plugins/Editor/DataValidation/Binaries/Win64/UE4Editor-DataValidation.dll (API version 3944462).
LogModuleManager: Display: Found up-to-date module file ../../../Engine/Plugins/Editor/FacialAnimation/Binaries/Win64/UE4Editor-FacialAnimation.dll (API version 3944462).
LogModuleManager: Display: Found up-to-date module file ../../../Engine/Plugins/Editor/FacialAnimation/Binaries/Win64/UE4Editor-FacialAnimationEditor.dll (API version 3944462).
LogModuleManager: Display: Found up-to-date module file ../../../Engine/Plugins/Editor/GameplayTagsEditor/Binaries/Win64/UE4Editor-GameplayTagsEditor.dll (API version 3944462).
LogModuleManager: Display: Found up-to-date module file ../../../Engine/Plugins/Editor/MobileLauncherProfileWizard/Binaries/Win64/UE4Editor-MobileLauncherProfileWizard.dll (API version 3944462).
LogModuleManager: Display: Found up-to-date module file ../../../Engine/Plugins/Editor/PluginBrowser/Binaries/Win64/UE4Editor-PluginBrowser.dll (API version 3944462).
LogModuleManager: Display: Found up-to-date module file ../../../Engine/Plugins/Editor/SpeedTreeImporter/Binaries/Win64/UE4Editor-SpeedTreeImporter.dll (API version 3944462).
LogModuleManager: Display: Found up-to-date module file ../../../Engine/Plugins/Enterprise/DatasmithContent/Binaries/Win64/UE4Editor-DatasmithContent.dll (API version 3944462).
LogModuleManager: Display: Found up-to-date module file ../../../Engine/Plugins/Experimental/AlembicImporter/Binaries/Win64/UE4Editor-AlembicImporter.dll (API version 3944462).
LogModuleManager: Display: Found up-to-date module file ../../../Engine/Plugins/Experimental/AlembicImporter/Binaries/Win64/UE4Editor-AlembicLibrary.dll (API version 3944462).
LogModuleManager: Display: Found up-to-date module file ../../../Engine/Plugins/Experimental/CharacterAI/Binaries/Win64/UE4Editor-CharacterAI.dll (API version 3944462).
LogModuleManager: Display: Found up-to-date module file ../../../Engine/Plugins/Experimental/HTML5Networking/Binaries/Win64/UE4Editor-HTML5Networking.dll (API version 3944462).
LogModuleManager: Display: Found up-to-date module file ../../../Engine/Plugins/Media/AndroidMedia/Binaries/Win64/UE4Editor-AndroidMediaEditor.dll (API version 3944462).
LogModuleManager: Display: Found up-to-date module file ../../../Engine/Plugins/Media/AndroidMedia/Binaries/Win64/UE4Editor-AndroidMediaFactory.dll (API version 3944462).
LogModuleManager: Display: Found up-to-date module file ../../../Engine/Plugins/Media/AvfMedia/Binaries/Win64/UE4Editor-AvfMediaEditor.dll (API version 3944462).
LogModuleManager: Display: Found up-to-date module file ../../../Engine/Plugins/Media/AvfMedia/Binaries/Win64/UE4Editor-AvfMediaFactory.dll (API version 3944462).
LogModuleManager: Display: Found up-to-date module file ../../../Engine/Plugins/Media/AvfMedia/Binaries/Win64/UE4Editor-AvfMediaFactory.dll (API version 3944462).
LogModuleManager: Display: Found up-to-date module file ../../../Engine/Plugins/Media/ImgMedia/Binaries/Win64/UE4Editor-ImgMedia.dll (API version 3944462).
LogModuleManager: Display: Found up-to-date module file ../../../Engine/Plugins/Media/ImgMedia/Binaries/Win64/UE4Editor-ImgMediaEditor.dll (API version 3944462).
LogModuleManager: Display: Found up-to-date module file ../../../Engine/Plugins/Media/ImgMedia/Binaries/Win64/UE4Editor-ImgMediaFactory.dll (API version 3944462).
LogModuleManager: Display: Found up-to-date module file ../../../Engine/Plugins/Media/ImgMedia/Binaries/Win64/UE4Editor-ImgMediaFactory.dll (API version 3944462).
LogModuleManager: Display: Found up-to-date module file ../../../Engine/Plugins/Media/ImgMedia/Binaries/Win64/UE4Editor-OpenExrWrapper.dll (API version 3944462).
LogModuleManager: Display: Found up-to-date module file ../../../Engine/Plugins/Media/LinearTimecode/Binaries/Win64/UE4Editor-LinearTimecode.dll (API version 3944462).
LogModuleManager: Display: Found up-to-date module file ../../../Engine/Plugins/Media/MediaCompositing/Binaries/Win64/UE4Editor-MediaCompositing.dll (API version 3944462).
LogModuleManager: Display: Found up-to-date module file ../../../Engine/Plugins/Media/MediaCompositing/Binaries/Win64/UE4Editor-MediaCompositingEditor.dll (API version 3944462).
LogModuleManager: Display: Found up-to-date module file ../../../Engine/Plugins/Media/MediaPlayerEditor/Binaries/Win64/UE4Editor-MediaPlayerEditor.dll (API version 3944462).
LogModuleManager: Display: Found up-to-date module file ../../../Engine/Plugins/Media/WmfMedia/Binaries/Win64/UE4Editor-WmfMedia.dll (API version 3944462).
LogModuleManager: Display: Found up-to-date module file ../../../Engine/Plugins/Media/WmfMedia/Binaries/Win64/UE4Editor-WmfMediaEditor.dll (API version 3944462).
LogModuleManager: Display: Found up-to-date module file ../../../Engine/Plugins/Media/WmfMedia/Binaries/Win64/UE4Editor-WmfMediaFactory.dll (API version 3944462).
LogModuleManager: Display: Found up-to-date module file ../../../Engine/Plugins/Media/WmfMedia/Binaries/Win64/UE4Editor-WmfMediaFactory.dll (API version 3944462).
LogModuleManager: Display: Found up-to-date module file ../../../Engine/Plugins/Messaging/TcpMessaging/Binaries/Win64/UE4Editor-TcpMessaging.dll (API version 3944462).
LogModuleManager: Display: Found up-to-date module file ../../../Engine/Plugins/Messaging/UdpMessaging/Binaries/Win64/UE4Editor-UdpMessaging.dll (API version 3944462).
LogModuleManager: Display: Found up-to-date module file ../../../Engine/Plugins/MovieScene/ActorSequence/Binaries/Win64/UE4Editor-ActorSequence.dll (API version 3944462).
LogModuleManager: Display: Found up-to-date module file ../../../Engine/Plugins/MovieScene/LevelSequenceEditor/Binaries/Win64/UE4Editor-LevelSequenceEditor.dll (API version 3944462).
LogModuleManager: Display: Found up-to-date module file ../../../Engine/Plugins/MovieScene/MatineeToLevelSequence/Binaries/Win64/UE4Editor-MatineeToLevelSequence.dll (API version 3944462).
LogModuleManager: Display: Found up-to-date module file ../../../Engine/Plugins/NetcodeUnitTest/NetcodeUnitTest/Binaries/Win64/UE4Editor-NetcodeUnitTest.dll (API version 3944462).
LogModuleManager: Display: Found up-to-date module file ../../../Engine/Plugins/NetcodeUnitTest/NUTUnrealEngine4/Binaries/Win64/UE4Editor-NUTUnrealEngine4.dll (API version 3944462).
LogModuleManager: Display: Found up-to-date module file ../../../Engine/Plugins/Online/OnlineSubsystem/Binaries/Win64/UE4Editor-OnlineSubsystem.dll (API version 3944462).
LogModuleManager: Display: Found up-to-date module file ../../../Engine/Plugins/Runtime/AndroidPermission/Binaries/Win64/UE4Editor-AndroidPermission.dll (API version 3944462).
LogModuleManager: Display: Found up-to-date module file ../../../Engine/Plugins/Online/OnlineSubsystemNull/Binaries/Win64/UE4Editor-OnlineSubsystemNull.dll (API version 3944462).
LogModuleManager: Display: Found up-to-date module file ../../../Engine/Plugins/Online/OnlineSubsystemUtils/Binaries/Win64/UE4Editor-OnlineSubsystemUtils.dll (API version 3944462).
LogModuleManager: Display: Found up-to-date module file ../../../Engine/Plugins/Online/OnlineSubsystemUtils/Binaries/Win64/UE4Editor-OnlineBlueprintSupport.dll (API version 3944462).
LogModuleManager: Display: Found up-to-date module file ../../../Engine/Plugins/Runtime/AndroidDeviceProfileSelector/Binaries/Win64/UE4Editor-AndroidDeviceProfileSelector.dll (API version 3944462).
LogModuleManager: Display: Found up-to-date module file ../../../Engine/Plugins/Runtime/AppleARKit/Binaries/Win64/UE4Editor-AppleARKit.dll (API version 3944462).
LogModuleManager: Display: Found up-to-date module file ../../../Engine/Plugins/Runtime/ProceduralMeshComponent/Binaries/Win64/UE4Editor-ProceduralMeshComponent.dll (API version 3944462).
LogModuleManager: Display: Found up-to-date module file ../../../Engine/Plugins/Runtime/ProceduralMeshComponent/Binaries/Win64/UE4Editor-ProceduralMeshComponentEditor.dll (API version 3944462).
LogModuleManager: Display: Found up-to-date module file ../../../Engine/Plugins/Animation/LiveLink/Binaries/Win64/UE4Editor-LiveLink.dll (API version 3944462).
LogModuleManager: Display: Found up-to-date module file ../../../Engine/Plugins/Animation/LiveLink/Binaries/Win64/UE4Editor-LiveLinkEditor.dll (API version 3944462).
LogModuleManager: Display: Found up-to-date module file ../../../Engine/Plugins/Runtime/ArchVisCharacter/Binaries/Win64/UE4Editor-ArchVisCharacter.dll (API version 3944462).
LogModuleManager: Display: Found up-to-date module file ../../../Engine/Plugins/Runtime/AudioCapture/Binaries/Win64/UE4Editor-AudioCapture.dll (API version 3944462).
LogModuleManager: Display: Found up-to-date module file ../../../Engine/Plugins/Runtime/AudioCapture/Binaries/Win64/UE4Editor-AudioCaptureEditor.dll (API version 3944462).
LogModuleManager: Display: Found up-to-date module file ../../../Engine/Plugins/Runtime/CableComponent/Binaries/Win64/UE4Editor-CableComponent.dll (API version 3944462).
LogModuleManager: Display: Found up-to-date module file ../../../Engine/Plugins/Runtime/CustomMeshComponent/Binaries/Win64/UE4Editor-CustomMeshComponent.dll (API version 3944462).
LogModuleManager: Display: Found up-to-date module file ../../../Engine/Plugins/Runtime/ExampleDeviceProfileSelector/Binaries/Win64/UE4Editor-ExampleDeviceProfileSelector.dll (API version 3944462).
LogModuleManager: Display: Found up-to-date module file ../../../Engine/Plugins/Runtime/ImmediatePhysics/Binaries/Win64/UE4Editor-ImmediatePhysics.dll (API version 3944462).
LogModuleManager: Display: Found up-to-date module file ../../../Engine/Plugins/Runtime/ImmediatePhysics/Binaries/Win64/UE4Editor-ImmediatePhysicsEditor.dll (API version 3944462).
LogModuleManager: Display: Found up-to-date module file ../../../Engine/Plugins/Runtime/LocationServicesBPLibrary/Binaries/Win64/UE4Editor-LocationServicesBPLibrary.dll (API version 3944462).
LogModuleManager: Display: Found up-to-date module file ../../../Engine/Plugins/Runtime/MobilePatchingUtils/Binaries/Win64/UE4Editor-MobilePatchingUtils.dll (API version 3944462).
LogModuleManager: Display: Found up-to-date module file ../../../Engine/Plugins/Runtime/Oculus/OculusVR/Binaries/Win64/UE4Editor-OculusHMD.dll (API version 3944462).
LogModuleManager: Display: Found up-to-date module file ../../../Engine/Plugins/Runtime/Oculus/OculusVR/Binaries/Win64/UE4Editor-OculusInput.dll (API version 3944462).
LogModuleManager: Display: Found up-to-date module file ../../../Engine/Plugins/Runtime/Oculus/OculusVR/Binaries/Win64/UE4Editor-OculusEditor.dll (API version 3944462).
LogModuleManager: Display: Found up-to-date module file ../../../Engine/Plugins/Runtime/PhysXVehicles/Binaries/Win64/UE4Editor-PhysXVehicles.dll (API version 3944462).
LogModuleManager: Display: Found up-to-date module file ../../../Engine/Plugins/Runtime/PhysXVehicles/Binaries/Win64/UE4Editor-PhysXVehiclesEditor.dll (API version 3944462).
LogModuleManager: Display: Found up-to-date module file ../../../Engine/Plugins/Runtime/RuntimePhysXCooking/Binaries/Win64/UE4Editor-RuntimePhysXCooking.dll (API version 3944462).
LogModuleManager: Display: Found up-to-date module file ../../../Engine/Plugins/Runtime/Steam/SteamVR/Binaries/Win64/UE4Editor-SteamVR.dll (API version 3944462).
LogModuleManager: Display: Found up-to-date module file ../../../Engine/Plugins/Runtime/Steam/SteamVR/Binaries/Win64/UE4Editor-SteamVRController.dll (API version 3944462).
LogModuleManager: Display: Found up-to-date module file ../../../Engine/Plugins/Runtime/WindowsMoviePlayer/Binaries/Win64/UE4Editor-WindowsMoviePlayer.dll (API version 3944462).
LogPluginManager: Mounting plugin Paper2D
LogPluginManager: Mounting plugin LiveLink
LogPluginManager: Mounting plugin LightPropagationVolume
LogPluginManager: Mounting plugin CLionSourceCodeAccess
LogPluginManager: Mounting plugin CodeLiteSourceCodeAccess
LogPluginManager: Mounting plugin GitSourceControl
LogPluginManager: Mounting plugin KDevelopSourceCodeAccess
LogPluginManager: Mounting plugin NullSourceCodeAccess
LogPluginManager: Mounting plugin PerforceSourceControl
LogPluginManager: Mounting plugin SubversionSourceControl
LogPluginManager: Mounting plugin UObjectPlugin
LogPluginManager: Mounting plugin VisualStudioCodeSourceCodeAccess
LogPluginManager: Mounting plugin VisualStudioSourceCodeAccess
LogPluginManager: Mounting plugin XCodeSourceCodeAccess
LogPluginManager: Mounting plugin AssetManagerEditor
LogPluginManager: Mounting plugin CryptoKeys
LogPluginManager: Mounting plugin DataValidation
LogPluginManager: Mounting plugin FacialAnimation
LogPluginManager: Mounting plugin GameplayTagsEditor
LogPluginManager: Mounting plugin MobileLauncherProfileWizard
LogPluginManager: Mounting plugin PluginBrowser
LogPluginManager: Mounting plugin SpeedTreeImporter
LogPluginManager: Mounting plugin DatasmithContent
LogPluginManager: Mounting plugin AlembicImporter
LogPluginManager: Mounting plugin CharacterAI
LogPluginManager: Mounting plugin HTML5Networking
LogPluginManager: Mounting plugin AndroidMedia
LogPluginManager: Mounting plugin AvfMedia
LogPluginManager: Mounting plugin ImgMedia
LogPluginManager: Mounting plugin LinearTimecode
LogPluginManager: Mounting plugin MediaCompositing
LogPluginManager: Mounting plugin MediaPlayerEditor
LogPluginManager: Mounting plugin WmfMedia
LogPluginManager: Mounting plugin TcpMessaging
LogPluginManager: Mounting plugin UdpMessaging
LogPluginManager: Mounting plugin ActorSequence
LogPluginManager: Mounting plugin LevelSequenceEditor
LogPluginManager: Mounting plugin MatineeToLevelSequence
LogPluginManager: Mounting plugin NetcodeUnitTest
LogPluginManager: Mounting plugin NUTUnrealEngine4
LogPluginManager: Mounting plugin OnlineSubsystemGooglePlay
LogPluginManager: Mounting plugin OnlineSubsystemIOS
LogPluginManager: Mounting plugin OnlineSubsystem
LogPluginManager: Mounting plugin OnlineSubsystemNull
LogPluginManager: Mounting plugin OnlineSubsystemUtils
LogPluginManager: Mounting plugin AndroidDeviceProfileSelector
LogPluginManager: Mounting plugin AndroidMoviePlayer
LogPluginManager: Mounting plugin AndroidPermission
LogPluginManager: Mounting plugin AppleARKit
LogPluginManager: Mounting plugin AppleMoviePlayer
LogPluginManager: Mounting plugin ArchVisCharacter
LogPluginManager: Mounting plugin AudioCapture
LogPluginManager: Mounting plugin CableComponent
LogPluginManager: Mounting plugin CustomMeshComponent
LogPluginManager: Mounting plugin ExampleDeviceProfileSelector
LogPluginManager: Mounting plugin GoogleCloudMessaging
LogPluginManager: Mounting plugin ImmediatePhysics
LogPluginManager: Mounting plugin IOSDeviceProfileSelector
LogPluginManager: Mounting plugin LinuxDeviceProfileSelector
LogPluginManager: Mounting plugin LocationServicesBPLibrary
LogPluginManager: Mounting plugin MobilePatchingUtils
LogPluginManager: Mounting plugin OculusVR
LogPluginManager: Plugin shader directory ../../../Engine/Plugins/Runtime/Oculus/OculusVR/Shaders found
LogPluginManager: Mapping shader source directory ../../../Engine/Plugins/Runtime/Oculus/OculusVR/Shaders to virtual directory /Plugin/OculusVR
LogPluginManager: Mounting plugin PhysXVehicles
LogPluginManager: Mounting plugin ProceduralMeshComponent
LogPluginManager: Mounting plugin RuntimePhysXCooking
LogPluginManager: Mounting plugin SteamVR
LogPluginManager: Mounting plugin WindowsMoviePlayer
LogStreaming: Display: Took 26.468s to configure plugins.
LogInit: Using libcurl 7.47.1
LogInit:  - built for x86_64-pc-win32
LogInit:  - supports SSL with OpenSSL/1.0.2g
LogInit:  - supports HTTP deflate (compression) using libz 1.2.8
LogInit:  - other features:
LogInit:      CURL_VERSION_SSL
LogInit:      CURL_VERSION_LIBZ
LogInit:      CURL_VERSION_IPV6
LogInit:      CURL_VERSION_ASYNCHDNS
LogInit:      CURL_VERSION_LARGEFILE
LogInit:      CURL_VERSION_IDN
LogInit:  CurlRequestOptions (configurable via config and command line):
LogInit:  - bVerifyPeer = false  - Libcurl will NOT verify peer certificate
LogInit:  - bUseHttpProxy = false  - Libcurl will NOT use HTTP proxy
LogInit:  - bDontReuseConnections = false  - Libcurl will reuse connections
LogInit:  - CertBundlePath = nullptr  - Libcurl will use whatever was configured at build time.
LogInit:  - MaxHostConnections = 16  - Libcurl will limit the number of connections to a host
LogInit:  - LocalHostAddr = Default
LogInit: WinSock: version 1.1 (2.2), MaxSocks=32767, MaxUdp=65467
LogInit: WinSock: I am DESKTOP-BHO469L (192.168.1.2:0)
LogInit: Build: ++UE4+Release-4.19-CL-4033788
LogInit: Engine Version: 4.19.2-4033788+++UE4+Release-4.19
LogInit: Compatible Engine Version: 4.19.0-3944462+++UE4+Release-4.19
LogInit: Net CL: 3944462
LogDevObjectVersion: Number of dev versions registered: 18
LogDevObjectVersion:   Dev-Blueprints (B0D832E4-1F89-4F0D-ACCF-7EB736FD4AA2): 10
LogDevObjectVersion:   Dev-Build (E1C64328-A22C-4D53-A36C-8E866417BD8C): 0
LogDevObjectVersion:   Dev-Core (375EC13C-06E4-48FB-B500-84F0262A717E): 2
LogDevObjectVersion:   Dev-Editor (E4B068ED-F494-42E9-A231-DA0B2E46BB41): 23
LogDevObjectVersion:   Dev-Framework (CFFC743F-43B0-4480-9391-14DF171D2073): 33
LogDevObjectVersion:   Dev-Mobile (B02B49B5-BB20-44E9-A304-32B752E40360): 2
LogDevObjectVersion:   Dev-Networking (A4E4105C-59A1-49B5-A7C5-40C4547EDFEE): 0
LogDevObjectVersion:   Dev-Online (39C831C9-5AE6-47DC-9A44-9C173E1C8E7C): 0
LogDevObjectVersion:   Dev-Physics (78F01B33-EBEA-4F98-B9B4-84EACCB95AA2): 0
LogDevObjectVersion:   Dev-Platform (6631380F-2D4D-43E0-8009-CF276956A95A): 0
LogDevObjectVersion:   Dev-Rendering (12F88B9F-8875-4AFC-A67C-D90C383ABD29): 25
LogDevObjectVersion:   Dev-Sequencer (7B5AE74C-D270-4C10-A958-57980B212A5A): 6
LogDevObjectVersion:   Dev-VR (D7296918-1DD6-4BDD-9DE2-64A83CC13884): 1
LogDevObjectVersion:   Dev-LoadTimes (C2A15278-BFE7-4AFE-6C17-90FF531DF755): 1
LogDevObjectVersion:   Private-Geometry (6EACA3D4-40EC-4CC1-B786-8BED09428FC5): 2
LogDevObjectVersion:   Dev-AnimPhys (29E575DD-E0A3-4627-9D10-D276232CDCEA): 16
LogDevObjectVersion:   Dev-ReflectionCapture (6B266CEC-1EC7-4B8F-A30B-E4D90942FC07): 1
LogDevObjectVersion:   Dev-Automation (0DF73D61-A23F-47EA-B727-89E90C41499A): 1
LogInit: Compiled (64-bit): Apr 27 2018 02:06:57
LogInit: Compiled with Visual C++: 19.00.24215.01
LogInit: Build Configuration: Development
LogInit: Branch Name: ++UE4+Release-4.19
LogInit: Command Line: -EpicPortal 
LogInit: Base Directory: C:/Program Files/Epic Games/UE_4.19/Engine/Binaries/Win64/
LogInit: Installed Engine Build: 1
LogStreaming: Display: Took  0.001s to delete old logs.
LogInit: Presizing for max 8388607 objects, including 0 objects not considered by GC, pre-allocating 0 bytes for permanent pool.
LogInit: Object subsystem initialized
[2018.06.14-17.55.10:033][  0]LogInit: Selected Device Profile: [Windows]
[2018.06.14-17.55.10:033][  0]LogInit: Applying CVar settings loaded from the selected device profile: [Windows]
[2018.06.14-17.55.10:062][  0]LogInit: Computer: DESKTOP-BHO469L
[2018.06.14-17.55.10:062][  0]LogInit: User: LAW
[2018.06.14-17.55.10:062][  0]LogInit: CPU Page size=4096, Cores=3
[2018.06.14-17.55.10:063][  0]LogInit: High frequency timer resolution =3.236976 MHz
[2018.06.14-17.55.10:063][  0]LogMemory: Memory total: Physical=16.0GB (16GB approx)
[2018.06.14-17.55.10:063][  0]LogMemory: Platform Memory Stats for Windows
[2018.06.14-17.55.10:063][  0]LogMemory: Process Physical Memory: 276.55 MB used, 276.55 MB peak
[2018.06.14-17.55.10:063][  0]LogMemory: Process Virtual Memory: 274.75 MB used, 274.75 MB peak
[2018.06.14-17.55.10:063][  0]LogMemory: Physical Memory: 6257.68 MB used,  10123.88 MB free, 16381.55 MB total
[2018.06.14-17.55.10:063][  0]LogMemory: Virtual Memory: 4828.54 MB used,  10123.88 MB free, 134217728.00 MB total
[2018.06.14-17.55.10:093][  0]LogInit: Using OS detected language (en-US).
[2018.06.14-17.55.10:093][  0]LogInit: Using OS detected locale (en-US).
[2018.06.14-17.55.10:100][  0]LogTextLocalizationManager: No specific localization for 'en-US' exists, so the 'en' localization will be used.
[2018.06.14-17.55.10:869][  0]LogStreaming: Display: Took  0.776s to EndInitTextLocalization.
[2018.06.14-17.55.10:870][  0]LogInit: Setting process to per monitor DPI aware
[2018.06.14-17.55.10:942][  0]LogSlate: New Slate User Created.  User Index 0, Is Virtual User: 0
[2018.06.14-17.55.10:942][  0]LogSlate: Slate User Registered.  User Index 0, Is Virtual User: 0
[2018.06.14-17.55.11:337][  0]LogD3D11RHI: D3D11 adapters:
[2018.06.14-17.55.11:398][  0]LogD3D11RHI:    0. 'NVIDIA GeForce GTX 580' (Feature Level 11_0)
[2018.06.14-17.55.11:398][  0]LogD3D11RHI:       1488/0/8190 MB DedicatedVideo/DedicatedSystem/SharedSystem, Outputs:2, VendorId:0x10de
[2018.06.14-17.55.11:401][  0]LogD3D11RHI:    1. 'Microsoft Basic Render Driver' (Feature Level 11_0)
[2018.06.14-17.55.11:401][  0]LogD3D11RHI:       0/0/8190 MB DedicatedVideo/DedicatedSystem/SharedSystem, Outputs:0, VendorId:0x1414
[2018.06.14-17.55.11:401][  0]LogD3D11RHI: Chosen D3D11 Adapter: 0
[2018.06.14-17.55.11:411][  0]LogD3D11RHI: Creating new Direct3DDevice
[2018.06.14-17.55.11:411][  0]LogD3D11RHI:     GPU DeviceId: 0x1080 (for the marketing name, search the web for "GPU Device Id")
[2018.06.14-17.55.11:411][  0]LogWindows: EnumDisplayDevices:
[2018.06.14-17.55.11:411][  0]LogWindows:    0. 'NVIDIA GeForce GTX 580' (P:1 D:1)
[2018.06.14-17.55.11:411][  0]LogWindows:    1. 'NVIDIA GeForce GTX 580' (P:0 D:1)
[2018.06.14-17.55.11:411][  0]LogWindows: DebugString: GetVideoDriverDetailsInvalid PrimaryIsNotTheChoosenAdapter GetVideoDriverDetailsInvalid PrimaryIsNotTheChoosenAdapter FoundDriverCount:0 
[2018.06.14-17.55.11:411][  0]LogD3D11RHI:     Adapter Name: NVIDIA GeForce GTX 580
[2018.06.14-17.55.11:411][  0]LogD3D11RHI:   Driver Version: Unknown (internal:Unknown, unified:Unknown)
[2018.06.14-17.55.11:411][  0]LogD3D11RHI:      Driver Date: Unknown
[2018.06.14-17.55.11:412][  0]LogRHI: Texture pool is 1041 MB (70% of 1488 MB)
[2018.06.14-17.55.11:458][  0]LogD3D11RHI: Display: Timestamp queries are currently disabled on this hardware due to instability. Realtime GPU stats will not be available. You can override this behaviour by setting r.NVIDIATimestampWorkaround to 0
[2018.06.14-17.55.11:459][  0]LogD3D11RHI: [Aftermath] Aftermath enabled and primed
[2018.06.14-17.55.11:459][  0]LogD3D11RHI: [Aftermath] Aftermath enabled and primed
[2018.06.14-17.55.11:459][  0]LogD3D11RHI: Async texture creation enabled
[2018.06.14-17.55.11:474][  0]LogD3D11RHI: GPU Timing Frequency: 1000.000000 (Debug: 2 1)
[2018.06.14-17.55.11:478][  0]LogShaderCompilers: Guid format shader working directory is 16 characters bigger than the processId version (E:/_Unreal/EggBoyDevelopment/Intermediate/Shaders/WorkingDirectory/1120/).
[2018.06.14-17.55.11:478][  0]LogShaderCompilers: Cleaned the shader compiler working directory 'C:/Users/LAW/AppData/Local/Temp/UnrealShaderWorkingDir/69C214A940B77E60A311F2A77AA0011D/'.
[2018.06.14-17.55.11:850][  0]LogTemp: Display: Loaded TP AllDesktopTargetPlatform
[2018.06.14-17.55.11:880][  0]LogTemp: Display: Loaded TP MacClientTargetPlatform
[2018.06.14-17.55.11:919][  0]LogTemp: Display: Loaded TP MacNoEditorTargetPlatform
[2018.06.14-17.55.11:947][  0]LogTemp: Display: Loaded TP MacServerTargetPlatform
[2018.06.14-17.55.11:983][  0]LogTemp: Display: Loaded TP MacTargetPlatform
[2018.06.14-17.55.12:012][  0]LogTemp: Display: Loaded TP WindowsClientTargetPlatform
[2018.06.14-17.55.12:045][  0]LogTemp: Display: Loaded TP WindowsNoEditorTargetPlatform
[2018.06.14-17.55.12:075][  0]LogTemp: Display: Loaded TP WindowsServerTargetPlatform
[2018.06.14-17.55.12:094][  0]LogTemp: Display: Loaded TP WindowsTargetPlatform
[2018.06.14-17.55.12:121][  0]LogTemp: Display: Loaded TP Android_ASTCTargetPlatform
[2018.06.14-17.55.12:146][  0]LogTemp: Display: Loaded TP Android_ATCTargetPlatform
[2018.06.14-17.55.12:171][  0]LogTemp: Display: Loaded TP Android_DXTTargetPlatform
[2018.06.14-17.55.12:196][  0]LogTemp: Display: Loaded TP Android_ETC1aTargetPlatform
[2018.06.14-17.55.12:221][  0]LogTemp: Display: Loaded TP Android_ETC1TargetPlatform
[2018.06.14-17.55.12:250][  0]LogTemp: Display: Loaded TP Android_ETC2TargetPlatform
[2018.06.14-17.55.12:302][  0]LogTemp: Display: Loaded TP Android_MultiTargetPlatform
[2018.06.14-17.55.12:303][  0]LogTemp: Display: Loaded TP Android_PVRTCTargetPlatform
[2018.06.14-17.55.12:337][  0]LogTemp: Display: Loaded TP AndroidTargetPlatform
[2018.06.14-17.55.12:340][  0]LogTemp: Display: Loaded TP HTML5TargetPlatform
[2018.06.14-17.55.12:394][  0]LogTemp: Display: Loaded TP IOSTargetPlatform
[2018.06.14-17.55.12:418][  0]LogTemp: Display: Loaded TP TVOSTargetPlatform
[2018.06.14-17.55.12:449][  0]LogTemp: Display: Loaded TP LinuxClientTargetPlatform
[2018.06.14-17.55.12:481][  0]LogTemp: Display: Loaded TP LinuxNoEditorTargetPlatform
[2018.06.14-17.55.12:510][  0]LogTemp: Display: Loaded TP LinuxServerTargetPlatform
[2018.06.14-17.55.12:542][  0]LogTemp: Display: Loaded TP LinuxTargetPlatform
[2018.06.14-17.55.12:542][  0]LogTargetPlatformManager: Display: Building Assets For Windows
[2018.06.14-17.55.12:798][  0]LogXGEController: Cannot use XGE Controller as Incredibuild is not installed on this machine.
[2018.06.14-17.55.12:798][  0]LogShaderCompilers: Cannot use XGE Shader Compiler as Incredibuild is not installed on this machine.
[2018.06.14-17.55.12:798][  0]LogShaderCompilers: Display: Using Local Shader Compiler.
[2018.06.14-17.55.14:395][  0]LogDerivedDataCache: Display: Max Cache Size: 512 MB
[2018.06.14-17.55.14:565][  0]LogDerivedDataCache: Loaded boot cache 0.17s 74MB C:/Users/LAW/AppData/Local/UnrealEngine/4.19/DerivedDataCache/Boot.ddc.
[2018.06.14-17.55.14:565][  0]LogDerivedDataCache: Display: Loaded Boot cache: C:/Users/LAW/AppData/Local/UnrealEngine/4.19/DerivedDataCache/Boot.ddc
[2018.06.14-17.55.14:565][  0]LogDerivedDataCache: FDerivedDataBackendGraph:  Pak pak cache file E:/_Unreal/EggBoyDevelopment/DerivedDataCache/DDC.ddp not found, will not use a pak cache.
[2018.06.14-17.55.14:565][  0]LogDerivedDataCache: Unable to find inner node Pak for hierarchical cache Hierarchy.
[2018.06.14-17.55.14:565][  0]LogDerivedDataCache: FDerivedDataBackendGraph:  CompressedPak pak cache file E:/_Unreal/EggBoyDevelopment/DerivedDataCache/Compressed.ddp not found, will not use a pak cache.
[2018.06.14-17.55.14:565][  0]LogDerivedDataCache: Unable to find inner node CompressedPak for hierarchical cache Hierarchy.
[2018.06.14-17.55.14:596][  0]LogDerivedDataCache: Display: Pak cache opened for reading ../../../Engine/DerivedDataCache/Compressed.ddp.
[2018.06.14-17.55.14:610][  0]LogDerivedDataCache: Using Local data cache path C:/Users/LAW/AppData/Local/UnrealEngine/Common/DerivedDataCache: Writable
[2018.06.14-17.55.14:610][  0]LogDerivedDataCache: Shared data cache path not found in *engine.ini, will not use an Shared cache.
[2018.06.14-17.55.14:610][  0]LogDerivedDataCache: Unable to find inner node Shared for hierarchical cache Hierarchy.
[2018.06.14-17.55.14:637][  0]LogMaterial: Verifying Global Shaders for PCD3D_SM5
[2018.06.14-17.55.14:638][  0]LogSlate: Using Freetype 2.6.0
[2018.06.14-17.55.14:639][  0]LogSlate: SlateFontCache - WITH_FREETYPE: 1, WITH_HARFBUZZ: 1
[2018.06.14-17.55.14:639][  0]LogSlate: SlateFontCache - WITH_FREETYPE: 1, WITH_HARFBUZZ: 1
[2018.06.14-17.55.14:869][  0]LogAssetRegistry: FAssetRegistry took 0.0344 seconds to start up
[2018.06.14-17.55.15:724][  0]LogInit: Selected Device Profile: [Windows]
[2018.06.14-17.55.16:069][  0]LogSimplygon: Simplygon DLL not present - disabling.
[2018.06.14-17.55.16:075][  0]LogMeshReduction: Using SimplygonSwarm for distributed automatic mesh merging
[2018.06.14-17.55.16:075][  0]LogMeshReduction: Using QuadricMeshReduction for automatic static mesh reduction
[2018.06.14-17.55.16:075][  0]LogMeshReduction: No automatic skeletal mesh reduction module available
[2018.06.14-17.55.16:075][  0]LogMeshReduction: No automatic mesh merging module available
[2018.06.14-17.55.16:075][  0]LogMeshMerging: No automatic mesh merging module available
[2018.06.14-17.55.16:149][  0]LogNetVersion: Eggboy , NetCL: 3944462, EngineNetVer: 2, GameNetVer: 0 (Checksum: 227181994)
[2018.06.14-17.55.17:114][  0]LogPackageLocalizationCache: Processed 9 localized package path(s) for 2 prioritized culture(s) in 0.140349 seconds
[2018.06.14-17.55.17:125][  0]LogUObjectArray: 36728 objects as part of root set at end of initial load.
[2018.06.14-17.55.17:125][  0]LogUObjectAllocator: 7314304 out of 0 bytes used by permanent object pool.
[2018.06.14-17.55.17:125][  0]LogUObjectArray: CloseDisregardForGC: 0/0 objects in disregard for GC pool
[2018.06.14-17.55.20:565][  0]LogTcpMessaging: Initializing TcpMessaging bridge
[2018.06.14-17.55.20:625][  0]LogUdpMessaging: Initializing bridge on interface 0.0.0.0:0 to multicast group 230.0.0.1:6666.
[2018.06.14-17.55.21:415][  0]SourceControl: Source control is disabled
[2018.06.14-17.55.21:415][  0]SourceControl: Source control is disabled
[2018.06.14-17.55.21:463][  0]SourceControl: Source control is disabled
[2018.06.14-17.55.21:501][  0]SourceControl: Source control is disabled
[2018.06.14-17.55.22:506][  0]LogAndroidPermission: UAndroidPermissionCallbackProxy::GetInstance
[2018.06.14-17.55.22:849][  0]LogOcInput: OculusInput pre-init called
[2018.06.14-17.55.23:092][  0]LogEngine: Initializing Engine...
[2018.06.14-17.55.23:094][  0]LogHMD: Failed to initialize OpenVR with code 110
[2018.06.14-17.55.23:096][  0]LogStats: UGameplayTagsManager::ConstructGameplayTagTree: Construct from data asset -  0.000 s
[2018.06.14-17.55.23:096][  0]LogStats: UGameplayTagsManager::ConstructGameplayTagTree: GameplayTagTreeChangedEvent.Broadcast -  0.000 s
[2018.06.14-17.55.23:594][  0]LogAIModule: Creating AISystem for world Untitled
[2018.06.14-17.55.23:638][  0]LogInit: XAudio2 using 'Speakers (AudioBox USB)' : 2 channels at 44.1 kHz using 32 bits per sample (channel mask 0x3)
[2018.06.14-17.55.23:665][  0]LogInit: FAudioDevice initialized.
[2018.06.14-17.55.23:835][  0]LogDerivedDataCache: Saved boot cache 0.17s 74MB C:/Users/LAW/AppData/Local/UnrealEngine/4.19/DerivedDataCache/Boot.ddc.
[2018.06.14-17.55.23:867][  0]LogInit: Texture streaming: Enabled
[2018.06.14-17.55.23:908][  0]LogEngineSessionManager: EngineSessionManager initialized
[2018.06.14-17.55.23:942][  0]LogInit: Transaction tracking system initialized
[2018.06.14-17.55.23:998][  0]BlueprintLog: New page: Editor Load
[2018.06.14-17.55.24:159][  0]LocalizationService: Localization service is disabled
[2018.06.14-17.55.24:366][  0]LogConsoleResponse: Display: 
[2018.06.14-17.55.24:706][  0]LogCook: Display: Max memory allowance for cook 16384mb min free memory 0mb
[2018.06.14-17.55.24:706][  0]LogCook: Display: Mobile HDR setting 1
[2018.06.14-17.55.24:707][  0]LogGameplayTags: Display: UGameplayTagsManager::DoneAddingNativeTags. DelegateIsBound: 0
[2018.06.14-17.55.24:707][  0]LogStats: UGameplayTagsManager::ConstructGameplayTagTree: Construct from data asset -  0.000 s
[2018.06.14-17.55.24:707][  0]LogStats: UGameplayTagsManager::ConstructGameplayTagTree: GameplayTagTreeChangedEvent.Broadcast -  0.000 s
[2018.06.14-17.55.24:999][  0]LogFileCache: Scanning file cache for directory 'E:/_Unreal/EggBoyDevelopment/Content/' took 0.03s
[2018.06.14-17.55.25:668][  0]SourceControl: Source control is disabled
[2018.06.14-17.55.25:668][  0]Cmd: MAP LOAD FILE="E:/_Unreal/EggBoyDevelopment/Content/ThirdPersonBP/Maps/ThirdPersonExampleMap.umap" TEMPLATE=0 SHOWPROGRESS=1 FEATURELEVEL=3
[2018.06.14-17.55.25:668][  0]LightingResults: New page: Lighting Build
[2018.06.14-17.55.25:674][  0]MapCheck: New page: Map Check
[2018.06.14-17.55.25:674][  0]LightingResults: New page: Lighting Build
[2018.06.14-17.55.25:867][  0]LogLinker: Warning: Asset 'E:/_Unreal/EggBoyDevelopment/Content/Norman/Animations/Character/Norman_AnimBP.uasset' has been saved with empty engine version. The asset will be loaded but may be incompatible.
[2018.06.14-17.55.25:888][  0]LogLinker: Warning: Asset 'E:/_Unreal/EggBoyDevelopment/Content/Norman/Animations/Character/norman_carry.uasset' has been saved with empty engine version. The asset will be loaded but may be incompatible.
[2018.06.14-17.55.25:891][  0]LogLinker: Warning: Asset 'E:/_Unreal/EggBoyDevelopment/Content/Norman/Animations/Character/norman_collect.uasset' has been saved with empty engine version. The asset will be loaded but may be incompatible.
[2018.06.14-17.55.25:895][  0]LogLinker: Warning: Asset 'E:/_Unreal/EggBoyDevelopment/Content/Norman/Animations/Character/norman_dance.uasset' has been saved with empty engine version. The asset will be loaded but may be incompatible.
[2018.06.14-17.55.25:898][  0]LogLinker: Warning: Asset 'E:/_Unreal/EggBoyDevelopment/Content/Norman/Animations/Character/norman_death.uasset' has been saved with empty engine version. The asset will be loaded but may be incompatible.
[2018.06.14-17.55.25:901][  0]LogLinker: Warning: Asset 'E:/_Unreal/EggBoyDevelopment/Content/Norman/Animations/Character/norman_pickup.uasset' has been saved with empty engine version. The asset will be loaded but may be incompatible.
[2018.06.14-17.55.25:904][  0]LogLinker: Warning: Asset 'E:/_Unreal/EggBoyDevelopment/Content/Norman/Animations/Character/norman_place.uasset' has been saved with empty engine version. The asset will be loaded but may be incompatible.
[2018.06.14-17.55.25:907][  0]LogLinker: Warning: Asset 'E:/_Unreal/EggBoyDevelopment/Content/Norman/Animations/Character/norman_press.uasset' has been saved with empty engine version. The asset will be loaded but may be incompatible.
[2018.06.14-17.55.25:909][  0]LogLinker: Warning: Asset 'E:/_Unreal/EggBoyDevelopment/Content/Norman/Animations/Character/norman_pull.uasset' has been saved with empty engine version. The asset will be loaded but may be incompatible.
[2018.06.14-17.55.25:911][  0]LogLinker: Warning: Asset 'E:/_Unreal/EggBoyDevelopment/Content/Norman/Animations/Character/norman_push.uasset' has been saved with empty engine version. The asset will be loaded but may be incompatible.
[2018.06.14-17.55.25:913][  0]LogLinker: Warning: Asset 'E:/_Unreal/EggBoyDevelopment/Content/Norman/Animations/Character/norman_put_away.uasset' has been saved with empty engine version. The asset will be loaded but may be incompatible.
[2018.06.14-17.55.25:916][  0]LogLinker: Warning: Asset 'E:/_Unreal/EggBoyDevelopment/Content/Norman/Animations/Character/norman_spawn.uasset' has been saved with empty engine version. The asset will be loaded but may be incompatible.
[2018.06.14-17.55.25:918][  0]LogLinker: Warning: Asset 'E:/_Unreal/EggBoyDevelopment/Content/Norman/Animations/Character/norman_talk.uasset' has been saved with empty engine version. The asset will be loaded but may be incompatible.
[2018.06.14-17.55.25:920][  0]LogLinker: Warning: Asset 'E:/_Unreal/EggBoyDevelopment/Content/Norman/Animations/Character/ThirdPerson_Jump.uasset' has been saved with empty engine version. The asset will be loaded but may be incompatible.
[2018.06.14-17.55.25:922][  0]LogLinker: Warning: Asset 'E:/_Unreal/EggBoyDevelopment/Content/Norman/Animations/Character/ThirdPersonJump_Loop.uasset' has been saved with empty engine version. The asset will be loaded but may be incompatible.
[2018.06.14-17.55.25:924][  0]LogLinker: Warning: Asset 'E:/_Unreal/EggBoyDevelopment/Content/Norman/Animations/Character/ThirdPersonJump_Start.uasset' has been saved with empty engine version. The asset will be loaded but may be incompatible.
[2018.06.14-17.55.25:927][  0]LogLinker: Warning: Asset 'E:/_Unreal/EggBoyDevelopment/Content/Norman/Animations/Character/Blends/Aim/NormanAim_BlendSpace.uasset' has been saved with empty engine version. The asset will be loaded but may be incompatible.
[2018.06.14-17.55.25:928][  0]LogLinker: Warning: Asset 'E:/_Unreal/EggBoyDevelopment/Content/Norman/Animations/Character/Blends/Aim/norman_aim_down_pose.uasset' has been saved with empty engine version. The asset will be loaded but may be incompatible.
[2018.06.14-17.55.25:930][  0]LogLinker: Warning: Asset 'E:/_Unreal/EggBoyDevelopment/Content/Norman/Animations/Character/Blends/Aim/norman_aim_left_pose.uasset' has been saved with empty engine version. The asset will be loaded but may be incompatible.
[2018.06.14-17.55.25:932][  0]LogLinker: Warning: Asset 'E:/_Unreal/EggBoyDevelopment/Content/Norman/Animations/Character/Blends/Aim/norman_aim_leftdown_pose.uasset' has been saved with empty engine version. The asset will be loaded but may be incompatible.
[2018.06.14-17.55.25:934][  0]LogLinker: Warning: Asset 'E:/_Unreal/EggBoyDevelopment/Content/Norman/Animations/Character/Blends/Aim/norman_aim_leftup_pose.uasset' has been saved with empty engine version. The asset will be loaded but may be incompatible.
[2018.06.14-17.55.25:936][  0]LogLinker: Warning: Asset 'E:/_Unreal/EggBoyDevelopment/Content/Norman/Animations/Character/Blends/Aim/norman_aim_pose.uasset' has been saved with empty engine version. The asset will be loaded but may be incompatible.
[2018.06.14-17.55.25:939][  0]LogLinker: Warning: Asset 'E:/_Unreal/EggBoyDevelopment/Content/Norman/Animations/Character/Blends/Aim/norman_aim_right_pose.uasset' has been saved with empty engine version. The asset will be loaded but may be incompatible.
[2018.06.14-17.55.25:941][  0]LogLinker: Warning: Asset 'E:/_Unreal/EggBoyDevelopment/Content/Norman/Animations/Character/Blends/Aim/norman_aim_rightdown_pose.uasset' has been saved with empty engine version. The asset will be loaded but may be incompatible.
[2018.06.14-17.55.25:943][  0]LogLinker: Warning: Asset 'E:/_Unreal/EggBoyDevelopment/Content/Norman/Animations/Character/Blends/Aim/norman_aim_rightup_pose.uasset' has been saved with empty engine version. The asset will be loaded but may be incompatible.
[2018.06.14-17.55.25:945][  0]LogLinker: Warning: Asset 'E:/_Unreal/EggBoyDevelopment/Content/Norman/Animations/Character/Blends/Aim/norman_aim_up_pose.uasset' has been saved with empty engine version. The asset will be loaded but may be incompatible.
[2018.06.14-17.55.25:950][  0]LogLinker: Warning: Asset 'E:/_Unreal/EggBoyDevelopment/Content/Norman/Animations/Character/Blends/NormanIdleRun_Blendspace.uasset' has been saved with empty engine version. The asset will be loaded but may be incompatible.
[2018.06.14-17.55.25:951][  0]LogLinker: Warning: Asset 'E:/_Unreal/EggBoyDevelopment/Content/Norman/Animations/Character/norman_idle.uasset' has been saved with empty engine version. The asset will be loaded but may be incompatible.
[2018.06.14-17.55.25:953][  0]LogLinker: Warning: Asset 'E:/_Unreal/EggBoyDevelopment/Content/Norman/Animations/Character/norman_run.uasset' has been saved with empty engine version. The asset will be loaded but may be incompatible.
[2018.06.14-17.55.25:956][  0]LogLinker: Warning: Asset 'E:/_Unreal/EggBoyDevelopment/Content/Norman/Animations/Character/norman_walk.uasset' has been saved with empty engine version. The asset will be loaded but may be incompatible.
[2018.06.14-17.55.25:959][  0]LogLinker: Warning: Asset 'E:/_Unreal/EggBoyDevelopment/Content/Norman/Animations/Character/Blends/NormanTrudge_Blendspace.uasset' has been saved with empty engine version. The asset will be loaded but may be incompatible.
[2018.06.14-17.55.25:961][  0]LogLinker: Warning: Asset 'E:/_Unreal/EggBoyDevelopment/Content/Norman/Animations/Character/norman_trudge.uasset' has been saved with empty engine version. The asset will be loaded but may be incompatible.
[2018.06.14-17.55.25:965][  0]LogLinker: Warning: Asset 'E:/_Unreal/EggBoyDevelopment/Content/Norman/Animations/Character/Blends/Shoot/NormanShoot_Blendspace.uasset' has been saved with empty engine version. The asset will be loaded but may be incompatible.
[2018.06.14-17.55.25:967][  0]LogLinker: Warning: Asset 'E:/_Unreal/EggBoyDevelopment/Content/Norman/Animations/Character/Blends/Shoot/norman_shooting_base.uasset' has been saved with empty engine version. The asset will be loaded but may be incompatible.
[2018.06.14-17.55.25:970][  0]LogLinker: Warning: Asset 'E:/_Unreal/EggBoyDevelopment/Content/Norman/Animations/Character/Blends/Shoot/norman_shooting_reload.uasset' has been saved with empty engine version. The asset will be loaded but may be incompatible.
[2018.06.14-17.55.25:973][  0]LogLinker: Warning: Asset 'E:/_Unreal/EggBoyDevelopment/Content/Norman/Animations/Character/Blends/Shoot/norman_shooting_shoot.uasset' has been saved with empty engine version. The asset will be loaded but may be incompatible.
[2018.06.14-17.55.25:982][  0]LogLinker: Warning: Asset 'E:/_Unreal/EggBoyDevelopment/Content/Norman/Blueprints/Enums/NormanStates.uasset' has been saved with empty engine version. The asset will be loaded but may be incompatible.
[2018.06.14-17.55.25:988][  0]LogUObjectGlobals: Created PersistentFrame Addr=0x00000230a8d72200, Size=768, Default__NormanCharacter_C Function /Game/Norman/Blueprints/Character/NormanCharacter.NormanCharacter_C:ExecuteUbergraph_NormanCharacter
[2018.06.14-17.55.26:066][  0]LogUObjectGlobals: Created PersistentFrame Addr=0x00000230a8988c60, Size=224, Default__Norman_AnimBP_C Function /Game/Norman/Animations/Character/Norman_AnimBP.Norman_AnimBP_C:ExecuteUbergraph_Norman_AnimBP
[2018.06.14-17.55.26:089][  0]LogUObjectGlobals: Created PersistentFrame Addr=0x00000230c691e900, Size=240, Default__Norman_AnimBP1_C Function /Game/Norman_AnimBP1.Norman_AnimBP1_C:ExecuteUbergraph_Norman_AnimBP1
[2018.06.14-17.55.26:091][  0]LogLinker: Warning: Asset 'E:/_Unreal/EggBoyDevelopment/Content/Norman/Meshes/Accessories/norman_antenna_v1.uasset' has been saved with empty engine version. The asset will be loaded but may be incompatible.
[2018.06.14-17.55.26:092][  0]LogLinker: Warning: Asset 'E:/_Unreal/EggBoyDevelopment/Content/Norman/Meshes/Accessories/norman_antenna_v1_Skeleton.uasset' has been saved with empty engine version. The asset will be loaded but may be incompatible.
[2018.06.14-17.55.26:094][  0]LogLinker: Warning: Asset 'E:/_Unreal/EggBoyDevelopment/Content/Norman/Materials/Character/Norman_M.uasset' has been saved with empty engine version. The asset will be loaded but may be incompatible.
[2018.06.14-17.55.26:102][  0]LogLinker: Warning: Asset 'E:/_Unreal/EggBoyDevelopment/Content/Norman/Textures/Character/albedo.uasset' has been saved with empty engine version. The asset will be loaded but may be incompatible.
[2018.06.14-17.55.26:105][  0]LogLinker: Warning: Asset 'E:/_Unreal/EggBoyDevelopment/Content/Norman/Textures/Character/emissive.uasset' has been saved with empty engine version. The asset will be loaded but may be incompatible.
[2018.06.14-17.55.26:107][  0]LogLinker: Warning: Asset 'E:/_Unreal/EggBoyDevelopment/Content/Norman/Textures/Character/Faces/norman_default_face.uasset' has been saved with empty engine version. The asset will be loaded but may be incompatible.
[2018.06.14-17.55.26:109][  0]LogLinker: Warning: Asset 'E:/_Unreal/EggBoyDevelopment/Content/Norman/Textures/Character/metal.uasset' has been saved with empty engine version. The asset will be loaded but may be incompatible.
[2018.06.14-17.55.26:111][  0]LogLinker: Warning: Asset 'E:/_Unreal/EggBoyDevelopment/Content/Norman/Textures/Character/NoiseFace.uasset' has been saved with empty engine version. The asset will be loaded but may be incompatible.
[2018.06.14-17.55.26:114][  0]LogLinker: Warning: Asset 'E:/_Unreal/EggBoyDevelopment/Content/Norman/Textures/Character/normal.uasset' has been saved with empty engine version. The asset will be loaded but may be incompatible.
[2018.06.14-17.55.26:117][  0]LogLinker: Warning: Asset 'E:/_Unreal/EggBoyDevelopment/Content/Norman/Textures/Character/rough.uasset' has been saved with empty engine version. The asset will be loaded but may be incompatible.
[2018.06.14-17.55.26:123][  0]LogLinker: Warning: Asset 'E:/_Unreal/EggBoyDevelopment/Content/Norman/Meshes/Accessories/norman_battery_v1.uasset' has been saved with empty engine version. The asset will be loaded but may be incompatible.
[2018.06.14-17.55.26:124][  0]LogLinker: Warning: Asset 'E:/_Unreal/EggBoyDevelopment/Content/Norman/Meshes/Accessories/norman_battery_v1_Skeleton.uasset' has been saved with empty engine version. The asset will be loaded but may be incompatible.
[2018.06.14-17.55.26:126][  0]LogLinker: Warning: Asset 'E:/_Unreal/EggBoyDevelopment/Content/Norman/Animations/Weapons/Slingshot/Slingshot_AnimBlueprint.uasset' has been saved with empty engine version. The asset will be loaded but may be incompatible.
[2018.06.14-17.55.26:129][  0]LogLinker: Warning: Asset 'E:/_Unreal/EggBoyDevelopment/Content/Norman/Animations/Weapons/Slingshot/slingshot_idle.uasset' has been saved with empty engine version. The asset will be loaded but may be incompatible.
[2018.06.14-17.55.26:130][  0]LogLinker: Warning: Asset 'E:/_Unreal/EggBoyDevelopment/Content/Norman/Meshes/Weapons/Slingshot/slingshot_Skeleton.uasset' has been saved with empty engine version. The asset will be loaded but may be incompatible.
[2018.06.14-17.55.26:132][  0]LogLinker: Warning: Asset 'E:/_Unreal/EggBoyDevelopment/Content/Norman/Animations/Weapons/Slingshot/SlingshotShoot_Blendspace.uasset' has been saved with empty engine version. The asset will be loaded but may be incompatible.
[2018.06.14-17.55.26:133][  0]LogLinker: Warning: Asset 'E:/_Unreal/EggBoyDevelopment/Content/Norman/Animations/Weapons/Slingshot/slingshot_shoot.uasset' has been saved with empty engine version. The asset will be loaded but may be incompatible.
[2018.06.14-17.55.26:135][  0]LogLinker: Warning: Asset 'E:/_Unreal/EggBoyDevelopment/Content/Norman/Animations/Weapons/Slingshot/slingshot_stretch.uasset' has been saved with empty engine version. The asset will be loaded but may be incompatible.
[2018.06.14-17.55.26:139][  0]LogLinker: Warning: Asset 'E:/_Unreal/EggBoyDevelopment/Content/Norman/Meshes/Accessories/norman_zipper_v1.uasset' has been saved with empty engine version. The asset will be loaded but may be incompatible.
[2018.06.14-17.55.26:140][  0]LogLinker: Warning: Asset 'E:/_Unreal/EggBoyDevelopment/Content/Norman/Meshes/Accessories/norman_zipper_v1_Skeleton.uasset' has been saved with empty engine version. The asset will be loaded but may be incompatible.
[2018.06.14-17.55.26:149][  0]LogUObjectGlobals: Created PersistentFrame Addr=0x00000230c66e0fe0, Size=40, Default__Slingshot_AnimBlueprint_C Function /Game/Norman/Animations/Weapons/Slingshot/Slingshot_AnimBlueprint.Slingshot_AnimBlueprint_C:ExecuteUbergraph_Slingshot_AnimBlueprint
[2018.06.14-17.55.26:224][  0]LogLinker: Warning: Asset 'E:/_Unreal/EggBoyDevelopment/Content/Norman/Blueprints/Interfaces/INormanAnimations.uasset' has been saved with empty engine version. The asset will be loaded but may be incompatible.
[2018.06.14-17.55.26:255][  0]LogLinker: Warning: Asset 'E:/_Unreal/EggBoyDevelopment/Content/Norman/Meshes/Weapons/Slingshot/slingshot.uasset' has been saved with empty engine version. The asset will be loaded but may be incompatible.
[2018.06.14-17.55.26:256][  0]LogLinker: Warning: Asset 'E:/_Unreal/EggBoyDevelopment/Content/Norman/Meshes/Weapons/Slingshot/slingshot_PhysicsAsset.uasset' has been saved with empty engine version. The asset will be loaded but may be incompatible.
[2018.06.14-17.55.26:259][  0]LogLinker: Warning: Asset 'E:/_Unreal/EggBoyDevelopment/Content/Norman/Materials/Weapons/Slingshot/Slingshot_M.uasset' has been saved with empty engine version. The asset will be loaded but may be incompatible.
[2018.06.14-17.55.26:260][  0]LogLinker: Warning: Asset 'E:/_Unreal/EggBoyDevelopment/Content/Norman/Textures/Weapons/Slingshot/slingshot_albedo.uasset' has been saved with empty engine version. The asset will be loaded but may be incompatible.
[2018.06.14-17.55.26:261][  0]LogLinker: Warning: Asset 'E:/_Unreal/EggBoyDevelopment/Content/Norman/Textures/Weapons/Slingshot/slingshot_metallic.uasset' has been saved with empty engine version. The asset will be loaded but may be incompatible.
[2018.06.14-17.55.26:262][  0]LogLinker: Warning: Asset 'E:/_Unreal/EggBoyDevelopment/Content/Norman/Textures/Weapons/Slingshot/slingshot_normal.uasset' has been saved with empty engine version. The asset will be loaded but may be incompatible.
[2018.06.14-17.55.26:264][  0]LogLinker: Warning: Asset 'E:/_Unreal/EggBoyDevelopment/Content/Norman/Textures/Weapons/Slingshot/slingshot_roughness.uasset' has been saved with empty engine version. The asset will be loaded but may be incompatible.
[2018.06.14-17.55.26:405][  0]LogLinker: Warning: Asset 'E:/_Unreal/EggBoyDevelopment/Content/Norman/Textures/Character/Faces/norman_blink_face.uasset' has been saved with empty engine version. The asset will be loaded but may be incompatible.
[2018.06.14-17.55.26:407][  0]LogLinker: Warning: Asset 'E:/_Unreal/EggBoyDevelopment/Content/Norman/Textures/Character/Faces/norman_squint_face.uasset' has been saved with empty engine version. The asset will be loaded but may be incompatible.
[2018.06.14-17.55.26:488][  0]LogClass: Warning: Enum '/Game/Norman/Blueprints/Enums/NormanStates.NormanStates' was upgraded to use FText to store its display name data. Please re-save this asset to avoid issues with localization and determinstic cooking.
[2018.06.14-17.55.26:497][  0]LogUObjectGlobals: Destroyed PersistentFrame Addr=0x00000230a8988c60, Size=224
[2018.06.14-17.55.26:497][  0]LogUObjectGlobals: Created PersistentFrame Addr=0x00000230adb51fa0, Size=224, Default__Norman_AnimBP_C Function /Engine/Transient.REINST_Norman_AnimBP_C_0:ExecuteUbergraph_Norman_AnimBP
[2018.06.14-17.55.26:500][  0]LogUObjectGlobals: Destroyed PersistentFrame Addr=0x00000230c691e900, Size=240
[2018.06.14-17.55.26:500][  0]LogUObjectGlobals: Created PersistentFrame Addr=0x00000230ace48400, Size=240, Default__Norman_AnimBP1_C Function /Engine/Transient.REINST_Norman_AnimBP1_C_1:ExecuteUbergraph_Norman_AnimBP1
[2018.06.14-17.55.26:500][  0]LogUObjectGlobals: Destroyed PersistentFrame Addr=0x00000230c66e0fe0, Size=40
[2018.06.14-17.55.26:500][  0]LogUObjectGlobals: Created PersistentFrame Addr=0x00000230ad2495f8, Size=40, Default__Slingshot_AnimBlueprint_C Function /Engine/Transient.REINST_Slingshot_AnimBlueprint_C_2:ExecuteUbergraph_Slingshot_AnimBlueprint
[2018.06.14-17.55.26:503][  0]LogUObjectGlobals: Destroyed PersistentFrame Addr=0x00000230a8d72200, Size=768
[2018.06.14-17.55.26:503][  0]LogUObjectGlobals: Created PersistentFrame Addr=0x00000230adb17d00, Size=768, Default__NormanCharacter_C Function /Engine/Transient.REINST_NormanCharacter_C_4:ExecuteUbergraph_NormanCharacter
[2018.06.14-17.55.26:744][  0]LogUObjectGlobals: Created PersistentFrame Addr=0x00000230ae527600, Size=240, Default__Norman_AnimBP_C Function /Game/Norman/Animations/Character/Norman_AnimBP.Norman_AnimBP_C:ExecuteUbergraph_Norman_AnimBP
[2018.06.14-17.55.26:762][  0]LogUObjectGlobals: Created PersistentFrame Addr=0x00000230ae4ad100, Size=240, Default__Norman_AnimBP1_C Function /Game/Norman_AnimBP1.Norman_AnimBP1_C:ExecuteUbergraph_Norman_AnimBP1
[2018.06.14-17.55.26:767][  0]LogUObjectGlobals: Created PersistentFrame Addr=0x00000230ad9e1d50, Size=40, Default__Slingshot_AnimBlueprint_C Function /Game/Norman/Animations/Weapons/Slingshot/Slingshot_AnimBlueprint.Slingshot_AnimBlueprint_C:ExecuteUbergraph_Slingshot_AnimBlueprint
[2018.06.14-17.55.26:776][  0]LogUObjectGlobals: Created PersistentFrame Addr=0x00000230ae4a5c00, Size=768, Default__NormanCharacter_C Function /Game/Norman/Blueprints/Character/NormanCharacter.NormanCharacter_C:ExecuteUbergraph_NormanCharacter
[2018.06.14-17.55.26:800][  0]LogBlueprint: Warning: [Compiler Norman_AnimBP1] Node  Blendspace Player 'NormanAim_BlendSpace1'  uses potentially thread-unsafe call Get Aim Rot. Disable threaded update or use a thread-safe call. Function may need BlueprintThreadSafe metadata adding.
[2018.06.14-17.55.26:801][  0]LogBlueprint: Warning: [Compiler Norman_AnimBP1] Node  Blendspace Player 'NormanShoot_Blendspace1'  uses potentially thread-unsafe call  Try Get Pawn Owner . Disable threaded update or use a thread-safe call. Function may need BlueprintThreadSafe metadata adding.
[2018.06.14-17.55.26:803][  0]LogBlueprint: Warning: [Compiler Norman_AnimBP] Node  Blendspace Player 'NormanAim_BlendSpace'  uses potentially thread-unsafe call Get Aim Rot. Disable threaded update or use a thread-safe call. Function may need BlueprintThreadSafe metadata adding.
[2018.06.14-17.55.26:803][  0]LogBlueprint: Warning: [Compiler Norman_AnimBP] Node  Blendspace Player 'NormanShoot_Blendspace'  uses potentially thread-unsafe call  Try Get Pawn Owner . Disable threaded update or use a thread-safe call. Function may need BlueprintThreadSafe metadata adding.
[2018.06.14-17.55.26:811][  0]LogBlueprint: Warning: [Compiler Norman_AnimBP] [0046.07] Compile of Norman_AnimBP successful, but with 2 Warning(s) [in 383 ms] (/Game/Norman/Animations/Character/Norman_AnimBP.Norman_AnimBP)
[2018.06.14-17.55.26:812][  0]LogBlueprint: Warning: [Compiler Norman_AnimBP1] [0046.07] Compile of Norman_AnimBP1 successful, but with 2 Warning(s) [in 384 ms] (/Game/Norman_AnimBP1.Norman_AnimBP1)
[2018.06.14-17.55.26:857][  0]LogUObjectGlobals: Created PersistentFrame Addr=0x00000230ae60a840, Size=296, Default__ThirdPersonCharacter_C Function /Game/ThirdPersonBP/Blueprints/ThirdPersonCharacter.ThirdPersonCharacter_C:ExecuteUbergraph_ThirdPersonCharacter
[2018.06.14-17.55.26:869][  0]LogUObjectGlobals: Destroyed PersistentFrame Addr=0x00000230ae60a840, Size=296
[2018.06.14-17.55.26:869][  0]LogUObjectGlobals: Created PersistentFrame Addr=0x00000230ae60a840, Size=296, Default__ThirdPersonCharacter_C Function /Engine/Transient.REINST_ThirdPersonCharacter_C_10:ExecuteUbergraph_ThirdPersonCharacter
[2018.06.14-17.55.26:879][  0]LogUObjectGlobals: Created PersistentFrame Addr=0x00000230ae609440, Size=296, Default__ThirdPersonCharacter_C Function /Game/ThirdPersonBP/Blueprints/ThirdPersonCharacter.ThirdPersonCharacter_C:ExecuteUbergraph_ThirdPersonCharacter
[2018.06.14-17.55.28:340][  0]LogTexture: Display: Building textures: NoiseFace (AutoDXT, 512X512)
[2018.06.14-17.55.28:341][  0]LogTexture: Display: Building textures: metal (AutoDXT, 1024X1024)
[2018.06.14-17.55.28:341][  0]LogTexture: Display: Building textures: rough (AutoDXT, 1024X1024)
[2018.06.14-17.55.28:341][  0]LogTexture: Display: Building textures: normal (BC5, 1024X1024)
[2018.06.14-17.55.28:341][  0]LogTexture: Display: Building textures: norman_default_face (AutoDXT, 256X256)
[2018.06.14-17.55.28:341][  0]LogTexture: Display: Building textures: emissive (AutoDXT, 1024X1024)
[2018.06.14-17.55.28:341][  0]LogTexture: Display: Building textures: norman_squint_face (AutoDXT, 256X256)
[2018.06.14-17.55.28:341][  0]LogTexture: Display: Building textures: albedo (AutoDXT, 2048X2048)
[2018.06.14-17.55.28:341][  0]LogTexture: Display: Building textures: norman_blink_face (AutoDXT, 256X256)
[2018.06.14-17.55.28:341][  0]LogTexture: Display: Building textures: slingshot_roughness (AutoDXT, 256X256)
[2018.06.14-17.55.28:341][  0]LogTexture: Display: Building textures: slingshot_normal (BC5, 256X256)
[2018.06.14-17.55.28:341][  0]LogTexture: Display: Building textures: slingshot_metallic (AutoDXT, 256X256)
[2018.06.14-17.55.28:341][  0]LogTexture: Display: Building textures: slingshot_albedo (AutoDXT, 256X256)
[2018.06.14-17.55.28:355][  0]LogAnimationCompression: Building Anim DDC data for AnimSequence /Game/Norman/Animations/Character/Blends/Shoot/norman_shooting_shoot.norman_shooting_shoot
[2018.06.14-17.55.28:357][  0]LogAnimationCompression: Recompressing (AnimSequence /Game/Norman/Animations/Character/Blends/Shoot/norman_shooting_shoot.norman_shooting_shoot) using current/default (AnimCompress_BitwiseCompressOnly_0) bFirstRecompressUsingCurrentOrDefault(1) bTryAlternateCompressor(0) IsCompressedDataValid(0)
[2018.06.14-17.55.28:365][  0]LogAnimationCompression: Building Anim DDC data for AnimSequence /Game/Norman/Animations/Character/Blends/Shoot/norman_shooting_reload.norman_shooting_reload
[2018.06.14-17.55.28:365][  0]LogAnimationCompression: Recompressing (AnimSequence /Game/Norman/Animations/Character/Blends/Shoot/norman_shooting_reload.norman_shooting_reload) using current/default (AnimCompress_BitwiseCompressOnly_0) bFirstRecompressUsingCurrentOrDefault(1) bTryAlternateCompressor(0) IsCompressedDataValid(0)
[2018.06.14-17.55.28:367][  0]LogAnimationCompression: Building Anim DDC data for AnimSequence /Game/Norman/Animations/Character/Blends/Shoot/norman_shooting_base.norman_shooting_base
[2018.06.14-17.55.28:367][  0]LogAnimationCompression: Recompressing (AnimSequence /Game/Norman/Animations/Character/Blends/Shoot/norman_shooting_base.norman_shooting_base) using current/default (AnimCompress_BitwiseCompressOnly_0) bFirstRecompressUsingCurrentOrDefault(1) bTryAlternateCompressor(0) IsCompressedDataValid(0)
[2018.06.14-17.55.28:368][  0]LogAnimationCompression: Building Anim DDC data for AnimSequence /Game/Norman/Animations/Character/norman_trudge.norman_trudge
[2018.06.14-17.55.28:369][  0]LogAnimationCompression: Recompressing (AnimSequence /Game/Norman/Animations/Character/norman_trudge.norman_trudge) using current/default (AnimCompress_BitwiseCompressOnly_0) bFirstRecompressUsingCurrentOrDefault(1) bTryAlternateCompressor(0) IsCompressedDataValid(0)
[2018.06.14-17.55.28:372][  0]LogAnimationCompression: Building Anim DDC data for AnimSequence /Game/Norman/Animations/Character/norman_walk.norman_walk
[2018.06.14-17.55.28:372][  0]LogAnimationCompression: Recompressing (AnimSequence /Game/Norman/Animations/Character/norman_walk.norman_walk) using current/default (AnimCompress_BitwiseCompressOnly_0) bFirstRecompressUsingCurrentOrDefault(1) bTryAlternateCompressor(0) IsCompressedDataValid(0)
[2018.06.14-17.55.28:374][  0]LogAnimationCompression: Building Anim DDC data for AnimSequence /Game/Norman/Animations/Character/norman_run.norman_run
[2018.06.14-17.55.28:374][  0]LogAnimationCompression: Recompressing (AnimSequence /Game/Norman/Animations/Character/norman_run.norman_run) using current/default (AnimCompress_BitwiseCompressOnly_0) bFirstRecompressUsingCurrentOrDefault(1) bTryAlternateCompressor(0) IsCompressedDataValid(0)
[2018.06.14-17.55.28:377][  0]LogAnimationCompression: Building Anim DDC data for AnimSequence /Game/Norman/Animations/Character/norman_idle.norman_idle
[2018.06.14-17.55.28:377][  0]LogAnimationCompression: Recompressing (AnimSequence /Game/Norman/Animations/Character/norman_idle.norman_idle) using current/default (AnimCompress_BitwiseCompressOnly_0) bFirstRecompressUsingCurrentOrDefault(1) bTryAlternateCompressor(0) IsCompressedDataValid(0)
[2018.06.14-17.55.28:381][  0]LogAnimationCompression: Building Anim DDC data for AnimSequence /Game/Norman/Animations/Character/Blends/Aim/norman_aim_up_pose.norman_aim_up_pose
[2018.06.14-17.55.28:382][  0]LogAnimationCompression: Recompressing (AnimSequence /Game/Norman/Animations/Character/Blends/Aim/norman_aim_up_pose.norman_aim_up_pose) using current/default (AnimCompress_BitwiseCompressOnly_0) bFirstRecompressUsingCurrentOrDefault(1) bTryAlternateCompressor(0) IsCompressedDataValid(0)
[2018.06.14-17.55.28:383][  0]LogAnimationCompression: Building Anim DDC data for AnimSequence /Game/Norman/Animations/Character/Blends/Aim/norman_aim_rightup_pose.norman_aim_rightup_pose
[2018.06.14-17.55.28:383][  0]LogAnimationCompression: Recompressing (AnimSequence /Game/Norman/Animations/Character/Blends/Aim/norman_aim_rightup_pose.norman_aim_rightup_pose) using current/default (AnimCompress_BitwiseCompressOnly_0) bFirstRecompressUsingCurrentOrDefault(1) bTryAlternateCompressor(0) IsCompressedDataValid(0)
[2018.06.14-17.55.28:384][  0]LogAnimationCompression: Building Anim DDC data for AnimSequence /Game/Norman/Animations/Character/Blends/Aim/norman_aim_rightdown_pose.norman_aim_rightdown_pose
[2018.06.14-17.55.28:385][  0]LogAnimationCompression: Recompressing (AnimSequence /Game/Norman/Animations/Character/Blends/Aim/norman_aim_rightdown_pose.norman_aim_rightdown_pose) using current/default (AnimCompress_BitwiseCompressOnly_0) bFirstRecompressUsingCurrentOrDefault(1) bTryAlternateCompressor(0) IsCompressedDataValid(0)
[2018.06.14-17.55.28:386][  0]LogAnimationCompression: Building Anim DDC data for AnimSequence /Game/Norman/Animations/Character/Blends/Aim/norman_aim_right_pose.norman_aim_right_pose
[2018.06.14-17.55.28:386][  0]LogAnimationCompression: Recompressing (AnimSequence /Game/Norman/Animations/Character/Blends/Aim/norman_aim_right_pose.norman_aim_right_pose) using current/default (AnimCompress_BitwiseCompressOnly_0) bFirstRecompressUsingCurrentOrDefault(1) bTryAlternateCompressor(0) IsCompressedDataValid(0)
[2018.06.14-17.55.28:387][  0]LogAnimationCompression: Building Anim DDC data for AnimSequence /Game/Norman/Animations/Character/Blends/Aim/norman_aim_pose.norman_aim_pose
[2018.06.14-17.55.28:388][  0]LogAnimationCompression: Recompressing (AnimSequence /Game/Norman/Animations/Character/Blends/Aim/norman_aim_pose.norman_aim_pose) using current/default (AnimCompress_BitwiseCompressOnly_0) bFirstRecompressUsingCurrentOrDefault(1) bTryAlternateCompressor(0) IsCompressedDataValid(0)
[2018.06.14-17.55.28:389][  0]LogAnimationCompression: Building Anim DDC data for AnimSequence /Game/Norman/Animations/Character/Blends/Aim/norman_aim_leftup_pose.norman_aim_leftup_pose
[2018.06.14-17.55.28:389][  0]LogAnimationCompression: Recompressing (AnimSequence /Game/Norman/Animations/Character/Blends/Aim/norman_aim_leftup_pose.norman_aim_leftup_pose) using current/default (AnimCompress_BitwiseCompressOnly_0) bFirstRecompressUsingCurrentOrDefault(1) bTryAlternateCompressor(0) IsCompressedDataValid(0)
[2018.06.14-17.55.28:391][  0]LogAnimationCompression: Building Anim DDC data for AnimSequence /Game/Norman/Animations/Character/Blends/Aim/norman_aim_leftdown_pose.norman_aim_leftdown_pose
[2018.06.14-17.55.28:391][  0]LogAnimationCompression: Recompressing (AnimSequence /Game/Norman/Animations/Character/Blends/Aim/norman_aim_leftdown_pose.norman_aim_leftdown_pose) using current/default (AnimCompress_BitwiseCompressOnly_0) bFirstRecompressUsingCurrentOrDefault(1) bTryAlternateCompressor(0) IsCompressedDataValid(0)
[2018.06.14-17.55.28:392][  0]LogAnimationCompression: Building Anim DDC data for AnimSequence /Game/Norman/Animations/Character/Blends/Aim/norman_aim_left_pose.norman_aim_left_pose
[2018.06.14-17.55.28:392][  0]LogAnimationCompression: Recompressing (AnimSequence /Game/Norman/Animations/Character/Blends/Aim/norman_aim_left_pose.norman_aim_left_pose) using current/default (AnimCompress_BitwiseCompressOnly_0) bFirstRecompressUsingCurrentOrDefault(1) bTryAlternateCompressor(0) IsCompressedDataValid(0)
[2018.06.14-17.55.28:395][  0]LogAnimationCompression: Building Anim DDC data for AnimSequence /Game/Norman/Animations/Character/Blends/Aim/norman_aim_down_pose.norman_aim_down_pose
[2018.06.14-17.55.28:395][  0]LogAnimationCompression: Recompressing (AnimSequence /Game/Norman/Animations/Character/Blends/Aim/norman_aim_down_pose.norman_aim_down_pose) using current/default (AnimCompress_BitwiseCompressOnly_0) bFirstRecompressUsingCurrentOrDefault(1) bTryAlternateCompressor(0) IsCompressedDataValid(0)
[2018.06.14-17.55.28:404][  0]LogAnimationCompression: Building Anim DDC data for AnimSequence /Game/Norman/Animations/Character/norman_talk.norman_talk
[2018.06.14-17.55.28:404][  0]LogAnimationCompression: Recompressing (AnimSequence /Game/Norman/Animations/Character/norman_talk.norman_talk) using current/default (AnimCompress_BitwiseCompressOnly_0) bFirstRecompressUsingCurrentOrDefault(1) bTryAlternateCompressor(0) IsCompressedDataValid(0)
[2018.06.14-17.55.28:405][  0]LogAnimationCompression: Building Anim DDC data for AnimSequence /Game/Norman/Animations/Character/norman_spawn.norman_spawn
[2018.06.14-17.55.28:406][  0]LogAnimationCompression: Recompressing (AnimSequence /Game/Norman/Animations/Character/norman_spawn.norman_spawn) using current/default (AnimCompress_BitwiseCompressOnly_0) bFirstRecompressUsingCurrentOrDefault(1) bTryAlternateCompressor(0) IsCompressedDataValid(0)
[2018.06.14-17.55.28:410][  0]LogAnimationCompression: Building Anim DDC data for AnimSequence /Game/Norman/Animations/Character/norman_put_away.norman_put_away
[2018.06.14-17.55.28:410][  0]LogAnimationCompression: Recompressing (AnimSequence /Game/Norman/Animations/Character/norman_put_away.norman_put_away) using current/default (AnimCompress_BitwiseCompressOnly_3) bFirstRecompressUsingCurrentOrDefault(1) bTryAlternateCompressor(0) IsCompressedDataValid(0)
[2018.06.14-17.55.28:412][  0]LogAnimationCompression: Building Anim DDC data for AnimSequence /Game/Norman/Animations/Character/norman_push.norman_push
[2018.06.14-17.55.28:412][  0]LogAnimationCompression: Recompressing (AnimSequence /Game/Norman/Animations/Character/norman_push.norman_push) using current/default (AnimCompress_BitwiseCompressOnly_0) bFirstRecompressUsingCurrentOrDefault(1) bTryAlternateCompressor(0) IsCompressedDataValid(0)
[2018.06.14-17.55.28:413][  0]LogAnimationCompression: Building Anim DDC data for AnimSequence /Game/Norman/Animations/Character/norman_pull.norman_pull
[2018.06.14-17.55.28:414][  0]LogAnimationCompression: Recompressing (AnimSequence /Game/Norman/Animations/Character/norman_pull.norman_pull) using current/default (AnimCompress_BitwiseCompressOnly_0) bFirstRecompressUsingCurrentOrDefault(1) bTryAlternateCompressor(0) IsCompressedDataValid(0)
[2018.06.14-17.55.28:416][  0]LogAnimationCompression: Building Anim DDC data for AnimSequence /Game/Norman/Animations/Character/norman_press.norman_press
[2018.06.14-17.55.28:416][  0]LogAnimationCompression: Recompressing (AnimSequence /Game/Norman/Animations/Character/norman_press.norman_press) using current/default (AnimCompress_BitwiseCompressOnly_0) bFirstRecompressUsingCurrentOrDefault(1) bTryAlternateCompressor(0) IsCompressedDataValid(0)
[2018.06.14-17.55.28:419][  0]LogAnimationCompression: Building Anim DDC data for AnimSequence /Game/Norman/Animations/Character/norman_place.norman_place
[2018.06.14-17.55.28:419][  0]LogAnimationCompression: Recompressing (AnimSequence /Game/Norman/Animations/Character/norman_place.norman_place) using current/default (AnimCompress_BitwiseCompressOnly_0) bFirstRecompressUsingCurrentOrDefault(1) bTryAlternateCompressor(0) IsCompressedDataValid(0)
[2018.06.14-17.55.28:421][  0]LogAnimationCompression: Building Anim DDC data for AnimSequence /Game/Norman/Animations/Character/norman_pickup.norman_pickup
[2018.06.14-17.55.28:421][  0]LogAnimationCompression: Recompressing (AnimSequence /Game/Norman/Animations/Character/norman_pickup.norman_pickup) using current/default (AnimCompress_BitwiseCompressOnly_2) bFirstRecompressUsingCurrentOrDefault(1) bTryAlternateCompressor(0) IsCompressedDataValid(0)
[2018.06.14-17.55.28:425][  0]LogAnimationCompression: Building Anim DDC data for AnimSequence /Game/Norman/Animations/Character/norman_death.norman_death
[2018.06.14-17.55.28:425][  0]LogAnimationCompression: Recompressing (AnimSequence /Game/Norman/Animations/Character/norman_death.norman_death) using current/default (AnimCompress_BitwiseCompressOnly_0) bFirstRecompressUsingCurrentOrDefault(1) bTryAlternateCompressor(0) IsCompressedDataValid(0)
[2018.06.14-17.55.28:432][  0]LogAnimationCompression: Building Anim DDC data for AnimSequence /Game/Norman/Animations/Character/norman_dance.norman_dance
[2018.06.14-17.55.28:432][  0]LogAnimationCompression: Recompressing (AnimSequence /Game/Norman/Animations/Character/norman_dance.norman_dance) using current/default (AnimCompress_BitwiseCompressOnly_0) bFirstRecompressUsingCurrentOrDefault(1) bTryAlternateCompressor(0) IsCompressedDataValid(0)
[2018.06.14-17.55.28:435][  0]LogAnimationCompression: Building Anim DDC data for AnimSequence /Game/Norman/Animations/Character/norman_collect.norman_collect
[2018.06.14-17.55.28:435][  0]LogAnimationCompression: Recompressing (AnimSequence /Game/Norman/Animations/Character/norman_collect.norman_collect) using current/default (AnimCompress_BitwiseCompressOnly_0) bFirstRecompressUsingCurrentOrDefault(1) bTryAlternateCompressor(0) IsCompressedDataValid(0)
[2018.06.14-17.55.28:441][  0]LogAnimationCompression: Building Anim DDC data for AnimSequence /Game/Norman/Animations/Character/norman_carry.norman_carry
[2018.06.14-17.55.28:441][  0]LogAnimationCompression: Recompressing (AnimSequence /Game/Norman/Animations/Character/norman_carry.norman_carry) using current/default (AnimCompress_BitwiseCompressOnly_0) bFirstRecompressUsingCurrentOrDefault(1) bTryAlternateCompressor(0) IsCompressedDataValid(0)
[2018.06.14-17.55.28:880][  0]LogAnimationCompression: Building Anim DDC data for AnimSequence /Game/norman_trudge1.norman_trudge1
[2018.06.14-17.55.28:880][  0]LogAnimationCompression: Recompressing (AnimSequence /Game/norman_trudge1.norman_trudge1) using current/default (AnimCompress_BitwiseCompressOnly_141) bFirstRecompressUsingCurrentOrDefault(1) bTryAlternateCompressor(0) IsCompressedDataValid(0)
[2018.06.14-17.55.28:882][  0]LogAnimationCompression: Building Anim DDC data for AnimSequence /Game/norman_shooting_shoot1.norman_shooting_shoot1
[2018.06.14-17.55.28:882][  0]LogAnimationCompression: Recompressing (AnimSequence /Game/norman_shooting_shoot1.norman_shooting_shoot1) using current/default (AnimCompress_BitwiseCompressOnly_88) bFirstRecompressUsingCurrentOrDefault(1) bTryAlternateCompressor(0) IsCompressedDataValid(0)
[2018.06.14-17.55.28:883][  0]LogAnimationCompression: Building Anim DDC data for AnimSequence /Game/norman_shooting_reload1.norman_shooting_reload1
[2018.06.14-17.55.28:883][  0]LogAnimationCompression: Recompressing (AnimSequence /Game/norman_shooting_reload1.norman_shooting_reload1) using current/default (AnimCompress_BitwiseCompressOnly_89) bFirstRecompressUsingCurrentOrDefault(1) bTryAlternateCompressor(0) IsCompressedDataValid(0)
[2018.06.14-17.55.28:884][  0]LogAnimationCompression: Building Anim DDC data for AnimSequence /Game/norman_shooting_base1.norman_shooting_base1
[2018.06.14-17.55.28:884][  0]LogAnimationCompression: Recompressing (AnimSequence /Game/norman_shooting_base1.norman_shooting_base1) using current/default (AnimCompress_BitwiseCompressOnly_87) bFirstRecompressUsingCurrentOrDefault(1) bTryAlternateCompressor(0) IsCompressedDataValid(0)
[2018.06.14-17.55.28:884][  0]LogAnimationCompression: Building Anim DDC data for AnimSequence /Game/norman_walk1.norman_walk1
[2018.06.14-17.55.28:885][  0]LogAnimationCompression: Recompressing (AnimSequence /Game/norman_walk1.norman_walk1) using current/default (AnimCompress_BitwiseCompressOnly_136) bFirstRecompressUsingCurrentOrDefault(1) bTryAlternateCompressor(0) IsCompressedDataValid(0)
[2018.06.14-17.55.28:886][  0]LogAnimationCompression: Building Anim DDC data for AnimSequence /Game/norman_run1.norman_run1
[2018.06.14-17.55.28:886][  0]LogAnimationCompression: Recompressing (AnimSequence /Game/norman_run1.norman_run1) using current/default (AnimCompress_BitwiseCompressOnly_137) bFirstRecompressUsingCurrentOrDefault(1) bTryAlternateCompressor(0) IsCompressedDataValid(0)
[2018.06.14-17.55.28:887][  0]LogAnimationCompression: Building Anim DDC data for AnimSequence /Game/norman_idle1.norman_idle1
[2018.06.14-17.55.28:887][  0]LogAnimationCompression: Recompressing (AnimSequence /Game/norman_idle1.norman_idle1) using current/default (AnimCompress_BitwiseCompressOnly_140) bFirstRecompressUsingCurrentOrDefault(1) bTryAlternateCompressor(0) IsCompressedDataValid(0)
[2018.06.14-17.55.28:889][  0]LogAnimationCompression: Building Anim DDC data for AnimSequence /Game/norman_aim_up_pose1.norman_aim_up_pose1
[2018.06.14-17.55.28:889][  0]LogAnimationCompression: Recompressing (AnimSequence /Game/norman_aim_up_pose1.norman_aim_up_pose1) using current/default (AnimCompress_BitwiseCompressOnly_106) bFirstRecompressUsingCurrentOrDefault(1) bTryAlternateCompressor(0) IsCompressedDataValid(0)
[2018.06.14-17.55.28:889][  0]LogAnimationCompression: Building Anim DDC data for AnimSequence /Game/norman_aim_rightup_pose1.norman_aim_rightup_pose1
[2018.06.14-17.55.28:889][  0]LogAnimationCompression: Recompressing (AnimSequence /Game/norman_aim_rightup_pose1.norman_aim_rightup_pose1) using current/default (AnimCompress_BitwiseCompressOnly_107) bFirstRecompressUsingCurrentOrDefault(1) bTryAlternateCompressor(0) IsCompressedDataValid(0)
[2018.06.14-17.55.28:890][  0]LogAnimationCompression: Building Anim DDC data for AnimSequence /Game/norman_aim_rightdown_pose1.norman_aim_rightdown_pose1
[2018.06.14-17.55.28:890][  0]LogAnimationCompression: Recompressing (AnimSequence /Game/norman_aim_rightdown_pose1.norman_aim_rightdown_pose1) using current/default (AnimCompress_BitwiseCompressOnly_105) bFirstRecompressUsingCurrentOrDefault(1) bTryAlternateCompressor(0) IsCompressedDataValid(0)
[2018.06.14-17.55.28:891][  0]LogAnimationCompression: Building Anim DDC data for AnimSequence /Game/norman_aim_right_pose1.norman_aim_right_pose1
[2018.06.14-17.55.28:891][  0]LogAnimationCompression: Recompressing (AnimSequence /Game/norman_aim_right_pose1.norman_aim_right_pose1) using current/default (AnimCompress_BitwiseCompressOnly_104) bFirstRecompressUsingCurrentOrDefault(1) bTryAlternateCompressor(0) IsCompressedDataValid(0)
[2018.06.14-17.55.28:891][  0]LogAnimationCompression: Building Anim DDC data for AnimSequence /Game/norman_aim_pose1.norman_aim_pose1
[2018.06.14-17.55.28:891][  0]LogAnimationCompression: Recompressing (AnimSequence /Game/norman_aim_pose1.norman_aim_pose1) using current/default (AnimCompress_BitwiseCompressOnly_103) bFirstRecompressUsingCurrentOrDefault(1) bTryAlternateCompressor(0) IsCompressedDataValid(0)
[2018.06.14-17.55.28:892][  0]LogAnimationCompression: Building Anim DDC data for AnimSequence /Game/norman_aim_leftup_pose1.norman_aim_leftup_pose1
[2018.06.14-17.55.28:892][  0]LogAnimationCompression: Recompressing (AnimSequence /Game/norman_aim_leftup_pose1.norman_aim_leftup_pose1) using current/default (AnimCompress_BitwiseCompressOnly_102) bFirstRecompressUsingCurrentOrDefault(1) bTryAlternateCompressor(0) IsCompressedDataValid(0)
[2018.06.14-17.55.28:892][  0]LogAnimationCompression: Building Anim DDC data for AnimSequence /Game/norman_aim_leftdown_pose1.norman_aim_leftdown_pose1
[2018.06.14-17.55.28:893][  0]LogAnimationCompression: Recompressing (AnimSequence /Game/norman_aim_leftdown_pose1.norman_aim_leftdown_pose1) using current/default (AnimCompress_BitwiseCompressOnly_101) bFirstRecompressUsingCurrentOrDefault(1) bTryAlternateCompressor(0) IsCompressedDataValid(0)
[2018.06.14-17.55.28:893][  0]LogAnimationCompression: Building Anim DDC data for AnimSequence /Game/norman_aim_left_pose1.norman_aim_left_pose1
[2018.06.14-17.55.28:893][  0]LogAnimationCompression: Recompressing (AnimSequence /Game/norman_aim_left_pose1.norman_aim_left_pose1) using current/default (AnimCompress_BitwiseCompressOnly_100) bFirstRecompressUsingCurrentOrDefault(1) bTryAlternateCompressor(0) IsCompressedDataValid(0)
[2018.06.14-17.55.31:662][  0]LogMaterial: Missing cached shader map for material Norman_M, compiling. 
[2018.06.14-17.55.31:782][  0]LogShaderCompilers: Display: Shaders left to compile 60
[2018.06.14-17.55.31:783][  0]LogShaderCompilers: Display: Shaders left to compile 50
[2018.06.14-17.55.31:783][  0]LogShaderCompilers: Display: Shaders left to compile 40
[2018.06.14-17.55.31:783][  0]LogSkeletalMesh: Building Skeletal Mesh norman_antenna_v1...
[2018.06.14-17.55.31:785][  0]LogSkeletalMesh: Built Skeletal Mesh [0.00s] /Game/Norman/Meshes/Accessories/norman_antenna_v1.norman_antenna_v1
[2018.06.14-17.55.31:789][  0]LogMaterial: Missing cached shader map for material Material_003, compiling. 
[2018.06.14-17.55.31:830][  0]LogMaterial: Missing cached shader map for material Material_002, compiling. 
[2018.06.14-17.55.31:870][  0]LogMaterial: Missing cached shader map for material Material_001, compiling. 
[2018.06.14-17.55.31:911][  0]LogSkeletalMesh: Building Skeletal Mesh Sitting...
[2018.06.14-17.55.31:914][  0]LogSkeletalMesh: Built Skeletal Mesh [0.00s] /Game/EggboyRaw/Sitting.Sitting
[2018.06.14-17.55.31:916][  0]LogMaterial: Missing cached shader map for material Material_005, compiling. 
[2018.06.14-17.55.31:962][  0]LogMaterial: Missing cached shader map for material Material_004, compiling. 
[2018.06.14-17.55.32:022][  0]LogMaterial: Missing cached shader map for material Slingshot_M, compiling. 
[2018.06.14-17.55.32:075][  0]LogSkeletalMesh: Building Skeletal Mesh slingshot...
[2018.06.14-17.55.32:079][  0]LogSkeletalMesh: Built Skeletal Mesh [0.00s] /Game/Norman/Meshes/Weapons/Slingshot/slingshot.slingshot
[2018.06.14-17.55.32:091][  0]LogSkeletalMesh: Building Skeletal Mesh norman_zipper_v1...
[2018.06.14-17.55.32:092][  0]LogSkeletalMesh: Built Skeletal Mesh [0.00s] /Game/Norman/Meshes/Accessories/norman_zipper_v1.norman_zipper_v1
[2018.06.14-17.55.32:092][  0]LogAnimationCompression: Building Anim DDC data for AnimSequence /Game/Norman/Animations/Weapons/Slingshot/slingshot_stretch.slingshot_stretch
[2018.06.14-17.55.32:092][  0]LogAnimationCompression: Recompressing (AnimSequence /Game/Norman/Animations/Weapons/Slingshot/slingshot_stretch.slingshot_stretch) using current/default (AnimCompress_BitwiseCompressOnly_0) bFirstRecompressUsingCurrentOrDefault(1) bTryAlternateCompressor(0) IsCompressedDataValid(0)
[2018.06.14-17.55.32:093][  0]LogAnimationCompression: Building Anim DDC data for AnimSequence /Game/Norman/Animations/Weapons/Slingshot/slingshot_shoot.slingshot_shoot
[2018.06.14-17.55.32:093][  0]LogAnimationCompression: Recompressing (AnimSequence /Game/Norman/Animations/Weapons/Slingshot/slingshot_shoot.slingshot_shoot) using current/default (AnimCompress_BitwiseCompressOnly_0) bFirstRecompressUsingCurrentOrDefault(1) bTryAlternateCompressor(0) IsCompressedDataValid(0)
[2018.06.14-17.55.32:093][  0]LogAnimationCompression: Building Anim DDC data for AnimSequence /Game/Norman/Animations/Weapons/Slingshot/slingshot_idle.slingshot_idle
[2018.06.14-17.55.32:094][  0]LogAnimationCompression: Recompressing (AnimSequence /Game/Norman/Animations/Weapons/Slingshot/slingshot_idle.slingshot_idle) using current/default (AnimCompress_BitwiseCompressOnly_0) bFirstRecompressUsingCurrentOrDefault(1) bTryAlternateCompressor(0) IsCompressedDataValid(0)
[2018.06.14-17.55.32:117][  0]LogSkeletalMesh: Building Skeletal Mesh norman_battery_v1...
[2018.06.14-17.55.32:118][  0]LogSkeletalMesh: Built Skeletal Mesh [0.00s] /Game/Norman/Meshes/Accessories/norman_battery_v1.norman_battery_v1
[2018.06.14-17.55.32:292][  0]LogAnimationCompression: Building Anim DDC data for AnimSequence /Game/norman_death1.norman_death1
[2018.06.14-17.55.32:292][  0]LogAnimationCompression: Recompressing (AnimSequence /Game/norman_death1.norman_death1) using current/default (AnimCompress_BitwiseCompressOnly_125) bFirstRecompressUsingCurrentOrDefault(1) bTryAlternateCompressor(0) IsCompressedDataValid(0)
[2018.06.14-17.55.32:296][  0]LogAnimationCompression: Building Anim DDC data for AnimSequence /Game/norman_pickup1.norman_pickup1
[2018.06.14-17.55.32:296][  0]LogAnimationCompression: Recompressing (AnimSequence /Game/norman_pickup1.norman_pickup1) using current/default (AnimCompress_BitwiseCompressOnly_119) bFirstRecompressUsingCurrentOrDefault(1) bTryAlternateCompressor(0) IsCompressedDataValid(0)
[2018.06.14-17.55.32:306][  0]LogAnimationCompression: Building Anim DDC data for AnimSequence /Game/norman_place1.norman_place1
[2018.06.14-17.55.32:306][  0]LogAnimationCompression: Recompressing (AnimSequence /Game/norman_place1.norman_place1) using current/default (AnimCompress_BitwiseCompressOnly_80) bFirstRecompressUsingCurrentOrDefault(1) bTryAlternateCompressor(0) IsCompressedDataValid(0)
[2018.06.14-17.55.32:307][  0]LogAnimationCompression: Building Anim DDC data for AnimSequence /Game/norman_pull1.norman_pull1
[2018.06.14-17.55.32:308][  0]LogAnimationCompression: Recompressing (AnimSequence /Game/norman_pull1.norman_pull1) using current/default (AnimCompress_BitwiseCompressOnly_113) bFirstRecompressUsingCurrentOrDefault(1) bTryAlternateCompressor(0) IsCompressedDataValid(0)
[2018.06.14-17.55.32:309][  0]LogAnimationCompression: Building Anim DDC data for AnimSequence /Game/norman_press1.norman_press1
[2018.06.14-17.55.32:309][  0]LogAnimationCompression: Recompressing (AnimSequence /Game/norman_press1.norman_press1) using current/default (AnimCompress_BitwiseCompressOnly_74) bFirstRecompressUsingCurrentOrDefault(1) bTryAlternateCompressor(0) IsCompressedDataValid(0)
[2018.06.14-17.55.32:310][  0]LogAnimationCompression: Building Anim DDC data for AnimSequence /Game/norman_put_away1.norman_put_away1
[2018.06.14-17.55.32:310][  0]LogAnimationCompression: Recompressing (AnimSequence /Game/norman_put_away1.norman_put_away1) using current/default (AnimCompress_BitwiseCompressOnly_83) bFirstRecompressUsingCurrentOrDefault(1) bTryAlternateCompressor(0) IsCompressedDataValid(0)
[2018.06.14-17.55.32:311][  0]LogAnimationCompression: Building Anim DDC data for AnimSequence /Game/norman_push1.norman_push1
[2018.06.14-17.55.32:311][  0]LogAnimationCompression: Recompressing (AnimSequence /Game/norman_push1.norman_push1) using current/default (AnimCompress_BitwiseCompressOnly_110) bFirstRecompressUsingCurrentOrDefault(1) bTryAlternateCompressor(0) IsCompressedDataValid(0)
[2018.06.14-17.55.32:312][  0]LogAnimationCompression: Building Anim DDC data for AnimSequence /Game/norman_talk1.norman_talk1
[2018.06.14-17.55.32:312][  0]LogAnimationCompression: Recompressing (AnimSequence /Game/norman_talk1.norman_talk1) using current/default (AnimCompress_BitwiseCompressOnly_116) bFirstRecompressUsingCurrentOrDefault(1) bTryAlternateCompressor(0) IsCompressedDataValid(0)
[2018.06.14-17.55.32:313][  0]LogAnimationCompression: Building Anim DDC data for AnimSequence /Game/norman_spawn1.norman_spawn1
[2018.06.14-17.55.32:313][  0]LogAnimationCompression: Recompressing (AnimSequence /Game/norman_spawn1.norman_spawn1) using current/default (AnimCompress_BitwiseCompressOnly_131) bFirstRecompressUsingCurrentOrDefault(1) bTryAlternateCompressor(0) IsCompressedDataValid(0)
[2018.06.14-17.55.32:317][  0]LogAnimationCompression: Building Anim DDC data for AnimSequence /Game/ThirdPerson_Jump1.ThirdPerson_Jump1
[2018.06.14-17.55.32:318][  0]LogAnimationCompression: Recompressing (AnimSequence /Game/ThirdPerson_Jump1.ThirdPerson_Jump1) using current/default (AnimCompress_RemoveLinearKeys_16) bFirstRecompressUsingCurrentOrDefault(1) bTryAlternateCompressor(0) IsCompressedDataValid(0)
[2018.06.14-17.55.32:325][  0]LogAnimationCompression: Building Anim DDC data for AnimSequence /Game/norman_dance1.norman_dance1
[2018.06.14-17.55.32:325][  0]LogAnimationCompression: Recompressing (AnimSequence /Game/norman_dance1.norman_dance1) using current/default (AnimCompress_BitwiseCompressOnly_122) bFirstRecompressUsingCurrentOrDefault(1) bTryAlternateCompressor(0) IsCompressedDataValid(0)
[2018.06.14-17.55.32:327][  0]LogAnimationCompression: Building Anim DDC data for AnimSequence /Game/norman_collect1.norman_collect1
[2018.06.14-17.55.32:327][  0]LogAnimationCompression: Recompressing (AnimSequence /Game/norman_collect1.norman_collect1) using current/default (AnimCompress_BitwiseCompressOnly_128) bFirstRecompressUsingCurrentOrDefault(1) bTryAlternateCompressor(0) IsCompressedDataValid(0)
[2018.06.14-17.55.32:330][  0]LogAnimationCompression: Building Anim DDC data for AnimSequence /Game/norman_carry1.norman_carry1
[2018.06.14-17.55.32:331][  0]LogAnimationCompression: Recompressing (AnimSequence /Game/norman_carry1.norman_carry1) using current/default (AnimCompress_BitwiseCompressOnly_77) bFirstRecompressUsingCurrentOrDefault(1) bTryAlternateCompressor(0) IsCompressedDataValid(0)
[2018.06.14-17.55.32:572][  0]LogAnimationCompression: Building Anim DDC data for AnimSequence /Game/norman_aim_down_pose1.norman_aim_down_pose1
[2018.06.14-17.55.32:573][  0]LogAnimationCompression: Recompressing (AnimSequence /Game/norman_aim_down_pose1.norman_aim_down_pose1) using current/default (AnimCompress_BitwiseCompressOnly_99) bFirstRecompressUsingCurrentOrDefault(1) bTryAlternateCompressor(0) IsCompressedDataValid(0)
[2018.06.14-17.55.32:574][  0]LogAnimationCompression: Building Anim DDC data for AnimSequence /Game/ThirdPersonJump_Start1.ThirdPersonJump_Start1
[2018.06.14-17.55.32:574][  0]LogAnimationCompression: Recompressing (AnimSequence /Game/ThirdPersonJump_Start1.ThirdPersonJump_Start1) using current/default (AnimCompress_RemoveLinearKeys_21) bFirstRecompressUsingCurrentOrDefault(1) bTryAlternateCompressor(0) IsCompressedDataValid(0)
[2018.06.14-17.55.32:587][  0]LogAnimationCompression: Building Anim DDC data for AnimSequence /Game/ThirdPersonJump_Loop3.ThirdPersonJump_Loop3
[2018.06.14-17.55.32:587][  0]LogAnimationCompression: Recompressing (AnimSequence /Game/ThirdPersonJump_Loop3.ThirdPersonJump_Loop3) using current/default (AnimCompress_RemoveLinearKeys_18) bFirstRecompressUsingCurrentOrDefault(1) bTryAlternateCompressor(0) IsCompressedDataValid(0)
[2018.06.14-17.55.32:598][  0]LogAnimationCompression: Building Anim DDC data for AnimSequence /Game/ThirdPersonJump_Loop2.ThirdPersonJump_Loop2
[2018.06.14-17.55.32:598][  0]LogAnimationCompression: Recompressing (AnimSequence /Game/ThirdPersonJump_Loop2.ThirdPersonJump_Loop2) using current/default (AnimCompress_RemoveLinearKeys_13) bFirstRecompressUsingCurrentOrDefault(1) bTryAlternateCompressor(0) IsCompressedDataValid(0)
[2018.06.14-17.55.32:618][  0]LogAIModule: Creating AISystem for world ThirdPersonExampleMap
[2018.06.14-17.55.32:678][  0]LogEditorServer: Finished looking for orphan Actors (0.000 secs)
[2018.06.14-17.55.32:746][  0]LogUObjectGlobals: Destroyed PersistentFrame Addr=0x00000230adb17d00, Size=768
[2018.06.14-17.55.32:746][  0]LogUObjectGlobals: Destroyed PersistentFrame Addr=0x00000230adb51fa0, Size=224
[2018.06.14-17.55.32:747][  0]LogUObjectGlobals: Destroyed PersistentFrame Addr=0x00000230ace48400, Size=240
[2018.06.14-17.55.32:747][  0]LogUObjectGlobals: Destroyed PersistentFrame Addr=0x00000230ad2495f8, Size=40
[2018.06.14-17.55.32:748][  0]LogUObjectGlobals: Destroyed PersistentFrame Addr=0x00000230ae60a840, Size=296
[2018.06.14-17.55.32:758][  0]Cmd: MAP CHECKDEP NOCLEARLOG
[2018.06.14-17.55.32:987][  0]MapCheck: Map check complete: 0 Error(s), 0 Warning(s), took 227.93ms to complete.
[2018.06.14-17.55.32:987][  0]LogFileHelpers: Loading map 'ThirdPersonExampleMap' took 7.319
[2018.06.14-17.55.33:275][  0]LogCollectionManager: Loaded 0 collections in 0.004736 seconds
[2018.06.14-17.55.33:355][  0]LogFileCache: Scanning file cache for directory 'E:/_Unreal/EggBoyDevelopment/Saved/Collections/' took 0.01s
[2018.06.14-17.55.33:355][  0]LogFileCache: Scanning file cache for directory 'E:/_Unreal/EggBoyDevelopment/Content/Developers/LAW/Collections/' took 0.01s
[2018.06.14-17.55.33:355][  0]LogFileCache: Scanning file cache for directory 'E:/_Unreal/EggBoyDevelopment/Content/Collections/' took 0.01s
[2018.06.14-17.55.33:355][  0]LogCollectionManager: Rebuilt the GUID cache for 0 collections in 0.000001 seconds
[2018.06.14-17.55.33:393][  0]LogContentBrowser: Native class hierarchy populated in 0.0371 seconds. Added 2452 classes and 558 folders.
[2018.06.14-17.55.33:415][  0]LogContentBrowser: Native class hierarchy updated for 'WidgetCarousel' in 0.0004 seconds. Added 0 classes and 0 folders.
[2018.06.14-17.55.33:598][  0]LogContentBrowser: Native class hierarchy updated for 'AddContentDialog' in 0.0005 seconds. Added 0 classes and 0 folders.
[2018.06.14-17.55.33:614][  0]LogContentBrowser: Native class hierarchy updated for 'SceneOutliner' in 0.0007 seconds. Added 1 classes and 2 folders.
[2018.06.14-17.55.33:664][  0]LogSlate: Took 0.000610 seconds to synchronously load lazily loaded font '../../../Engine/Content/Slate/Fonts/Roboto-Regular.ttf' (155K)
[2018.06.14-17.55.33:670][  0]LogSlate: Took 0.000487 seconds to synchronously load lazily loaded font '../../../Engine/Content/Slate/Fonts/Roboto-Bold.ttf' (160K)
[2018.06.14-17.55.33:687][  0]LogSlate: Took 0.000788 seconds to synchronously load lazily loaded font '../../../Engine/Content/Editor/Slate/Fonts/FontAwesome.ttf' (139K)
[2018.06.14-17.55.34:031][  0]LogRenderer: Reallocating scene render targets to support 1208x576 Format 10 NumSamples 1 (Frame:1).
[2018.06.14-17.55.34:155][  0]LogSlate: Took 0.000586 seconds to synchronously load lazily loaded font '../../../Engine/Content/Slate/Fonts/Roboto-Light.ttf' (167K)
[2018.06.14-17.55.34:411][  0]LogSlate: FSceneViewport::OnFocusLost() reason 2
[2018.06.14-17.55.34:460][  0]LogSlate: Window 'Tutorials' being destroyed
[2018.06.14-17.55.34:518][  0]LogContentBrowser: Native class hierarchy updated for 'HierarchicalLODOutliner' in 0.0005 seconds. Added 0 classes and 0 folders.
[2018.06.14-17.55.34:518][  0]LogLoad: (Engine Initialization) Total time: 53.77 seconds
[2018.06.14-17.55.34:518][  0]LogLoad: (Engine Initialization) Total Blueprint compile time: 0.00 seconds
[2018.06.14-17.55.34:528][  0]LogWindowsTextInputMethodSystem: Display: IME system now deactivated.
[2018.06.14-17.55.34:578][  0]LogContentStreaming: Texture pool size now 1000 MB
[2018.06.14-17.55.35:149][  5]LogAssetRegistry: Asset discovery search completed in 20.3030 seconds
[2018.06.14-17.55.35:156][  5]LogCollectionManager: Rebuilt the object cache for 0 collections in 0.000001 seconds (found 0 objects)
[2018.06.14-17.55.35:156][  5]LogCollectionManager: Fixed up redirectors for 0 collections in 0.000199 seconds (updated 0 objects)
[2018.06.14-17.55.36:020][ 28]LogD3D11RHI: Error: Result failed 
 at D:\Build\++UE4+Release-4.19+Compile\Sync\Engine\Source\Runtime\Windows\D3D11RHI\Private\D3D11Viewport.cpp:303 
 with error E_INVALIDARG
[2018.06.14-17.55.36:023][ 28]LogWindows: Windows GetLastError: The operation completed successfully. (0)
[2018.06.14-17.55.38:460][ 28]LogShaderCompilers: Display: Shaders left to compile 390
[2018.06.14-17.55.38:460][ 28]LogWindows: Windows GetLastError: The operation completed successfully. (0)
[2018.06.14-17.55.38:462][ 28]LogWindows: Error: === Critical error: ===
[2018.06.14-17.55.38:462][ 28]LogWindows: Error: 
[2018.06.14-17.55.38:462][ 28]LogWindows: Error: Fatal error: [File:D:\Build\++UE4+Release-4.19+Compile\Sync\Engine\Source\Runtime\RenderCore\Private\RenderingThread.cpp] [Line: 819] 
[2018.06.14-17.55.38:462][ 28]LogWindows: Error: Rendering thread exception:
[2018.06.14-17.55.38:462][ 28]LogWindows: Error: Fatal error: [File:D:\Build\++UE4+Release-4.19+Compile\Sync\Engine\Source\Runtime\Windows\D3D11RHI\Private\D3D11Util.cpp] [Line: 233] 
[2018.06.14-17.55.38:462][ 28]LogWindows: Error: Result failed 
[2018.06.14-17.55.38:462][ 28]LogWindows: Error:  at D:\Build\++UE4+Release-4.19+Compile\Sync\Engine\Source\Runtime\Windows\D3D11RHI\Private\D3D11Viewport.cpp:303 
[2018.06.14-17.55.38:462][ 28]LogWindows: Error:  with error E_INVALIDARG
[2018.06.14-17.55.38:463][ 28]LogWindows: Error: 
[2018.06.14-17.55.38:463][ 28]LogWindows: Error: 
[2018.06.14-17.55.38:463][ 28]LogWindows: Error: [Callstack] 0x00000000A9D1A388 KERNELBASE.dll!UnknownFunction []
[2018.06.14-17.55.38:463][ 28]LogWindows: Error: [Callstack] 0x0000000073B67884 UE4Editor-ApplicationCore.dll!UnknownFunction []
[2018.06.14-17.55.38:463][ 28]LogWindows: Error: [Callstack] 0x00000000572F6D9B UE4Editor-Core.dll!UnknownFunction []
[2018.06.14-17.55.38:463][ 28]LogWindows: Error: [Callstack] 0x0000000057231949 UE4Editor-Core.dll!UnknownFunction []
[2018.06.14-17.55.38:463][ 28]LogWindows: Error: [Callstack] 0x000000004A29E796 UE4Editor-D3D11RHI.dll!UnknownFunction []
[2018.06.14-17.55.38:463][ 28]LogWindows: Error: [Callstack] 0x000000004A27D62A UE4Editor-D3D11RHI.dll!UnknownFunction []
[2018.06.14-17.55.38:463][ 28]LogWindows: Error: [Callstack] 0x000000004A27D58C UE4Editor-D3D11RHI.dll!UnknownFunction []
[2018.06.14-17.55.38:463][ 28]LogWindows: Error: [Callstack] 0x000000004A28AADF UE4Editor-D3D11RHI.dll!UnknownFunction []
[2018.06.14-17.55.38:463][ 28]LogWindows: Error: [Callstack] 0x000000006058F0B6 UE4Editor-RHI.dll!UnknownFunction []
[2018.06.14-17.55.38:463][ 28]LogWindows: Error: [Callstack] 0x000000004A031FF8 UE4Editor-SlateRHIRenderer.dll!UnknownFunction []
[2018.06.14-17.55.38:463][ 28]LogWindows: Error: [Callstack] 0x000000004A037C4C UE4Editor-SlateRHIRenderer.dll!UnknownFunction []
[2018.06.14-17.55.38:463][ 28]LogWindows: Error: [Callstack] 0x000000005710B713 UE4Editor-Core.dll!UnknownFunction []
[2018.06.14-17.55.38:463][ 28]LogWindows: Error: [Callstack] 0x000000005710BD3A UE4Editor-Core.dll!UnknownFunction []
[2018.06.14-17.55.38:463][ 28]LogWindows: Error: [Callstack] 0x0000000076003CC9 UE4Editor-RenderCore.dll!UnknownFunction []
[2018.06.14-17.55.38:463][ 28]LogWindows: Error: [Callstack] 0x0000000076004CF6 UE4Editor-RenderCore.dll!UnknownFunction []
[2018.06.14-17.55.38:464][ 28]LogWindows: Error: [Callstack] 0x00000000574D9FFC UE4Editor-Core.dll!UnknownFunction []
[2018.06.14-17.55.38:464][ 28]LogWindows: Error: [Callstack] 0x00000000574CED63 UE4Editor-Core.dll!UnknownFunction []
[2018.06.14-17.55.38:464][ 28]LogWindows: Error: [Callstack] 0x00000000AB433034 KERNEL32.DLL!UnknownFunction []
[2018.06.14-17.55.38:464][ 28]LogWindows: Error: [Callstack] 0x00000000AD981431 ntdll.dll!UnknownFunction []
[2018.06.14-17.55.38:464][ 28]LogWindows: Error: [Callstack] 0x00000000AD981431 ntdll.dll!UnknownFunction []
[2018.06.14-17.55.38:464][ 28]LogWindows: Error: 
[2018.06.14-17.55.38:464][ 28]LogWindows: Error: 
[2018.06.14-17.55.38:464][ 28]LogWindows: Error: 
[2018.06.14-17.55.38:464][ 28]LogWindows: Error: 
[2018.06.14-17.55.38:502][ 28]LogExit: Executing StaticShutdownAfterError
[2018.06.14-17.55.38:518][ 28]LogWindows: FPlatformMisc::RequestExit(1)
[2018.06.14-17.55.38:519][ 28]Log file closed, 06/14/18 10:55:38
